#
# A fatal error has been detected by the Java Runtime Environment:
#
#  SIGSEGV (0xb) at pc=0x000072aae913c913, pid=3719411, tid=3719412
#
# JRE version: OpenJDK Runtime Environment Homebrew (25.0.2) (build 25.0.2)
# Java VM: OpenJDK 64-Bit Server VM Homebrew (25.0.2, mixed mode, sharing, tiered, compressed oops, compressed class ptrs, g1 gc, linux-amd64)
# Problematic frame:
# C  [libxross_example.so+0x3c913]  xross_example_all_types_test_take_ref_node+0x3
#
# Core dump will be written. Default location: Core dumps may be processed with "/usr/share/apport/apport -p%p -s%s -c%c -d%d -P%P -u%u -g%g -F%F -- %E" (or dumping to /home/the-infinitys/github/minecraft.infinite-client/project-xross/xross-example/app/core.3719411)
#
# If you would like to submit a bug report, please visit:
#   https://github.com/Homebrew/homebrew-core/issues
# The crash happened outside the Java Virtual Machine in native code.
# See problematic frame for where to report the bug.
#

---------------  S U M M A R Y ------------

Command Line: --add-opens=java.base/java.lang=ALL-UNNAMED -Dfile.encoding=UTF-8 -Duser.country=JP -Duser.language=ja -Duser.variant org.example.WithXrossAppKt

Host: 12th Gen Intel(R) Core(TM) i7-12700, 15 cores, 11G, Ubuntu 25.10
Time: Mon Feb 16 21:55:47 2026 JST elapsed time: 0.682422 seconds (0d 0h 0m 0s)

---------------  T H R E A D  ---------------

Current thread (0x000072ab0401a330):  JavaThread "main"             [_thread_in_native, id=3719412, stack(0x000072ab0d100000,0x000072ab0d200000) (1024K)]

Stack: [0x000072ab0d100000,0x000072ab0d200000],  sp=0x000072ab0d1fe378,  free space=1016k
Native frames: (J=compiled Java code, j=interpreted, Vv=VM code, C=native code)
C  [libxross_example.so+0x3c913]  xross_example_all_types_test_take_ref_node+0x3
j  java.lang.invoke.LambdaForm$MH+0x000000005a08f400.invoke(Ljava/lang/Object;JJJ)I+12 java.base@25.0.2
j  java.lang.invoke.LambdaForm$MH+0x000000005a0d5c00.invokeExact_MT(Ljava/lang/Object;JJJLjava/lang/Object;)I+23 java.base@25.0.2
j  jdk.internal.foreign.abi.DowncallStub+0x000000005a08f800.invoke(Ljava/lang/foreign/SegmentAllocator;Ljava/lang/foreign/MemorySegment;Ljava/lang/foreign/MemorySegment;Ljava/lang/foreign/MemorySegment;)I+113 java.base@25.0.2
j  java.lang.invoke.LambdaForm$DMH+0x000000005a090000.invokeStaticInit(Ljava/lang/Object;Ljava/lang/Object;Ljava/lang/Object;Ljava/lang/Object;Ljava/lang/Object;)I+16 java.base@25.0.2
j  java.lang.invoke.LambdaForm$MH+0x000000005a091800.invoke(Ljava/lang/Object;Ljava/lang/Object;Ljava/lang/Object;)I+47 java.base@25.0.2
j  java.lang.invoke.LambdaForm$MH+0x000000005a0d5400.invokeExact_MT(Ljava/lang/Object;Ljava/lang/Object;Ljava/lang/Object;Ljava/lang/Object;)I+20 java.base@25.0.2
j  org.example.AllTypesTest.takeRefNode(Lorg/example/ComprehensiveNode;)I+127
j  org.example.WithXrossAppKt.executeAllTypesTest(Z)V+162
j  org.example.WithXrossAppKt.executeAllTypesTest$default(ZILjava/lang/Object;)V+9
j  org.example.WithXrossAppKt.main()V+183
j  org.example.WithXrossAppKt.main([Ljava/lang/String;)V+0
v  ~StubRoutines::call_stub 0x000072aaf3b37fa4
V  [libjvm.so+0x917a40]  JavaCalls::call_helper(JavaValue*, methodHandle const&, JavaCallArguments*, JavaThread*)+0x230
V  [libjvm.so+0x9b3d0c]  jni_invoke_static(JNIEnv_*, JavaValue*, _jobject*, JNICallType, _jmethodID*, JNI_ArgumentPusher*, JavaThread*) [clone .constprop.0]+0x12c
V  [libjvm.so+0x9b506c]  jni_CallStaticVoidMethod+0x13c
C  [libjli.so+0x4e8e]  invokeStaticMainWithArgs+0x4e
C  [libjli.so+0x5f79]  JavaMain+0xf19
C  [libjli.so+0x8f1d]  ThreadJavaMain+0xd
C  [libc.so.6+0xa3d64]
Java frames: (J=compiled Java code, j=interpreted, Vv=VM code)
v  ~RuntimeStub::nep_invoker_blob 0x000072aaf3c91e68
j  java.lang.invoke.LambdaForm$MH+0x000000005a08f400.invoke(Ljava/lang/Object;JJJ)I+12 java.base@25.0.2
j  java.lang.invoke.LambdaForm$MH+0x000000005a0d5c00.invokeExact_MT(Ljava/lang/Object;JJJLjava/lang/Object;)I+23 java.base@25.0.2
j  jdk.internal.foreign.abi.DowncallStub+0x000000005a08f800.invoke(Ljava/lang/foreign/SegmentAllocator;Ljava/lang/foreign/MemorySegment;Ljava/lang/foreign/MemorySegment;Ljava/lang/foreign/MemorySegment;)I+113 java.base@25.0.2
j  java.lang.invoke.LambdaForm$DMH+0x000000005a090000.invokeStaticInit(Ljava/lang/Object;Ljava/lang/Object;Ljava/lang/Object;Ljava/lang/Object;Ljava/lang/Object;)I+16 java.base@25.0.2
j  java.lang.invoke.LambdaForm$MH+0x000000005a091800.invoke(Ljava/lang/Object;Ljava/lang/Object;Ljava/lang/Object;)I+47 java.base@25.0.2
j  java.lang.invoke.LambdaForm$MH+0x000000005a0d5400.invokeExact_MT(Ljava/lang/Object;Ljava/lang/Object;Ljava/lang/Object;Ljava/lang/Object;)I+20 java.base@25.0.2
j  org.example.AllTypesTest.takeRefNode(Lorg/example/ComprehensiveNode;)I+127
j  org.example.WithXrossAppKt.executeAllTypesTest(Z)V+162
j  org.example.WithXrossAppKt.executeAllTypesTest$default(ZILjava/lang/Object;)V+9
j  org.example.WithXrossAppKt.main()V+183
j  org.example.WithXrossAppKt.main([Ljava/lang/String;)V+0
v  ~StubRoutines::call_stub 0x000072aaf3b37fa4

siginfo: si_signo: 11 (SIGSEGV), si_code: 1 (SEGV_MAPERR), si_addr: 0x0000000100000001

Registers:
RAX=0x0000000100000001, RBX=0x000072aac0257388, RCX=0x000072aa9203f0e8, RDX=0x000072aa9203f090
RSP=0x000072ab0d1fe378, RBP=0x000072ab0d1fe390, RSI=0x000072aa9203f0e8, RDI=0x000072aa9203f090
R8 =0x000000074e18e8f0, R9 =0x0000000000000000, R10=0x000072aae913c910, R11=0x000072aaf4106b80
R12=0x0000000000000000, R13=0x000072ab0d1fe3a8, R14=0x000072ab0d1fe470, R15=0x000072ab0401a330
RIP=0x000072aae913c913, EFLAGS=0x0000000000010202, CSGSFS=0x002b000000000033, ERR=0x0000000000000004
  TRAPNO=0x000000000000000e

XMM[0]=0x000072ab0401a330 0x000072aac0257388
XMM[1]=0x0000000000000000 0x000072ab0401a330
XMM[2]=0x0000000000000000 0x0000000000000000
XMM[3]=0x0000000000000000 0x00000000591f1da0
XMM[4]=0x0000000000000000 0x000072ab0401a330
XMM[5]=0x0000000000000000 0x0000000000000000
XMM[6]=0x000072ab04442480 0x000072ab04442480
XMM[7]=0x0000000000000000 0x0000000000000000
XMM[8]=0x0002000700060008 0x0002000000090008
XMM[9]=0xf8e2f4cef8e2f4ce 0xf8e2f4cefaeb1564
XMM[10]=0x0000000000000000 0x0000000002082096
XMM[11]=0x2079760f2079760f 0x2079760f1b648b73
XMM[12]=0x0000000000000000 0x00000000faeb1564
XMM[13]=0x0000000000000000 0xc6b0f9f1aa8efffa
XMM[14]=0x0000000000000000 0x3e3603229a1248d0
XMM[15]=0x0000000000000000 0x0000000000000000
  MXCSR=0x00001fa2


Register to memory mapping:

RAX=0x0000000100000001 is an unknown value
RBX={method} {0x000072aac0257388} 'linkToNative' '(JJJLjava/lang/Object;)I' in 'java/lang/invoke/MethodHandle'
RCX=0x000072aa9203f0e8 points into unknown readable memory: 0x0000000100000001 | 01 00 00 00 01 00 00 00
RDX=0x000072aa9203f090 points into unknown readable memory: 0x0041001e0d140a00 | 00 0a 14 0d 1e 00 41 00
RSP=0x000072ab0d1fe378 is pointing into the stack for thread: 0x000072ab0401a330
RBP=0x000072ab0d1fe390 is pointing into the stack for thread: 0x000072ab0401a330
RSI=0x000072aa9203f0e8 points into unknown readable memory: 0x0000000100000001 | 01 00 00 00 01 00 00 00
RDI=0x000072aa9203f090 points into unknown readable memory: 0x0041001e0d140a00 | 00 0a 14 0d 1e 00 41 00
R8 =0x000000074e18e8f0 is an oop: jdk.internal.foreign.abi.NativeEntryPoint 
{0x000000074e18e8f0} - klass: 'jdk/internal/foreign/abi/NativeEntryPoint' - flags: 

 - ---- fields (total size 3 words):
 - private final 'methodType' 'Ljava/lang/invoke/MethodType;' @12  a 'java/lang/invoke/MethodType'{0x000000074e18df78} = (JJJ)I (0xe9c31bef)
 - private final 'downcallStubAddress' 'J' @16  126078560050784 (0x000072aaf3c91e60)
R9 =0x0 is null
R10=0x000072aae913c910: xross_example_all_types_test_take_ref_node+0x0000000000000000 in /tmp/xross_test_1909036195720393088/libxross_example.so at 0x000072aae9100000
R11=0x000072aaf4106b80 is at entry_point+0 in (nmethod*)0x000072aaf4106a88
Compiled method (n/a) 686  851     n 0       java.lang.invoke.MethodHandle::linkToNative(JJJL)I (native)
 total in heap  [0x000072aaf4106a88,0x000072aaf4106b88] = 256
 main code      [0x000072aaf4106b80,0x000072aaf4106b87] = 7
 stub code      [0x000072aaf4106b87,0x000072aaf4106b88] = 1
R12=0x0 is null
R13=0x000072ab0d1fe3a8 is pointing into the stack for thread: 0x000072ab0401a330
R14=0x000072ab0d1fe470 is pointing into the stack for thread: 0x000072ab0401a330
R15=0x000072ab0401a330 is a thread

Top of Stack: (sp=0x000072ab0d1fe378)
0x000072ab0d1fe378:   000072aaf3c91ea1 00000000000000b8   .....r..........
0x000072ab0d1fe388:   0000000000000000 000072ab0d1fe428   ........(....r..
0x000072ab0d1fe398:   000072aaf3b3f580 000072aaf3b3f580   .....r.......r..
0x000072ab0d1fe3a8:   000000074e18e8f0 000072aa9203f0e8   ...N.........r..
0x000072ab0d1fe3b8:   0000000000000000 000072aa9203f090   .............r..
0x000072ab0d1fe3c8:   0000000000000000 000072aae913c910   .............r..
0x000072ab0d1fe3d8:   0000000000000000 fffffffffffffff7   ................
0x000072ab0d1fe3e8:   000072aac04cd254 0000000000000009   T.L..r..........
0x000072ab0d1fe3f8:   000072aac04cd3f8 0000000000000000   ..L..r..........
0x000072ab0d1fe408:   000000074e196328 000072aac04cd260   (c.N....`.L..r..
0x000072ab0d1fe418:   fffffffffffffff0 000072ab0d1fe440   ........@....r..
0x000072ab0d1fe428:   000072ab0d1fe4c0 000072aaf3b3f580   .....r.......r..
0x000072ab0d1fe438:   000000074e18e8f0 000072aa9203f0e8   ...N.........r..
0x000072ab0d1fe448:   0000000000000000 000072aa9203f090   .............r..
0x000072ab0d1fe458:   0000000000000000 000072aae913c910   .............r..
0x000072ab0d1fe468:   0000000000000000 000000074e196458   ........Xd.N....
0x000072ab0d1fe478:   fffffffffffffff7 000072aac069be9f   ..........i..r..
0x000072ab0d1fe488:   0000000000000009 000072aac069c068   ........h.i..r..
0x000072ab0d1fe498:   0000000000000000 000000074ccd73b8   .........s.L....
0x000072ab0d1fe4a8:   000072aac069beb0 fffffffffffffff0   ..i..r..........
0x000072ab0d1fe4b8:   000072ab0d1fe4d0 000072ab0d1fe558   .....r..X....r..
0x000072ab0d1fe4c8:   000072aaf3b3f580 000000074e18df78   .....r..x..N....
0x000072ab0d1fe4d8:   000072aa9203f0e8 0000000000000000   .....r..........
0x000072ab0d1fe4e8:   000072aa9203f090 0000000000000000   .....r..........
0x000072ab0d1fe4f8:   000072aae913c910 0000000000000000   .....r..........
0x000072ab0d1fe508:   000000074e196458 fffffffffffffff7   Xd.N............
0x000072ab0d1fe518:   000072aac04cdbe1 0000000000000010   ..L..r..........
0x000072ab0d1fe528:   000072aac04cde80 0000000000000000   ..L..r..........
0x000072ab0d1fe538:   000000074e1a16a8 000072aac04cdc50   ...N....P.L..r..
0x000072ab0d1fe548:   ffffffffffffffef 000072ab0d1fe5b8   .............r..
0x000072ab0d1fe558:   000072ab0d1fe628 000072aaf3b3f580   (....r.......r..
0x000072ab0d1fe568:   0000000000000000 000000074e91bd08   ...........N....

Instructions: (pc=0x000072aae913c913)
  0x000072aae913c813:   74 0f 48 8b 7b 48 ba 01 00 00 00 ff 15 74 5a 07
  0x000072aae913c823:   00 48 8b 44 24 30 49 89 46 10 0f 10 44 24 20 41
  0x000072aae913c833:   0f 11 06 48 83 c4 38 5b 41 5e c3 ff 15 dc 5a 07
  0x000072aae913c843:   00 cc cc cc cc cc cc cc cc cc cc cc cc 0f b7 47
  0x000072aae913c853:   06 c3 cc cc cc cc cc cc cc cc cc cc cc 66 89 77
  0x000072aae913c863:   06 c3 cc cc cc cc cc cc cc cc cc cc cc 8b 47 0c
  0x000072aae913c873:   c3 cc cc cc cc cc cc cc cc cc cc cc cc 89 77 0c
  0x000072aae913c883:   c3 cc cc cc cc cc cc cc cc cc cc cc cc 48 8b 47
  0x000072aae913c893:   18 c3 cc cc cc cc cc cc cc cc cc cc cc 48 89 77
  0x000072aae913c8a3:   18 c3 cc cc cc cc cc cc cc cc cc cc cc 0f b6 47
  0x000072aae913c8b3:   02 c3 cc cc cc cc cc cc cc cc cc cc cc 40 88 77
  0x000072aae913c8c3:   02 c3 cc cc cc cc cc cc cc cc cc cc cc 48 8b 47
  0x000072aae913c8d3:   38 c3 cc cc cc cc cc cc cc cc cc cc cc 48 89 77
  0x000072aae913c8e3:   38 c3 cc cc cc cc cc cc cc cc cc cc cc 48 8d 47
  0x000072aae913c8f3:   58 c3 cc cc cc cc cc cc cc cc cc cc cc 48 8b 06
  0x000072aae913c903:   89 10 c3 cc cc cc cc cc cc cc cc cc cc 48 8b 06
=>0x000072aae913c913:   8b 00 c3 cc cc cc cc cc cc cc cc cc cc 55 41 57
  0x000072aae913c923:   41 56 41 55 41 54 53 48 83 ec 28 49 89 cc 49 89
  0x000072aae913c933:   f6 48 89 fb 48 b8 00 00 00 00 00 00 00 80 31 ed
  0x000072aae913c943:   48 85 f6 40 0f 95 c6 48 85 d2 74 58 40 88 74 24
  0x000072aae913c953:   07 48 89 d7 49 89 d7 ff 15 78 5a 07 00 48 8d 50
  0x000072aae913c963:   01 48 8d 7c 24 10 4c 89 fe ff 15 6e 5a 07 00 4c
  0x000072aae913c973:   8b 7c 24 10 48 8b 4c 24 18 4c 8b 6c 24 20 48 b8
  0x000072aae913c983:   00 00 00 00 00 00 00 80 49 39 c7 75 6d 4d 85 ed
  0x000072aae913c993:   0f b6 74 24 07 79 1a 31 ff 4c 89 ee ff 15 fb 59
  0x000072aae913c9a3:   07 00 0f 0b 49 89 c7 40 88 f5 4d 85 e4 75 58 eb
  0x000072aae913c9b3:   76 74 61 49 89 cf ff 15 c9 59 07 00 be 01 00 00
  0x000072aae913c9c3:   00 4c 89 ef ff 15 c3 58 07 00 bf 01 00 00 00 48
  0x000072aae913c9d3:   85 c0 74 c5 48 89 c7 4c 89 fe 4c 89 ea 48 89 44
  0x000072aae913c9e3:   24 08 ff 15 0d 59 07 00 4d 89 ef 48 8b 4c 24 08
  0x000072aae913c9f3:   48 b8 00 00 00 00 00 00 00 80 0f b6 74 24 07 40
  0x000072aae913ca03:   88 f5 4d 85 e4 74 20 45 8b 24 24 49 c1 e4 20 49


Stack slot to memory mapping:

stack at sp + 0 slots: 0x000072aaf3c91ea1 is at code_begin+65 in 
[CodeBlob kind:6 (0x000072aaf3c91e08)]
Framesize: 4
Runtime Stub (0x000072aaf3c91e08): nep_invoker_blob
--------------------------------------------------------------------------------
Decoding CodeBlob, name: nep_invoker_blob, at  [0x000072aaf3c91e60, 0x000072aaf3c91f58]  248 bytes
[MachCode]
  0x000072aaf3c91e60: 5548 8bec | 4883 ec10 | c5f8 7749 | 89af 9004 | 0000 49ba | 681e c9f3 | aa72 0000 | 4d89 9788 
  0x000072aaf3c91e80: 0400 0049 | 89a7 8004 | 0000 41c7 | 872c 0500 | 0004 0000 | 004c 8bd6 | 488b f148 | 8bfa 41ff 
  0x000072aaf3c91ea0: d2c5 f877 | 41c7 872c | 0500 0005 | 0000 00f0 | 8344 24c0 | 0049 3b6f | 280f 874d | 0000 0041 
  0x000072aaf3c91ec0: 83bf 2805 | 0000 000f | 853f 0000 | 0041 c787 | 2c05 0000 | 0800 0000 | 4183 bfa8 | 0500 0002 
  0x000072aaf3c91ee0: 0f84 4c00 | 0000 49c7 | 8780 0400 | 0000 0000 | 0049 c787 | 9004 0000 | 0000 0000 | 49c7 8788 
  0x000072aaf3c91f00: 0400 0000 | 0000 00c5 | f877 c9c3 | 4889 0424 | 498b ffc5 | f877 4c8b | e448 83ec | 0048 83e4 
  0x000072aaf3c91f20: f0e8 cac9 | 8918 498b | e44d 33e4 | 488b 0424 | eb9b 4889 | 0424 c5f8 | 774c 8be4 | 4883 ec00 
  0x000072aaf3c91f40: 4883 e4f0 | e8c7 75ce | 1849 8be4 | 4d33 e448 | 8b04 24eb | 91f4 f4f4 
[/MachCode]
--------------------------------------------------------------------------------
stack at sp + 1 slots: 0x00000000000000b8 is an unknown value
stack at sp + 2 slots: 0x0 is null
stack at sp + 3 slots: 0x000072ab0d1fe428 is pointing into the stack for thread: 0x000072ab0401a330
stack at sp + 4 slots: 0x000072aaf3b3f580 is at code_begin+1600 in an Interpreter codelet
return entry points  [0x000072aaf3b3ef40, 0x000072aaf3b3fbb8]  3192 bytes
stack at sp + 5 slots: 0x000072aaf3b3f580 is at code_begin+1600 in an Interpreter codelet
return entry points  [0x000072aaf3b3ef40, 0x000072aaf3b3fbb8]  3192 bytes
stack at sp + 6 slots: 0x000000074e18e8f0 is an oop: jdk.internal.foreign.abi.NativeEntryPoint 
{0x000000074e18e8f0} - klass: 'jdk/internal/foreign/abi/NativeEntryPoint' - flags: 

 - ---- fields (total size 3 words):
 - private final 'methodType' 'Ljava/lang/invoke/MethodType;' @12  a 'java/lang/invoke/MethodType'{0x000000074e18df78} = (JJJ)I (0xe9c31bef)
 - private final 'downcallStubAddress' 'J' @16  126078560050784 (0x000072aaf3c91e60)
stack at sp + 7 slots: 0x000072aa9203f0e8 points into unknown readable memory: 0x0000000100000001 | 01 00 00 00 01 00 00 00

Lock stack of current Java thread (top to bottom):

--------------------------------------------------------------------------------
Decoding CodeBlob, name: nep_invoker_blob, at  [0x000072aaf3c91e60, 0x000072aaf3c91f58]  248 bytes
[MachCode]
  0x000072aaf3c91e60: 5548 8bec | 4883 ec10 | c5f8 7749 | 89af 9004 | 0000 49ba | 681e c9f3 | aa72 0000 | 4d89 9788 
  0x000072aaf3c91e80: 0400 0049 | 89a7 8004 | 0000 41c7 | 872c 0500 | 0004 0000 | 004c 8bd6 | 488b f148 | 8bfa 41ff 
  0x000072aaf3c91ea0: d2c5 f877 | 41c7 872c | 0500 0005 | 0000 00f0 | 8344 24c0 | 0049 3b6f | 280f 874d | 0000 0041 
  0x000072aaf3c91ec0: 83bf 2805 | 0000 000f | 853f 0000 | 0041 c787 | 2c05 0000 | 0800 0000 | 4183 bfa8 | 0500 0002 
  0x000072aaf3c91ee0: 0f84 4c00 | 0000 49c7 | 8780 0400 | 0000 0000 | 0049 c787 | 9004 0000 | 0000 0000 | 49c7 8788 
  0x000072aaf3c91f00: 0400 0000 | 0000 00c5 | f877 c9c3 | 4889 0424 | 498b ffc5 | f877 4c8b | e448 83ec | 0048 83e4 
  0x000072aaf3c91f20: f0e8 cac9 | 8918 498b | e44d 33e4 | 488b 0424 | eb9b 4889 | 0424 c5f8 | 774c 8be4 | 4883 ec00 
  0x000072aaf3c91f40: 4883 e4f0 | e8c7 75ce | 1849 8be4 | 4d33 e448 | 8b04 24eb | 91f4 f4f4 
[/MachCode]
--------------------------------------------------------------------------------


---------------  P R O C E S S  ---------------

Threads class SMR info:
_java_thread_list=0x000072ab041bfb50, length=11, elements={
0x000072ab0401a330, 0x000072ab0410c120, 0x000072ab0410d310, 0x000072ab0410ed40,
0x000072ab04110670, 0x000072ab04111f00, 0x000072ab04113d10, 0x000072ab041156c0,
0x000072ab04153e90, 0x000072ab041562e0, 0x000072ab041be9b0
}

Java Threads: ( => current thread )
=>0x000072ab0401a330 JavaThread "main"                              [_thread_in_native, id=3719412, stack(0x000072ab0d100000,0x000072ab0d200000) (1024K)]
  0x000072ab0410c120 JavaThread "Reference Handler"          daemon [_thread_blocked, id=3719423, stack(0x000072ab08b93000,0x000072ab08c94000) (1028K)]
  0x000072ab0410d310 JavaThread "Finalizer"                  daemon [_thread_blocked, id=3719424, stack(0x000072ab088b6000,0x000072ab089b6000) (1024K)]
  0x000072ab0410ed40 JavaThread "Signal Dispatcher"          daemon [_thread_blocked, id=3719425, stack(0x000072ab08100000,0x000072ab08200000) (1024K)]
  0x000072ab04110670 JavaThread "Service Thread"             daemon [_thread_blocked, id=3719426, stack(0x000072ab08000000,0x000072ab08100000) (1024K)]
  0x000072ab04111f00 JavaThread "Monitor Deflation Thread"   daemon [_thread_blocked, id=3719427, stack(0x000072aae95b8000,0x000072aae96b8000) (1024K)]
  0x000072ab04113d10 JavaThread "C2 CompilerThread0"         daemon [_thread_in_native, id=3719428, stack(0x000072aae94b8000,0x000072aae95b8000) (1024K)]
  0x000072ab041156c0 JavaThread "C1 CompilerThread0"         daemon [_thread_blocked, id=3719429, stack(0x000072aae93b8000,0x000072aae94b8000) (1024K)]
  0x000072ab04153e90 JavaThread "Notification Thread"        daemon [_thread_blocked, id=3719430, stack(0x000072aae92b8000,0x000072aae93b8000) (1024K)]
  0x000072ab041562e0 JavaThread "Common-Cleaner"             daemon [_thread_blocked, id=3719431, stack(0x000072aae91b8000,0x000072aae92b8000) (1024K)]
  0x000072ab041be9b0 JavaThread "Cleaner-0"                  daemon [_thread_blocked, id=3719432, stack(0x000072aae9000000,0x000072aae9100000) (1024K)]
Total: 11

Other Threads:
  0x000072ab04102310 VMThread "VM Thread"                           [id=3719422, stack(0x000072ab08c95000,0x000072ab08d95000) (1024K)]
  0x000072ab040f1a80 WatcherThread "VM Periodic Task Thread"        [id=3719421, stack(0x000072ab08a93000,0x000072ab08b93000) (1024K)]
  0x000072ab04072b10 WorkerThread "GC Thread#0"                     [id=3719413, stack(0x000072ab09da6000,0x000072ab09ea6000) (1024K)]
  0x000072ab04085d80 ConcurrentGCThread "G1 Main Marker"            [id=3719414, stack(0x000072ab09ca5000,0x000072ab09da5000) (1024K)]
  0x000072ab04086f60 WorkerThread "G1 Conc#0"                       [id=3719415, stack(0x000072ab09ba4000,0x000072ab09ca4000) (1024K)]
  0x000072ab040e2660 ConcurrentGCThread "G1 Refine#0"               [id=3719416, stack(0x000072ab08e97000,0x000072ab08f97000) (1024K)]
  0x000072ab040e3860 ConcurrentGCThread "G1 Service"                [id=3719417, stack(0x000072ab08d96000,0x000072ab08e96000) (1024K)]
Total: 7

Threads with active compile tasks:
C2 CompilerThread0  689 1565       4       jdk.internal.classfile.impl.SplitConstantPool::classEntry (68 bytes)
Total: 1

VM state: not at safepoint (normal execution)

VM Mutex/Monitor currently owned by a thread: None

Heap address: 0x0000000742e00000, size: 3026 MB, Compressed Oops mode: Zero based, Oop shift amount: 3

CDS archive(s) mapped at: [0x0000000059000000-0x0000000059d8d000-0x0000000059d8d000), size 14209024, SharedBaseAddress: 0x0000000059000000, ArchiveRelocationMode: 1.
Compressed class space mapped at: 0x000000005a000000-0x000000009a000000, reserved size: 1073741824
UseCompressedClassPointers 1, UseCompactObjectHeaders 0
Narrow klass pointer bits 32, Max shift 3
Narrow klass base: 0x0000000059000000, Narrow klass shift: 0
Encoding Range: [0x0000000059000000 - 0x0000000159000000), (4294967296 bytes)
Klass Range:    [0x0000000059001000 - 0x000000009a000000), (1090514944 bytes)
Klass ID Range:  [4096 - 1090519033) (1090514937)
Protection zone: [0x0000000059000000 - 0x0000000059001000), (4096 bytes)

GC Precious Log:
 CardTable entry size: 512
 Card Set container configuration: InlinePtr #cards 4 size 8 Array Of Cards #cards 16 size 48 Howl #buckets 8 coarsen threshold 3686 Howl Bitmap #cards 512 size 80 coarsen threshold 460 Card regions per heap region 1 cards per card region 4096
 CPUs: 15 total, 15 available
 Memory: 12100M
 Large Page Support: Disabled
 NUMA Support: Disabled
 Compressed Oops: Enabled (Zero based)
 Heap Region Size: 2M
 Heap Min Capacity: 8M
 Heap Initial Capacity: 190M
 Heap Max Capacity: 3026M
 Pre-touch: Disabled
 Parallel Workers: 12
 Concurrent Workers: 3
 Concurrent Refinement Workers: 12
 Periodic GC: Disabled

Heap:
 garbage-first heap   total reserved 3098624K, committed 196608K, used 29827K [0x0000000742e00000, 0x0000000800000000)
  region size 2048K, 16 young (32768K), 0 survivors (0K)

Heap Regions: E=young(eden), S=young(survivor), O=old, HS=humongous(starts), HC=humongous(continues), CS=collection set, F=free, TAMS=top-at-mark-start, PB=parsable bottom
|   0|0x0000000742e00000, 0x0000000742e00000, 0x0000000743000000|  0%| F|  |TAMS 0x0000000742e00000| PB 0x0000000742e00000| Untracked |  0
|   1|0x0000000743000000, 0x0000000743000000, 0x0000000743200000|  0%| F|  |TAMS 0x0000000743000000| PB 0x0000000743000000| Untracked |  0
|   2|0x0000000743200000, 0x0000000743200000, 0x0000000743400000|  0%| F|  |TAMS 0x0000000743200000| PB 0x0000000743200000| Untracked |  0
|   3|0x0000000743400000, 0x0000000743400000, 0x0000000743600000|  0%| F|  |TAMS 0x0000000743400000| PB 0x0000000743400000| Untracked |  0
|   4|0x0000000743600000, 0x0000000743600000, 0x0000000743800000|  0%| F|  |TAMS 0x0000000743600000| PB 0x0000000743600000| Untracked |  0
|   5|0x0000000743800000, 0x0000000743800000, 0x0000000743a00000|  0%| F|  |TAMS 0x0000000743800000| PB 0x0000000743800000| Untracked |  0
|   6|0x0000000743a00000, 0x0000000743a00000, 0x0000000743c00000|  0%| F|  |TAMS 0x0000000743a00000| PB 0x0000000743a00000| Untracked |  0
|   7|0x0000000743c00000, 0x0000000743c00000, 0x0000000743e00000|  0%| F|  |TAMS 0x0000000743c00000| PB 0x0000000743c00000| Untracked |  0
|   8|0x0000000743e00000, 0x0000000743e00000, 0x0000000744000000|  0%| F|  |TAMS 0x0000000743e00000| PB 0x0000000743e00000| Untracked |  0
|   9|0x0000000744000000, 0x0000000744000000, 0x0000000744200000|  0%| F|  |TAMS 0x0000000744000000| PB 0x0000000744000000| Untracked |  0
|  10|0x0000000744200000, 0x0000000744200000, 0x0000000744400000|  0%| F|  |TAMS 0x0000000744200000| PB 0x0000000744200000| Untracked |  0
|  11|0x0000000744400000, 0x0000000744400000, 0x0000000744600000|  0%| F|  |TAMS 0x0000000744400000| PB 0x0000000744400000| Untracked |  0
|  12|0x0000000744600000, 0x0000000744600000, 0x0000000744800000|  0%| F|  |TAMS 0x0000000744600000| PB 0x0000000744600000| Untracked |  0
|  13|0x0000000744800000, 0x0000000744800000, 0x0000000744a00000|  0%| F|  |TAMS 0x0000000744800000| PB 0x0000000744800000| Untracked |  0
|  14|0x0000000744a00000, 0x0000000744a00000, 0x0000000744c00000|  0%| F|  |TAMS 0x0000000744a00000| PB 0x0000000744a00000| Untracked |  0
|  15|0x0000000744c00000, 0x0000000744c00000, 0x0000000744e00000|  0%| F|  |TAMS 0x0000000744c00000| PB 0x0000000744c00000| Untracked |  0
|  16|0x0000000744e00000, 0x0000000744e00000, 0x0000000745000000|  0%| F|  |TAMS 0x0000000744e00000| PB 0x0000000744e00000| Untracked |  0
|  17|0x0000000745000000, 0x0000000745000000, 0x0000000745200000|  0%| F|  |TAMS 0x0000000745000000| PB 0x0000000745000000| Untracked |  0
|  18|0x0000000745200000, 0x0000000745200000, 0x0000000745400000|  0%| F|  |TAMS 0x0000000745200000| PB 0x0000000745200000| Untracked |  0
|  19|0x0000000745400000, 0x0000000745400000, 0x0000000745600000|  0%| F|  |TAMS 0x0000000745400000| PB 0x0000000745400000| Untracked |  0
|  20|0x0000000745600000, 0x0000000745600000, 0x0000000745800000|  0%| F|  |TAMS 0x0000000745600000| PB 0x0000000745600000| Untracked |  0
|  21|0x0000000745800000, 0x0000000745800000, 0x0000000745a00000|  0%| F|  |TAMS 0x0000000745800000| PB 0x0000000745800000| Untracked |  0
|  22|0x0000000745a00000, 0x0000000745a00000, 0x0000000745c00000|  0%| F|  |TAMS 0x0000000745a00000| PB 0x0000000745a00000| Untracked |  0
|  23|0x0000000745c00000, 0x0000000745c00000, 0x0000000745e00000|  0%| F|  |TAMS 0x0000000745c00000| PB 0x0000000745c00000| Untracked |  0
|  24|0x0000000745e00000, 0x0000000745e00000, 0x0000000746000000|  0%| F|  |TAMS 0x0000000745e00000| PB 0x0000000745e00000| Untracked |  0
|  25|0x0000000746000000, 0x0000000746000000, 0x0000000746200000|  0%| F|  |TAMS 0x0000000746000000| PB 0x0000000746000000| Untracked |  0
|  26|0x0000000746200000, 0x0000000746200000, 0x0000000746400000|  0%| F|  |TAMS 0x0000000746200000| PB 0x0000000746200000| Untracked |  0
|  27|0x0000000746400000, 0x0000000746400000, 0x0000000746600000|  0%| F|  |TAMS 0x0000000746400000| PB 0x0000000746400000| Untracked |  0
|  28|0x0000000746600000, 0x0000000746600000, 0x0000000746800000|  0%| F|  |TAMS 0x0000000746600000| PB 0x0000000746600000| Untracked |  0
|  29|0x0000000746800000, 0x0000000746800000, 0x0000000746a00000|  0%| F|  |TAMS 0x0000000746800000| PB 0x0000000746800000| Untracked |  0
|  30|0x0000000746a00000, 0x0000000746a00000, 0x0000000746c00000|  0%| F|  |TAMS 0x0000000746a00000| PB 0x0000000746a00000| Untracked |  0
|  31|0x0000000746c00000, 0x0000000746c00000, 0x0000000746e00000|  0%| F|  |TAMS 0x0000000746c00000| PB 0x0000000746c00000| Untracked |  0
|  32|0x0000000746e00000, 0x0000000746e00000, 0x0000000747000000|  0%| F|  |TAMS 0x0000000746e00000| PB 0x0000000746e00000| Untracked |  0
|  33|0x0000000747000000, 0x0000000747000000, 0x0000000747200000|  0%| F|  |TAMS 0x0000000747000000| PB 0x0000000747000000| Untracked |  0
|  34|0x0000000747200000, 0x0000000747200000, 0x0000000747400000|  0%| F|  |TAMS 0x0000000747200000| PB 0x0000000747200000| Untracked |  0
|  35|0x0000000747400000, 0x0000000747400000, 0x0000000747600000|  0%| F|  |TAMS 0x0000000747400000| PB 0x0000000747400000| Untracked |  0
|  36|0x0000000747600000, 0x0000000747600000, 0x0000000747800000|  0%| F|  |TAMS 0x0000000747600000| PB 0x0000000747600000| Untracked |  0
|  37|0x0000000747800000, 0x0000000747800000, 0x0000000747a00000|  0%| F|  |TAMS 0x0000000747800000| PB 0x0000000747800000| Untracked |  0
|  38|0x0000000747a00000, 0x0000000747a00000, 0x0000000747c00000|  0%| F|  |TAMS 0x0000000747a00000| PB 0x0000000747a00000| Untracked |  0
|  39|0x0000000747c00000, 0x0000000747c00000, 0x0000000747e00000|  0%| F|  |TAMS 0x0000000747c00000| PB 0x0000000747c00000| Untracked |  0
|  40|0x0000000747e00000, 0x0000000747e00000, 0x0000000748000000|  0%| F|  |TAMS 0x0000000747e00000| PB 0x0000000747e00000| Untracked |  0
|  41|0x0000000748000000, 0x0000000748000000, 0x0000000748200000|  0%| F|  |TAMS 0x0000000748000000| PB 0x0000000748000000| Untracked |  0
|  42|0x0000000748200000, 0x0000000748200000, 0x0000000748400000|  0%| F|  |TAMS 0x0000000748200000| PB 0x0000000748200000| Untracked |  0
|  43|0x0000000748400000, 0x0000000748400000, 0x0000000748600000|  0%| F|  |TAMS 0x0000000748400000| PB 0x0000000748400000| Untracked |  0
|  44|0x0000000748600000, 0x0000000748600000, 0x0000000748800000|  0%| F|  |TAMS 0x0000000748600000| PB 0x0000000748600000| Untracked |  0
|  45|0x0000000748800000, 0x0000000748800000, 0x0000000748a00000|  0%| F|  |TAMS 0x0000000748800000| PB 0x0000000748800000| Untracked |  0
|  46|0x0000000748a00000, 0x0000000748a00000, 0x0000000748c00000|  0%| F|  |TAMS 0x0000000748a00000| PB 0x0000000748a00000| Untracked |  0
|  47|0x0000000748c00000, 0x0000000748c00000, 0x0000000748e00000|  0%| F|  |TAMS 0x0000000748c00000| PB 0x0000000748c00000| Untracked |  0
|  48|0x0000000748e00000, 0x0000000748e00000, 0x0000000749000000|  0%| F|  |TAMS 0x0000000748e00000| PB 0x0000000748e00000| Untracked |  0
|  49|0x0000000749000000, 0x0000000749000000, 0x0000000749200000|  0%| F|  |TAMS 0x0000000749000000| PB 0x0000000749000000| Untracked |  0
|  50|0x0000000749200000, 0x0000000749200000, 0x0000000749400000|  0%| F|  |TAMS 0x0000000749200000| PB 0x0000000749200000| Untracked |  0
|  51|0x0000000749400000, 0x0000000749400000, 0x0000000749600000|  0%| F|  |TAMS 0x0000000749400000| PB 0x0000000749400000| Untracked |  0
|  52|0x0000000749600000, 0x0000000749600000, 0x0000000749800000|  0%| F|  |TAMS 0x0000000749600000| PB 0x0000000749600000| Untracked |  0
|  53|0x0000000749800000, 0x0000000749800000, 0x0000000749a00000|  0%| F|  |TAMS 0x0000000749800000| PB 0x0000000749800000| Untracked |  0
|  54|0x0000000749a00000, 0x0000000749a00000, 0x0000000749c00000|  0%| F|  |TAMS 0x0000000749a00000| PB 0x0000000749a00000| Untracked |  0
|  55|0x0000000749c00000, 0x0000000749c00000, 0x0000000749e00000|  0%| F|  |TAMS 0x0000000749c00000| PB 0x0000000749c00000| Untracked |  0
|  56|0x0000000749e00000, 0x0000000749e00000, 0x000000074a000000|  0%| F|  |TAMS 0x0000000749e00000| PB 0x0000000749e00000| Untracked |  0
|  57|0x000000074a000000, 0x000000074a000000, 0x000000074a200000|  0%| F|  |TAMS 0x000000074a000000| PB 0x000000074a000000| Untracked |  0
|  58|0x000000074a200000, 0x000000074a200000, 0x000000074a400000|  0%| F|  |TAMS 0x000000074a200000| PB 0x000000074a200000| Untracked |  0
|  59|0x000000074a400000, 0x000000074a400000, 0x000000074a600000|  0%| F|  |TAMS 0x000000074a400000| PB 0x000000074a400000| Untracked |  0
|  60|0x000000074a600000, 0x000000074a600000, 0x000000074a800000|  0%| F|  |TAMS 0x000000074a600000| PB 0x000000074a600000| Untracked |  0
|  61|0x000000074a800000, 0x000000074a800000, 0x000000074aa00000|  0%| F|  |TAMS 0x000000074a800000| PB 0x000000074a800000| Untracked |  0
|  62|0x000000074aa00000, 0x000000074aa00000, 0x000000074ac00000|  0%| F|  |TAMS 0x000000074aa00000| PB 0x000000074aa00000| Untracked |  0
|  63|0x000000074ac00000, 0x000000074ac00000, 0x000000074ae00000|  0%| F|  |TAMS 0x000000074ac00000| PB 0x000000074ac00000| Untracked |  0
|  64|0x000000074ae00000, 0x000000074ae00000, 0x000000074b000000|  0%| F|  |TAMS 0x000000074ae00000| PB 0x000000074ae00000| Untracked |  0
|  65|0x000000074b000000, 0x000000074b000000, 0x000000074b200000|  0%| F|  |TAMS 0x000000074b000000| PB 0x000000074b000000| Untracked |  0
|  66|0x000000074b200000, 0x000000074b200000, 0x000000074b400000|  0%| F|  |TAMS 0x000000074b200000| PB 0x000000074b200000| Untracked |  0
|  67|0x000000074b400000, 0x000000074b400000, 0x000000074b600000|  0%| F|  |TAMS 0x000000074b400000| PB 0x000000074b400000| Untracked |  0
|  68|0x000000074b600000, 0x000000074b600000, 0x000000074b800000|  0%| F|  |TAMS 0x000000074b600000| PB 0x000000074b600000| Untracked |  0
|  69|0x000000074b800000, 0x000000074b800000, 0x000000074ba00000|  0%| F|  |TAMS 0x000000074b800000| PB 0x000000074b800000| Untracked |  0
|  70|0x000000074ba00000, 0x000000074ba00000, 0x000000074bc00000|  0%| F|  |TAMS 0x000000074ba00000| PB 0x000000074ba00000| Untracked |  0
|  71|0x000000074bc00000, 0x000000074bc00000, 0x000000074be00000|  0%| F|  |TAMS 0x000000074bc00000| PB 0x000000074bc00000| Untracked |  0
|  72|0x000000074be00000, 0x000000074be00000, 0x000000074c000000|  0%| F|  |TAMS 0x000000074be00000| PB 0x000000074be00000| Untracked |  0
|  73|0x000000074c000000, 0x000000074c000000, 0x000000074c200000|  0%| F|  |TAMS 0x000000074c000000| PB 0x000000074c000000| Untracked |  0
|  74|0x000000074c200000, 0x000000074c200000, 0x000000074c400000|  0%| F|  |TAMS 0x000000074c200000| PB 0x000000074c200000| Untracked |  0
|  75|0x000000074c400000, 0x000000074c400000, 0x000000074c600000|  0%| F|  |TAMS 0x000000074c400000| PB 0x000000074c400000| Untracked |  0
|  76|0x000000074c600000, 0x000000074c600000, 0x000000074c800000|  0%| F|  |TAMS 0x000000074c600000| PB 0x000000074c600000| Untracked |  0
|  77|0x000000074c800000, 0x000000074c800000, 0x000000074ca00000|  0%| F|  |TAMS 0x000000074c800000| PB 0x000000074c800000| Untracked |  0
|  78|0x000000074ca00000, 0x000000074ca00000, 0x000000074cc00000|  0%| F|  |TAMS 0x000000074ca00000| PB 0x000000074ca00000| Untracked |  0
|  79|0x000000074cc00000, 0x000000074ccf5d38, 0x000000074ce00000| 48%| E|  |TAMS 0x000000074cc00000| PB 0x000000074cc00000| Complete |  0
|  80|0x000000074ce00000, 0x000000074d000000, 0x000000074d000000|100%| E|CS|TAMS 0x000000074ce00000| PB 0x000000074ce00000| Complete |  0
|  81|0x000000074d000000, 0x000000074d200000, 0x000000074d200000|100%| E|CS|TAMS 0x000000074d000000| PB 0x000000074d000000| Complete |  0
|  82|0x000000074d200000, 0x000000074d400000, 0x000000074d400000|100%| E|  |TAMS 0x000000074d200000| PB 0x000000074d200000| Complete |  0
|  83|0x000000074d400000, 0x000000074d600000, 0x000000074d600000|100%| E|CS|TAMS 0x000000074d400000| PB 0x000000074d400000| Complete |  0
|  84|0x000000074d600000, 0x000000074d800000, 0x000000074d800000|100%| E|CS|TAMS 0x000000074d600000| PB 0x000000074d600000| Complete |  0
|  85|0x000000074d800000, 0x000000074da00000, 0x000000074da00000|100%| E|CS|TAMS 0x000000074d800000| PB 0x000000074d800000| Complete |  0
|  86|0x000000074da00000, 0x000000074dc00000, 0x000000074dc00000|100%| E|CS|TAMS 0x000000074da00000| PB 0x000000074da00000| Complete |  0
|  87|0x000000074dc00000, 0x000000074de00000, 0x000000074de00000|100%| E|CS|TAMS 0x000000074dc00000| PB 0x000000074dc00000| Complete |  0
|  88|0x000000074de00000, 0x000000074e000000, 0x000000074e000000|100%| E|CS|TAMS 0x000000074de00000| PB 0x000000074de00000| Complete |  0
|  89|0x000000074e000000, 0x000000074e200000, 0x000000074e200000|100%| E|CS|TAMS 0x000000074e000000| PB 0x000000074e000000| Complete |  0
|  90|0x000000074e200000, 0x000000074e400000, 0x000000074e400000|100%| E|CS|TAMS 0x000000074e200000| PB 0x000000074e200000| Complete |  0
|  91|0x000000074e400000, 0x000000074e600000, 0x000000074e600000|100%| E|CS|TAMS 0x000000074e400000| PB 0x000000074e400000| Complete |  0
|  92|0x000000074e600000, 0x000000074e800000, 0x000000074e800000|100%| E|CS|TAMS 0x000000074e600000| PB 0x000000074e600000| Complete |  0
|  93|0x000000074e800000, 0x000000074ea00000, 0x000000074ea00000|100%| E|CS|TAMS 0x000000074e800000| PB 0x000000074e800000| Complete |  0
|  94|0x000000074ea00000, 0x000000074ec00000, 0x000000074ec00000|100%| E|CS|TAMS 0x000000074ea00000| PB 0x000000074ea00000| Complete |  0
|1512|0x00000007ffe00000, 0x00000007fff20f10, 0x0000000800000000| 56%| O|  |TAMS 0x00000007ffe00000| PB 0x00000007ffe00000| Untracked |  0

Card table byte_map: [0x000072ab09f37000,0x000072ab0a520000] _byte_map_base: 0x000072ab06520000

Marking Bits: (CMBitMap*) 0x000072ab04073670
 Bits: [0x000072aae96b8000, 0x000072aaec600000)

Polling page: 0x000072ab0d5eb000

Metaspace:
Metaspace        used 5851K, committed 6464K, reserved 1114112K
 class space     used 575K, committed 832K, reserved 1048576K

Usage:
  Non-class:      5.15 MB used.
      Class:    575.78 KB used.
       Both:      5.71 MB used.

Virtual space:
  Non-class space:       64.00 MB reserved,       5.50 MB (  9%) committed,  1 nodes.
      Class space:        1.00 GB reserved,     832.00 KB ( <1%) committed,  1 nodes.
             Both:        1.06 GB reserved,       6.31 MB ( <1%) committed. 

Chunk freelists:
   Non-Class:  9.39 MB
       Class:  15.16 MB
        Both:  24.55 MB

MaxMetaspaceSize: unlimited
CompressedClassSpaceSize: 1.00 GB
Initial GC threshold: 21.00 MB
Current GC threshold: 21.00 MB
CDS: on
 - commit_granule_bytes: 65536.
 - commit_granule_words: 8192.
 - virtual_space_node_default_size: 8388608.
 - enlarge_chunks_in_place: 1.
UseCompressedClassPointers 1, UseCompactObjectHeaders 0
Narrow klass pointer bits 32, Max shift 3
Narrow klass base: 0x0000000059000000, Narrow klass shift: 0
Encoding Range: [0x0000000059000000 - 0x0000000159000000), (4294967296 bytes)
Klass Range:    [0x0000000059001000 - 0x000000009a000000), (1090514944 bytes)
Klass ID Range:  [4096 - 1090519033) (1090514937)
Protection zone: [0x0000000059000000 - 0x0000000059001000), (4096 bytes)


Internal statistics:

num_allocs_failed_limit: 0.
num_arena_births: 786.
num_arena_deaths: 0.
num_vsnodes_births: 2.
num_vsnodes_deaths: 0.
num_space_committed: 101.
num_space_uncommitted: 0.
num_chunks_returned_to_freelist: 0.
num_chunks_taken_from_freelist: 928.
num_chunk_merges: 0.
num_chunk_splits: 656.
num_chunks_enlarged: 405.
num_inconsistent_stats: 0.

CodeHeap 'non-profiled nmethods': size=120032Kb used=542Kb max_used=542Kb free=119489Kb
 bounds [0x000072aaf40c8000, 0x000072aaf4338000, 0x000072aafb600000]
CodeHeap 'profiled nmethods': size=120028Kb used=2168Kb max_used=2168Kb free=117859Kb
 bounds [0x000072aaec600000, 0x000072aaec870000, 0x000072aaf3b37000]
CodeHeap 'non-nmethods': size=5700Kb used=1540Kb max_used=1554Kb free=4159Kb
 bounds [0x000072aaf3b37000, 0x000072aaf3da7000, 0x000072aaf40c8000]
CodeCache: size=245760Kb, used=4250Kb, max_used=4264Kb, free=241507Kb
 total_blobs=2177, nmethods=1576, adapters=478, full_count=0
Compilation: enabled, stopped_count=0, restarted_count=0

Compilation events (20 events):
Event: 0.679 Thread 0x000072ab041156c0 nmethod 1556 0x000072aaec815208 code [0x000072aaec815300, 0x000072aaec815660]
Event: 0.679 Thread 0x000072ab041156c0 1557       3       jdk.internal.classfile.impl.AbstractAttributeMapper$RuntimeVisibleAnnotationsMapper::writeBody (11 bytes)
Event: 0.679 Thread 0x000072ab041156c0 nmethod 1557 0x000072aaec815688 code [0x000072aaec815780, 0x000072aaec815928]
Event: 0.680 Thread 0x000072ab041156c0 1560       3       java.lang.classfile.ClassBuilder::withSuperclass (19 bytes)
Event: 0.680 Thread 0x000072ab041156c0 nmethod 1560 0x000072aaec815988 code [0x000072aaec815a80, 0x000072aaec816390]
Event: 0.680 Thread 0x000072ab041156c0 1561       3       java.lang.classfile.ClassBuilder::withSuperclass (14 bytes)
Event: 0.680 Thread 0x000072ab041156c0 nmethod 1561 0x000072aaec816408 code [0x000072aaec816500, 0x000072aaec816bd0]
Event: 0.680 Thread 0x000072ab041156c0 1562       3       java.lang.classfile.Superclass::of (9 bytes)
Event: 0.680 Thread 0x000072ab041156c0 nmethod 1562 0x000072aaec816c08 code [0x000072aaec816d00, 0x000072aaec817110]
Event: 0.680 Thread 0x000072ab041156c0 1563       3       jdk.internal.classfile.impl.SuperclassImpl::<init> (15 bytes)
Event: 0.680 Thread 0x000072ab041156c0 nmethod 1563 0x000072aaec817188 code [0x000072aaec817280, 0x000072aaec8175f0]
Event: 0.680 Thread 0x000072ab041156c0 1564       3       jdk.internal.classfile.impl.SuperclassImpl::writeTo (9 bytes)
Event: 0.680 Thread 0x000072ab041156c0 nmethod 1564 0x000072aaec817608 code [0x000072aaec817700, 0x000072aaec8178f8]
Event: 0.680 Thread 0x000072ab041156c0 1568       3       jdk.internal.classfile.impl.DirectCodeBuilder::allocateLocal (20 bytes)
Event: 0.680 Thread 0x000072ab041156c0 nmethod 1568 0x000072aaec817908 code [0x000072aaec817a00, 0x000072aaec817ba8]
Event: 0.681 Thread 0x000072ab041156c0 1569       3       java.lang.invoke.DirectMethodHandle::make (275 bytes)
Event: 0.681 Thread 0x000072ab041156c0 nmethod 1569 0x000072aaec817c08 code [0x000072aaec817d00, 0x000072aaec8195e0]
Event: 0.682 Thread 0x000072ab041156c0 1571       3       java.lang.invoke.MethodHandles$Lookup::resolveOrFail (48 bytes)
Event: 0.682 Thread 0x000072ab041156c0 nmethod 1571 0x000072aaec819608 code [0x000072aaec819700, 0x000072aaec819f68]
Event: 0.682 Thread 0x000072ab041156c0 1576       3       jdk.internal.classfile.impl.StackMapGenerator::processLdc (300 bytes)

GC Heap Usage History (0 events):
No events

Metaspace Usage History (0 events):
No events

Dll operation events (7 events):
Event: 0.001 Loaded shared library /home/linuxbrew/.linuxbrew/Cellar/openjdk/25.0.2/libexec/lib/libjava.so
Event: 0.011 Loaded shared library /home/linuxbrew/.linuxbrew/Cellar/openjdk/25.0.2/libexec/lib/libsimdsort.so
Event: 0.023 Loaded shared library /home/linuxbrew/.linuxbrew/Cellar/openjdk/25.0.2/libexec/lib/libnio.so
Event: 0.026 Loaded shared library /home/linuxbrew/.linuxbrew/Cellar/openjdk/25.0.2/libexec/lib/libnet.so
Event: 0.041 Loaded shared library /home/linuxbrew/.linuxbrew/Cellar/openjdk/25.0.2/libexec/lib/libzip.so
Event: 0.045 Loaded shared library /home/linuxbrew/.linuxbrew/Cellar/openjdk/25.0.2/libexec/lib/libjimage.so
Event: 0.048 Loaded shared library /tmp/xross_test_1909036195720393088/libxross_example.so

Deoptimization events (20 events):
Event: 0.648 Thread 0x000072ab0401a330 Uncommon trap: trap_request=0xffffff45 fr.pc=0x000072aaf411a6bc relative=0x000000000000417c
Event: 0.648 Thread 0x000072ab0401a330 Uncommon trap: reason=unstable_if action=reinterpret pc=0x000072aaf411a6bc method=jdk.internal.classfile.impl.StackMapGenerator.processBlock(Ljdk/internal/classfile/impl/RawBytecodeHelper;)Z @ 56 c2
Event: 0.648 Thread 0x000072ab0401a330 DEOPT PACKING pc=0x000072aaf411a6bc sp=0x000072ab0d1fcf60
Event: 0.648 Thread 0x000072ab0401a330 DEOPT UNPACKING pc=0x000072aaf3c58f79 sp=0x000072ab0d1fcef8 mode 2
Event: 0.654 Thread 0x000072ab0401a330 Uncommon trap: trap_request=0xffffff5e fr.pc=0x000072aaf41336e4 relative=0x0000000000000064
Event: 0.654 Thread 0x000072ab0401a330 Uncommon trap: reason=speculate_class_check action=maybe_recompile pc=0x000072aaf41336e4 method=java.lang.invoke.Invokers$Holder.linkToTargetMethod(Ljava/lang/Object;Ljava/lang/Object;)Ljava/lang/Object; @ 1 c2
Event: 0.654 Thread 0x000072ab0401a330 DEOPT PACKING pc=0x000072aaf41336e4 sp=0x000072ab0d1fe7f0
Event: 0.654 Thread 0x000072ab0401a330 DEOPT UNPACKING pc=0x000072aaf3c58f79 sp=0x000072ab0d1fe7b0 mode 2
Event: 0.664 Thread 0x000072ab0401a330 Uncommon trap: trap_request=0xffffff5e fr.pc=0x000072aaf41336e4 relative=0x0000000000000064
Event: 0.664 Thread 0x000072ab0401a330 Uncommon trap: reason=speculate_class_check action=maybe_recompile pc=0x000072aaf41336e4 method=java.lang.invoke.Invokers$Holder.linkToTargetMethod(Ljava/lang/Object;Ljava/lang/Object;)Ljava/lang/Object; @ 1 c2
Event: 0.664 Thread 0x000072ab0401a330 DEOPT PACKING pc=0x000072aaf41336e4 sp=0x000072ab0d1fe7f0
Event: 0.664 Thread 0x000072ab0401a330 DEOPT UNPACKING pc=0x000072aaf3c58f79 sp=0x000072ab0d1fe7b0 mode 2
Event: 0.679 Thread 0x000072ab0401a330 Uncommon trap: trap_request=0xffffff5e fr.pc=0x000072aaf4127764 relative=0x0000000000000064
Event: 0.679 Thread 0x000072ab0401a330 Uncommon trap: reason=speculate_class_check action=maybe_recompile pc=0x000072aaf4127764 method=java.lang.invoke.Invokers$Holder.linkToTargetMethod(ILjava/lang/Object;)Ljava/lang/Object; @ 1 c2
Event: 0.679 Thread 0x000072ab0401a330 DEOPT PACKING pc=0x000072aaf4127764 sp=0x000072ab0d1fe7f0
Event: 0.679 Thread 0x000072ab0401a330 DEOPT UNPACKING pc=0x000072aaf3c58f79 sp=0x000072ab0d1fe7b0 mode 2
Event: 0.681 Thread 0x000072ab0401a330 Uncommon trap: trap_request=0xffffff45 fr.pc=0x000072aaf412189c relative=0x000000000000009c
Event: 0.681 Thread 0x000072ab0401a330 Uncommon trap: reason=unstable_if action=reinterpret pc=0x000072aaf412189c method=org.example.xross.runtime.AliveFlag.isValid()Z @ 22 c2
Event: 0.681 Thread 0x000072ab0401a330 DEOPT PACKING pc=0x000072aaf412189c sp=0x000072ab0d1fe730
Event: 0.681 Thread 0x000072ab0401a330 DEOPT UNPACKING pc=0x000072aaf3c58f79 sp=0x000072ab0d1fe6e8 mode 2

Classes loaded (20 events):
Event: 0.645 Loading class jdk/internal/foreign/BufferStack$PerThread
Event: 0.645 Loading class jdk/internal/foreign/BufferStack$PerThread done
Event: 0.645 Loading class jdk/internal/foreign/SlicingAllocator
Event: 0.645 Loading class jdk/internal/foreign/SlicingAllocator done
Event: 0.645 Loading class jdk/internal/foreign/BufferStack$PerThread$CleanupAction
Event: 0.645 Loading class jdk/internal/foreign/BufferStack$PerThread$CleanupAction done
Event: 0.645 Loading class jdk/internal/foreign/BufferStack$PerThread$Frame
Event: 0.645 Loading class jdk/internal/foreign/BufferStack$PerThread$Frame done
Event: 0.645 Loading class jdk/internal/foreign/ConfinedSession
Event: 0.645 Loading class jdk/internal/foreign/ConfinedSession done
Event: 0.645 Loading class jdk/internal/foreign/ConfinedSession$ConfinedResourceList
Event: 0.645 Loading class jdk/internal/foreign/ConfinedSession$ConfinedResourceList done
Event: 0.650 Loading class jdk/internal/foreign/StringSupport$CharsetKind
Event: 0.650 Loading class jdk/internal/foreign/StringSupport$CharsetKind done
Event: 0.650 Loading class jdk/internal/foreign/StringSupport
Event: 0.650 Loading class jdk/internal/foreign/StringSupport done
Event: 0.651 Loading class jdk/internal/reflect/MethodHandleByteFieldAccessorImpl
Event: 0.651 Loading class jdk/internal/reflect/MethodHandleByteFieldAccessorImpl done
Event: 0.681 Loading class jdk/internal/foreign/MappedMemorySegmentImpl
Event: 0.681 Loading class jdk/internal/foreign/MappedMemorySegmentImpl done

Classes unloaded (0 events):
No events

Classes redefined (0 events):
No events

Internal exceptions (20 events):
Event: 0.649 Thread 0x000072ab0401a330 Exception <a 'java/lang/NoSuchMethodError'{0x000000074d0c6890}: 'java.lang.Object java.lang.invoke.DirectMethodHandle$Holder.invokeStaticInit(java.lang.Object, java.lang.Object, java.lang.Object, int, java.lang.Object, long, int, float)'> (0x000000074d0c6890) 
thrown [src/hotspot/share/interpreter/linkResolver.cpp, line 803]
Event: 0.649 Thread 0x000072ab0401a330 Exception <a 'java/lang/NoSuchMethodError'{0x000000074d0d6eb0}: 'java.lang.Object java.lang.invoke.DelegatingMethodHandle$Holder.reinvoke_L(java.lang.Object, java.lang.Object, java.lang.Object, int, java.lang.Object, long, int, float)'> (0x000000074d0d6eb0) 
thrown [src/hotspot/share/interpreter/linkResolver.cpp, line 803]
Event: 0.651 Thread 0x000072ab0401a330 Exception <a 'java/lang/NoSuchMethodError'{0x000000074d1175d8}: 'void java.lang.invoke.DelegatingMethodHandle$Holder.reinvoke_L(java.lang.Object, java.lang.Object, int)'> (0x000000074d1175d8) 
thrown [src/hotspot/share/interpreter/linkResolver.cpp, line 803]
Event: 0.651 Thread 0x000072ab0401a330 Exception <a 'java/lang/NoSuchMethodError'{0x000000074d1279e0}: 'int java.lang.invoke.Invokers$Holder.invokeExact_MT(java.lang.Object, java.lang.Object, java.lang.Object)'> (0x000000074d1279e0) 
thrown [src/hotspot/share/interpreter/linkResolver.cpp, line 803]
Event: 0.651 Thread 0x000072ab0401a330 Exception <a 'java/lang/NoSuchMethodError'{0x000000074d1305e0}: 'java.lang.Object java.lang.invoke.DirectMethodHandle$Holder.invokeSpecial(java.lang.Object, java.lang.Object, int, java.lang.Object, long, int, float)'> (0x000000074d1305e0) 
thrown [src/hotspot/share/interpreter/linkResolver.cpp, line 803]
Event: 0.657 Thread 0x000072ab0401a330 Exception <a 'java/lang/NoSuchMethodError'{0x000000074d1b6c08}: 'java.lang.Object java.lang.invoke.DirectMethodHandle$Holder.invokeStaticInit(java.lang.Object, java.lang.Object, java.lang.Object, int, java.lang.Object, long, int)'> (0x000000074d1b6c08) 
thrown [src/hotspot/share/interpreter/linkResolver.cpp, line 803]
Event: 0.658 Thread 0x000072ab0401a330 Exception <a 'java/lang/NoSuchMethodError'{0x000000074d1c71a8}: 'java.lang.Object java.lang.invoke.DelegatingMethodHandle$Holder.reinvoke_L(java.lang.Object, java.lang.Object, java.lang.Object, int, java.lang.Object, long, int)'> (0x000000074d1c71a8) 
thrown [src/hotspot/share/interpreter/linkResolver.cpp, line 803]
Event: 0.660 Thread 0x000072ab0401a330 Exception <a 'java/lang/NoSuchMethodError'{0x000000074ce0cdc0}: 'void java.lang.invoke.DirectMethodHandle$Holder.invokeStatic(java.lang.Object, java.lang.Object, java.lang.Object, java.lang.Object, java.lang.Object, java.lang.Object, long, int)'> (0x000000074ce0cdc0) 
thrown [src/hotspot/share/interpreter/linkResolver.cpp, line 803]
Event: 0.660 Thread 0x000072ab0401a330 Exception <a 'java/lang/NoSuchMethodError'{0x000000074ce14f40}: 'void java.lang.invoke.DirectMethodHandle$Holder.invokeStaticInit(java.lang.Object, java.lang.Object, java.lang.Object, java.lang.Object, java.lang.Object, java.lang.Object, long, int)'> (0x000000074ce14f40) 
thrown [src/hotspot/share/interpreter/linkResolver.cpp, line 803]
Event: 0.660 Thread 0x000072ab0401a330 Exception <a 'java/lang/NoSuchMethodError'{0x000000074ce25670}: 'void java.lang.invoke.DelegatingMethodHandle$Holder.reinvoke_L(java.lang.Object, java.lang.Object, java.lang.Object, java.lang.Object, java.lang.Object, java.lang.Object, long, int)'> (0x000000074ce25670) 
thrown [src/hotspot/share/interpreter/linkResolver.cpp, line 803]
Event: 0.662 Thread 0x000072ab0401a330 Exception <a 'java/lang/NoSuchMethodError'{0x000000074ce72730}: 'java.lang.Object java.lang.invoke.DirectMethodHandle$Holder.invokeSpecial(java.lang.Object, java.lang.Object, int, java.lang.Object, long, int)'> (0x000000074ce72730) 
thrown [src/hotspot/share/interpreter/linkResolver.cpp, line 803]
Event: 0.664 Thread 0x000072ab0401a330 Exception <a 'java/lang/NoSuchMethodError'{0x000000074ceab340}: 'java.lang.Object java.lang.invoke.DirectMethodHandle$Holder.invokeSpecial(java.lang.Object, java.lang.Object, java.lang.Object, java.lang.Object, java.lang.Object, long, int)'> (0x000000074ceab340) 
thrown [src/hotspot/share/interpreter/linkResolver.cpp, line 803]
Event: 0.668 Thread 0x000072ab0401a330 Exception <a 'java/lang/NoSuchMethodError'{0x000000074cf2eb88}: 'void java.lang.invoke.DirectMethodHandle$Holder.invokeStaticInit(java.lang.Object, java.lang.Object, java.lang.Object)'> (0x000000074cf2eb88) 
thrown [src/hotspot/share/interpreter/linkResolver.cpp, line 803]
Event: 0.670 Thread 0x000072ab0401a330 Exception <a 'java/lang/NoSuchMethodError'{0x000000074cf69480}: 'void java.lang.invoke.DelegatingMethodHandle$Holder.reinvoke_L(java.lang.Object, java.lang.Object, java.lang.Object, long, long)'> (0x000000074cf69480) 
thrown [src/hotspot/share/interpreter/linkResolver.cpp, line 803]
Event: 0.677 Thread 0x000072ab0401a330 Exception <a 'java/lang/NoSuchMethodError'{0x000000074cc0cc98}: 'int java.lang.invoke.DirectMethodHandle$Holder.invokeStaticInit(java.lang.Object, java.lang.Object, java.lang.Object, java.lang.Object, java.lang.Object, long, int)'> (0x000000074cc0cc98) 
thrown [src/hotspot/share/interpreter/linkResolver.cpp, line 803]
Event: 0.677 Thread 0x000072ab0401a330 Exception <a 'java/lang/NoSuchMethodError'{0x000000074cc1d238}: 'int java.lang.invoke.DelegatingMethodHandle$Holder.reinvoke_L(java.lang.Object, java.lang.Object, java.lang.Object, java.lang.Object, java.lang.Object, long, int)'> (0x000000074cc1d238) 
thrown [src/hotspot/share/interpreter/linkResolver.cpp, line 803]
Event: 0.679 Thread 0x000072ab0401a330 Exception <a 'java/lang/NoSuchMethodError'{0x000000074cc62048}: 'int java.lang.invoke.DirectMethodHandle$Holder.invokeSpecial(java.lang.Object, java.lang.Object, java.lang.Object, java.lang.Object, long, int)'> (0x000000074cc62048) 
thrown [src/hotspot/share/interpreter/linkResolver.cpp, line 803]
Event: 0.681 Thread 0x000072ab0401a330 Exception <a 'java/lang/NoSuchMethodError'{0x000000074cc9f900}: 'java.lang.Object java.lang.invoke.DirectMethodHandle$Holder.invokeSpecial(java.lang.Object, java.lang.Object, java.lang.Object, java.lang.Object, long)'> (0x000000074cc9f900) 
thrown [src/hotspot/share/interpreter/linkResolver.cpp, line 803]
Event: 0.681 Thread 0x000072ab0401a330 Exception <a 'java/lang/NoSuchMethodError'{0x000000074ccafbd0}: 'java.lang.Object java.lang.invoke.Invokers$Holder.linkToTargetMethod(java.lang.Object, long, java.lang.Object)'> (0x000000074ccafbd0) 
thrown [src/hotspot/share/interpreter/linkResolver.cpp, line 803]
Event: 0.682 Thread 0x000072ab0401a330 Exception <a 'java/lang/NoSuchMethodError'{0x000000074ccbf510}: 'int java.lang.invoke.Invokers$Holder.invokeExact_MT(java.lang.Object, java.lang.Object, java.lang.Object, java.lang.Object)'> (0x000000074ccbf510) 
thrown [src/hotspot/share/interpreter/linkResolver.cpp, line 803]

VM Operations (20 events):
Event: 0.633 Executing non-safepoint VM operation: HandshakeAllThreads (CloseScopedMemory)
Event: 0.633 Executing non-safepoint VM operation: HandshakeAllThreads (CloseScopedMemory) done
Event: 0.633 Executing non-safepoint VM operation: HandshakeAllThreads (CloseScopedMemory)
Event: 0.633 Executing non-safepoint VM operation: HandshakeAllThreads (CloseScopedMemory) done
Event: 0.645 Executing non-safepoint VM operation: HandshakeAllThreads (Deoptimize)
Event: 0.645 Executing non-safepoint VM operation: HandshakeAllThreads (Deoptimize) done
Event: 0.646 Executing non-safepoint VM operation: HandshakeAllThreads (CloseScopedMemory)
Event: 0.646 Executing non-safepoint VM operation: HandshakeAllThreads (CloseScopedMemory) done
Event: 0.646 Executing non-safepoint VM operation: HandshakeAllThreads (CloseScopedMemory)
Event: 0.646 Executing non-safepoint VM operation: HandshakeAllThreads (CloseScopedMemory) done
Event: 0.655 Executing non-safepoint VM operation: HandshakeAllThreads (CloseScopedMemory)
Event: 0.655 Executing non-safepoint VM operation: HandshakeAllThreads (CloseScopedMemory) done
Event: 0.665 Executing non-safepoint VM operation: HandshakeAllThreads (CloseScopedMemory)
Event: 0.665 Executing non-safepoint VM operation: HandshakeAllThreads (CloseScopedMemory) done
Event: 0.671 Executing non-safepoint VM operation: HandshakeAllThreads (CloseScopedMemory)
Event: 0.671 Executing non-safepoint VM operation: HandshakeAllThreads (CloseScopedMemory) done
Event: 0.679 Executing non-safepoint VM operation: HandshakeAllThreads (CloseScopedMemory)
Event: 0.679 Executing non-safepoint VM operation: HandshakeAllThreads (CloseScopedMemory) done
Event: 0.681 Executing non-safepoint VM operation: HandshakeAllThreads (Deoptimize)
Event: 0.681 Executing non-safepoint VM operation: HandshakeAllThreads (Deoptimize) done

Memory protections (12 events):
Event: 0.001 Protecting memory [0x000072ab0d100000,0x000072ab0d104000] with protection modes 0
Event: 0.004 Protecting memory [0x0000000059000000,0x0000000059001000] with protection modes 0
Event: 0.010 Protecting memory [0x000072ab08b93000,0x000072ab08b97000] with protection modes 0
Event: 0.010 Protecting memory [0x000072ab088b6000,0x000072ab088ba000] with protection modes 0
Event: 0.010 Protecting memory [0x000072ab08100000,0x000072ab08104000] with protection modes 0
Event: 0.010 Protecting memory [0x000072ab08000000,0x000072ab08004000] with protection modes 0
Event: 0.010 Protecting memory [0x000072aae95b8000,0x000072aae95bc000] with protection modes 0
Event: 0.011 Protecting memory [0x000072aae94b8000,0x000072aae94bc000] with protection modes 0
Event: 0.011 Protecting memory [0x000072aae93b8000,0x000072aae93bc000] with protection modes 0
Event: 0.021 Protecting memory [0x000072aae92b8000,0x000072aae92bc000] with protection modes 0
Event: 0.021 Protecting memory [0x000072aae91b8000,0x000072aae91bc000] with protection modes 0
Event: 0.051 Protecting memory [0x000072aae9000000,0x000072aae9004000] with protection modes 0

Nmethod flushes (0 events):
No events

Events (11 events):
Event: 0.006 Thread 0x000072ab0401a330 Thread added: 0x000072ab0401a330
Event: 0.010 Thread 0x000072ab0401a330 Thread added: 0x000072ab0410c120
Event: 0.010 Thread 0x000072ab0401a330 Thread added: 0x000072ab0410d310
Event: 0.010 Thread 0x000072ab0401a330 Thread added: 0x000072ab0410ed40
Event: 0.010 Thread 0x000072ab0401a330 Thread added: 0x000072ab04110670
Event: 0.010 Thread 0x000072ab0401a330 Thread added: 0x000072ab04111f00
Event: 0.010 Thread 0x000072ab0401a330 Thread added: 0x000072ab04113d10
Event: 0.011 Thread 0x000072ab0401a330 Thread added: 0x000072ab041156c0
Event: 0.021 Thread 0x000072ab0401a330 Thread added: 0x000072ab04153e90
Event: 0.021 Thread 0x000072ab0401a330 Thread added: 0x000072ab041562e0
Event: 0.051 Thread 0x000072ab0401a330 Thread added: 0x000072ab041be9b0


Dynamic libraries:
59000000-59001000 ---p 00000000 00:00 0 
59001000-59d8d000 rw-p 00001000 08:02 13267116                           /home/linuxbrew/.linuxbrew/Cellar/openjdk/25.0.2/libexec/lib/server/classes.jsa
59d8d000-5a000000 ---p 00000000 00:00 0 
5a000000-5a040000 rw-p 00000000 00:00 0 
5a040000-5a070000 rw-p 00000000 00:00 0 
5a070000-5a080000 ---p 00000000 00:00 0 
5a080000-5a0e0000 rw-p 00000000 00:00 0 
5a0e0000-9a000000 ---p 00000000 00:00 0 
742e00000-74ec00000 rw-p 00000000 00:00 0 
74ec00000-7ffe00000 ---p 00000000 00:00 0 
7ffe00000-7fff21000 rw-p 00dc0000 08:02 13267116                         /home/linuxbrew/.linuxbrew/Cellar/openjdk/25.0.2/libexec/lib/server/classes.jsa
7fff21000-800000000 rw-p 00000000 00:00 0 
6369e82ca000-6369e82cc000 r--p 00000000 08:02 13266505                   /home/linuxbrew/.linuxbrew/Cellar/openjdk/25.0.2/libexec/bin/java
6369e82cc000-6369e82cd000 r-xp 00002000 08:02 13266505                   /home/linuxbrew/.linuxbrew/Cellar/openjdk/25.0.2/libexec/bin/java
6369e82cd000-6369e82ce000 r--p 00003000 08:02 13266505                   /home/linuxbrew/.linuxbrew/Cellar/openjdk/25.0.2/libexec/bin/java
6369e82ce000-6369e82cf000 r--p 00003000 08:02 13266505                   /home/linuxbrew/.linuxbrew/Cellar/openjdk/25.0.2/libexec/bin/java
6369e82cf000-6369e82d3000 rw-p 00004000 08:02 13266505                   /home/linuxbrew/.linuxbrew/Cellar/openjdk/25.0.2/libexec/bin/java
636a0f206000-636a0f24f000 rw-p 00000000 00:00 0                          [heap]
72aa91ffe000-72aa98021000 rw-p 00000000 00:00 0 
72aa98021000-72aa9c000000 ---p 00000000 00:00 0 
72aaa0000000-72aaa0021000 rw-p 00000000 00:00 0 
72aaa0021000-72aaa4000000 ---p 00000000 00:00 0 
72aaa4000000-72aaa4021000 rw-p 00000000 00:00 0 
72aaa4021000-72aaa8000000 ---p 00000000 00:00 0 
72aaa8000000-72aaa8857000 rw-p 00000000 00:00 0 
72aaa8857000-72aaac000000 ---p 00000000 00:00 0 
72aaac000000-72aaac6ab000 rw-p 00000000 00:00 0 
72aaac6ab000-72aab0000000 ---p 00000000 00:00 0 
72aab0000000-72aab0021000 rw-p 00000000 00:00 0 
72aab0021000-72aab4000000 ---p 00000000 00:00 0 
72aab4000000-72aab4021000 rw-p 00000000 00:00 0 
72aab4021000-72aab8000000 ---p 00000000 00:00 0 
72aab8000000-72aab8021000 rw-p 00000000 00:00 0 
72aab8021000-72aabc000000 ---p 00000000 00:00 0 
72aabc000000-72aabc021000 rw-p 00000000 00:00 0 
72aabc021000-72aac0000000 ---p 00000000 00:00 0 
72aac0000000-72aac02e0000 rw-p 00000000 00:00 0 
72aac02e0000-72aac0400000 ---p 00000000 00:00 0 
72aac0400000-72aac06a0000 rw-p 00000000 00:00 0 
72aac06a0000-72aac4000000 ---p 00000000 00:00 0 
72aac4000000-72aac4021000 rw-p 00000000 00:00 0 
72aac4021000-72aac8000000 ---p 00000000 00:00 0 
72aac8000000-72aac8021000 rw-p 00000000 00:00 0 
72aac8021000-72aacc000000 ---p 00000000 00:00 0 
72aacc000000-72aacc021000 rw-p 00000000 00:00 0 
72aacc021000-72aad0000000 ---p 00000000 00:00 0 
72aad0000000-72aad0021000 rw-p 00000000 00:00 0 
72aad0021000-72aad4000000 ---p 00000000 00:00 0 
72aad4000000-72aad4021000 rw-p 00000000 00:00 0 
72aad4021000-72aad8000000 ---p 00000000 00:00 0 
72aada000000-72aadc021000 rw-p 00000000 00:00 0 
72aadc021000-72aae0000000 ---p 00000000 00:00 0 
72aae0000000-72aae0021000 rw-p 00000000 00:00 0 
72aae0021000-72aae4000000 ---p 00000000 00:00 0 
72aae4000000-72aae4021000 rw-p 00000000 00:00 0 
72aae4021000-72aae8000000 ---p 00000000 00:00 0 
72aae9000000-72aae9004000 ---p 00000000 00:00 0 
72aae9004000-72aae9100000 rw-p 00000000 00:00 0 
72aae9100000-72aae9136000 r--p 00000000 00:2e 26533                      /tmp/xross_test_1909036195720393088/libxross_example.so
72aae9136000-72aae91ae000 r-xp 00035000 00:2e 26533                      /tmp/xross_test_1909036195720393088/libxross_example.so
72aae91ae000-72aae91b4000 r--p 000ac000 00:2e 26533                      /tmp/xross_test_1909036195720393088/libxross_example.so
72aae91b4000-72aae91b7000 rw-p 000b1000 00:2e 26533                      /tmp/xross_test_1909036195720393088/libxross_example.so
72aae91b7000-72aae91b8000 rw-p 00000000 00:00 0 
72aae91b8000-72aae91bc000 ---p 00000000 00:00 0 
72aae91bc000-72aae92b8000 rw-p 00000000 00:00 0 
72aae92b8000-72aae92bc000 ---p 00000000 00:00 0 
72aae92bc000-72aae93b8000 rw-p 00000000 00:00 0 
72aae93b8000-72aae93bc000 ---p 00000000 00:00 0 
72aae93bc000-72aae94b8000 rw-p 00000000 00:00 0 
72aae94b8000-72aae94bc000 ---p 00000000 00:00 0 
72aae94bc000-72aae95b8000 rw-p 00000000 00:00 0 
72aae95b8000-72aae95bc000 ---p 00000000 00:00 0 
72aae95bc000-72aae96b8000 rw-p 00000000 00:00 0 
72aae96b8000-72aae99b0000 rw-p 00000000 00:00 0 
72aae99b0000-72aaec5f8000 ---p 00000000 00:00 0 
72aaec5f8000-72aaec600000 rw-p 00000000 00:00 0 
72aaec600000-72aaec870000 rwxp 00000000 00:00 0 
72aaec870000-72aaf3b37000 ---p 00000000 00:00 0 
72aaf3b37000-72aaf3da7000 rwxp 00000000 00:00 0 
72aaf3da7000-72aaf40c8000 ---p 00000000 00:00 0 
72aaf40c8000-72aaf4338000 rwxp 00000000 00:00 0 
72aaf4338000-72aafb600000 ---p 00000000 00:00 0 
72aafb600000-72ab03faa000 r--s 00000000 08:02 13267108                   /home/linuxbrew/.linuxbrew/Cellar/openjdk/25.0.2/libexec/lib/modules
72ab03ff2000-72ab03ff5000 r--p 00000000 08:02 13267107                   /home/linuxbrew/.linuxbrew/Cellar/openjdk/25.0.2/libexec/lib/libzip.so
72ab03ff5000-72ab03ffa000 r-xp 00003000 08:02 13267107                   /home/linuxbrew/.linuxbrew/Cellar/openjdk/25.0.2/libexec/lib/libzip.so
72ab03ffa000-72ab03ffc000 r--p 00008000 08:02 13267107                   /home/linuxbrew/.linuxbrew/Cellar/openjdk/25.0.2/libexec/lib/libzip.so
72ab03ffc000-72ab03ffd000 r--p 00009000 08:02 13267107                   /home/linuxbrew/.linuxbrew/Cellar/openjdk/25.0.2/libexec/lib/libzip.so
72ab03ffd000-72ab03ffe000 rw-p 0000a000 08:02 13267107                   /home/linuxbrew/.linuxbrew/Cellar/openjdk/25.0.2/libexec/lib/libzip.so
72ab03ffe000-72ab04000000 rw-p 0000d000 08:02 13267107                   /home/linuxbrew/.linuxbrew/Cellar/openjdk/25.0.2/libexec/lib/libzip.so
72ab04000000-72ab049ef000 rw-p 00000000 00:00 0 
72ab049ef000-72ab08004000 ---p 00000000 00:00 0 
72ab08004000-72ab08100000 rw-p 00000000 00:00 0 
72ab08100000-72ab08104000 ---p 00000000 00:00 0 
72ab08104000-72ab08200000 rw-p 00000000 00:00 0 
72ab08200000-72ab08880000 r--p 00000000 08:02 9175821                    /usr/lib/locale/locale-archive
72ab0888a000-72ab0888d000 r--p 00000000 08:02 13267097                   /home/linuxbrew/.linuxbrew/Cellar/openjdk/25.0.2/libexec/lib/libnet.so
72ab0888d000-72ab08895000 r-xp 00003000 08:02 13267097                   /home/linuxbrew/.linuxbrew/Cellar/openjdk/25.0.2/libexec/lib/libnet.so
72ab08895000-72ab08897000 r--p 0000b000 08:02 13267097                   /home/linuxbrew/.linuxbrew/Cellar/openjdk/25.0.2/libexec/lib/libnet.so
72ab08897000-72ab08898000 r--p 0000c000 08:02 13267097                   /home/linuxbrew/.linuxbrew/Cellar/openjdk/25.0.2/libexec/lib/libnet.so
72ab08898000-72ab08899000 rw-p 0000d000 08:02 13267097                   /home/linuxbrew/.linuxbrew/Cellar/openjdk/25.0.2/libexec/lib/libnet.so
72ab08899000-72ab0889b000 rw-p 00011000 08:02 13267097                   /home/linuxbrew/.linuxbrew/Cellar/openjdk/25.0.2/libexec/lib/libnet.so
72ab0889b000-72ab088a2000 r--p 00000000 08:02 13267098                   /home/linuxbrew/.linuxbrew/Cellar/openjdk/25.0.2/libexec/lib/libnio.so
72ab088a2000-72ab088ab000 r-xp 00007000 08:02 13267098                   /home/linuxbrew/.linuxbrew/Cellar/openjdk/25.0.2/libexec/lib/libnio.so
72ab088ab000-72ab088af000 r--p 00010000 08:02 13267098                   /home/linuxbrew/.linuxbrew/Cellar/openjdk/25.0.2/libexec/lib/libnio.so
72ab088af000-72ab088b0000 r--p 00013000 08:02 13267098                   /home/linuxbrew/.linuxbrew/Cellar/openjdk/25.0.2/libexec/lib/libnio.so
72ab088b0000-72ab088b1000 rw-p 00014000 08:02 13267098                   /home/linuxbrew/.linuxbrew/Cellar/openjdk/25.0.2/libexec/lib/libnio.so
72ab088b1000-72ab088b6000 rw-p 0001b000 08:02 13267098                   /home/linuxbrew/.linuxbrew/Cellar/openjdk/25.0.2/libexec/lib/libnio.so
72ab088b6000-72ab088ba000 ---p 00000000 00:00 0 
72ab088ba000-72ab089b6000 rw-p 00000000 00:00 0 
72ab089b6000-72ab08a92000 rw-p 00000000 00:00 0 
72ab08a92000-72ab08b93000 rw-p 00000000 00:00 0 
72ab08b93000-72ab08b97000 ---p 00000000 00:00 0 
72ab08b97000-72ab08f97000 rw-p 00000000 00:00 0 
72ab08f97000-72ab09ba3000 rw-p 00000000 00:00 0 
72ab09ba3000-72ab09ea6000 rw-p 00000000 00:00 0 
72ab09ea6000-72ab09f96000 rw-p 00000000 00:00 0 
72ab09f96000-72ab0a51f000 ---p 00000000 00:00 0 
72ab0a51f000-72ab0a57f000 rw-p 00000000 00:00 0 
72ab0a57f000-72ab0ab08000 ---p 00000000 00:00 0 
72ab0ab08000-72ab0b71a000 rw-p 00000000 00:00 0 
72ab0b71a000-72ab0b800000 ---p 00000000 00:00 0 
72ab0b800000-72ab0b8a2000 r--p 00000000 08:02 9177552                    /usr/lib/x86_64-linux-gnu/libstdc++.so.6.0.34
72ab0b8a2000-72ab0b9ef000 r-xp 000a2000 08:02 9177552                    /usr/lib/x86_64-linux-gnu/libstdc++.so.6.0.34
72ab0b9ef000-72ab0ba77000 r--p 001ef000 08:02 9177552                    /usr/lib/x86_64-linux-gnu/libstdc++.so.6.0.34
72ab0ba77000-72ab0ba86000 r--p 00276000 08:02 9177552                    /usr/lib/x86_64-linux-gnu/libstdc++.so.6.0.34
72ab0ba86000-72ab0ba89000 rw-p 00285000 08:02 9177552                    /usr/lib/x86_64-linux-gnu/libstdc++.so.6.0.34
72ab0ba89000-72ab0ba8d000 rw-p 00000000 00:00 0 
72ab0ba90000-72ab0ba92000 r--p 00000000 08:02 13267103                   /home/linuxbrew/.linuxbrew/Cellar/openjdk/25.0.2/libexec/lib/libsimdsort.so
72ab0ba92000-72ab0baca000 r-xp 00002000 08:02 13267103                   /home/linuxbrew/.linuxbrew/Cellar/openjdk/25.0.2/libexec/lib/libsimdsort.so
72ab0baca000-72ab0bad0000 r--p 0003a000 08:02 13267103                   /home/linuxbrew/.linuxbrew/Cellar/openjdk/25.0.2/libexec/lib/libsimdsort.so
72ab0bad0000-72ab0bad1000 r--p 0003f000 08:02 13267103                   /home/linuxbrew/.linuxbrew/Cellar/openjdk/25.0.2/libexec/lib/libsimdsort.so
72ab0bad1000-72ab0bad2000 rw-p 00040000 08:02 13267103                   /home/linuxbrew/.linuxbrew/Cellar/openjdk/25.0.2/libexec/lib/libsimdsort.so
72ab0bad2000-72ab0bad4000 rw-p 00043000 08:02 13267103                   /home/linuxbrew/.linuxbrew/Cellar/openjdk/25.0.2/libexec/lib/libsimdsort.so
72ab0bad4000-72ab0bb1a000 rw-p 00000000 00:00 0 
72ab0bb1a000-72ab0bc00000 ---p 00000000 00:00 0 
72ab0bc00000-72ab0bedb000 r--p 00000000 08:02 13267121                   /home/linuxbrew/.linuxbrew/Cellar/openjdk/25.0.2/libexec/lib/server/libjvm.so
72ab0bedb000-72ab0cc63000 r-xp 002db000 08:02 13267121                   /home/linuxbrew/.linuxbrew/Cellar/openjdk/25.0.2/libexec/lib/server/libjvm.so
72ab0cc63000-72ab0cf69000 r--p 01063000 08:02 13267121                   /home/linuxbrew/.linuxbrew/Cellar/openjdk/25.0.2/libexec/lib/server/libjvm.so
72ab0cf69000-72ab0cf6a000 ---p 01369000 08:02 13267121                   /home/linuxbrew/.linuxbrew/Cellar/openjdk/25.0.2/libexec/lib/server/libjvm.so
72ab0cf6a000-72ab0d052000 r--p 01369000 08:02 13267121                   /home/linuxbrew/.linuxbrew/Cellar/openjdk/25.0.2/libexec/lib/server/libjvm.so
72ab0d052000-72ab0d07d000 rw-p 01451000 08:02 13267121                   /home/linuxbrew/.linuxbrew/Cellar/openjdk/25.0.2/libexec/lib/server/libjvm.so
72ab0d07d000-72ab0d0f9000 rw-p 00000000 00:00 0 
72ab0d0f9000-72ab0d0fd000 rw-p 01967000 08:02 13267121                   /home/linuxbrew/.linuxbrew/Cellar/openjdk/25.0.2/libexec/lib/server/libjvm.so
72ab0d100000-72ab0d104000 ---p 00000000 00:00 0 
72ab0d104000-72ab0d200000 rw-p 00000000 00:00 0 
72ab0d200000-72ab0d228000 r--p 00000000 08:02 9176997                    /usr/lib/x86_64-linux-gnu/libc.so.6
72ab0d228000-72ab0d3c1000 r-xp 00028000 08:02 9176997                    /usr/lib/x86_64-linux-gnu/libc.so.6
72ab0d3c1000-72ab0d430000 r--p 001c1000 08:02 9176997                    /usr/lib/x86_64-linux-gnu/libc.so.6
72ab0d430000-72ab0d434000 r--p 0022f000 08:02 9176997                    /usr/lib/x86_64-linux-gnu/libc.so.6
72ab0d434000-72ab0d436000 rw-p 00233000 08:02 9176997                    /usr/lib/x86_64-linux-gnu/libc.so.6
72ab0d436000-72ab0d443000 rw-p 00000000 00:00 0 
72ab0d449000-72ab0d450000 r--s 00000000 08:02 9336279                    /usr/lib/x86_64-linux-gnu/gconv/gconv-modules.cache
72ab0d450000-72ab0d45d000 r--p 00000000 08:02 13267083                   /home/linuxbrew/.linuxbrew/Cellar/openjdk/25.0.2/libexec/lib/libjava.so
72ab0d45d000-72ab0d46b000 r-xp 0000d000 08:02 13267083                   /home/linuxbrew/.linuxbrew/Cellar/openjdk/25.0.2/libexec/lib/libjava.so
72ab0d46b000-72ab0d470000 r--p 0001b000 08:02 13267083                   /home/linuxbrew/.linuxbrew/Cellar/openjdk/25.0.2/libexec/lib/libjava.so
72ab0d470000-72ab0d471000 ---p 00020000 08:02 13267083                   /home/linuxbrew/.linuxbrew/Cellar/openjdk/25.0.2/libexec/lib/libjava.so
72ab0d471000-72ab0d472000 r--p 00020000 08:02 13267083                   /home/linuxbrew/.linuxbrew/Cellar/openjdk/25.0.2/libexec/lib/libjava.so
72ab0d472000-72ab0d473000 rw-p 00021000 08:02 13267083                   /home/linuxbrew/.linuxbrew/Cellar/openjdk/25.0.2/libexec/lib/libjava.so
72ab0d473000-72ab0d474000 rw-p 00000000 00:00 0 
72ab0d474000-72ab0d47a000 rw-p 0002c000 08:02 13267083                   /home/linuxbrew/.linuxbrew/Cellar/openjdk/25.0.2/libexec/lib/libjava.so
72ab0d47a000-72ab0d47e000 r--p 00000000 08:02 9177547                    /usr/lib/x86_64-linux-gnu/libgcc_s.so.1
72ab0d47e000-72ab0d4a1000 r-xp 00004000 08:02 9177547                    /usr/lib/x86_64-linux-gnu/libgcc_s.so.1
72ab0d4a1000-72ab0d4a5000 r--p 00027000 08:02 9177547                    /usr/lib/x86_64-linux-gnu/libgcc_s.so.1
72ab0d4a5000-72ab0d4a6000 r--p 0002a000 08:02 9177547                    /usr/lib/x86_64-linux-gnu/libgcc_s.so.1
72ab0d4a6000-72ab0d4a7000 rw-p 0002b000 08:02 9177547                    /usr/lib/x86_64-linux-gnu/libgcc_s.so.1
72ab0d4a7000-72ab0d4b8000 r--p 00000000 08:02 9177423                    /usr/lib/x86_64-linux-gnu/libm.so.6
72ab0d4b8000-72ab0d543000 r-xp 00011000 08:02 9177423                    /usr/lib/x86_64-linux-gnu/libm.so.6
72ab0d543000-72ab0d5b2000 r--p 0009c000 08:02 9177423                    /usr/lib/x86_64-linux-gnu/libm.so.6
72ab0d5b2000-72ab0d5b3000 r--p 0010a000 08:02 9177423                    /usr/lib/x86_64-linux-gnu/libm.so.6
72ab0d5b3000-72ab0d5b4000 rw-p 0010b000 08:02 9177423                    /usr/lib/x86_64-linux-gnu/libm.so.6
72ab0d5b4000-72ab0d5b7000 rw-p 00000000 00:00 0 
72ab0d5b7000-72ab0d5ba000 r--p 00000000 08:02 11403538                   /home/linuxbrew/.linuxbrew/Cellar/zlib/1.3.1/lib/libz.so.1.3.1
72ab0d5ba000-72ab0d5c8000 r-xp 00003000 08:02 11403538                   /home/linuxbrew/.linuxbrew/Cellar/zlib/1.3.1/lib/libz.so.1.3.1
72ab0d5c8000-72ab0d5cf000 r--p 00011000 08:02 11403538                   /home/linuxbrew/.linuxbrew/Cellar/zlib/1.3.1/lib/libz.so.1.3.1
72ab0d5cf000-72ab0d5d0000 r--p 00017000 08:02 11403538                   /home/linuxbrew/.linuxbrew/Cellar/zlib/1.3.1/lib/libz.so.1.3.1
72ab0d5d0000-72ab0d5d1000 rw-p 00018000 08:02 11403538                   /home/linuxbrew/.linuxbrew/Cellar/zlib/1.3.1/lib/libz.so.1.3.1
72ab0d5d1000-72ab0d5d2000 rw-p 0001b000 08:02 11403538                   /home/linuxbrew/.linuxbrew/Cellar/zlib/1.3.1/lib/libz.so.1.3.1
72ab0d5d2000-72ab0d5d4000 rw-p 00000000 00:00 0 
72ab0d5d5000-72ab0d5d6000 rw-p 00000000 00:00 0 
72ab0d5d6000-72ab0d5d7000 rw-p 00000000 00:00 0 
72ab0d5d7000-72ab0d5dc000 rw-p 00000000 00:00 0 
72ab0d5dc000-72ab0d5e3000 ---p 00000000 00:00 0 
72ab0d5e3000-72ab0d5eb000 rw-s 00000000 00:2e 26531                      /tmp/hsperfdata_the-infinitys/3719411
72ab0d5eb000-72ab0d5ec000 ---p 00000000 00:00 0 
72ab0d5ec000-72ab0d5ed000 r--p 00000000 00:00 0 
72ab0d5ed000-72ab0d5ee000 ---p 00000000 00:00 0 
72ab0d5ee000-72ab0d5f0000 r--p 00000000 08:02 13267087                   /home/linuxbrew/.linuxbrew/Cellar/openjdk/25.0.2/libexec/lib/libjimage.so
72ab0d5f0000-72ab0d5f3000 r-xp 00002000 08:02 13267087                   /home/linuxbrew/.linuxbrew/Cellar/openjdk/25.0.2/libexec/lib/libjimage.so
72ab0d5f3000-72ab0d5f4000 r--p 00005000 08:02 13267087                   /home/linuxbrew/.linuxbrew/Cellar/openjdk/25.0.2/libexec/lib/libjimage.so
72ab0d5f4000-72ab0d5f5000 ---p 00006000 08:02 13267087                   /home/linuxbrew/.linuxbrew/Cellar/openjdk/25.0.2/libexec/lib/libjimage.so
72ab0d5f5000-72ab0d5f6000 r--p 00006000 08:02 13267087                   /home/linuxbrew/.linuxbrew/Cellar/openjdk/25.0.2/libexec/lib/libjimage.so
72ab0d5f6000-72ab0d5f7000 rw-p 00007000 08:02 13267087                   /home/linuxbrew/.linuxbrew/Cellar/openjdk/25.0.2/libexec/lib/libjimage.so
72ab0d5f7000-72ab0d5f9000 rw-p 0000a000 08:02 13267087                   /home/linuxbrew/.linuxbrew/Cellar/openjdk/25.0.2/libexec/lib/libjimage.so
72ab0d5f9000-72ab0d5fc000 r--p 00000000 08:02 13267088                   /home/linuxbrew/.linuxbrew/Cellar/openjdk/25.0.2/libexec/lib/libjli.so
72ab0d5fc000-72ab0d606000 r-xp 00003000 08:02 13267088                   /home/linuxbrew/.linuxbrew/Cellar/openjdk/25.0.2/libexec/lib/libjli.so
72ab0d606000-72ab0d609000 r--p 0000d000 08:02 13267088                   /home/linuxbrew/.linuxbrew/Cellar/openjdk/25.0.2/libexec/lib/libjli.so
72ab0d609000-72ab0d60a000 ---p 00010000 08:02 13267088                   /home/linuxbrew/.linuxbrew/Cellar/openjdk/25.0.2/libexec/lib/libjli.so
72ab0d60a000-72ab0d60b000 r--p 00010000 08:02 13267088                   /home/linuxbrew/.linuxbrew/Cellar/openjdk/25.0.2/libexec/lib/libjli.so
72ab0d60b000-72ab0d60c000 rw-p 00011000 08:02 13267088                   /home/linuxbrew/.linuxbrew/Cellar/openjdk/25.0.2/libexec/lib/libjli.so
72ab0d60c000-72ab0d60e000 rw-p 00015000 08:02 13267088                   /home/linuxbrew/.linuxbrew/Cellar/openjdk/25.0.2/libexec/lib/libjli.so
72ab0d60e000-72ab0d612000 rw-p 00000000 00:00 0 
72ab0d612000-72ab0d616000 r--p 00000000 00:00 0                          [vvar]
72ab0d616000-72ab0d618000 r--p 00000000 00:00 0                          [vvar_vclock]
72ab0d618000-72ab0d61a000 r-xp 00000000 00:00 0                          [vdso]
72ab0d61a000-72ab0d61b000 r--p 00000000 08:02 9175995                    /usr/lib/x86_64-linux-gnu/ld-linux-x86-64.so.2
72ab0d61b000-72ab0d649000 r-xp 00001000 08:02 9175995                    /usr/lib/x86_64-linux-gnu/ld-linux-x86-64.so.2
72ab0d649000-72ab0d657000 r--p 0002f000 08:02 9175995                    /usr/lib/x86_64-linux-gnu/ld-linux-x86-64.so.2
72ab0d657000-72ab0d659000 r--p 0003d000 08:02 9175995                    /usr/lib/x86_64-linux-gnu/ld-linux-x86-64.so.2
72ab0d659000-72ab0d65a000 rw-p 0003f000 08:02 9175995                    /usr/lib/x86_64-linux-gnu/ld-linux-x86-64.so.2
72ab0d65a000-72ab0d65b000 rw-p 00000000 00:00 0 
7ffd013e8000-7ffd0140b000 rw-p 00000000 00:00 0                          [stack]
ffffffffff600000-ffffffffff601000 --xp 00000000 00:00 0                  [vsyscall]
Total number of mappings: 212

JVMTI agents: none


VM Arguments:
jvm_args: --add-opens=java.base/java.lang=ALL-UNNAMED -Dfile.encoding=UTF-8 -Duser.country=JP -Duser.language=ja -Duser.variant 
java_command: org.example.WithXrossAppKt
java_class_path (initial): /home/the-infinitys/github/minecraft.infinite-client/project-xross/xross-example/app/build/classes/java/main:/home/the-infinitys/github/minecraft.infinite-client/project-xross/xross-example/app/build/classes/kotlin/main:/home/the-infinitys/github/minecraft.infinite-client/project-xross/xross-example/app/build/resources/main:/home/the-infinitys/.gradle/caches/modules-2/files-2.1/com.google.guava/guava/33.4.6-jre/4437fb72c3cc5d29554b588d9a97bea12d6a42e1/guava-33.4.6-jre.jar:/home/the-infinitys/.gradle/caches/modules-2/files-2.1/org.jetbrains.kotlin/kotlin-stdlib-jdk7/2.3.10/eb57a55dda1c04e2b68de7d50619dd7526150442/kotlin-stdlib-jdk7-2.3.10.jar:/home/the-infinitys/.gradle/caches/modules-2/files-2.1/org.jetbrains.kotlinx/kotlinx-coroutines-core-jvm/1.10.1/fe066928754beda3d59c8282e04289546465a360/kotlinx-coroutines-core-jvm-1.10.1.jar:/home/the-infinitys/.gradle/caches/modules-2/files-2.1/org.jetbrains.kotlin/kotlin-stdlib/2.3.10/8b80e2f80a3b7daa99c16017f91d4c72cd8b31a6/kotlin-stdlib-2.3.10.jar:/home/the-infinitys/.gradle/caches/modules-2/files-2.1/org.jetbrains.kotlin/kotlin-stdlib-jdk8/2.3.10/626e0d6a554c61b239816b108314301950a20de4/kotlin-stdlib-jdk8-2.3.10.jar:/home/the-infinitys/.gradle/caches/modules-2/files-2.1/com.google.guava/failureaccess/1.0.3/aeaffd00d57023a2c947393ed251f0354f0985fc/failureaccess-1.0.3.jar:/home/the-infinitys/.gradle/caches/modules-2/files-2.1/com.google.guava/listenablefuture/9999.0-empty-to-avoid-conflict-with-guava/b421526c5f297295adef1c886e5246c39d4ac629/listenablefuture-9999.0-empty-to-avoid-conflict-with-guava.jar:/home/the-infinitys/.gradle/caches/modules-2/files-2.1/org.jspecify/jspecify/1.0.0/7425a601c1c7ec76645a78d22b8c6a627edee507/jspecify-1.0.0.jar:/home/the-infinitys/.gradle/caches/modules-2/files-2.1/com.google.errorprone/error_prone_annotations/2.36.0/227d4d4957ccc3dc5761bd897e3a0ee587e750a7/error_prone_annotations-2.36.0.jar:/home/the-infinitys/.gradle/caches/modules-2/files-2.1/com.google.j2objc/j2objc-annotations/3.0.0/7399e65dd7e9ff3404f4535b2f017093bdb134c7/j2objc-annotations-3.0.0.jar:/home/the-infinitys/.gradle/caches/modules-2/files-2.1/org.jetbrains/annotations/23.0.0/8cc20c07506ec18e0834947b84a864bfc094484e/annotations-23.0.0.jar
Launcher Type: SUN_STANDARD

[Global flags]
     intx CICompilerCount                          = 4                                         {product} {ergonomic}
     uint ConcGCThreads                            = 3                                         {product} {ergonomic}
     uint G1ConcRefinementThreads                  = 12                                        {product} {ergonomic}
   size_t G1HeapRegionSize                         = 2097152                                   {product} {ergonomic}
   size_t InitialHeapSize                          = 199229440                                 {product} {ergonomic}
   size_t MarkStackSize                            = 4194304                                   {product} {ergonomic}
   size_t MarkStackSizeMax                         = 536870912                                 {product} {ergonomic}
   size_t MaxHeapSize                              = 3172990976                                {product} {ergonomic}
   size_t MaxNewSize                               = 1902116864                                {product} {ergonomic}
   size_t MinHeapDeltaBytes                        = 2097152                                   {product} {ergonomic}
   size_t MinHeapSize                              = 8388608                                   {product} {ergonomic}
    uintx NonNMethodCodeHeapSize                   = 5836800                                {pd product} {ergonomic}
    uintx NonProfiledCodeHeapSize                  = 122912768                              {pd product} {ergonomic}
    uintx ProfiledCodeHeapSize                     = 122908672                              {pd product} {ergonomic}
    uintx ReservedCodeCacheSize                    = 251658240                              {pd product} {ergonomic}
     bool SegmentedCodeCache                       = true                                      {product} {ergonomic}
   size_t SoftMaxHeapSize                          = 3172990976                             {manageable} {ergonomic}
     bool UseCompressedOops                        = true                           {product lp64_product} {ergonomic}
     bool UseG1GC                                  = true                                      {product} {ergonomic}

Logging:
Log output configuration:
 #0: stdout all=warning uptime,level,tags foldmultilines=false
 #1: stderr all=off uptime,level,tags foldmultilines=false

Release file:
IMPLEMENTOR="Homebrew"
IMPLEMENTOR_VERSION="Homebrew"
JAVA_RUNTIME_VERSION="25.0.2"
JAVA_VERSION="25.0.2"
JAVA_VERSION_DATE="2026-01-20"
LIBC="gnu"
MODULES="java.base java.compiler java.datatransfer java.xml java.prefs java.desktop java.instrument java.logging java.management java.security.sasl java.naming java.rmi java.management.rmi java.net.http java.scripting java.security.jgss java.transaction.xa java.sql java.sql.rowset java.xml.crypto java.se java.smartcardio jdk.accessibility jdk.internal.jvmstat jdk.attach jdk.charsets jdk.internal.opt jdk.zipfs jdk.compiler jdk.crypto.cryptoki jdk.crypto.ec jdk.dynalink jdk.internal.ed jdk.editpad jdk.internal.vm.ci jdk.graal.compiler jdk.graal.compiler.management jdk.hotspot.agent jdk.httpserver jdk.incubator.vector jdk.internal.le jdk.internal.md jdk.jartool jdk.javadoc jdk.jcmd jdk.management jdk.management.agent jdk.jconsole jdk.jdeps jdk.jdwp.agent jdk.jdi jdk.jfr jdk.jlink jdk.jpackage jdk.jshell jdk.jsobject jdk.jstatd jdk.localedata jdk.management.jfr jdk.naming.dns jdk.naming.rmi jdk.net jdk.nio.mapmode jdk.sctp jdk.security.auth jdk.security.jgss jdk.unsupported jdk.unsupported.desktop jdk.xml.dom"
OS_ARCH="x86_64"
OS_NAME="Linux"
SOURCE=""

Environment Variables:
PATH=/home/the-infinitys/.deno/bin:/home/the-infinitys/.python/venv//bin:/home/linuxbrew/.linuxbrew/bin:/home/linuxbrew/.linuxbrew/sbin:/home/the-infinitys/.bin:/home/the-infinitys/.local/bin:/home/the-infinitys/bin:/home/the-infinitys/.local/kitty.app/bin:/home/the-infinitys/.bun/bin:/home/the-infinitys/.cargo/bin:/usr/local/sbin:/usr/local/bin:/usr/sbin:/usr/bin:/sbin:/bin:/usr/games:/usr/local/games:/snap/bin:/home/the-infinitys/.lmstudio/bin
LD_LIBRARY_PATH=/usr/lib/mesa-diverted/x86_64-linux-gnu:/usr/lib/x86_64-linux-gnu/mesa:/usr/lib/x86_64-linux-gnu/dri:/usr/lib/x86_64-linux-gnu/gallium-pipe
SHELL=/usr/bin/zsh
DISPLAY=:20
LANG=ja_JP.UTF-8
LC_NUMERIC=ja_JP.UTF-8
LC_TIME=ja_JP.UTF-8
TERM=xterm-256color

Active Locale:
LC_ALL=ja_JP.UTF-8
LC_COLLATE=ja_JP.UTF-8
LC_CTYPE=ja_JP.UTF-8
LC_MESSAGES=ja_JP.UTF-8
LC_MONETARY=ja_JP.UTF-8
LC_NUMERIC=ja_JP.UTF-8
LC_TIME=ja_JP.UTF-8

Signal Handlers:
   SIGSEGV: crash_handler in libjvm.so, mask=11100100010111111101111111111110, flags=SA_RESTART|SA_SIGINFO, unblocked
    SIGBUS: crash_handler in libjvm.so, mask=11100100010111111101111111111110, flags=SA_RESTART|SA_SIGINFO, unblocked
    SIGFPE: crash_handler in libjvm.so, mask=11100100010111111101111111111110, flags=SA_RESTART|SA_SIGINFO, unblocked
   SIGPIPE: javaSignalHandler in libjvm.so, mask=11100100010111111101111111111110, flags=SA_RESTART|SA_SIGINFO, blocked
   SIGXFSZ: javaSignalHandler in libjvm.so, mask=11100100010111111101111111111110, flags=SA_RESTART|SA_SIGINFO, blocked
    SIGILL: crash_handler in libjvm.so, mask=11100100010111111101111111111110, flags=SA_RESTART|SA_SIGINFO, unblocked
   SIGUSR2: SR_handler in libjvm.so, mask=00000000000000000000000000000000, flags=SA_RESTART|SA_SIGINFO, blocked
    SIGHUP: UserHandler in libjvm.so, mask=11100100010111111101111111111110, flags=SA_RESTART|SA_SIGINFO, blocked
    SIGINT: UserHandler in libjvm.so, mask=11100100010111111101111111111110, flags=SA_RESTART|SA_SIGINFO, blocked
   SIGTERM: UserHandler in libjvm.so, mask=11100100010111111101111111111110, flags=SA_RESTART|SA_SIGINFO, blocked
   SIGQUIT: UserHandler in libjvm.so, mask=11100100010111111101111111111110, flags=SA_RESTART|SA_SIGINFO, blocked
   SIGTRAP: crash_handler in libjvm.so, mask=11100100010111111101111111111110, flags=SA_RESTART|SA_SIGINFO, unblocked


Compilation memory statistics disabled.

Periodic native trim disabled

---------------  S Y S T E M  ---------------

OS:
DISTRIB_ID=Ubuntu
DISTRIB_RELEASE=25.10
DISTRIB_CODENAME=questing
DISTRIB_DESCRIPTION="Ubuntu 25.10"
uname: Linux 6.17.0-14-generic #14-Ubuntu SMP PREEMPT_DYNAMIC Fri Jan  9 17:01:16 UTC 2026 x86_64
OS uptime: 1 days 8:46 hours
libc: glibc 2.42 NPTL 2.42 
rlimit (soft/hard): STACK 8192k/infinity , CORE 0k/infinity , NPROC 15189/15189 , NOFILE 524288/524288 , AS infinity/infinity , CPU infinity/infinity , DATA infinity/infinity , FSIZE infinity/infinity , MEMLOCK 8192k/8192k
load average: 1.07 1.24 1.20

/proc/meminfo:
MemTotal:       12391356 kB
MemFree:          229764 kB
MemAvailable:    3697924 kB
Buffers:           68048 kB
Cached:          3574024 kB
SwapCached:        12480 kB
Active:          4606616 kB
Inactive:        4176028 kB
Active(anon):    3656716 kB
Inactive(anon):  1633596 kB
Active(file):     949900 kB
Inactive(file):  2542432 kB
Unevictable:        6708 kB
Mlocked:             548 kB
SwapTotal:      31502672 kB
SwapFree:       23413336 kB
Zswap:                 0 kB
Zswapped:              0 kB
Dirty:              9432 kB
Writeback:             0 kB
AnonPages:       5146572 kB
Mapped:           953120 kB
Shmem:            149716 kB
KReclaimable:     294592 kB
Slab:             705924 kB
SReclaimable:     294592 kB
SUnreclaim:       411332 kB
KernelStack:       32848 kB
PageTables:       100600 kB
SecPageTables:         0 kB
NFS_Unstable:          0 kB
Bounce:                0 kB
WritebackTmp:          0 kB
CommitLimit:    37698348 kB
Committed_AS:   32148192 kB
VmallocTotal:   34359738367 kB
VmallocUsed:      399820 kB
VmallocChunk:          0 kB
Percpu:            22016 kB
HardwareCorrupted:     0 kB
AnonHugePages:         0 kB
ShmemHugePages:        0 kB
ShmemPmdMapped:        0 kB
FileHugePages:     26624 kB
FilePmdMapped:         0 kB
CmaTotal:              0 kB
CmaFree:               0 kB
Unaccepted:            0 kB
Balloon:               0 kB
HugePages_Total:       0
HugePages_Free:        0
HugePages_Rsvd:        0
HugePages_Surp:        0
Hugepagesize:       2048 kB
Hugetlb:               0 kB
DirectMap4k:      453840 kB
DirectMap2M:    12128256 kB
DirectMap1G:           0 kB

/sys/kernel/mm/transparent_hugepage/enabled: always [madvise] never
/sys/kernel/mm/transparent_hugepage/hpage_pmd_size: 2097152
/sys/kernel/mm/transparent_hugepage/shmem_enabled: always within_size advise [never] deny force
/sys/kernel/mm/transparent_hugepage/defrag (defrag/compaction efforts parameter): always defer defer+madvise [madvise] never

Process Memory:
Virtual Size: 6070732K (peak: 6079104K)
Resident Set Size: 204228K (peak: 204228K) (anon: 177896K, file: 25756K, shmem: 576K)
Swapped out: 0K
C-Heap outstanding allocations: 144169K, retained: 8146K
glibc malloc tunables: (default)

/proc/sys/kernel/threads-max (system-wide limit on the number of threads): 30379
/proc/sys/vm/max_map_count (maximum number of memory map areas a process may have): 1048576
/proc/sys/vm/swappiness (control to define how aggressively the kernel swaps out anonymous memory): 100
/proc/sys/kernel/pid_max (system-wide limit on number of process identifiers): 4194304

container information not found.
Hyper-V virtualization detected
Steal ticks since vm start: 0
Steal ticks percentage since vm start:  0.000

CPU: total 15 (initial active 15) (8 cores per cpu, 2 threads per core) family 6 model 151 stepping 2 microcode 0xffffffff, cx8, cmov, fxsr, ht, mmx, 3dnowpref, sse, sse2, sse3, ssse3, sse4.1, sse4.2, popcnt, lzcnt, tsc, tscinvbit, avx, avx2, aes, erms, clmul, bmi1, bmi2, adx, sha, fma, vzeroupper, clflush, clflushopt, clwb, hv, serialize, rdtscp, rdpid, fsrm, gfni, f16c, cet_ibt, cet_ss
CPU Model and flags from /proc/cpuinfo:
model name	: 12th Gen Intel(R) Core(TM) i7-12700
flags		: fpu vme de pse tsc msr pae mce cx8 apic sep mtrr pge mca cmov pat pse36 clflush mmx fxsr sse sse2 ss ht syscall nx pdpe1gb rdtscp lm constant_tsc rep_good nopl xtopology tsc_reliable nonstop_tsc cpuid aperfmperf tsc_known_freq pni pclmulqdq vmx ssse3 fma cx16 pcid sse4_1 sse4_2 x2apic movbe popcnt tsc_deadline_timer aes xsave avx f16c rdrand hypervisor lahf_lm abm 3dnowprefetch ssbd ibrs ibpb stibp ibrs_enhanced tpr_shadow ept vpid ept_ad fsgsbase tsc_adjust bmi1 avx2 smep bmi2 erms invpcid rdseed adx smap clflushopt clwb sha_ni xsaveopt xsavec xgetbv1 xsaves user_shstk avx_vnni vnmi umip waitpkg gfni vaes vpclmulqdq rdpid movdiri movdir64b fsrm md_clear serialize ibt flush_l1d arch_capabilities

Online cpus: 0-14
Offline cpus: 
BIOS frequency limitation: <Not Available>
Frequency switch latency (ns): <Not Available>
Available cpu frequencies: <Not Available>
Current governor: <Not Available>
Core performance/turbo boost: <Not Available>

Memory: 4k page, physical 12391356k(3697924k free), swap 31502672k(23413336k free)
Page Sizes: 4k

vm_info: OpenJDK 64-Bit Server VM (25.0.2) for linux-amd64 JRE (25.0.2), built on 2025-12-18T08:04:02Z with gcc 12.3.0

END.
