#
# A fatal error has been detected by the Java Runtime Environment:
#
#  SIGSEGV (0xb) at pc=0x00007e597d53cd23, pid=3714912, tid=3714913
#
# JRE version: OpenJDK Runtime Environment Homebrew (25.0.2) (build 25.0.2)
# Java VM: OpenJDK 64-Bit Server VM Homebrew (25.0.2, mixed mode, sharing, tiered, compressed oops, compressed class ptrs, g1 gc, linux-amd64)
# Problematic frame:
# C  [libxross_example.so+0x3cd23]  xross_example_all_types_test_take_ref_node+0x3
#
# Core dump will be written. Default location: Core dumps may be processed with "/usr/share/apport/apport -p%p -s%s -c%c -d%d -P%P -u%u -g%g -F%F -- %E" (or dumping to /home/the-infinitys/github/minecraft.infinite-client/project-xross/xross-example/app/core.3714912)
#
# If you would like to submit a bug report, please visit:
#   https://github.com/Homebrew/homebrew-core/issues
# The crash happened outside the Java Virtual Machine in native code.
# See problematic frame for where to report the bug.
#

---------------  S U M M A R Y ------------

Command Line: --add-opens=java.base/java.lang=ALL-UNNAMED -Dfile.encoding=UTF-8 -Duser.country=JP -Duser.language=ja -Duser.variant org.example.BenchmarkKt

Host: 12th Gen Intel(R) Core(TM) i7-12700, 15 cores, 11G, Ubuntu 25.10
Time: Mon Feb 16 21:46:50 2026 JST elapsed time: 8.197299 seconds (0d 0h 0m 8s)

---------------  T H R E A D  ---------------

Current thread (0x00007e599801a340):  JavaThread "main"             [_thread_in_native, id=3714913, stack(0x00007e59a1500000,0x00007e59a1600000) (1024K)]

Stack: [0x00007e59a1500000,0x00007e59a1600000],  sp=0x00007e59a15fe338,  free space=1016k
Native frames: (J=compiled Java code, j=interpreted, Vv=VM code, C=native code)
C  [libxross_example.so+0x3cd23]  xross_example_all_types_test_take_ref_node+0x3
j  java.lang.invoke.LambdaForm$MH+0x0000000017093400.invoke(Ljava/lang/Object;JJJ)I+12 java.base@25.0.2
j  java.lang.invoke.LambdaForm$MH+0x00000000170cb000.invokeExact_MT(Ljava/lang/Object;JJJLjava/lang/Object;)I+23 java.base@25.0.2
j  jdk.internal.foreign.abi.DowncallStub+0x00000000170c2c00.invoke(Ljava/lang/foreign/SegmentAllocator;Ljava/lang/foreign/MemorySegment;Ljava/lang/foreign/MemorySegment;Ljava/lang/foreign/MemorySegment;)I+113 java.base@25.0.2
j  java.lang.invoke.LambdaForm$DMH+0x00000000170c3400.invokeStaticInit(Ljava/lang/Object;Ljava/lang/Object;Ljava/lang/Object;Ljava/lang/Object;Ljava/lang/Object;)I+16 java.base@25.0.2
j  java.lang.invoke.LambdaForm$MH+0x00000000170c4c00.invoke(Ljava/lang/Object;Ljava/lang/Object;Ljava/lang/Object;)I+47 java.base@25.0.2
j  java.lang.invoke.LambdaForm$MH+0x00000000170ca800.invokeExact_MT(Ljava/lang/Object;Ljava/lang/Object;Ljava/lang/Object;Ljava/lang/Object;)I+20 java.base@25.0.2
j  org.example.AllTypesTest.takeRefNode(Lorg/example/ComprehensiveNode;)I+127
j  org.example.WithXrossAppKt.executeAllTypesTest(Z)V+213
j  org.example.BenchmarkKt.runIntegrationSuiteBenchmarks()Ljava/util/List;+71
j  org.example.BenchmarkKt.main()V+53
j  org.example.BenchmarkKt.main([Ljava/lang/String;)V+0
v  ~StubRoutines::call_stub 0x00007e5987b37fa4
V  [libjvm.so+0x917a40]  JavaCalls::call_helper(JavaValue*, methodHandle const&, JavaCallArguments*, JavaThread*)+0x230
V  [libjvm.so+0x9b3d0c]  jni_invoke_static(JNIEnv_*, JavaValue*, _jobject*, JNICallType, _jmethodID*, JNI_ArgumentPusher*, JavaThread*) [clone .constprop.0]+0x12c
V  [libjvm.so+0x9b506c]  jni_CallStaticVoidMethod+0x13c
C  [libjli.so+0x4e8e]  invokeStaticMainWithArgs+0x4e
C  [libjli.so+0x5f79]  JavaMain+0xf19
C  [libjli.so+0x8f1d]  ThreadJavaMain+0xd
C  [libc.so.6+0xa3d64]
Java frames: (J=compiled Java code, j=interpreted, Vv=VM code)
v  ~RuntimeStub::nep_invoker_blob 0x00007e5987ca90e8
j  java.lang.invoke.LambdaForm$MH+0x0000000017093400.invoke(Ljava/lang/Object;JJJ)I+12 java.base@25.0.2
j  java.lang.invoke.LambdaForm$MH+0x00000000170cb000.invokeExact_MT(Ljava/lang/Object;JJJLjava/lang/Object;)I+23 java.base@25.0.2
j  jdk.internal.foreign.abi.DowncallStub+0x00000000170c2c00.invoke(Ljava/lang/foreign/SegmentAllocator;Ljava/lang/foreign/MemorySegment;Ljava/lang/foreign/MemorySegment;Ljava/lang/foreign/MemorySegment;)I+113 java.base@25.0.2
j  java.lang.invoke.LambdaForm$DMH+0x00000000170c3400.invokeStaticInit(Ljava/lang/Object;Ljava/lang/Object;Ljava/lang/Object;Ljava/lang/Object;Ljava/lang/Object;)I+16 java.base@25.0.2
j  java.lang.invoke.LambdaForm$MH+0x00000000170c4c00.invoke(Ljava/lang/Object;Ljava/lang/Object;Ljava/lang/Object;)I+47 java.base@25.0.2
j  java.lang.invoke.LambdaForm$MH+0x00000000170ca800.invokeExact_MT(Ljava/lang/Object;Ljava/lang/Object;Ljava/lang/Object;Ljava/lang/Object;)I+20 java.base@25.0.2
j  org.example.AllTypesTest.takeRefNode(Lorg/example/ComprehensiveNode;)I+127
j  org.example.WithXrossAppKt.executeAllTypesTest(Z)V+213
j  org.example.BenchmarkKt.runIntegrationSuiteBenchmarks()Ljava/util/List;+71
j  org.example.BenchmarkKt.main()V+53
j  org.example.BenchmarkKt.main([Ljava/lang/String;)V+0
v  ~StubRoutines::call_stub 0x00007e5987b37fa4

siginfo: si_signo: 11 (SIGSEGV), si_code: 1 (SEGV_MAPERR), si_addr: 0x0000000000000020

Registers:
RAX=0x0000000000000008, RBX=0x00007e595427acd8, RCX=0x00007e592604f0c8, RDX=0x00007e592604f0b0
RSP=0x00007e59a15fe338, RBP=0x00007e59a15fe350, RSI=0x00007e592604f0c8, RDI=0x00007e592604f0b0
R8 =0x000000074a391698, R9 =0x0000000000000000, R10=0x00007e597d53cd20, R11=0x00007e5988136a80
R12=0x0000000000000000, R13=0x00007e59a15fe360, R14=0x00007e59a15fe428, R15=0x00007e599801a340
RIP=0x00007e597d53cd23, EFLAGS=0x0000000000010202, CSGSFS=0x002b000000000033, ERR=0x0000000000000004
  TRAPNO=0x000000000000000e

XMM[0]=0x00007e599801a340 0x00007e595427acd8
XMM[1]=0x0000000000000000 0x00007e599801a340
XMM[2]=0x0000000000000000 0x0000000000000000
XMM[3]=0x0000000000000000 0x00000000161f1da0
XMM[4]=0x0000000000000000 0x00007e599801a340
XMM[5]=0x0000000000000000 0x0000000000000000
XMM[6]=0x00007e5998245458 0x00007e5998245458
XMM[7]=0x0000000000000000 0x0000000000000000
XMM[8]=0x0002000700060008 0x0002000000090008
XMM[9]=0xf8e2f4cef8e2f4ce 0xf8e2f4cefaeb1564
XMM[10]=0x0000000000000000 0x0000000002082096
XMM[11]=0x2079760f2079760f 0x2079760f1b648b73
XMM[12]=0x0000000000000000 0x00000000faeb1564
XMM[13]=0x0000000000000000 0x474f65aadb8a902f
XMM[14]=0x0000000000000000 0xb8c30c1fe3fbd2a4
XMM[15]=0x0000000000000000 0x0000000000000000
  MXCSR=0x00001fa2


Register to memory mapping:

RAX=0x0000000000000008 is an unknown value
RBX={method} {0x00007e595427acd8} 'linkToNative' '(JJJLjava/lang/Object;)I' in 'java/lang/invoke/MethodHandle'
RCX=0x00007e592604f0c8 points into unknown readable memory: 0x0000000000000008 | 08 00 00 00 00 00 00 00
RDX=0x00007e592604f0b0 points into unknown readable memory: 0x000000000000000f | 0f 00 00 00 00 00 00 00
RSP=0x00007e59a15fe338 is pointing into the stack for thread: 0x00007e599801a340
RBP=0x00007e59a15fe350 is pointing into the stack for thread: 0x00007e599801a340
RSI=0x00007e592604f0c8 points into unknown readable memory: 0x0000000000000008 | 08 00 00 00 00 00 00 00
RDI=0x00007e592604f0b0 points into unknown readable memory: 0x000000000000000f | 0f 00 00 00 00 00 00 00
R8 =0x000000074a391698 is an oop: jdk.internal.foreign.abi.NativeEntryPoint 
{0x000000074a391698} - klass: 'jdk/internal/foreign/abi/NativeEntryPoint' - flags: 

 - ---- fields (total size 3 words):
 - private final 'methodType' 'Ljava/lang/invoke/MethodType;' @12  a 'java/lang/invoke/MethodType'{0x000000074a390d08} = (JJJ)I (0xe94721a1)
 - private final 'downcallStubAddress' 'J' @16  138922995388640 (0x00007e5987ca90e0)
R9 =0x0 is null
R10=0x00007e597d53cd20: xross_example_all_types_test_take_ref_node+0x0000000000000000 in /tmp/xross_lib_15579768596899621668/libxross_example.so at 0x00007e597d500000
R11=0x00007e5988136a80 is at entry_point+0 in (nmethod*)0x00007e5988136988
Compiled method (n/a) 8202 1277     n 0       java.lang.invoke.MethodHandle::linkToNative(JJJL)I (native)
 total in heap  [0x00007e5988136988,0x00007e5988136a88] = 256
 main code      [0x00007e5988136a80,0x00007e5988136a87] = 7
 stub code      [0x00007e5988136a87,0x00007e5988136a88] = 1
R12=0x0 is null
R13=0x00007e59a15fe360 is pointing into the stack for thread: 0x00007e599801a340
R14=0x00007e59a15fe428 is pointing into the stack for thread: 0x00007e599801a340
R15=0x00007e599801a340 is a thread

Top of Stack: (sp=0x00007e59a15fe338)
0x00007e59a15fe338:   00007e5987ca9121 00007e59a15fe3e0   !...Y~...._.Y~..
0x00007e59a15fe348:   00007e5987b50471 00007e59a15fe3e0   q...Y~...._.Y~..
0x00007e59a15fe358:   00007e5987b3f580 000000074a391698   ....Y~....9J....
0x00007e59a15fe368:   00007e592604f0c8 0000000000000000   ...&Y~..........
0x00007e59a15fe378:   00007e592604f0b0 0000000000000000   ...&Y~..........
0x00007e59a15fe388:   00007e597d53cd20 0000000000000000    .S}Y~..........
0x00007e59a15fe398:   fffffffffffffff7 00007e59545ce254   ........T.\TY~..
0x00007e59a15fe3a8:   0000000000000009 00007e59545ce3f8   ..........\TY~..
0x00007e59a15fe3b8:   0000000000000000 000000074a3990d0   ..........9J....
0x00007e59a15fe3c8:   00007e59545ce260 fffffffffffffff0   `.\TY~..........
0x00007e59a15fe3d8:   00007e59a15fe3f8 00007e59a15fe478   .._.Y~..x._.Y~..
0x00007e59a15fe3e8:   00007e5987b3f580 000000074a391698   ....Y~....9J....
0x00007e59a15fe3f8:   00007e592604f0c8 0000000000000000   ...&Y~..........
0x00007e59a15fe408:   00007e592604f0b0 0000000000000000   ...&Y~..........
0x00007e59a15fe418:   00007e597d53cd20 0000000000000000    .S}Y~..........
0x00007e59a15fe428:   0000000749abfae0 fffffffffffffff7   ...I............
0x00007e59a15fe438:   00007e59546b4e9f 0000000000000009   .NkTY~..........
0x00007e59a15fe448:   00007e59546b5068 0000000000000000   hPkTY~..........
0x00007e59a15fe458:   0000000749822978 00007e59546b4eb0   x).I.....NkTY~..
0x00007e59a15fe468:   fffffffffffffff0 00007e59a15fe488   .........._.Y~..
0x00007e59a15fe478:   00007e59a15fe510 00007e5987b3f580   .._.Y~......Y~..
0x00007e59a15fe488:   000000074a390d08 00007e592604f0c8   ..9J.......&Y~..
0x00007e59a15fe498:   0000000000000000 00007e592604f0b0   ...........&Y~..
0x00007e59a15fe4a8:   0000000000000000 00007e597d53cd20   ........ .S}Y~..
0x00007e59a15fe4b8:   0000000000000000 0000000749abfae0   ...........I....
0x00007e59a15fe4c8:   fffffffffffffff7 00007e595469c3e1   ..........iTY~..
0x00007e59a15fe4d8:   0000000000000010 00007e595469c680   ..........iTY~..
0x00007e59a15fe4e8:   0000000000000000 0000000749acad30   ........0..I....
0x00007e59a15fe4f8:   00007e595469c450 ffffffffffffffef   P.iTY~..........
0x00007e59a15fe508:   00007e59a15fe570 00007e59a15fe5e0   p._.Y~...._.Y~..
0x00007e59a15fe518:   00007e5987b3f580 0000000000000000   ....Y~..........
0x00007e59a15fe528:   000000074ba69bc0 0000000000000000   ...K............

Instructions: (pc=0x00007e597d53cd23)
  0x00007e597d53cc23:   b0 00 00 00 c3 cc cc cc cc cc cc cc cc 48 8d 47
  0x00007e597d53cc33:   18 c3 cc cc cc cc cc cc cc cc cc cc cc 53 48 83
  0x00007e597d53cc43:   ec 20 8b 5f 30 48 8d 77 18 48 89 e7 ff 15 43 5d
  0x00007e597d53cc53:   07 00 89 5c 24 18 ff 15 f9 5c 07 00 bf 20 00 00
  0x00007e597d53cc63:   00 be 08 00 00 00 ff 15 f1 5b 07 00 48 85 c0 74
  0x00007e597d53cc73:   16 0f 10 04 24 0f 10 4c 24 10 0f 11 48 10 0f 11
  0x00007e597d53cc83:   00 48 83 c4 20 5b c3 bf 08 00 00 00 be 20 00 00
  0x00007e597d53cc93:   00 ff 15 c6 5c 07 00 0f 0b ff 15 4e 5c 07 00 48
  0x00007e597d53cca3:   8b 3c 24 48 8b 74 24 08 e8 30 e7 ff ff ff 15 3a
  0x00007e597d53ccb3:   5c 07 00 cc cc cc cc cc cc cc cc cc cc 48 8b 06
  0x00007e597d53ccc3:   89 50 18 c3 cc cc cc cc cc cc cc cc cc 53 48 83
  0x00007e597d53ccd3:   ec 20 0f 10 06 0f 10 4e 10 0f 29 4c 24 10 0f 29
  0x00007e597d53cce3:   04 24 48 8d 5f 18 48 8b 77 18 48 85 f6 74 0f 48
  0x00007e597d53ccf3:   8b 7f 20 ba 01 00 00 00 ff 15 67 5b 07 00 0f 28
  0x00007e597d53cd03:   04 24 0f 28 4c 24 10 0f 11 4b 10 0f 11 03 48 83
  0x00007e597d53cd13:   c4 20 5b c3 cc cc cc cc cc cc cc cc cc 48 8b 06
=>0x00007e597d53cd23:   8b 40 18 c3 cc cc cc cc cc cc cc cc cc 55 41 57
  0x00007e597d53cd33:   41 56 41 55 41 54 53 48 83 ec 48 49 89 cf 49 89
  0x00007e597d53cd43:   f6 48 89 fb 48 b9 00 00 00 00 00 00 00 80 45 31
  0x00007e597d53cd53:   ed 48 85 f6 40 0f 95 c5 48 85 d2 74 4e 48 89 d7
  0x00007e597d53cd63:   49 89 d4 ff 15 3c 5c 07 00 48 8d 50 01 48 8d 7c
  0x00007e597d53cd73:   24 30 4c 89 e6 ff 15 32 5c 07 00 4c 8b 64 24 30
  0x00007e597d53cd83:   48 8b 7c 24 38 48 8b 54 24 40 48 b9 00 00 00 00
  0x00007e597d53cd93:   00 00 00 80 49 39 cc 75 79 48 85 d2 79 1d 31 ff
  0x00007e597d53cda3:   48 89 d6 ff 15 c4 5b 07 00 0f 0b 49 89 cc 41 88
  0x00007e597d53cdb3:   ed 48 89 cd 4d 85 ff 75 64 eb 78 0f 84 fd 00 00
  0x00007e597d53cdc3:   00 48 89 7c 24 08 49 89 d4 ff 15 86 5b 07 00 be
  0x00007e597d53cdd3:   01 00 00 00 4c 89 e7 ff 15 80 5a 07 00 bf 01 00
  0x00007e597d53cde3:   00 00 4c 89 e2 48 85 c0 74 b6 48 89 c7 48 8b 74
  0x00007e597d53cdf3:   24 08 4c 89 e2 48 89 44 24 08 ff 15 c5 5a 07 00
  0x00007e597d53ce03:   4c 89 e2 48 8b 7c 24 08 48 b9 00 00 00 00 00 00
  0x00007e597d53ce13:   00 80 41 88 ed 48 89 cd 4d 85 ff 74 16 49 8b 2f


Stack slot to memory mapping:

stack at sp + 0 slots: 0x00007e5987ca9121 is at code_begin+65 in 
[CodeBlob kind:6 (0x00007e5987ca9088)]
Framesize: 4
Runtime Stub (0x00007e5987ca9088): nep_invoker_blob
--------------------------------------------------------------------------------
Decoding CodeBlob, name: nep_invoker_blob, at  [0x00007e5987ca90e0, 0x00007e5987ca91d8]  248 bytes
[MachCode]
  0x00007e5987ca90e0: 5548 8bec | 4883 ec10 | c5f8 7749 | 89af 9004 | 0000 49ba | e890 ca87 | 597e 0000 | 4d89 9788 
  0x00007e5987ca9100: 0400 0049 | 89a7 8004 | 0000 41c7 | 872c 0500 | 0004 0000 | 004c 8bd6 | 488b f148 | 8bfa 41ff 
  0x00007e5987ca9120: d2c5 f877 | 41c7 872c | 0500 0005 | 0000 00f0 | 8344 24c0 | 0049 3b6f | 280f 874d | 0000 0041 
  0x00007e5987ca9140: 83bf 2805 | 0000 000f | 853f 0000 | 0041 c787 | 2c05 0000 | 0800 0000 | 4183 bfa8 | 0500 0002 
  0x00007e5987ca9160: 0f84 4c00 | 0000 49c7 | 8780 0400 | 0000 0000 | 0049 c787 | 9004 0000 | 0000 0000 | 49c7 8788 
  0x00007e5987ca9180: 0400 0000 | 0000 00c5 | f877 c9c3 | 4889 0424 | 498b ffc5 | f877 4c8b | e448 83ec | 0048 83e4 
  0x00007e5987ca91a0: f0e8 4a57 | c818 498b | e44d 33e4 | 488b 0424 | eb9b 4889 | 0424 c5f8 | 774c 8be4 | 4883 ec00 
  0x00007e5987ca91c0: 4883 e4f0 | e847 030d | 1949 8be4 | 4d33 e448 | 8b04 24eb | 91f4 f4f4 
[/MachCode]
--------------------------------------------------------------------------------
stack at sp + 1 slots: 0x00007e59a15fe3e0 is pointing into the stack for thread: 0x00007e599801a340
stack at sp + 2 slots: 0x00007e5987b50471 is at code_begin+145 in an Interpreter codelet
invokestatic  184 invokestatic  [0x00007e5987b503e0, 0x00007e5987b506a0]  704 bytes
stack at sp + 3 slots: 0x00007e59a15fe3e0 is pointing into the stack for thread: 0x00007e599801a340
stack at sp + 4 slots: 0x00007e5987b3f580 is at code_begin+1600 in an Interpreter codelet
return entry points  [0x00007e5987b3ef40, 0x00007e5987b3fbb8]  3192 bytes
stack at sp + 5 slots: 0x000000074a391698 is an oop: jdk.internal.foreign.abi.NativeEntryPoint 
{0x000000074a391698} - klass: 'jdk/internal/foreign/abi/NativeEntryPoint' - flags: 

 - ---- fields (total size 3 words):
 - private final 'methodType' 'Ljava/lang/invoke/MethodType;' @12  a 'java/lang/invoke/MethodType'{0x000000074a390d08} = (JJJ)I (0xe94721a1)
 - private final 'downcallStubAddress' 'J' @16  138922995388640 (0x00007e5987ca90e0)
stack at sp + 6 slots: 0x00007e592604f0c8 points into unknown readable memory: 0x0000000000000008 | 08 00 00 00 00 00 00 00
stack at sp + 7 slots: 0x0 is null

Lock stack of current Java thread (top to bottom):

--------------------------------------------------------------------------------
Decoding CodeBlob, name: nep_invoker_blob, at  [0x00007e5987ca90e0, 0x00007e5987ca91d8]  248 bytes
[MachCode]
  0x00007e5987ca90e0: 5548 8bec | 4883 ec10 | c5f8 7749 | 89af 9004 | 0000 49ba | e890 ca87 | 597e 0000 | 4d89 9788 
  0x00007e5987ca9100: 0400 0049 | 89a7 8004 | 0000 41c7 | 872c 0500 | 0004 0000 | 004c 8bd6 | 488b f148 | 8bfa 41ff 
  0x00007e5987ca9120: d2c5 f877 | 41c7 872c | 0500 0005 | 0000 00f0 | 8344 24c0 | 0049 3b6f | 280f 874d | 0000 0041 
  0x00007e5987ca9140: 83bf 2805 | 0000 000f | 853f 0000 | 0041 c787 | 2c05 0000 | 0800 0000 | 4183 bfa8 | 0500 0002 
  0x00007e5987ca9160: 0f84 4c00 | 0000 49c7 | 8780 0400 | 0000 0000 | 0049 c787 | 9004 0000 | 0000 0000 | 49c7 8788 
  0x00007e5987ca9180: 0400 0000 | 0000 00c5 | f877 c9c3 | 4889 0424 | 498b ffc5 | f877 4c8b | e448 83ec | 0048 83e4 
  0x00007e5987ca91a0: f0e8 4a57 | c818 498b | e44d 33e4 | 488b 0424 | eb9b 4889 | 0424 c5f8 | 774c 8be4 | 4883 ec00 
  0x00007e5987ca91c0: 4883 e4f0 | e847 030d | 1949 8be4 | 4d33 e448 | 8b04 24eb | 91f4 f4f4 
[/MachCode]
--------------------------------------------------------------------------------


---------------  P R O C E S S  ---------------

Threads class SMR info:
_java_thread_list=0x00007e59981b89d0, length=11, elements={
0x00007e599801a340, 0x00007e599810c0f0, 0x00007e599810d2e0, 0x00007e599810ed10,
0x00007e5998110640, 0x00007e5998111ed0, 0x00007e5998113ce0, 0x00007e5998115690,
0x00007e5998153f00, 0x00007e5998156350, 0x00007e59981b76d0
}

Java Threads: ( => current thread )
=>0x00007e599801a340 JavaThread "main"                              [_thread_in_native, id=3714913, stack(0x00007e59a1500000,0x00007e59a1600000) (1024K)]
  0x00007e599810c0f0 JavaThread "Reference Handler"          daemon [_thread_blocked, id=3714924, stack(0x00007e599cf93000,0x00007e599d094000) (1028K)]
  0x00007e599810d2e0 JavaThread "Finalizer"                  daemon [_thread_blocked, id=3714925, stack(0x00007e599ccb6000,0x00007e599cdb6000) (1024K)]
  0x00007e599810ed10 JavaThread "Signal Dispatcher"          daemon [_thread_blocked, id=3714926, stack(0x00007e599c500000,0x00007e599c600000) (1024K)]
  0x00007e5998110640 JavaThread "Service Thread"             daemon [_thread_blocked, id=3714927, stack(0x00007e599c400000,0x00007e599c500000) (1024K)]
  0x00007e5998111ed0 JavaThread "Monitor Deflation Thread"   daemon [_thread_blocked, id=3714928, stack(0x00007e599c300000,0x00007e599c400000) (1024K)]
  0x00007e5998113ce0 JavaThread "C2 CompilerThread0"         daemon [_thread_blocked, id=3714929, stack(0x00007e599c200000,0x00007e599c300000) (1024K)]
  0x00007e5998115690 JavaThread "C1 CompilerThread0"         daemon [_thread_blocked, id=3714930, stack(0x00007e599c100000,0x00007e599c200000) (1024K)]
  0x00007e5998153f00 JavaThread "Notification Thread"        daemon [_thread_blocked, id=3714931, stack(0x00007e599c000000,0x00007e599c100000) (1024K)]
  0x00007e5998156350 JavaThread "Common-Cleaner"             daemon [_thread_blocked, id=3714932, stack(0x00007e597d5b8000,0x00007e597d6b8000) (1024K)]
  0x00007e59981b76d0 JavaThread "Cleaner-0"                  daemon [_thread_blocked, id=3714933, stack(0x00007e597d400000,0x00007e597d500000) (1024K)]
Total: 11

Other Threads:
  0x00007e59981022e0 VMThread "VM Thread"                           [id=3714923, stack(0x00007e599ce93000,0x00007e599cf93000) (1024K)]
  0x00007e59980f1a90 WatcherThread "VM Periodic Task Thread"        [id=3714922, stack(0x00007e599d095000,0x00007e599d195000) (1024K)]
  0x00007e5998072b20 WorkerThread "GC Thread#0"                     [id=3714914, stack(0x00007e599e1a6000,0x00007e599e2a6000) (1024K)]
  0x00007e595c00b440 WorkerThread "GC Thread#1"                     [id=3714934, stack(0x00007e597d300000,0x00007e597d400000) (1024K)]
  0x00007e595c00c170 WorkerThread "GC Thread#2"                     [id=3714935, stack(0x00007e597d1ff000,0x00007e597d2ff000) (1024K)]
  0x00007e595c00ced0 WorkerThread "GC Thread#3"                     [id=3714936, stack(0x00007e597d0fe000,0x00007e597d1fe000) (1024K)]
  0x00007e5998085d90 ConcurrentGCThread "G1 Main Marker"            [id=3714915, stack(0x00007e599e0a5000,0x00007e599e1a5000) (1024K)]
  0x00007e5998086f70 WorkerThread "G1 Conc#0"                       [id=3714916, stack(0x00007e599dfa4000,0x00007e599e0a4000) (1024K)]
  0x00007e59980e2670 ConcurrentGCThread "G1 Refine#0"               [id=3714917, stack(0x00007e599d297000,0x00007e599d397000) (1024K)]
  0x00007e59980e3870 ConcurrentGCThread "G1 Service"                [id=3714918, stack(0x00007e599d196000,0x00007e599d296000) (1024K)]
Total: 10

Threads with active compile tasks:
Total: 0

VM state: not at safepoint (normal execution)

VM Mutex/Monitor currently owned by a thread: None

Heap address: 0x0000000742e00000, size: 3026 MB, Compressed Oops mode: Zero based, Oop shift amount: 3

CDS archive(s) mapped at: [0x0000000016000000-0x0000000016d8d000-0x0000000016d8d000), size 14209024, SharedBaseAddress: 0x0000000016000000, ArchiveRelocationMode: 1.
Compressed class space mapped at: 0x0000000017000000-0x0000000057000000, reserved size: 1073741824
UseCompressedClassPointers 1, UseCompactObjectHeaders 0
Narrow klass pointer bits 32, Max shift 3
Narrow klass base: 0x0000000016000000, Narrow klass shift: 0
Encoding Range: [0x0000000016000000 - 0x0000000116000000), (4294967296 bytes)
Klass Range:    [0x0000000016001000 - 0x0000000057000000), (1090514944 bytes)
Klass ID Range:  [4096 - 1090519033) (1090514937)
Protection zone: [0x0000000016000000 - 0x0000000016001000), (4096 bytes)

GC Precious Log:
 CardTable entry size: 512
 Card Set container configuration: InlinePtr #cards 4 size 8 Array Of Cards #cards 16 size 48 Howl #buckets 8 coarsen threshold 3686 Howl Bitmap #cards 512 size 80 coarsen threshold 460 Card regions per heap region 1 cards per card region 4096
 CPUs: 15 total, 15 available
 Memory: 12100M
 Large Page Support: Disabled
 NUMA Support: Disabled
 Compressed Oops: Enabled (Zero based)
 Heap Region Size: 2M
 Heap Min Capacity: 8M
 Heap Initial Capacity: 190M
 Heap Max Capacity: 3026M
 Pre-touch: Disabled
 Parallel Workers: 12
 Concurrent Workers: 3
 Concurrent Refinement Workers: 12
 Periodic GC: Disabled

Heap:
 garbage-first heap   total reserved 3098624K, committed 196608K, used 84604K [0x0000000742e00000, 0x0000000800000000)
  region size 2048K, 42 young (86016K), 1 survivors (2048K)

Heap Regions: E=young(eden), S=young(survivor), O=old, HS=humongous(starts), HC=humongous(continues), CS=collection set, F=free, TAMS=top-at-mark-start, PB=parsable bottom
|   0|0x0000000742e00000, 0x0000000742e00000, 0x0000000743000000|  0%| F|  |TAMS 0x0000000742e00000| PB 0x0000000742e00000| Untracked |  0
|   1|0x0000000743000000, 0x0000000743000000, 0x0000000743200000|  0%| F|  |TAMS 0x0000000743000000| PB 0x0000000743000000| Untracked |  0
|   2|0x0000000743200000, 0x0000000743200000, 0x0000000743400000|  0%| F|  |TAMS 0x0000000743200000| PB 0x0000000743200000| Untracked |  0
|   3|0x0000000743400000, 0x0000000743400000, 0x0000000743600000|  0%| F|  |TAMS 0x0000000743400000| PB 0x0000000743400000| Untracked |  0
|   4|0x0000000743600000, 0x0000000743600000, 0x0000000743800000|  0%| F|  |TAMS 0x0000000743600000| PB 0x0000000743600000| Untracked |  0
|   5|0x0000000743800000, 0x0000000743800000, 0x0000000743a00000|  0%| F|  |TAMS 0x0000000743800000| PB 0x0000000743800000| Untracked |  0
|   6|0x0000000743a00000, 0x0000000743a00000, 0x0000000743c00000|  0%| F|  |TAMS 0x0000000743a00000| PB 0x0000000743a00000| Untracked |  0
|   7|0x0000000743c00000, 0x0000000743c00000, 0x0000000743e00000|  0%| F|  |TAMS 0x0000000743c00000| PB 0x0000000743c00000| Untracked |  0
|   8|0x0000000743e00000, 0x0000000743e00000, 0x0000000744000000|  0%| F|  |TAMS 0x0000000743e00000| PB 0x0000000743e00000| Untracked |  0
|   9|0x0000000744000000, 0x0000000744000000, 0x0000000744200000|  0%| F|  |TAMS 0x0000000744000000| PB 0x0000000744000000| Untracked |  0
|  10|0x0000000744200000, 0x0000000744200000, 0x0000000744400000|  0%| F|  |TAMS 0x0000000744200000| PB 0x0000000744200000| Untracked |  0
|  11|0x0000000744400000, 0x0000000744400000, 0x0000000744600000|  0%| F|  |TAMS 0x0000000744400000| PB 0x0000000744400000| Untracked |  0
|  12|0x0000000744600000, 0x0000000744600000, 0x0000000744800000|  0%| F|  |TAMS 0x0000000744600000| PB 0x0000000744600000| Untracked |  0
|  13|0x0000000744800000, 0x0000000744800000, 0x0000000744a00000|  0%| F|  |TAMS 0x0000000744800000| PB 0x0000000744800000| Untracked |  0
|  14|0x0000000744a00000, 0x0000000744a00000, 0x0000000744c00000|  0%| F|  |TAMS 0x0000000744a00000| PB 0x0000000744a00000| Untracked |  0
|  15|0x0000000744c00000, 0x0000000744c00000, 0x0000000744e00000|  0%| F|  |TAMS 0x0000000744c00000| PB 0x0000000744c00000| Untracked |  0
|  16|0x0000000744e00000, 0x0000000744e00000, 0x0000000745000000|  0%| F|  |TAMS 0x0000000744e00000| PB 0x0000000744e00000| Untracked |  0
|  17|0x0000000745000000, 0x0000000745000000, 0x0000000745200000|  0%| F|  |TAMS 0x0000000745000000| PB 0x0000000745000000| Untracked |  0
|  18|0x0000000745200000, 0x0000000745200000, 0x0000000745400000|  0%| F|  |TAMS 0x0000000745200000| PB 0x0000000745200000| Untracked |  0
|  19|0x0000000745400000, 0x0000000745400000, 0x0000000745600000|  0%| F|  |TAMS 0x0000000745400000| PB 0x0000000745400000| Untracked |  0
|  20|0x0000000745600000, 0x0000000745600000, 0x0000000745800000|  0%| F|  |TAMS 0x0000000745600000| PB 0x0000000745600000| Untracked |  0
|  21|0x0000000745800000, 0x0000000745800000, 0x0000000745a00000|  0%| F|  |TAMS 0x0000000745800000| PB 0x0000000745800000| Untracked |  0
|  22|0x0000000745a00000, 0x0000000745a00000, 0x0000000745c00000|  0%| F|  |TAMS 0x0000000745a00000| PB 0x0000000745a00000| Untracked |  0
|  23|0x0000000745c00000, 0x0000000745c00000, 0x0000000745e00000|  0%| F|  |TAMS 0x0000000745c00000| PB 0x0000000745c00000| Untracked |  0
|  24|0x0000000745e00000, 0x0000000745e00000, 0x0000000746000000|  0%| F|  |TAMS 0x0000000745e00000| PB 0x0000000745e00000| Untracked |  0
|  25|0x0000000746000000, 0x0000000746000000, 0x0000000746200000|  0%| F|  |TAMS 0x0000000746000000| PB 0x0000000746000000| Untracked |  0
|  26|0x0000000746200000, 0x0000000746200000, 0x0000000746400000|  0%| F|  |TAMS 0x0000000746200000| PB 0x0000000746200000| Untracked |  0
|  27|0x0000000746400000, 0x0000000746400000, 0x0000000746600000|  0%| F|  |TAMS 0x0000000746400000| PB 0x0000000746400000| Untracked |  0
|  28|0x0000000746600000, 0x0000000746600000, 0x0000000746800000|  0%| F|  |TAMS 0x0000000746600000| PB 0x0000000746600000| Untracked |  0
|  29|0x0000000746800000, 0x0000000746800000, 0x0000000746a00000|  0%| F|  |TAMS 0x0000000746800000| PB 0x0000000746800000| Untracked |  0
|  30|0x0000000746a00000, 0x0000000746a00000, 0x0000000746c00000|  0%| F|  |TAMS 0x0000000746a00000| PB 0x0000000746a00000| Untracked |  0
|  31|0x0000000746c00000, 0x0000000746c00000, 0x0000000746e00000|  0%| F|  |TAMS 0x0000000746c00000| PB 0x0000000746c00000| Untracked |  0
|  32|0x0000000746e00000, 0x0000000746e00000, 0x0000000747000000|  0%| F|  |TAMS 0x0000000746e00000| PB 0x0000000746e00000| Untracked |  0
|  33|0x0000000747000000, 0x0000000747000000, 0x0000000747200000|  0%| F|  |TAMS 0x0000000747000000| PB 0x0000000747000000| Untracked |  0
|  34|0x0000000747200000, 0x0000000747200000, 0x0000000747400000|  0%| F|  |TAMS 0x0000000747200000| PB 0x0000000747200000| Untracked |  0
|  35|0x0000000747400000, 0x0000000747400000, 0x0000000747600000|  0%| F|  |TAMS 0x0000000747400000| PB 0x0000000747400000| Untracked |  0
|  36|0x0000000747600000, 0x0000000747600000, 0x0000000747800000|  0%| F|  |TAMS 0x0000000747600000| PB 0x0000000747600000| Untracked |  0
|  37|0x0000000747800000, 0x0000000747800000, 0x0000000747a00000|  0%| F|  |TAMS 0x0000000747800000| PB 0x0000000747800000| Untracked |  0
|  38|0x0000000747a00000, 0x0000000747a00000, 0x0000000747c00000|  0%| F|  |TAMS 0x0000000747a00000| PB 0x0000000747a00000| Untracked |  0
|  39|0x0000000747c00000, 0x0000000747c00000, 0x0000000747e00000|  0%| F|  |TAMS 0x0000000747c00000| PB 0x0000000747c00000| Untracked |  0
|  40|0x0000000747e00000, 0x0000000747e00000, 0x0000000748000000|  0%| F|  |TAMS 0x0000000747e00000| PB 0x0000000747e00000| Untracked |  0
|  41|0x0000000748000000, 0x0000000748000000, 0x0000000748200000|  0%| F|  |TAMS 0x0000000748000000| PB 0x0000000748000000| Untracked |  0
|  42|0x0000000748200000, 0x0000000748200000, 0x0000000748400000|  0%| F|  |TAMS 0x0000000748200000| PB 0x0000000748200000| Untracked |  0
|  43|0x0000000748400000, 0x0000000748400000, 0x0000000748600000|  0%| F|  |TAMS 0x0000000748400000| PB 0x0000000748400000| Untracked |  0
|  44|0x0000000748600000, 0x0000000748600000, 0x0000000748800000|  0%| F|  |TAMS 0x0000000748600000| PB 0x0000000748600000| Untracked |  0
|  45|0x0000000748800000, 0x0000000748800000, 0x0000000748a00000|  0%| F|  |TAMS 0x0000000748800000| PB 0x0000000748800000| Untracked |  0
|  46|0x0000000748a00000, 0x0000000748a00000, 0x0000000748c00000|  0%| F|  |TAMS 0x0000000748a00000| PB 0x0000000748a00000| Untracked |  0
|  47|0x0000000748c00000, 0x0000000748c00000, 0x0000000748e00000|  0%| F|  |TAMS 0x0000000748c00000| PB 0x0000000748c00000| Untracked |  0
|  48|0x0000000748e00000, 0x0000000748e00000, 0x0000000749000000|  0%| F|  |TAMS 0x0000000748e00000| PB 0x0000000748e00000| Untracked |  0
|  49|0x0000000749000000, 0x0000000749000000, 0x0000000749200000|  0%| F|  |TAMS 0x0000000749000000| PB 0x0000000749000000| Untracked |  0
|  50|0x0000000749200000, 0x0000000749200000, 0x0000000749400000|  0%| F|  |TAMS 0x0000000749200000| PB 0x0000000749200000| Untracked |  0
|  51|0x0000000749400000, 0x0000000749400000, 0x0000000749600000|  0%| F|  |TAMS 0x0000000749400000| PB 0x0000000749400000| Untracked |  0
|  52|0x0000000749600000, 0x0000000749600000, 0x0000000749800000|  0%| F|  |TAMS 0x0000000749600000| PB 0x0000000749600000| Untracked |  0
|  53|0x0000000749800000, 0x00000007498e8a98, 0x0000000749a00000| 45%| E|  |TAMS 0x0000000749800000| PB 0x0000000749800000| Complete |  0
|  54|0x0000000749a00000, 0x0000000749c00000, 0x0000000749c00000|100%| E|CS|TAMS 0x0000000749a00000| PB 0x0000000749a00000| Complete |  0
|  55|0x0000000749c00000, 0x0000000749e00000, 0x0000000749e00000|100%| E|CS|TAMS 0x0000000749c00000| PB 0x0000000749c00000| Complete |  0
|  56|0x0000000749e00000, 0x000000074a000000, 0x000000074a000000|100%| E|CS|TAMS 0x0000000749e00000| PB 0x0000000749e00000| Complete |  0
|  57|0x000000074a000000, 0x000000074a200000, 0x000000074a200000|100%| E|CS|TAMS 0x000000074a000000| PB 0x000000074a000000| Complete |  0
|  58|0x000000074a200000, 0x000000074a400000, 0x000000074a400000|100%| E|CS|TAMS 0x000000074a200000| PB 0x000000074a200000| Complete |  0
|  59|0x000000074a400000, 0x000000074a600000, 0x000000074a600000|100%| E|CS|TAMS 0x000000074a400000| PB 0x000000074a400000| Complete |  0
|  60|0x000000074a600000, 0x000000074a800000, 0x000000074a800000|100%| E|CS|TAMS 0x000000074a600000| PB 0x000000074a600000| Complete |  0
|  61|0x000000074a800000, 0x000000074aa00000, 0x000000074aa00000|100%| E|CS|TAMS 0x000000074a800000| PB 0x000000074a800000| Complete |  0
|  62|0x000000074aa00000, 0x000000074ac00000, 0x000000074ac00000|100%| E|CS|TAMS 0x000000074aa00000| PB 0x000000074aa00000| Complete |  0
|  63|0x000000074ac00000, 0x000000074ae00000, 0x000000074ae00000|100%| E|CS|TAMS 0x000000074ac00000| PB 0x000000074ac00000| Complete |  0
|  64|0x000000074ae00000, 0x000000074b000000, 0x000000074b000000|100%| E|CS|TAMS 0x000000074ae00000| PB 0x000000074ae00000| Complete |  0
|  65|0x000000074b000000, 0x000000074b200000, 0x000000074b200000|100%| E|CS|TAMS 0x000000074b000000| PB 0x000000074b000000| Complete |  0
|  66|0x000000074b200000, 0x000000074b400000, 0x000000074b400000|100%| E|CS|TAMS 0x000000074b200000| PB 0x000000074b200000| Complete |  0
|  67|0x000000074b400000, 0x000000074b600000, 0x000000074b600000|100%| E|CS|TAMS 0x000000074b400000| PB 0x000000074b400000| Complete |  0
|  68|0x000000074b600000, 0x000000074b800000, 0x000000074b800000|100%| E|CS|TAMS 0x000000074b600000| PB 0x000000074b600000| Complete |  0
|  69|0x000000074b800000, 0x000000074ba00000, 0x000000074ba00000|100%| E|CS|TAMS 0x000000074b800000| PB 0x000000074b800000| Complete |  0
|  70|0x000000074ba00000, 0x000000074bb7e1b0, 0x000000074bc00000| 74%| S|CS|TAMS 0x000000074ba00000| PB 0x000000074ba00000| Complete |  0
|  71|0x000000074bc00000, 0x000000074be00000, 0x000000074be00000|100%| E|CS|TAMS 0x000000074bc00000| PB 0x000000074bc00000| Complete |  0
|  72|0x000000074be00000, 0x000000074c000000, 0x000000074c000000|100%| E|CS|TAMS 0x000000074be00000| PB 0x000000074be00000| Complete |  0
|  73|0x000000074c000000, 0x000000074c200000, 0x000000074c200000|100%| E|CS|TAMS 0x000000074c000000| PB 0x000000074c000000| Complete |  0
|  74|0x000000074c200000, 0x000000074c400000, 0x000000074c400000|100%| E|CS|TAMS 0x000000074c200000| PB 0x000000074c200000| Complete |  0
|  75|0x000000074c400000, 0x000000074c600000, 0x000000074c600000|100%| E|CS|TAMS 0x000000074c400000| PB 0x000000074c400000| Complete |  0
|  76|0x000000074c600000, 0x000000074c800000, 0x000000074c800000|100%| E|CS|TAMS 0x000000074c600000| PB 0x000000074c600000| Complete |  0
|  77|0x000000074c800000, 0x000000074ca00000, 0x000000074ca00000|100%| E|CS|TAMS 0x000000074c800000| PB 0x000000074c800000| Complete |  0
|  78|0x000000074ca00000, 0x000000074cc00000, 0x000000074cc00000|100%| E|CS|TAMS 0x000000074ca00000| PB 0x000000074ca00000| Complete |  0
|  79|0x000000074cc00000, 0x000000074ce00000, 0x000000074ce00000|100%| E|CS|TAMS 0x000000074cc00000| PB 0x000000074cc00000| Complete |  0
|  80|0x000000074ce00000, 0x000000074d000000, 0x000000074d000000|100%| E|CS|TAMS 0x000000074ce00000| PB 0x000000074ce00000| Complete |  0
|  81|0x000000074d000000, 0x000000074d200000, 0x000000074d200000|100%| E|CS|TAMS 0x000000074d000000| PB 0x000000074d000000| Complete |  0
|  82|0x000000074d200000, 0x000000074d400000, 0x000000074d400000|100%| E|CS|TAMS 0x000000074d200000| PB 0x000000074d200000| Complete |  0
|  83|0x000000074d400000, 0x000000074d600000, 0x000000074d600000|100%| E|CS|TAMS 0x000000074d400000| PB 0x000000074d400000| Complete |  0
|  84|0x000000074d600000, 0x000000074d800000, 0x000000074d800000|100%| E|CS|TAMS 0x000000074d600000| PB 0x000000074d600000| Complete |  0
|  85|0x000000074d800000, 0x000000074da00000, 0x000000074da00000|100%| E|CS|TAMS 0x000000074d800000| PB 0x000000074d800000| Complete |  0
|  86|0x000000074da00000, 0x000000074dc00000, 0x000000074dc00000|100%| E|CS|TAMS 0x000000074da00000| PB 0x000000074da00000| Complete |  0
|  87|0x000000074dc00000, 0x000000074de00000, 0x000000074de00000|100%| E|CS|TAMS 0x000000074dc00000| PB 0x000000074dc00000| Complete |  0
|  88|0x000000074de00000, 0x000000074e000000, 0x000000074e000000|100%| E|CS|TAMS 0x000000074de00000| PB 0x000000074de00000| Complete |  0
|  89|0x000000074e000000, 0x000000074e200000, 0x000000074e200000|100%| E|CS|TAMS 0x000000074e000000| PB 0x000000074e000000| Complete |  0
|  90|0x000000074e200000, 0x000000074e400000, 0x000000074e400000|100%| E|CS|TAMS 0x000000074e200000| PB 0x000000074e200000| Complete |  0
|  91|0x000000074e400000, 0x000000074e600000, 0x000000074e600000|100%| E|CS|TAMS 0x000000074e400000| PB 0x000000074e400000| Complete |  0
|  92|0x000000074e600000, 0x000000074e800000, 0x000000074e800000|100%| E|CS|TAMS 0x000000074e600000| PB 0x000000074e600000| Complete |  0
|  93|0x000000074e800000, 0x000000074ea00000, 0x000000074ea00000|100%| E|CS|TAMS 0x000000074e800000| PB 0x000000074e800000| Complete |  0
|  94|0x000000074ea00000, 0x000000074ec00000, 0x000000074ec00000|100%| E|CS|TAMS 0x000000074ea00000| PB 0x000000074ea00000| Complete |  0
|1512|0x00000007ffe00000, 0x00000007fff20f10, 0x0000000800000000| 56%| O|  |TAMS 0x00000007ffe00000| PB 0x00000007ffe00000| Untracked |  0

Card table byte_map: [0x00007e599e337000,0x00007e599e920000] _byte_map_base: 0x00007e599a920000

Marking Bits: (CMBitMap*) 0x00007e5998073680
 Bits: [0x00007e597d6b8000, 0x00007e5980600000)

Polling page: 0x00007e59a1a0f000

Metaspace:
Metaspace        used 5982K, committed 6592K, reserved 1114112K
 class space     used 590K, committed 832K, reserved 1048576K

Usage:
  Non-class:      5.26 MB used.
      Class:    590.90 KB used.
       Both:      5.84 MB used.

Virtual space:
  Non-class space:       64.00 MB reserved,       5.62 MB (  9%) committed,  1 nodes.
      Class space:        1.00 GB reserved,     832.00 KB ( <1%) committed,  1 nodes.
             Both:        1.06 GB reserved,       6.44 MB ( <1%) committed. 

Chunk freelists:
   Non-Class:  9.29 MB
       Class:  15.21 MB
        Both:  24.50 MB

MaxMetaspaceSize: unlimited
CompressedClassSpaceSize: 1.00 GB
Initial GC threshold: 21.00 MB
Current GC threshold: 21.00 MB
CDS: on
 - commit_granule_bytes: 65536.
 - commit_granule_words: 8192.
 - virtual_space_node_default_size: 8388608.
 - enlarge_chunks_in_place: 1.
UseCompressedClassPointers 1, UseCompactObjectHeaders 0
Narrow klass pointer bits 32, Max shift 3
Narrow klass base: 0x0000000016000000, Narrow klass shift: 0
Encoding Range: [0x0000000016000000 - 0x0000000116000000), (4294967296 bytes)
Klass Range:    [0x0000000016001000 - 0x0000000057000000), (1090514944 bytes)
Klass ID Range:  [4096 - 1090519033) (1090514937)
Protection zone: [0x0000000016000000 - 0x0000000016001000), (4096 bytes)


Internal statistics:

num_allocs_failed_limit: 0.
num_arena_births: 820.
num_arena_deaths: 0.
num_vsnodes_births: 2.
num_vsnodes_deaths: 0.
num_space_committed: 103.
num_space_uncommitted: 0.
num_chunks_returned_to_freelist: 0.
num_chunks_taken_from_freelist: 1012.
num_chunk_merges: 0.
num_chunk_splits: 680.
num_chunks_enlarged: 375.
num_inconsistent_stats: 0.

CodeHeap 'non-profiled nmethods': size=120032Kb used=585Kb max_used=585Kb free=119446Kb
 bounds [0x00007e59880c8000, 0x00007e5988338000, 0x00007e598f600000]
CodeHeap 'profiled nmethods': size=120028Kb used=2260Kb max_used=2260Kb free=117767Kb
 bounds [0x00007e5980600000, 0x00007e5980870000, 0x00007e5987b37000]
CodeHeap 'non-nmethods': size=5700Kb used=1532Kb max_used=1570Kb free=4167Kb
 bounds [0x00007e5987b37000, 0x00007e5987da7000, 0x00007e59880c8000]
CodeCache: size=245760Kb, used=4377Kb, max_used=4415Kb, free=241380Kb
 total_blobs=2230, nmethods=1634, adapters=471, full_count=0
Compilation: enabled, stopped_count=0, restarted_count=0

Compilation events (20 events):
Event: 8.184 Thread 0x00007e5998115690 nmethod 1619 0x00007e5980826888 code [0x00007e5980826980, 0x00007e5980826be0]
Event: 8.184 Thread 0x00007e5998115690 1620       3       java.lang.Math::clamp (49 bytes)
Event: 8.184 Thread 0x00007e5998115690 nmethod 1620 0x00007e5980826c08 code [0x00007e5980826d00, 0x00007e5980827798]
Event: 8.184 Thread 0x00007e5998115690 1621       3       java.lang.String::indexOf (101 bytes)
Event: 8.184 Thread 0x00007e5998113ce0 nmethod 1598 0x00007e5988157b08 code [0x00007e5988157c20, 0x00007e59881585c8]
Event: 8.184 Thread 0x00007e5998113ce0 1612       4       jdk.internal.classfile.impl.StackMapGenerator$Frame::merge (48 bytes)
Event: 8.185 Thread 0x00007e5998115690 nmethod 1621 0x00007e5980827808 code [0x00007e5980827900, 0x00007e5980827fc8]
Event: 8.185 Thread 0x00007e5998115690 1622       3       java.lang.StringLatin1::canEncode (13 bytes)
Event: 8.185 Thread 0x00007e5998115690 nmethod 1622 0x00007e5980828008 code [0x00007e5980828100, 0x00007e5980828230]
Event: 8.186 Thread 0x00007e5998115690 1626       3       sun.net.www.ParseUtil::encodePath (41 bytes)
Event: 8.186 Thread 0x00007e5998115690 nmethod 1626 0x00007e5980828308 code [0x00007e5980828400, 0x00007e59808285e8]
Event: 8.186 Thread 0x00007e5998113ce0 nmethod 1612 0x00007e5988158c08 code [0x00007e5988158d00, 0x00007e5988159120]
Event: 8.186 Thread 0x00007e5998113ce0 1623       4       java.lang.invoke.SegmentVarHandle::checkSegment (24 bytes)
Event: 8.186 Thread 0x00007e5998115690 1627       3       java.lang.String::regionMatches (150 bytes)
Event: 8.186 Thread 0x00007e5998115690 nmethod 1627 0x00007e5980828608 code [0x00007e5980828700, 0x00007e5980829200]
Event: 8.187 Thread 0x00007e5998115690 1628       3       jdk.internal.foreign.abi.AbstractLinker::checkLayoutRecursive (505 bytes)
Event: 8.187 Thread 0x00007e5998113ce0 nmethod 1623 0x00007e5988159188 code [0x00007e5988159280, 0x00007e5988159548]
Event: 8.187 Thread 0x00007e5998113ce0 1613       4       jdk.internal.classfile.impl.StackMapGenerator$Type::mergeFrom (100 bytes)
Event: 8.188 Thread 0x00007e5998113ce0 nmethod 1613 0x00007e5988159e88 code [0x00007e5988159f80, 0x00007e598815a128]
Event: 8.188 Thread 0x00007e5998113ce0 1599       4       java.lang.invoke.MethodTypeForm::canonicalize (74 bytes)

GC Heap Usage History (2 events):
Event: 4.244 {heap Before GC invocations=0 (full 0):
 garbage-first heap   total reserved 3098624K, committed 196608K, used 50307K [0x0000000742e00000, 0x0000000800000000)
  region size 2048K, 24 young (49152K), 0 survivors (0K)
}
Event: 4.246 {heap After GC invocations=1 (full 0):
 garbage-first heap   total reserved 3098624K, committed 196608K, used 2684K [0x0000000742e00000, 0x0000000800000000)
  region size 2048K, 1 young (2048K), 1 survivors (2048K)
}

Metaspace Usage History (2 events):
Event: 4.244 {metaspace Before GC invocations=0 (full 0):
 Metaspace       used 4287K, committed 4672K, reserved 1114112K
  class space    used 378K, committed 576K, reserved 1048576K
}
Event: 4.246 {metaspace After GC invocations=1 (full 0):
 Metaspace       used 4287K, committed 4672K, reserved 1114112K
  class space    used 378K, committed 576K, reserved 1048576K
}

Dll operation events (7 events):
Event: 0.001 Loaded shared library /home/linuxbrew/.linuxbrew/Cellar/openjdk/25.0.2/libexec/lib/libjava.so
Event: 0.012 Loaded shared library /home/linuxbrew/.linuxbrew/Cellar/openjdk/25.0.2/libexec/lib/libsimdsort.so
Event: 0.027 Loaded shared library /home/linuxbrew/.linuxbrew/Cellar/openjdk/25.0.2/libexec/lib/libnio.so
Event: 0.032 Loaded shared library /home/linuxbrew/.linuxbrew/Cellar/openjdk/25.0.2/libexec/lib/libnet.so
Event: 0.049 Loaded shared library /home/linuxbrew/.linuxbrew/Cellar/openjdk/25.0.2/libexec/lib/libzip.so
Event: 0.054 Loaded shared library /home/linuxbrew/.linuxbrew/Cellar/openjdk/25.0.2/libexec/lib/libjimage.so
Event: 0.058 Loaded shared library /tmp/xross_lib_15579768596899621668/libxross_example.so

Deoptimization events (20 events):
Event: 8.160 Thread 0x00007e599801a340 Uncommon trap: trap_request=0xffffffd6 fr.pc=0x00007e598814c264 relative=0x00000000000001e4
Event: 8.160 Thread 0x00007e599801a340 Uncommon trap: reason=array_check action=maybe_recompile pc=0x00007e598814c264 method=java.util.Arrays.fill([Ljava/lang/Object;Ljava/lang/Object;)V @ 13 c2
Event: 8.160 Thread 0x00007e599801a340 DEOPT PACKING pc=0x00007e598814c264 sp=0x00007e59a15fcf00
Event: 8.160 Thread 0x00007e599801a340 DEOPT UNPACKING pc=0x00007e5987c58f79 sp=0x00007e59a15fceb0 mode 2
Event: 8.160 Thread 0x00007e599801a340 Uncommon trap: trap_request=0xffffffd6 fr.pc=0x00007e598814c264 relative=0x00000000000001e4
Event: 8.160 Thread 0x00007e599801a340 Uncommon trap: reason=array_check action=maybe_recompile pc=0x00007e598814c264 method=java.util.Arrays.fill([Ljava/lang/Object;Ljava/lang/Object;)V @ 13 c2
Event: 8.160 Thread 0x00007e599801a340 DEOPT PACKING pc=0x00007e598814c264 sp=0x00007e59a15fcb30
Event: 8.160 Thread 0x00007e599801a340 DEOPT UNPACKING pc=0x00007e5987c58f79 sp=0x00007e59a15fcae0 mode 2
Event: 8.161 Thread 0x00007e599801a340 Uncommon trap: trap_request=0xffffffd6 fr.pc=0x00007e598814c264 relative=0x00000000000001e4
Event: 8.161 Thread 0x00007e599801a340 Uncommon trap: reason=array_check action=maybe_recompile pc=0x00007e598814c264 method=java.util.Arrays.fill([Ljava/lang/Object;Ljava/lang/Object;)V @ 13 c2
Event: 8.161 Thread 0x00007e599801a340 DEOPT PACKING pc=0x00007e598814c264 sp=0x00007e59a15fd010
Event: 8.161 Thread 0x00007e599801a340 DEOPT UNPACKING pc=0x00007e5987c58f79 sp=0x00007e59a15fcfc0 mode 2
Event: 8.161 Thread 0x00007e599801a340 Uncommon trap: trap_request=0xffffffd6 fr.pc=0x00007e598814c264 relative=0x00000000000001e4
Event: 8.161 Thread 0x00007e599801a340 Uncommon trap: reason=array_check action=maybe_recompile pc=0x00007e598814c264 method=java.util.Arrays.fill([Ljava/lang/Object;Ljava/lang/Object;)V @ 13 c2
Event: 8.161 Thread 0x00007e599801a340 DEOPT PACKING pc=0x00007e598814c264 sp=0x00007e59a15fcd60
Event: 8.161 Thread 0x00007e599801a340 DEOPT UNPACKING pc=0x00007e5987c58f79 sp=0x00007e59a15fcd10 mode 2
Event: 8.187 Thread 0x00007e599801a340 Uncommon trap: trap_request=0xffffff45 fr.pc=0x00007e5988116c9c relative=0x000000000000009c
Event: 8.187 Thread 0x00007e599801a340 Uncommon trap: reason=unstable_if action=reinterpret pc=0x00007e5988116c9c method=org.example.xross.runtime.AliveFlag.isValid()Z @ 22 c2
Event: 8.187 Thread 0x00007e599801a340 DEOPT PACKING pc=0x00007e5988116c9c sp=0x00007e59a15fe6f0
Event: 8.187 Thread 0x00007e599801a340 DEOPT UNPACKING pc=0x00007e5987c58f79 sp=0x00007e59a15fe6a8 mode 2

Classes loaded (20 events):
Event: 8.141 Loading class java/lang/invoke/VarHandleSegmentAsFloatsAligned
Event: 8.141 Loading class java/lang/invoke/VarHandleSegmentAsFloatsAligned done
Event: 8.141 Loading class jdk/internal/foreign/StringSupport$CharsetKind
Event: 8.142 Loading class jdk/internal/foreign/StringSupport$CharsetKind done
Event: 8.142 Loading class jdk/internal/foreign/StringSupport
Event: 8.142 Loading class jdk/internal/foreign/StringSupport done
Event: 8.142 Loading class jdk/internal/reflect/MethodHandleByteFieldAccessorImpl
Event: 8.142 Loading class jdk/internal/reflect/MethodHandleByteFieldAccessorImpl done
Event: 8.184 Loading class java/lang/invoke/VarHandleSegmentAsShorts
Event: 8.184 Loading class java/lang/invoke/VarHandleSegmentAsShorts done
Event: 8.184 Loading class java/lang/invoke/VarHandleSegmentAsShortsAligned
Event: 8.184 Loading class java/lang/invoke/VarHandleSegmentAsShortsAligned done
Event: 8.184 Loading class java/lang/invoke/VarHandleSegmentAsChars
Event: 8.184 Loading class java/lang/invoke/VarHandleSegmentAsChars done
Event: 8.184 Loading class java/lang/invoke/VarHandleSegmentAsCharsAligned
Event: 8.184 Loading class java/lang/invoke/VarHandleSegmentAsCharsAligned done
Event: 8.185 Loading class java/lang/invoke/VarHandleSegmentAsDoubles
Event: 8.185 Loading class java/lang/invoke/VarHandleSegmentAsDoubles done
Event: 8.185 Loading class java/lang/invoke/VarHandleSegmentAsDoublesAligned
Event: 8.185 Loading class java/lang/invoke/VarHandleSegmentAsDoublesAligned done

Classes unloaded (0 events):
No events

Classes redefined (0 events):
No events

Internal exceptions (20 events):
Event: 8.149 Thread 0x00007e599801a340 Exception <a 'java/lang/NoSuchMethodError'{0x0000000749f817b8}: 'java.lang.Object java.lang.invoke.DirectMethodHandle$Holder.invokeStaticInit(java.lang.Object, java.lang.Object, java.lang.Object, int, java.lang.Object, long, int)'> (0x0000000749f817b8) 
thrown [src/hotspot/share/interpreter/linkResolver.cpp, line 803]
Event: 8.149 Thread 0x00007e599801a340 Exception <a 'java/lang/NoSuchMethodError'{0x0000000749f91d58}: 'java.lang.Object java.lang.invoke.DelegatingMethodHandle$Holder.reinvoke_L(java.lang.Object, java.lang.Object, java.lang.Object, int, java.lang.Object, long, int)'> (0x0000000749f91d58) 
thrown [src/hotspot/share/interpreter/linkResolver.cpp, line 803]
Event: 8.151 Thread 0x00007e599801a340 Exception <a 'java/lang/NoSuchMethodError'{0x0000000749fd72f8}: 'void java.lang.invoke.DirectMethodHandle$Holder.invokeStatic(java.lang.Object, java.lang.Object, java.lang.Object, java.lang.Object, java.lang.Object, java.lang.Object, long, int)'> (0x0000000749fd72f8) 
thrown [src/hotspot/share/interpreter/linkResolver.cpp, line 803]
Event: 8.151 Thread 0x00007e599801a340 Exception <a 'java/lang/NoSuchMethodError'{0x0000000749fdfdb0}: 'void java.lang.invoke.DirectMethodHandle$Holder.invokeStaticInit(java.lang.Object, java.lang.Object, java.lang.Object, java.lang.Object, java.lang.Object, java.lang.Object, long, int)'> (0x0000000749fdfdb0) 
thrown [src/hotspot/share/interpreter/linkResolver.cpp, line 803]
Event: 8.152 Thread 0x00007e599801a340 Exception <a 'java/lang/NoSuchMethodError'{0x0000000749ff04e0}: 'void java.lang.invoke.DelegatingMethodHandle$Holder.reinvoke_L(java.lang.Object, java.lang.Object, java.lang.Object, java.lang.Object, java.lang.Object, java.lang.Object, long, int)'> (0x0000000749ff04e0) 
thrown [src/hotspot/share/interpreter/linkResolver.cpp, line 803]
Event: 8.153 Thread 0x00007e599801a340 Exception <a 'java/lang/NoSuchMethodError'{0x0000000749c3db08}: 'java.lang.Object java.lang.invoke.DirectMethodHandle$Holder.invokeSpecial(java.lang.Object, java.lang.Object, int, java.lang.Object, long, int)'> (0x0000000749c3db08) 
thrown [src/hotspot/share/interpreter/linkResolver.cpp, line 803]
Event: 8.155 Thread 0x00007e599801a340 Exception <a 'java/lang/NoSuchMethodError'{0x0000000749c76718}: 'java.lang.Object java.lang.invoke.DirectMethodHandle$Holder.invokeSpecial(java.lang.Object, java.lang.Object, java.lang.Object, java.lang.Object, java.lang.Object, long, int)'> (0x0000000749c76718) 
thrown [src/hotspot/share/interpreter/linkResolver.cpp, line 803]
Event: 8.162 Thread 0x00007e599801a340 Exception <a 'java/lang/NoSuchMethodError'{0x0000000749d3c6e8}: 'void java.lang.invoke.DirectMethodHandle$Holder.invokeStaticInit(java.lang.Object, java.lang.Object, java.lang.Object)'> (0x0000000749d3c6e8) 
thrown [src/hotspot/share/interpreter/linkResolver.cpp, line 803]
Event: 8.163 Thread 0x00007e599801a340 Exception <a 'java/lang/NoSuchMethodError'{0x0000000749d76fe0}: 'void java.lang.invoke.DelegatingMethodHandle$Holder.reinvoke_L(java.lang.Object, java.lang.Object, java.lang.Object, long, long)'> (0x0000000749d76fe0) 
thrown [src/hotspot/share/interpreter/linkResolver.cpp, line 803]
Event: 8.173 Thread 0x00007e599801a340 Exception <a 'java/lang/NoSuchMethodError'{0x0000000749a1aa30}: 'int java.lang.invoke.DirectMethodHandle$Holder.invokeStaticInit(java.lang.Object, java.lang.Object, java.lang.Object, java.lang.Object, java.lang.Object, long, int)'> (0x0000000749a1aa30) 
thrown [src/hotspot/share/interpreter/linkResolver.cpp, line 803]
Event: 8.173 Thread 0x00007e599801a340 Exception <a 'java/lang/NoSuchMethodError'{0x0000000749a2afd0}: 'int java.lang.invoke.DelegatingMethodHandle$Holder.reinvoke_L(java.lang.Object, java.lang.Object, java.lang.Object, java.lang.Object, java.lang.Object, long, int)'> (0x0000000749a2afd0) 
thrown [src/hotspot/share/interpreter/linkResolver.cpp, line 803]
Event: 8.179 Thread 0x00007e599801a340 Exception <a 'java/lang/NoSuchMethodError'{0x0000000749acb3d0}: 'int java.lang.invoke.DirectMethodHandle$Holder.invokeStatic(java.lang.Object, java.lang.Object, java.lang.Object, java.lang.Object, java.lang.Object)'> (0x0000000749acb3d0) 
thrown [src/hotspot/share/interpreter/linkResolver.cpp, line 803]
Event: 8.179 Thread 0x00007e599801a340 Exception <a 'java/lang/NoSuchMethodError'{0x0000000749ad3400}: 'int java.lang.invoke.DirectMethodHandle$Holder.invokeStaticInit(java.lang.Object, java.lang.Object, java.lang.Object, java.lang.Object, java.lang.Object)'> (0x0000000749ad3400) 
thrown [src/hotspot/share/interpreter/linkResolver.cpp, line 803]
Event: 8.179 Thread 0x00007e599801a340 Exception <a 'java/lang/NoSuchMethodError'{0x0000000749ae3748}: 'int java.lang.invoke.DelegatingMethodHandle$Holder.reinvoke_L(java.lang.Object, java.lang.Object, java.lang.Object, java.lang.Object, java.lang.Object)'> (0x0000000749ae3748) 
thrown [src/hotspot/share/interpreter/linkResolver.cpp, line 803]
Event: 8.181 Thread 0x00007e599801a340 Exception <a 'java/lang/NoSuchMethodError'{0x0000000749b3a800}: 'long java.lang.invoke.DirectMethodHandle$Holder.invokeStaticInit(java.lang.Object, java.lang.Object, java.lang.Object, java.lang.Object, int, int)'> (0x0000000749b3a800) 
thrown [src/hotspot/share/interpreter/linkResolver.cpp, line 803]
Event: 8.182 Thread 0x00007e599801a340 Exception <a 'java/lang/NoSuchMethodError'{0x0000000749b4abe8}: 'long java.lang.invoke.DelegatingMethodHandle$Holder.reinvoke_L(java.lang.Object, java.lang.Object, java.lang.Object, java.lang.Object, int, int)'> (0x0000000749b4abe8) 
thrown [src/hotspot/share/interpreter/linkResolver.cpp, line 803]
Event: 8.183 Thread 0x00007e599801a340 Exception <a 'java/lang/NoSuchMethodError'{0x0000000749b946a0}: 'void java.lang.invoke.DirectMethodHandle$Holder.invokeStaticInit(java.lang.Object, java.lang.Object, java.lang.Object, java.lang.Object, java.lang.Object, java.lang.Object, java.lang.Object)'> (0x0000000749b946a0) 
thrown [src/hotspot/share/interpreter/linkResolver.cpp, line 803]
Event: 8.183 Thread 0x00007e599801a340 Exception <a 'java/lang/NoSuchMethodError'{0x0000000749ba4d20}: 'void java.lang.invoke.DelegatingMethodHandle$Holder.reinvoke_L(java.lang.Object, java.lang.Object, java.lang.Object, java.lang.Object, java.lang.Object, java.lang.Object, java.lang.Object)'> (0x0000000749ba4d20) 
thrown [src/hotspot/share/interpreter/linkResolver.cpp, line 803]
Event: 8.187 Thread 0x00007e599801a340 Exception <a 'java/lang/NoSuchMethodError'{0x0000000749801e58}: 'void java.lang.invoke.Invokers$Holder.invoke_MT(java.lang.Object, java.lang.Object, java.lang.Object, java.lang.Object)'> (0x0000000749801e58) 
thrown [src/hotspot/share/interpreter/linkResolver.cpp, line 803]
Event: 8.187 Thread 0x00007e599801a340 Exception <a 'java/lang/NoSuchMethodError'{0x000000074980aad0}: 'int java.lang.invoke.Invokers$Holder.invokeExact_MT(java.lang.Object, java.lang.Object, java.lang.Object, java.lang.Object)'> (0x000000074980aad0) 
thrown [src/hotspot/share/interpreter/linkResolver.cpp, line 803]

VM Operations (20 events):
Event: 8.090 Executing non-safepoint VM operation: HandshakeAllThreads (CloseScopedMemory)
Event: 8.090 Executing non-safepoint VM operation: HandshakeAllThreads (CloseScopedMemory) done
Event: 8.124 Executing non-safepoint VM operation: HandshakeAllThreads (CloseScopedMemory)
Event: 8.124 Executing non-safepoint VM operation: HandshakeAllThreads (CloseScopedMemory) done
Event: 8.125 Executing non-safepoint VM operation: HandshakeAllThreads (CloseScopedMemory)
Event: 8.125 Executing non-safepoint VM operation: HandshakeAllThreads (CloseScopedMemory) done
Event: 8.131 Executing non-safepoint VM operation: HandshakeAllThreads (Deoptimize)
Event: 8.131 Executing non-safepoint VM operation: HandshakeAllThreads (Deoptimize) done
Event: 8.133 Executing non-safepoint VM operation: HandshakeAllThreads (CloseScopedMemory)
Event: 8.133 Executing non-safepoint VM operation: HandshakeAllThreads (CloseScopedMemory) done
Event: 8.133 Executing non-safepoint VM operation: HandshakeAllThreads (CloseScopedMemory)
Event: 8.133 Executing non-safepoint VM operation: HandshakeAllThreads (CloseScopedMemory) done
Event: 8.146 Executing non-safepoint VM operation: HandshakeAllThreads (CloseScopedMemory)
Event: 8.146 Executing non-safepoint VM operation: HandshakeAllThreads (CloseScopedMemory) done
Event: 8.156 Executing non-safepoint VM operation: HandshakeAllThreads (CloseScopedMemory)
Event: 8.156 Executing non-safepoint VM operation: HandshakeAllThreads (CloseScopedMemory) done
Event: 8.165 Executing non-safepoint VM operation: HandshakeAllThreads (CloseScopedMemory)
Event: 8.165 Executing non-safepoint VM operation: HandshakeAllThreads (CloseScopedMemory) done
Event: 8.176 Executing non-safepoint VM operation: HandshakeAllThreads (CloseScopedMemory)
Event: 8.176 Executing non-safepoint VM operation: HandshakeAllThreads (CloseScopedMemory) done

Memory protections (12 events):
Event: 0.001 Protecting memory [0x00007e59a1500000,0x00007e59a1504000] with protection modes 0
Event: 0.005 Protecting memory [0x0000000016000000,0x0000000016001000] with protection modes 0
Event: 0.010 Protecting memory [0x00007e599cf93000,0x00007e599cf97000] with protection modes 0
Event: 0.010 Protecting memory [0x00007e599ccb6000,0x00007e599ccba000] with protection modes 0
Event: 0.011 Protecting memory [0x00007e599c500000,0x00007e599c504000] with protection modes 0
Event: 0.011 Protecting memory [0x00007e599c400000,0x00007e599c404000] with protection modes 0
Event: 0.011 Protecting memory [0x00007e599c300000,0x00007e599c304000] with protection modes 0
Event: 0.011 Protecting memory [0x00007e599c200000,0x00007e599c204000] with protection modes 0
Event: 0.011 Protecting memory [0x00007e599c100000,0x00007e599c104000] with protection modes 0
Event: 0.023 Protecting memory [0x00007e599c000000,0x00007e599c004000] with protection modes 0
Event: 0.024 Protecting memory [0x00007e597d5b8000,0x00007e597d5bc000] with protection modes 0
Event: 0.061 Protecting memory [0x00007e597d400000,0x00007e597d404000] with protection modes 0

Nmethod flushes (0 events):
No events

Events (11 events):
Event: 0.006 Thread 0x00007e599801a340 Thread added: 0x00007e599801a340
Event: 0.010 Thread 0x00007e599801a340 Thread added: 0x00007e599810c0f0
Event: 0.010 Thread 0x00007e599801a340 Thread added: 0x00007e599810d2e0
Event: 0.011 Thread 0x00007e599801a340 Thread added: 0x00007e599810ed10
Event: 0.011 Thread 0x00007e599801a340 Thread added: 0x00007e5998110640
Event: 0.011 Thread 0x00007e599801a340 Thread added: 0x00007e5998111ed0
Event: 0.011 Thread 0x00007e599801a340 Thread added: 0x00007e5998113ce0
Event: 0.011 Thread 0x00007e599801a340 Thread added: 0x00007e5998115690
Event: 0.023 Thread 0x00007e599801a340 Thread added: 0x00007e5998153f00
Event: 0.024 Thread 0x00007e599801a340 Thread added: 0x00007e5998156350
Event: 0.061 Thread 0x00007e599801a340 Thread added: 0x00007e59981b76d0


Dynamic libraries:
16000000-16001000 ---p 00000000 00:00 0 
16001000-16d8d000 rw-p 00001000 08:02 13267116                           /home/linuxbrew/.linuxbrew/Cellar/openjdk/25.0.2/libexec/lib/server/classes.jsa
16d8d000-17000000 ---p 00000000 00:00 0 
17000000-17040000 rw-p 00000000 00:00 0 
17040000-170d0000 rw-p 00000000 00:00 0 
170d0000-57000000 ---p 00000000 00:00 0 
742e00000-74ec00000 rw-p 00000000 00:00 0 
74ec00000-7ffe00000 ---p 00000000 00:00 0 
7ffe00000-7fff21000 rw-p 00dc0000 08:02 13267116                         /home/linuxbrew/.linuxbrew/Cellar/openjdk/25.0.2/libexec/lib/server/classes.jsa
7fff21000-800000000 rw-p 00000000 00:00 0 
59edd95d5000-59edd95d7000 r--p 00000000 08:02 13266505                   /home/linuxbrew/.linuxbrew/Cellar/openjdk/25.0.2/libexec/bin/java
59edd95d7000-59edd95d8000 r-xp 00002000 08:02 13266505                   /home/linuxbrew/.linuxbrew/Cellar/openjdk/25.0.2/libexec/bin/java
59edd95d8000-59edd95d9000 r--p 00003000 08:02 13266505                   /home/linuxbrew/.linuxbrew/Cellar/openjdk/25.0.2/libexec/bin/java
59edd95d9000-59edd95da000 r--p 00003000 08:02 13266505                   /home/linuxbrew/.linuxbrew/Cellar/openjdk/25.0.2/libexec/bin/java
59edd95da000-59edd95de000 rw-p 00004000 08:02 13266505                   /home/linuxbrew/.linuxbrew/Cellar/openjdk/25.0.2/libexec/bin/java
59ee0e051000-59ee0e09a000 rw-p 00000000 00:00 0                          [heap]
7e5918000000-7e5918021000 rw-p 00000000 00:00 0 
7e5918021000-7e591c000000 ---p 00000000 00:00 0 
7e5920000000-7e5920021000 rw-p 00000000 00:00 0 
7e5920021000-7e5924000000 ---p 00000000 00:00 0 
7e5925ffe000-7e592c021000 rw-p 00000000 00:00 0 
7e592c021000-7e5930000000 ---p 00000000 00:00 0 
7e5930000000-7e5930021000 rw-p 00000000 00:00 0 
7e5930021000-7e5934000000 ---p 00000000 00:00 0 
7e5934000000-7e5934021000 rw-p 00000000 00:00 0 
7e5934021000-7e5938000000 ---p 00000000 00:00 0 
7e5938000000-7e5938021000 rw-p 00000000 00:00 0 
7e5938021000-7e593c000000 ---p 00000000 00:00 0 
7e593c000000-7e593c77a000 rw-p 00000000 00:00 0 
7e593c77a000-7e5940000000 ---p 00000000 00:00 0 
7e5940000000-7e59405cf000 rw-p 00000000 00:00 0 
7e59405cf000-7e5944000000 ---p 00000000 00:00 0 
7e5944000000-7e5944021000 rw-p 00000000 00:00 0 
7e5944021000-7e5948000000 ---p 00000000 00:00 0 
7e5948000000-7e5948021000 rw-p 00000000 00:00 0 
7e5948021000-7e594c000000 ---p 00000000 00:00 0 
7e594c000000-7e594c021000 rw-p 00000000 00:00 0 
7e594c021000-7e5950000000 ---p 00000000 00:00 0 
7e5950000000-7e5950021000 rw-p 00000000 00:00 0 
7e5950021000-7e5954000000 ---p 00000000 00:00 0 
7e5954000000-7e59542e0000 rw-p 00000000 00:00 0 
7e59542e0000-7e5954400000 ---p 00000000 00:00 0 
7e5954400000-7e59546c0000 rw-p 00000000 00:00 0 
7e59546c0000-7e5958000000 ---p 00000000 00:00 0 
7e5958000000-7e5958021000 rw-p 00000000 00:00 0 
7e5958021000-7e595c000000 ---p 00000000 00:00 0 
7e595c000000-7e595c021000 rw-p 00000000 00:00 0 
7e595c021000-7e5960000000 ---p 00000000 00:00 0 
7e5960000000-7e5960021000 rw-p 00000000 00:00 0 
7e5960021000-7e5964000000 ---p 00000000 00:00 0 
7e5964000000-7e5964021000 rw-p 00000000 00:00 0 
7e5964021000-7e5968000000 ---p 00000000 00:00 0 
7e5968000000-7e5968021000 rw-p 00000000 00:00 0 
7e5968021000-7e596c000000 ---p 00000000 00:00 0 
7e596e000000-7e5970021000 rw-p 00000000 00:00 0 
7e5970021000-7e5974000000 ---p 00000000 00:00 0 
7e5974000000-7e5974021000 rw-p 00000000 00:00 0 
7e5974021000-7e5978000000 ---p 00000000 00:00 0 
7e5978000000-7e5978021000 rw-p 00000000 00:00 0 
7e5978021000-7e597c000000 ---p 00000000 00:00 0 
7e597d0fd000-7e597d400000 rw-p 00000000 00:00 0 
7e597d400000-7e597d404000 ---p 00000000 00:00 0 
7e597d404000-7e597d500000 rw-p 00000000 00:00 0 
7e597d500000-7e597d536000 r--p 00000000 00:2e 26269                      /tmp/xross_lib_15579768596899621668/libxross_example.so
7e597d536000-7e597d5ae000 r-xp 00035000 00:2e 26269                      /tmp/xross_lib_15579768596899621668/libxross_example.so
7e597d5ae000-7e597d5b4000 r--p 000ac000 00:2e 26269                      /tmp/xross_lib_15579768596899621668/libxross_example.so
7e597d5b4000-7e597d5b8000 rw-p 000b1000 00:2e 26269                      /tmp/xross_lib_15579768596899621668/libxross_example.so
7e597d5b8000-7e597d5bc000 ---p 00000000 00:00 0 
7e597d5bc000-7e597d6b8000 rw-p 00000000 00:00 0 
7e597d6b8000-7e597d9b0000 rw-p 00000000 00:00 0 
7e597d9b0000-7e59805f8000 ---p 00000000 00:00 0 
7e59805f8000-7e5980600000 rw-p 00000000 00:00 0 
7e5980600000-7e5980870000 rwxp 00000000 00:00 0 
7e5980870000-7e5987b37000 ---p 00000000 00:00 0 
7e5987b37000-7e5987da7000 rwxp 00000000 00:00 0 
7e5987da7000-7e59880c8000 ---p 00000000 00:00 0 
7e59880c8000-7e5988338000 rwxp 00000000 00:00 0 
7e5988338000-7e598f600000 ---p 00000000 00:00 0 
7e598f600000-7e5997faa000 r--s 00000000 08:02 13267108                   /home/linuxbrew/.linuxbrew/Cellar/openjdk/25.0.2/libexec/lib/modules
7e5998000000-7e5998962000 rw-p 00000000 00:00 0 
7e5998962000-7e599c004000 ---p 00000000 00:00 0 
7e599c004000-7e599c100000 rw-p 00000000 00:00 0 
7e599c100000-7e599c104000 ---p 00000000 00:00 0 
7e599c104000-7e599c200000 rw-p 00000000 00:00 0 
7e599c200000-7e599c204000 ---p 00000000 00:00 0 
7e599c204000-7e599c300000 rw-p 00000000 00:00 0 
7e599c300000-7e599c304000 ---p 00000000 00:00 0 
7e599c304000-7e599c400000 rw-p 00000000 00:00 0 
7e599c400000-7e599c404000 ---p 00000000 00:00 0 
7e599c404000-7e599c500000 rw-p 00000000 00:00 0 
7e599c500000-7e599c504000 ---p 00000000 00:00 0 
7e599c504000-7e599c600000 rw-p 00000000 00:00 0 
7e599c600000-7e599cc80000 r--p 00000000 08:02 9175821                    /usr/lib/locale/locale-archive
7e599cca1000-7e599cca8000 r--s 00000000 08:02 9336279                    /usr/lib/x86_64-linux-gnu/gconv/gconv-modules.cache
7e599cca8000-7e599ccab000 r--p 00000000 08:02 13267107                   /home/linuxbrew/.linuxbrew/Cellar/openjdk/25.0.2/libexec/lib/libzip.so
7e599ccab000-7e599ccb0000 r-xp 00003000 08:02 13267107                   /home/linuxbrew/.linuxbrew/Cellar/openjdk/25.0.2/libexec/lib/libzip.so
7e599ccb0000-7e599ccb2000 r--p 00008000 08:02 13267107                   /home/linuxbrew/.linuxbrew/Cellar/openjdk/25.0.2/libexec/lib/libzip.so
7e599ccb2000-7e599ccb3000 r--p 00009000 08:02 13267107                   /home/linuxbrew/.linuxbrew/Cellar/openjdk/25.0.2/libexec/lib/libzip.so
7e599ccb3000-7e599ccb4000 rw-p 0000a000 08:02 13267107                   /home/linuxbrew/.linuxbrew/Cellar/openjdk/25.0.2/libexec/lib/libzip.so
7e599ccb4000-7e599ccb6000 rw-p 0000d000 08:02 13267107                   /home/linuxbrew/.linuxbrew/Cellar/openjdk/25.0.2/libexec/lib/libzip.so
7e599ccb6000-7e599ccba000 ---p 00000000 00:00 0 
7e599ccba000-7e599cdb6000 rw-p 00000000 00:00 0 
7e599cdb6000-7e599ce92000 rw-p 00000000 00:00 0 
7e599ce92000-7e599cf93000 rw-p 00000000 00:00 0 
7e599cf93000-7e599cf97000 ---p 00000000 00:00 0 
7e599cf97000-7e599d397000 rw-p 00000000 00:00 0 
7e599d397000-7e599dfa3000 rw-p 00000000 00:00 0 
7e599dfa3000-7e599e2a6000 rw-p 00000000 00:00 0 
7e599e2a6000-7e599e396000 rw-p 00000000 00:00 0 
7e599e396000-7e599e91f000 ---p 00000000 00:00 0 
7e599e91f000-7e599e97f000 rw-p 00000000 00:00 0 
7e599e97f000-7e599ef08000 ---p 00000000 00:00 0 
7e599ef08000-7e599fb1a000 rw-p 00000000 00:00 0 
7e599fb1a000-7e599fc00000 ---p 00000000 00:00 0 
7e599fc00000-7e599fca2000 r--p 00000000 08:02 9177552                    /usr/lib/x86_64-linux-gnu/libstdc++.so.6.0.34
7e599fca2000-7e599fdef000 r-xp 000a2000 08:02 9177552                    /usr/lib/x86_64-linux-gnu/libstdc++.so.6.0.34
7e599fdef000-7e599fe77000 r--p 001ef000 08:02 9177552                    /usr/lib/x86_64-linux-gnu/libstdc++.so.6.0.34
7e599fe77000-7e599fe86000 r--p 00276000 08:02 9177552                    /usr/lib/x86_64-linux-gnu/libstdc++.so.6.0.34
7e599fe86000-7e599fe89000 rw-p 00285000 08:02 9177552                    /usr/lib/x86_64-linux-gnu/libstdc++.so.6.0.34
7e599fe89000-7e599fe8d000 rw-p 00000000 00:00 0 
7e599fe90000-7e599fe92000 r--p 00000000 08:02 13267103                   /home/linuxbrew/.linuxbrew/Cellar/openjdk/25.0.2/libexec/lib/libsimdsort.so
7e599fe92000-7e599feca000 r-xp 00002000 08:02 13267103                   /home/linuxbrew/.linuxbrew/Cellar/openjdk/25.0.2/libexec/lib/libsimdsort.so
7e599feca000-7e599fed0000 r--p 0003a000 08:02 13267103                   /home/linuxbrew/.linuxbrew/Cellar/openjdk/25.0.2/libexec/lib/libsimdsort.so
7e599fed0000-7e599fed1000 r--p 0003f000 08:02 13267103                   /home/linuxbrew/.linuxbrew/Cellar/openjdk/25.0.2/libexec/lib/libsimdsort.so
7e599fed1000-7e599fed2000 rw-p 00040000 08:02 13267103                   /home/linuxbrew/.linuxbrew/Cellar/openjdk/25.0.2/libexec/lib/libsimdsort.so
7e599fed2000-7e599fed4000 rw-p 00043000 08:02 13267103                   /home/linuxbrew/.linuxbrew/Cellar/openjdk/25.0.2/libexec/lib/libsimdsort.so
7e599fed4000-7e599ff1a000 rw-p 00000000 00:00 0 
7e599ff1a000-7e59a0000000 ---p 00000000 00:00 0 
7e59a0000000-7e59a02db000 r--p 00000000 08:02 13267121                   /home/linuxbrew/.linuxbrew/Cellar/openjdk/25.0.2/libexec/lib/server/libjvm.so
7e59a02db000-7e59a1063000 r-xp 002db000 08:02 13267121                   /home/linuxbrew/.linuxbrew/Cellar/openjdk/25.0.2/libexec/lib/server/libjvm.so
7e59a1063000-7e59a1369000 r--p 01063000 08:02 13267121                   /home/linuxbrew/.linuxbrew/Cellar/openjdk/25.0.2/libexec/lib/server/libjvm.so
7e59a1369000-7e59a136a000 ---p 01369000 08:02 13267121                   /home/linuxbrew/.linuxbrew/Cellar/openjdk/25.0.2/libexec/lib/server/libjvm.so
7e59a136a000-7e59a1452000 r--p 01369000 08:02 13267121                   /home/linuxbrew/.linuxbrew/Cellar/openjdk/25.0.2/libexec/lib/server/libjvm.so
7e59a1452000-7e59a147d000 rw-p 01451000 08:02 13267121                   /home/linuxbrew/.linuxbrew/Cellar/openjdk/25.0.2/libexec/lib/server/libjvm.so
7e59a147d000-7e59a14f9000 rw-p 00000000 00:00 0 
7e59a14f9000-7e59a14fd000 rw-p 01967000 08:02 13267121                   /home/linuxbrew/.linuxbrew/Cellar/openjdk/25.0.2/libexec/lib/server/libjvm.so
7e59a1500000-7e59a1504000 ---p 00000000 00:00 0 
7e59a1504000-7e59a1600000 rw-p 00000000 00:00 0 
7e59a1600000-7e59a1628000 r--p 00000000 08:02 9176997                    /usr/lib/x86_64-linux-gnu/libc.so.6
7e59a1628000-7e59a17c1000 r-xp 00028000 08:02 9176997                    /usr/lib/x86_64-linux-gnu/libc.so.6
7e59a17c1000-7e59a1830000 r--p 001c1000 08:02 9176997                    /usr/lib/x86_64-linux-gnu/libc.so.6
7e59a1830000-7e59a1834000 r--p 0022f000 08:02 9176997                    /usr/lib/x86_64-linux-gnu/libc.so.6
7e59a1834000-7e59a1836000 rw-p 00233000 08:02 9176997                    /usr/lib/x86_64-linux-gnu/libc.so.6
7e59a1836000-7e59a1843000 rw-p 00000000 00:00 0 
7e59a1848000-7e59a184b000 r--p 00000000 08:02 13267097                   /home/linuxbrew/.linuxbrew/Cellar/openjdk/25.0.2/libexec/lib/libnet.so
7e59a184b000-7e59a1853000 r-xp 00003000 08:02 13267097                   /home/linuxbrew/.linuxbrew/Cellar/openjdk/25.0.2/libexec/lib/libnet.so
7e59a1853000-7e59a1855000 r--p 0000b000 08:02 13267097                   /home/linuxbrew/.linuxbrew/Cellar/openjdk/25.0.2/libexec/lib/libnet.so
7e59a1855000-7e59a1856000 r--p 0000c000 08:02 13267097                   /home/linuxbrew/.linuxbrew/Cellar/openjdk/25.0.2/libexec/lib/libnet.so
7e59a1856000-7e59a1857000 rw-p 0000d000 08:02 13267097                   /home/linuxbrew/.linuxbrew/Cellar/openjdk/25.0.2/libexec/lib/libnet.so
7e59a1857000-7e59a1859000 rw-p 00011000 08:02 13267097                   /home/linuxbrew/.linuxbrew/Cellar/openjdk/25.0.2/libexec/lib/libnet.so
7e59a1859000-7e59a1860000 r--p 00000000 08:02 13267098                   /home/linuxbrew/.linuxbrew/Cellar/openjdk/25.0.2/libexec/lib/libnio.so
7e59a1860000-7e59a1869000 r-xp 00007000 08:02 13267098                   /home/linuxbrew/.linuxbrew/Cellar/openjdk/25.0.2/libexec/lib/libnio.so
7e59a1869000-7e59a186d000 r--p 00010000 08:02 13267098                   /home/linuxbrew/.linuxbrew/Cellar/openjdk/25.0.2/libexec/lib/libnio.so
7e59a186d000-7e59a186e000 r--p 00013000 08:02 13267098                   /home/linuxbrew/.linuxbrew/Cellar/openjdk/25.0.2/libexec/lib/libnio.so
7e59a186e000-7e59a186f000 rw-p 00014000 08:02 13267098                   /home/linuxbrew/.linuxbrew/Cellar/openjdk/25.0.2/libexec/lib/libnio.so
7e59a186f000-7e59a1874000 rw-p 0001b000 08:02 13267098                   /home/linuxbrew/.linuxbrew/Cellar/openjdk/25.0.2/libexec/lib/libnio.so
7e59a1874000-7e59a1881000 r--p 00000000 08:02 13267083                   /home/linuxbrew/.linuxbrew/Cellar/openjdk/25.0.2/libexec/lib/libjava.so
7e59a1881000-7e59a188f000 r-xp 0000d000 08:02 13267083                   /home/linuxbrew/.linuxbrew/Cellar/openjdk/25.0.2/libexec/lib/libjava.so
7e59a188f000-7e59a1894000 r--p 0001b000 08:02 13267083                   /home/linuxbrew/.linuxbrew/Cellar/openjdk/25.0.2/libexec/lib/libjava.so
7e59a1894000-7e59a1895000 ---p 00020000 08:02 13267083                   /home/linuxbrew/.linuxbrew/Cellar/openjdk/25.0.2/libexec/lib/libjava.so
7e59a1895000-7e59a1896000 r--p 00020000 08:02 13267083                   /home/linuxbrew/.linuxbrew/Cellar/openjdk/25.0.2/libexec/lib/libjava.so
7e59a1896000-7e59a1897000 rw-p 00021000 08:02 13267083                   /home/linuxbrew/.linuxbrew/Cellar/openjdk/25.0.2/libexec/lib/libjava.so
7e59a1897000-7e59a1898000 rw-p 00000000 00:00 0 
7e59a1898000-7e59a189e000 rw-p 0002c000 08:02 13267083                   /home/linuxbrew/.linuxbrew/Cellar/openjdk/25.0.2/libexec/lib/libjava.so
7e59a189e000-7e59a18a2000 r--p 00000000 08:02 9177547                    /usr/lib/x86_64-linux-gnu/libgcc_s.so.1
7e59a18a2000-7e59a18c5000 r-xp 00004000 08:02 9177547                    /usr/lib/x86_64-linux-gnu/libgcc_s.so.1
7e59a18c5000-7e59a18c9000 r--p 00027000 08:02 9177547                    /usr/lib/x86_64-linux-gnu/libgcc_s.so.1
7e59a18c9000-7e59a18ca000 r--p 0002a000 08:02 9177547                    /usr/lib/x86_64-linux-gnu/libgcc_s.so.1
7e59a18ca000-7e59a18cb000 rw-p 0002b000 08:02 9177547                    /usr/lib/x86_64-linux-gnu/libgcc_s.so.1
7e59a18cb000-7e59a18dc000 r--p 00000000 08:02 9177423                    /usr/lib/x86_64-linux-gnu/libm.so.6
7e59a18dc000-7e59a1967000 r-xp 00011000 08:02 9177423                    /usr/lib/x86_64-linux-gnu/libm.so.6
7e59a1967000-7e59a19d6000 r--p 0009c000 08:02 9177423                    /usr/lib/x86_64-linux-gnu/libm.so.6
7e59a19d6000-7e59a19d7000 r--p 0010a000 08:02 9177423                    /usr/lib/x86_64-linux-gnu/libm.so.6
7e59a19d7000-7e59a19d8000 rw-p 0010b000 08:02 9177423                    /usr/lib/x86_64-linux-gnu/libm.so.6
7e59a19d8000-7e59a19db000 rw-p 00000000 00:00 0 
7e59a19db000-7e59a19de000 r--p 00000000 08:02 11403538                   /home/linuxbrew/.linuxbrew/Cellar/zlib/1.3.1/lib/libz.so.1.3.1
7e59a19de000-7e59a19ec000 r-xp 00003000 08:02 11403538                   /home/linuxbrew/.linuxbrew/Cellar/zlib/1.3.1/lib/libz.so.1.3.1
7e59a19ec000-7e59a19f3000 r--p 00011000 08:02 11403538                   /home/linuxbrew/.linuxbrew/Cellar/zlib/1.3.1/lib/libz.so.1.3.1
7e59a19f3000-7e59a19f4000 r--p 00017000 08:02 11403538                   /home/linuxbrew/.linuxbrew/Cellar/zlib/1.3.1/lib/libz.so.1.3.1
7e59a19f4000-7e59a19f5000 rw-p 00018000 08:02 11403538                   /home/linuxbrew/.linuxbrew/Cellar/zlib/1.3.1/lib/libz.so.1.3.1
7e59a19f5000-7e59a19f6000 rw-p 0001b000 08:02 11403538                   /home/linuxbrew/.linuxbrew/Cellar/zlib/1.3.1/lib/libz.so.1.3.1
7e59a19f6000-7e59a19f8000 rw-p 00000000 00:00 0 
7e59a19f9000-7e59a19fa000 rw-p 00000000 00:00 0 
7e59a19fa000-7e59a19fb000 rw-p 00000000 00:00 0 
7e59a19fb000-7e59a1a00000 rw-p 00000000 00:00 0 
7e59a1a00000-7e59a1a07000 ---p 00000000 00:00 0 
7e59a1a07000-7e59a1a0f000 rw-s 00000000 00:2e 26267                      /tmp/hsperfdata_the-infinitys/3714912
7e59a1a0f000-7e59a1a10000 ---p 00000000 00:00 0 
7e59a1a10000-7e59a1a11000 r--p 00000000 00:00 0 
7e59a1a11000-7e59a1a12000 ---p 00000000 00:00 0 
7e59a1a12000-7e59a1a14000 r--p 00000000 08:02 13267087                   /home/linuxbrew/.linuxbrew/Cellar/openjdk/25.0.2/libexec/lib/libjimage.so
7e59a1a14000-7e59a1a17000 r-xp 00002000 08:02 13267087                   /home/linuxbrew/.linuxbrew/Cellar/openjdk/25.0.2/libexec/lib/libjimage.so
7e59a1a17000-7e59a1a18000 r--p 00005000 08:02 13267087                   /home/linuxbrew/.linuxbrew/Cellar/openjdk/25.0.2/libexec/lib/libjimage.so
7e59a1a18000-7e59a1a19000 ---p 00006000 08:02 13267087                   /home/linuxbrew/.linuxbrew/Cellar/openjdk/25.0.2/libexec/lib/libjimage.so
7e59a1a19000-7e59a1a1a000 r--p 00006000 08:02 13267087                   /home/linuxbrew/.linuxbrew/Cellar/openjdk/25.0.2/libexec/lib/libjimage.so
7e59a1a1a000-7e59a1a1b000 rw-p 00007000 08:02 13267087                   /home/linuxbrew/.linuxbrew/Cellar/openjdk/25.0.2/libexec/lib/libjimage.so
7e59a1a1b000-7e59a1a1d000 rw-p 0000a000 08:02 13267087                   /home/linuxbrew/.linuxbrew/Cellar/openjdk/25.0.2/libexec/lib/libjimage.so
7e59a1a1d000-7e59a1a20000 r--p 00000000 08:02 13267088                   /home/linuxbrew/.linuxbrew/Cellar/openjdk/25.0.2/libexec/lib/libjli.so
7e59a1a20000-7e59a1a2a000 r-xp 00003000 08:02 13267088                   /home/linuxbrew/.linuxbrew/Cellar/openjdk/25.0.2/libexec/lib/libjli.so
7e59a1a2a000-7e59a1a2d000 r--p 0000d000 08:02 13267088                   /home/linuxbrew/.linuxbrew/Cellar/openjdk/25.0.2/libexec/lib/libjli.so
7e59a1a2d000-7e59a1a2e000 ---p 00010000 08:02 13267088                   /home/linuxbrew/.linuxbrew/Cellar/openjdk/25.0.2/libexec/lib/libjli.so
7e59a1a2e000-7e59a1a2f000 r--p 00010000 08:02 13267088                   /home/linuxbrew/.linuxbrew/Cellar/openjdk/25.0.2/libexec/lib/libjli.so
7e59a1a2f000-7e59a1a30000 rw-p 00011000 08:02 13267088                   /home/linuxbrew/.linuxbrew/Cellar/openjdk/25.0.2/libexec/lib/libjli.so
7e59a1a30000-7e59a1a32000 rw-p 00015000 08:02 13267088                   /home/linuxbrew/.linuxbrew/Cellar/openjdk/25.0.2/libexec/lib/libjli.so
7e59a1a32000-7e59a1a36000 rw-p 00000000 00:00 0 
7e59a1a36000-7e59a1a3a000 r--p 00000000 00:00 0                          [vvar]
7e59a1a3a000-7e59a1a3c000 r--p 00000000 00:00 0                          [vvar_vclock]
7e59a1a3c000-7e59a1a3e000 r-xp 00000000 00:00 0                          [vdso]
7e59a1a3e000-7e59a1a3f000 r--p 00000000 08:02 9175995                    /usr/lib/x86_64-linux-gnu/ld-linux-x86-64.so.2
7e59a1a3f000-7e59a1a6d000 r-xp 00001000 08:02 9175995                    /usr/lib/x86_64-linux-gnu/ld-linux-x86-64.so.2
7e59a1a6d000-7e59a1a7b000 r--p 0002f000 08:02 9175995                    /usr/lib/x86_64-linux-gnu/ld-linux-x86-64.so.2
7e59a1a7b000-7e59a1a7d000 r--p 0003d000 08:02 9175995                    /usr/lib/x86_64-linux-gnu/ld-linux-x86-64.so.2
7e59a1a7d000-7e59a1a7e000 rw-p 0003f000 08:02 9175995                    /usr/lib/x86_64-linux-gnu/ld-linux-x86-64.so.2
7e59a1a7e000-7e59a1a7f000 rw-p 00000000 00:00 0 
7fff1fbff000-7fff1fc22000 rw-p 00000000 00:00 0                          [stack]
ffffffffff600000-ffffffffff601000 --xp 00000000 00:00 0                  [vsyscall]
Total number of mappings: 216

JVMTI agents: none


VM Arguments:
jvm_args: --add-opens=java.base/java.lang=ALL-UNNAMED -Dfile.encoding=UTF-8 -Duser.country=JP -Duser.language=ja -Duser.variant 
java_command: org.example.BenchmarkKt
java_class_path (initial): /home/the-infinitys/github/minecraft.infinite-client/project-xross/xross-example/app/build/classes/java/main:/home/the-infinitys/github/minecraft.infinite-client/project-xross/xross-example/app/build/classes/kotlin/main:/home/the-infinitys/github/minecraft.infinite-client/project-xross/xross-example/app/build/resources/main:/home/the-infinitys/.gradle/caches/modules-2/files-2.1/com.google.guava/guava/33.4.6-jre/4437fb72c3cc5d29554b588d9a97bea12d6a42e1/guava-33.4.6-jre.jar:/home/the-infinitys/.gradle/caches/modules-2/files-2.1/org.jetbrains.kotlin/kotlin-stdlib-jdk7/2.3.10/eb57a55dda1c04e2b68de7d50619dd7526150442/kotlin-stdlib-jdk7-2.3.10.jar:/home/the-infinitys/.gradle/caches/modules-2/files-2.1/org.jetbrains.kotlinx/kotlinx-coroutines-core-jvm/1.10.1/fe066928754beda3d59c8282e04289546465a360/kotlinx-coroutines-core-jvm-1.10.1.jar:/home/the-infinitys/.gradle/caches/modules-2/files-2.1/org.jetbrains.kotlin/kotlin-stdlib/2.3.10/8b80e2f80a3b7daa99c16017f91d4c72cd8b31a6/kotlin-stdlib-2.3.10.jar:/home/the-infinitys/.gradle/caches/modules-2/files-2.1/org.jetbrains.kotlin/kotlin-stdlib-jdk8/2.3.10/626e0d6a554c61b239816b108314301950a20de4/kotlin-stdlib-jdk8-2.3.10.jar:/home/the-infinitys/.gradle/caches/modules-2/files-2.1/com.google.guava/failureaccess/1.0.3/aeaffd00d57023a2c947393ed251f0354f0985fc/failureaccess-1.0.3.jar:/home/the-infinitys/.gradle/caches/modules-2/files-2.1/com.google.guava/listenablefuture/9999.0-empty-to-avoid-conflict-with-guava/b421526c5f297295adef1c886e5246c39d4ac629/listenablefuture-9999.0-empty-to-avoid-conflict-with-guava.jar:/home/the-infinitys/.gradle/caches/modules-2/files-2.1/org.jspecify/jspecify/1.0.0/7425a601c1c7ec76645a78d22b8c6a627edee507/jspecify-1.0.0.jar:/home/the-infinitys/.gradle/caches/modules-2/files-2.1/com.google.errorprone/error_prone_annotations/2.36.0/227d4d4957ccc3dc5761bd897e3a0ee587e750a7/error_prone_annotations-2.36.0.jar:/home/the-infinitys/.gradle/caches/modules-2/files-2.1/com.google.j2objc/j2objc-annotations/3.0.0/7399e65dd7e9ff3404f4535b2f017093bdb134c7/j2objc-annotations-3.0.0.jar:/home/the-infinitys/.gradle/caches/modules-2/files-2.1/org.jetbrains/annotations/23.0.0/8cc20c07506ec18e0834947b84a864bfc094484e/annotations-23.0.0.jar
Launcher Type: SUN_STANDARD

[Global flags]
     intx CICompilerCount                          = 4                                         {product} {ergonomic}
     uint ConcGCThreads                            = 3                                         {product} {ergonomic}
     uint G1ConcRefinementThreads                  = 12                                        {product} {ergonomic}
   size_t G1HeapRegionSize                         = 2097152                                   {product} {ergonomic}
   size_t InitialHeapSize                          = 199229440                                 {product} {ergonomic}
   size_t MarkStackSize                            = 4194304                                   {product} {ergonomic}
   size_t MarkStackSizeMax                         = 536870912                                 {product} {ergonomic}
   size_t MaxHeapSize                              = 3172990976                                {product} {ergonomic}
   size_t MaxNewSize                               = 1902116864                                {product} {ergonomic}
   size_t MinHeapDeltaBytes                        = 2097152                                   {product} {ergonomic}
   size_t MinHeapSize                              = 8388608                                   {product} {ergonomic}
    uintx NonNMethodCodeHeapSize                   = 5836800                                {pd product} {ergonomic}
    uintx NonProfiledCodeHeapSize                  = 122912768                              {pd product} {ergonomic}
    uintx ProfiledCodeHeapSize                     = 122908672                              {pd product} {ergonomic}
    uintx ReservedCodeCacheSize                    = 251658240                              {pd product} {ergonomic}
     bool SegmentedCodeCache                       = true                                      {product} {ergonomic}
   size_t SoftMaxHeapSize                          = 3172990976                             {manageable} {ergonomic}
     bool UseCompressedOops                        = true                           {product lp64_product} {ergonomic}
     bool UseG1GC                                  = true                                      {product} {ergonomic}

Logging:
Log output configuration:
 #0: stdout all=warning uptime,level,tags foldmultilines=false
 #1: stderr all=off uptime,level,tags foldmultilines=false

Release file:
IMPLEMENTOR="Homebrew"
IMPLEMENTOR_VERSION="Homebrew"
JAVA_RUNTIME_VERSION="25.0.2"
JAVA_VERSION="25.0.2"
JAVA_VERSION_DATE="2026-01-20"
LIBC="gnu"
MODULES="java.base java.compiler java.datatransfer java.xml java.prefs java.desktop java.instrument java.logging java.management java.security.sasl java.naming java.rmi java.management.rmi java.net.http java.scripting java.security.jgss java.transaction.xa java.sql java.sql.rowset java.xml.crypto java.se java.smartcardio jdk.accessibility jdk.internal.jvmstat jdk.attach jdk.charsets jdk.internal.opt jdk.zipfs jdk.compiler jdk.crypto.cryptoki jdk.crypto.ec jdk.dynalink jdk.internal.ed jdk.editpad jdk.internal.vm.ci jdk.graal.compiler jdk.graal.compiler.management jdk.hotspot.agent jdk.httpserver jdk.incubator.vector jdk.internal.le jdk.internal.md jdk.jartool jdk.javadoc jdk.jcmd jdk.management jdk.management.agent jdk.jconsole jdk.jdeps jdk.jdwp.agent jdk.jdi jdk.jfr jdk.jlink jdk.jpackage jdk.jshell jdk.jsobject jdk.jstatd jdk.localedata jdk.management.jfr jdk.naming.dns jdk.naming.rmi jdk.net jdk.nio.mapmode jdk.sctp jdk.security.auth jdk.security.jgss jdk.unsupported jdk.unsupported.desktop jdk.xml.dom"
OS_ARCH="x86_64"
OS_NAME="Linux"
SOURCE=""

Environment Variables:
PATH=/home/the-infinitys/.deno/bin:/home/the-infinitys/.python/venv//bin:/home/linuxbrew/.linuxbrew/bin:/home/linuxbrew/.linuxbrew/sbin:/home/the-infinitys/.bin:/home/the-infinitys/.local/bin:/home/the-infinitys/bin:/home/the-infinitys/.local/kitty.app/bin:/home/the-infinitys/.bun/bin:/home/the-infinitys/.cargo/bin:/usr/local/sbin:/usr/local/bin:/usr/sbin:/usr/bin:/sbin:/bin:/usr/games:/usr/local/games:/snap/bin:/home/the-infinitys/.lmstudio/bin
LD_LIBRARY_PATH=/usr/lib/mesa-diverted/x86_64-linux-gnu:/usr/lib/x86_64-linux-gnu/mesa:/usr/lib/x86_64-linux-gnu/dri:/usr/lib/x86_64-linux-gnu/gallium-pipe
SHELL=/usr/bin/zsh
DISPLAY=:20
LANG=ja_JP.UTF-8
LC_NUMERIC=ja_JP.UTF-8
LC_TIME=ja_JP.UTF-8
TERM=xterm-256color

Active Locale:
LC_ALL=ja_JP.UTF-8
LC_COLLATE=ja_JP.UTF-8
LC_CTYPE=ja_JP.UTF-8
LC_MESSAGES=ja_JP.UTF-8
LC_MONETARY=ja_JP.UTF-8
LC_NUMERIC=ja_JP.UTF-8
LC_TIME=ja_JP.UTF-8

Signal Handlers:
   SIGSEGV: crash_handler in libjvm.so, mask=11100100010111111101111111111110, flags=SA_RESTART|SA_SIGINFO, unblocked
    SIGBUS: crash_handler in libjvm.so, mask=11100100010111111101111111111110, flags=SA_RESTART|SA_SIGINFO, unblocked
    SIGFPE: crash_handler in libjvm.so, mask=11100100010111111101111111111110, flags=SA_RESTART|SA_SIGINFO, unblocked
   SIGPIPE: javaSignalHandler in libjvm.so, mask=11100100010111111101111111111110, flags=SA_RESTART|SA_SIGINFO, blocked
   SIGXFSZ: javaSignalHandler in libjvm.so, mask=11100100010111111101111111111110, flags=SA_RESTART|SA_SIGINFO, blocked
    SIGILL: crash_handler in libjvm.so, mask=11100100010111111101111111111110, flags=SA_RESTART|SA_SIGINFO, unblocked
   SIGUSR2: SR_handler in libjvm.so, mask=00000000000000000000000000000000, flags=SA_RESTART|SA_SIGINFO, blocked
    SIGHUP: UserHandler in libjvm.so, mask=11100100010111111101111111111110, flags=SA_RESTART|SA_SIGINFO, blocked
    SIGINT: UserHandler in libjvm.so, mask=11100100010111111101111111111110, flags=SA_RESTART|SA_SIGINFO, blocked
   SIGTERM: UserHandler in libjvm.so, mask=11100100010111111101111111111110, flags=SA_RESTART|SA_SIGINFO, blocked
   SIGQUIT: UserHandler in libjvm.so, mask=11100100010111111101111111111110, flags=SA_RESTART|SA_SIGINFO, blocked
   SIGTRAP: crash_handler in libjvm.so, mask=11100100010111111101111111111110, flags=SA_RESTART|SA_SIGINFO, unblocked


Compilation memory statistics disabled.

Periodic native trim disabled

---------------  S Y S T E M  ---------------

OS:
DISTRIB_ID=Ubuntu
DISTRIB_RELEASE=25.10
DISTRIB_CODENAME=questing
DISTRIB_DESCRIPTION="Ubuntu 25.10"
uname: Linux 6.17.0-14-generic #14-Ubuntu SMP PREEMPT_DYNAMIC Fri Jan  9 17:01:16 UTC 2026 x86_64
OS uptime: 1 days 8:37 hours
libc: glibc 2.42 NPTL 2.42 
rlimit (soft/hard): STACK 8192k/infinity , CORE 0k/infinity , NPROC 15189/15189 , NOFILE 524288/524288 , AS infinity/infinity , CPU infinity/infinity , DATA infinity/infinity , FSIZE infinity/infinity , MEMLOCK 8192k/8192k
load average: 2.41 1.90 1.23

/proc/meminfo:
MemTotal:       12391356 kB
MemFree:          181612 kB
MemAvailable:    3449976 kB
Buffers:           72432 kB
Cached:          3454128 kB
SwapCached:        16104 kB
Active:          5202588 kB
Inactive:        3414440 kB
Active(anon):    3918300 kB
Inactive(anon):  1416164 kB
Active(file):    1284288 kB
Inactive(file):  1998276 kB
Unevictable:        6844 kB
Mlocked:             684 kB
SwapTotal:      31502672 kB
SwapFree:       23048524 kB
Zswap:                 0 kB
Zswapped:              0 kB
Dirty:              8772 kB
Writeback:             0 kB
AnonPages:       5095272 kB
Mapped:          1033152 kB
Shmem:            243932 kB
KReclaimable:     304564 kB
Slab:             717488 kB
SReclaimable:     304564 kB
SUnreclaim:       412924 kB
KernelStack:       34832 kB
PageTables:       101388 kB
SecPageTables:         0 kB
NFS_Unstable:          0 kB
Bounce:                0 kB
WritebackTmp:          0 kB
CommitLimit:    37698348 kB
Committed_AS:   32218596 kB
VmallocTotal:   34359738367 kB
VmallocUsed:      401724 kB
VmallocChunk:          0 kB
Percpu:            22016 kB
HardwareCorrupted:     0 kB
AnonHugePages:         0 kB
ShmemHugePages:        0 kB
ShmemPmdMapped:        0 kB
FileHugePages:     30720 kB
FilePmdMapped:         0 kB
CmaTotal:              0 kB
CmaFree:               0 kB
Unaccepted:            0 kB
Balloon:               0 kB
HugePages_Total:       0
HugePages_Free:        0
HugePages_Rsvd:        0
HugePages_Surp:        0
Hugepagesize:       2048 kB
Hugetlb:               0 kB
DirectMap4k:      453840 kB
DirectMap2M:    12128256 kB
DirectMap1G:           0 kB

/sys/kernel/mm/transparent_hugepage/enabled: always [madvise] never
/sys/kernel/mm/transparent_hugepage/hpage_pmd_size: 2097152
/sys/kernel/mm/transparent_hugepage/shmem_enabled: always within_size advise [never] deny force
/sys/kernel/mm/transparent_hugepage/defrag (defrag/compaction efforts parameter): always defer defer+madvise [madvise] never

Process Memory:
Virtual Size: 6270424K (peak: 6335932K)
Resident Set Size: 257364K (peak: 257364K) (anon: 230908K, file: 25880K, shmem: 576K)
Swapped out: 0K
C-Heap outstanding allocations: 143771K, retained: 6232K
glibc malloc tunables: (default)

/proc/sys/kernel/threads-max (system-wide limit on the number of threads): 30379
/proc/sys/vm/max_map_count (maximum number of memory map areas a process may have): 1048576
/proc/sys/vm/swappiness (control to define how aggressively the kernel swaps out anonymous memory): 100
/proc/sys/kernel/pid_max (system-wide limit on number of process identifiers): 4194304

container information not found.
Hyper-V virtualization detected
Steal ticks since vm start: 0
Steal ticks percentage since vm start:  0.000

CPU: total 15 (initial active 15) (8 cores per cpu, 2 threads per core) family 6 model 151 stepping 2 microcode 0xffffffff, cx8, cmov, fxsr, ht, mmx, 3dnowpref, sse, sse2, sse3, ssse3, sse4.1, sse4.2, popcnt, lzcnt, tsc, tscinvbit, avx, avx2, aes, erms, clmul, bmi1, bmi2, adx, sha, fma, vzeroupper, clflush, clflushopt, clwb, hv, serialize, rdtscp, rdpid, fsrm, gfni, f16c, cet_ibt, cet_ss
CPU Model and flags from /proc/cpuinfo:
model name	: 12th Gen Intel(R) Core(TM) i7-12700
flags		: fpu vme de pse tsc msr pae mce cx8 apic sep mtrr pge mca cmov pat pse36 clflush mmx fxsr sse sse2 ss ht syscall nx pdpe1gb rdtscp lm constant_tsc rep_good nopl xtopology tsc_reliable nonstop_tsc cpuid aperfmperf tsc_known_freq pni pclmulqdq vmx ssse3 fma cx16 pcid sse4_1 sse4_2 x2apic movbe popcnt tsc_deadline_timer aes xsave avx f16c rdrand hypervisor lahf_lm abm 3dnowprefetch ssbd ibrs ibpb stibp ibrs_enhanced tpr_shadow ept vpid ept_ad fsgsbase tsc_adjust bmi1 avx2 smep bmi2 erms invpcid rdseed adx smap clflushopt clwb sha_ni xsaveopt xsavec xgetbv1 xsaves user_shstk avx_vnni vnmi umip waitpkg gfni vaes vpclmulqdq rdpid movdiri movdir64b fsrm md_clear serialize ibt flush_l1d arch_capabilities

Online cpus: 0-14
Offline cpus: 
BIOS frequency limitation: <Not Available>
Frequency switch latency (ns): <Not Available>
Available cpu frequencies: <Not Available>
Current governor: <Not Available>
Core performance/turbo boost: <Not Available>

Memory: 4k page, physical 12391356k(3449724k free), swap 31502672k(23048596k free)
Page Sizes: 4k

vm_info: OpenJDK 64-Bit Server VM (25.0.2) for linux-amd64 JRE (25.0.2), built on 2025-12-18T08:04:02Z with gcc 12.3.0

END.
