#
# A fatal error has been detected by the Java Runtime Environment:
#
#  SIGSEGV (0xb) at pc=0x0000714d3cb00b9d, pid=3745116, tid=3745120
#
# JRE version: OpenJDK Runtime Environment Homebrew (25.0.2) (build 25.0.2)
# Java VM: OpenJDK 64-Bit Server VM Homebrew (25.0.2, mixed mode, sharing, tiered, compressed oops, compressed class ptrs, g1 gc, linux-amd64)
# Problematic frame:
# C  [libxross_example.so+0x45b9d]  xross_example_test_test2_my_service2_new+0x2d
#
# Core dump will be written. Default location: Core dumps may be processed with "/usr/share/apport/apport -p%p -s%s -c%c -d%d -P%P -u%u -g%g -F%F -- %E" (or dumping to /home/the-infinitys/github/minecraft.infinite-client/project-xross/xross-example/app/core.3745116)
#
# If you would like to submit a bug report, please visit:
#   https://github.com/Homebrew/homebrew-core/issues
# The crash happened outside the Java Virtual Machine in native code.
# See problematic frame for where to report the bug.
#

---------------  S U M M A R Y ------------

Command Line: --add-opens=java.base/java.lang=ALL-UNNAMED -Dfile.encoding=UTF-8 -Duser.country=JP -Duser.language=ja -Duser.variant org.example.BenchmarkKt

Host: 12th Gen Intel(R) Core(TM) i7-12700, 15 cores, 11G, Ubuntu 25.10
Time: Mon Feb 16 23:21:01 2026 JST elapsed time: 3.318610 seconds (0d 0h 0m 3s)

---------------  T H R E A D  ---------------

Current thread (0x0000714d5c01a340):  JavaThread "main"             [_thread_in_native, id=3745120, stack(0x0000714d61d00000,0x0000714d61e00000) (1024K)]

Stack: [0x0000714d61d00000,0x0000714d61e00000],  sp=0x0000714d61dfe2b0,  free space=1016k
Native frames: (J=compiled Java code, j=interpreted, Vv=VM code, C=native code)
C  [libxross_example.so+0x45b9d]  xross_example_test_test2_my_service2_new+0x2d
Java frames: (J=compiled Java code, j=interpreted, Vv=VM code)
v  ~RuntimeStub::nep_invoker_blob 0x0000714d4bc9e768
j  java.lang.invoke.LambdaForm$MH+0x000000009f058400.invoke(Ljava/lang/Object;JI)J+10 java.base@25.0.2
j  java.lang.invoke.LambdaForm$MH+0x000000009f063000.invokeExact_MT(Ljava/lang/Object;JILjava/lang/Object;)J+21 java.base@25.0.2
j  jdk.internal.foreign.abi.DowncallStub+0x000000009f058800.invoke(Ljava/lang/foreign/SegmentAllocator;Ljava/lang/foreign/MemorySegment;I)Ljava/lang/foreign/MemorySegment;+44 java.base@25.0.2
j  java.lang.invoke.LambdaForm$DMH+0x000000009f058c00.invokeStaticInit(Ljava/lang/Object;Ljava/lang/Object;Ljava/lang/Object;I)Ljava/lang/Object;+14 java.base@25.0.2
j  java.lang.invoke.LambdaForm$MH+0x000000009f059c00.invoke(Ljava/lang/Object;I)Ljava/lang/Object;+44 java.base@25.0.2
j  java.lang.invoke.LambdaForm$MH+0x000000009f062800.invokeExact_MT(Ljava/lang/Object;ILjava/lang/Object;)Ljava/lang/Object;+19 java.base@25.0.2
j  org.example.test.test2.MyService2$Companion.xrossNewInternal(ILjava/lang/foreign/Arena;)Lkotlin/Triple;+40
j  org.example.test.test2.MyService2$Companion.access$xrossNewInternal(Lorg/example/test/test2/MyService2$Companion;ILjava/lang/foreign/Arena;)Lkotlin/Triple;+3
j  org.example.test.test2.MyService2.<init>(ILjava/lang/foreign/Arena;)V+6
j  org.example.test.test2.MyService2.<init>(ILjava/lang/foreign/Arena;ILkotlin/jvm/internal/DefaultConstructorMarker;)V+11
j  org.example.BenchmarkKt.runLifecycleBenchmarks()Ljava/util/List;+21
j  org.example.BenchmarkKt.main()V+40
j  org.example.BenchmarkKt.main([Ljava/lang/String;)V+0
v  ~StubRoutines::call_stub 0x0000714d4bb37fa4

siginfo: si_signo: 11 (SIGSEGV), si_code: 1 (SEGV_MAPERR), si_addr: 0x0000000000000000

Registers:
RAX=0x0000714d5c3a65f0, RBX=0x0000000000000000, RCX=0x0000714d5c000030, RDX=0x0000714d5c000000
RSP=0x0000714d61dfe2b0, RBP=0x000000003cb00b70, RSI=0x0000000000000000, RDI=0x0000714d5c3a65f0
R8 =0x0000000000000002, R9 =0x0000714d5c000090, R10=0x0000000000000020, R11=0x0000714d5c000030
R12=0x0000000000000000, R13=0x0000714d61dfe2f0, R14=0x0000714d61dfe388, R15=0x0000714d5c01a340
RIP=0x0000714d3cb00b9d, EFLAGS=0x0000000000010206, CSGSFS=0x002b000000000033, ERR=0x0000000000000006
  TRAPNO=0x000000000000000e

XMM[0]=0x0000000000000000 0x0000000000000000
XMM[1]=0x0000000000000000 0x0000714d5c01a340
XMM[2]=0x0000000000000000 0x0000000000000000
XMM[3]=0x0000000000000000 0x000000009e1f1da0
XMM[4]=0x0000000000000000 0x0000714d5c01a340
XMM[5]=0x0000000000000000 0x0000000000000000
XMM[6]=0x0000714d5c35dbe0 0x0000714d5c35dbe0
XMM[7]=0x0000000000000000 0x0000000000000000
XMM[8]=0x0007000600080002 0x0000000900080018
XMM[9]=0x0000000000000000 0xf8e2f4cefaeb1564
XMM[10]=0x0000000000000000 0x0000000002082096
XMM[11]=0x0000000000000000 0x2079760f1b648b73
XMM[12]=0x0000000000000000 0x00000000faeb1564
XMM[13]=0x0000000000000000 0x0000000000fe00fa
XMM[14]=0x0000000000000000 0x0000000000000000
XMM[15]=0x0000000000000000 0x0000000000000000
  MXCSR=0x00001fa2


Register to memory mapping:

RAX=0x0000714d5c3a65f0 points into unknown readable memory: 0x0000714d3cb00b70 | 70 0b b0 3c 4d 71 00 00
RBX=0x0 is null
RCX=0x0000714d5c000030 points into unknown readable memory: 0x0000000200000000 | 00 00 00 00 02 00 00 00
RDX=0x0000714d5c000000 points into unknown readable memory: 0x0000714d5c000030 | 30 00 00 5c 4d 71 00 00
RSP=0x0000714d61dfe2b0 is pointing into the stack for thread: 0x0000714d5c01a340
RBP=0x000000003cb00b70 is an unknown value
RSI=0x0 is null
RDI=0x0000714d5c3a65f0 points into unknown readable memory: 0x0000714d3cb00b70 | 70 0b b0 3c 4d 71 00 00
R8 =0x0000000000000002 is an unknown value
R9 =0x0000714d5c000090 points into unknown readable memory: 0x0000714d5c4295d0 | d0 95 42 5c 4d 71 00 00
R10=0x0000000000000020 is an unknown value
R11=0x0000714d5c000030 points into unknown readable memory: 0x0000000200000000 | 00 00 00 00 02 00 00 00
R12=0x0 is null
R13=0x0000714d61dfe2f0 is pointing into the stack for thread: 0x0000714d5c01a340
R14=0x0000714d61dfe388 is pointing into the stack for thread: 0x0000714d5c01a340
R15=0x0000714d5c01a340 is a thread

Top of Stack: (sp=0x0000714d61dfe2b0)
0x0000714d61dfe2b0:   0000714d1820d450 0000714d1820d450   P. .Mq..P. .Mq..
0x0000714d61dfe2c0:   0000714d61dfe2e0 0000714d4bc9e79e   ...aMq.....KMq..
0x0000714d61dfe2d0:   0000714d61dfe358 0000714d4bb50471   X..aMq..q..KMq..
0x0000714d61dfe2e0:   0000714d61dfe358 0000714d4bb3f52e   X..aMq.....KMq..
0x0000714d61dfe2f0:   000000074cb30400 0000000000000000   ...L............
0x0000714d61dfe300:   0000714d3cb00b70 0000000000000000   p..<Mq..........
0x0000714d61dfe310:   fffffffffffffff7 0000714d18515a52   ........RZQ.Mq..
0x0000714d61dfe320:   0000000000000006 0000714d18515bf8   .........[Q.Mq..
0x0000714d61dfe330:   0000000000000000 000000074cb37f40   ........@..L....
0x0000714d61dfe340:   0000714d18515a60 fffffffffffffff3   `ZQ.Mq..........
0x0000714d61dfe350:   0000714d61dfe370 0000714d61dfe3d8   p..aMq.....aMq..
0x0000714d61dfe360:   0000714d4bb3f52e 000000074cb30400   ...KMq.....L....
0x0000714d61dfe370:   0000000000000000 0000714d3cb00b70   ........p..<Mq..
0x0000714d61dfe380:   0000000000000000 000000074cb38070   ........p..L....
0x0000714d61dfe390:   fffffffffffffff7 0000714d1856629d   .........bV.Mq..
0x0000714d61dfe3a0:   0000000000000006 0000714d18566460   ........`dV.Mq..
0x0000714d61dfe3b0:   0000000000000000 000000074c980f40   ........@..L....
0x0000714d61dfe3c0:   0000714d185662b0 fffffffffffffff3   .bV.Mq..........
0x0000714d61dfe3d0:   0000714d61dfe3e8 0000714d61dfe458   ...aMq..X..aMq..
0x0000714d61dfe3e0:   0000714d4bb3f52e 000000074cb2faf0   ...KMq.....L....
0x0000714d61dfe3f0:   0000000000000000 0000714d3cb00b70   ........p..<Mq..
0x0000714d61dfe400:   0000000000000000 000000074cb38070   ........p..L....
0x0000714d61dfe410:   fffffffffffffff7 0000714d185163dc   .........cQ.Mq..
0x0000714d61dfe420:   000000000000000b 0000714d18516600   .........fQ.Mq..
0x0000714d61dfe430:   0000000000000000 000000074cb41f60   ........`..L....
0x0000714d61dfe440:   0000714d18516428 fffffffffffffff2   (dQ.Mq..........
0x0000714d61dfe450:   0000714d61dfe498 0000714d61dfe500   ...aMq.....aMq..
0x0000714d61dfe460:   0000714d4bb3f5d2 0000000000000000   ...KMq..........
0x0000714d61dfe470:   0000000000000000 000000074e901ec0   ...........N....
0x0000714d61dfe480:   000000074e8b74e0 0000000000000000   .t.N............
0x0000714d61dfe490:   0000714d3cb00b70 0000000000000000   p..<Mq..........
0x0000714d61dfe4a0:   0000000000000000 000000074cde7f38   ........8..L....

Instructions: (pc=0x0000714d3cb00b9d)
  0x0000714d3cb00a9d:   00 00 00 48 83 c5 18 49 ff cd 74 16 48 8b 75 f8
  0x0000714d3cb00aad:   48 85 f6 74 ee 48 8b 7d 00 ba 01 00 00 00 ff d3
  0x0000714d3cb00abd:   eb e1 48 8b 44 24 08 48 85 c0 74 18 48 8b 7c 24
  0x0000714d3cb00acd:   10 48 c1 e0 03 48 8d 34 40 ba 08 00 00 00 ff 15
  0x0000714d3cb00add:   bf a6 06 00 4d 89 3e 4d 89 66 08 48 8b 44 24 40
  0x0000714d3cb00aed:   49 89 46 10 48 81 c4 88 00 00 00 5b 41 5c 41 5d
  0x0000714d3cb00afd:   41 5e 41 5f 5d c3 bf 08 00 00 00 be 18 00 00 00
  0x0000714d3cb00b0d:   ff 15 75 a7 06 00 0f 0b 48 8b 74 24 58 48 85 f6
  0x0000714d3cb00b1d:   74 39 48 8b 7c 24 60 ba 01 00 00 00 ff 15 71 a6
  0x0000714d3cb00b2d:   06 00 48 8d 7c 24 08 e8 f7 e9 ff ff ff 15 d1 a6
  0x0000714d3cb00b3d:   06 00 be 18 00 00 00 ba 08 00 00 00 4c 89 f7 ff
  0x0000714d3cb00b4d:   15 4e a6 06 00 ff 15 b8 a6 06 00 48 8d 7c 24 08
  0x0000714d3cb00b5d:   e8 ce e9 ff ff ff 15 a8 a6 06 00 ff 15 a2 a6 06
  0x0000714d3cb00b6d:   00 cc cc 55 53 50 89 f5 48 89 fb f0 48 ff 05 00
  0x0000714d3cb00b7d:   d1 06 00 ff 15 f2 a6 06 00 bf 04 00 00 00 be 04
  0x0000714d3cb00b8d:   00 00 00 ff 15 ea a6 06 00 48 85 c0 74 0c 89 28
=>0x0000714d3cb00b9d:   48 89 03 48 83 c4 08 5b 5d c3 bf 04 00 00 00 be
  0x0000714d3cb00bad:   04 00 00 00 ff 15 d1 a6 06 00 0f 0b f0 48 ff 0d
  0x0000714d3cb00bbd:   bf d0 06 00 ff 15 49 a6 06 00 cc cc cc cc cc cc
  0x0000714d3cb00bcd:   cc cc cc 8b 07 c3 cc cc cc cc cc cc cc cc cc cc
  0x0000714d3cb00bdd:   cc cc cc 89 37 c3 cc cc cc cc cc cc cc cc cc cc
  0x0000714d3cb00bed:   cc cc cc c4 e2 7d 5a 47 30 c5 fd d4 1d 82 63 fd
  0x0000714d3cb00bfd:   ff c5 7d d4 1d 3a 63 fd ff c4 e2 7d 5a 57 20 c4
  0x0000714d3cb00c0d:   e2 7d 5a 67 10 c4 e2 7d 5a 2f b8 06 00 00 00 c5
  0x0000714d3cb00c1d:   fd 6f 35 9c 63 fd ff c5 fd 6f 3d 34 63 fd ff c5
  0x0000714d3cb00c2d:   7e 7f 5c 24 d8 c5 7d 6f eb c5 7d 6f fd c5 7d 6f
  0x0000714d3cb00c3d:   cc c5 7d 6f f5 c5 7d 6f c4 c5 7d 6f e2 c5 7d 6f
  0x0000714d3cb00c4d:   d2 66 90 c4 41 35 fe ff c4 41 15 ef ef c4 41 7f
  0x0000714d3cb00c5d:   70 ed b1 c4 41 7e 70 ed b1 c4 41 3d fe f6 c4 41
  0x0000714d3cb00c6d:   25 ef de c4 41 7f 70 db b1 c4 41 7e 70 db b1 c4
  0x0000714d3cb00c7d:   41 1d fe e5 c4 41 1d ef c9 c4 c1 75 72 d1 14 c4
  0x0000714d3cb00c8d:   c1 35 72 f1 0c c5 b5 eb c9 c4 41 2d fe cb c4 41


Stack slot to memory mapping:

stack at sp + 0 slots: {method} {0x0000714d1820d450} 'linkToNative' '(JILjava/lang/Object;)J' in 'java/lang/invoke/MethodHandle'
stack at sp + 1 slots: {method} {0x0000714d1820d450} 'linkToNative' '(JILjava/lang/Object;)J' in 'java/lang/invoke/MethodHandle'
stack at sp + 2 slots: 0x0000714d61dfe2e0 is pointing into the stack for thread: 0x0000714d5c01a340
stack at sp + 3 slots: 0x0000714d4bc9e79e is at code_begin+62 in 
[CodeBlob kind:6 (0x0000714d4bc9e708)]
Framesize: 4
Runtime Stub (0x0000714d4bc9e708): nep_invoker_blob
--------------------------------------------------------------------------------
Decoding CodeBlob, name: nep_invoker_blob, at  [0x0000714d4bc9e760, 0x0000714d4bc9e858]  248 bytes
[MachCode]
  0x0000714d4bc9e760: 5548 8bec | 4883 ec10 | c5f8 7749 | 89af 9004 | 0000 49ba | 68e7 c94b | 4d71 0000 | 4d89 9788 
  0x0000714d4bc9e780: 0400 0049 | 89a7 8004 | 0000 41c7 | 872c 0500 | 0004 0000 | 004c 8bd6 | 488b fa41 | ffd2 c5f8 
  0x0000714d4bc9e7a0: 7741 c787 | 2c05 0000 | 0500 0000 | f083 4424 | c000 493b | 6f28 0f87 | 4d00 0000 | 4183 bf28 
  0x0000714d4bc9e7c0: 0500 0000 | 0f85 3f00 | 0000 41c7 | 872c 0500 | 0008 0000 | 0041 83bf | a805 0000 | 020f 844c 
  0x0000714d4bc9e7e0: 0000 0049 | c787 8004 | 0000 0000 | 0000 49c7 | 8790 0400 | 0000 0000 | 0049 c787 | 8804 0000 
  0x0000714d4bc9e800: 0000 0000 | c5f8 77c9 | c348 8904 | 2449 8bff | c5f8 774c | 8be4 4883 | ec00 4883 | e4f0 e8cd 
  0x0000714d4bc9e820: 0049 1549 | 8be4 4d33 | e448 8b04 | 24eb 9b48 | 8904 24c5 | f877 4c8b | e448 83ec | 0048 83e4 
  0x0000714d4bc9e840: f0e8 caac | 8d15 498b | e44d 33e4 | 488b 0424 | eb91 f4f4 | f4f4 f4f4 
[/MachCode]
--------------------------------------------------------------------------------
stack at sp + 4 slots: 0x0000714d61dfe358 is pointing into the stack for thread: 0x0000714d5c01a340
stack at sp + 5 slots: 0x0000714d4bb50471 is at code_begin+145 in an Interpreter codelet
invokestatic  184 invokestatic  [0x0000714d4bb503e0, 0x0000714d4bb506a0]  704 bytes
stack at sp + 6 slots: 0x0000714d61dfe358 is pointing into the stack for thread: 0x0000714d5c01a340
stack at sp + 7 slots: 0x0000714d4bb3f52e is at code_begin+1518 in an Interpreter codelet
return entry points  [0x0000714d4bb3ef40, 0x0000714d4bb3fbb8]  3192 bytes

Lock stack of current Java thread (top to bottom):

--------------------------------------------------------------------------------
Decoding CodeBlob, name: nep_invoker_blob, at  [0x0000714d4bc9e760, 0x0000714d4bc9e858]  248 bytes
[MachCode]
  0x0000714d4bc9e760: 5548 8bec | 4883 ec10 | c5f8 7749 | 89af 9004 | 0000 49ba | 68e7 c94b | 4d71 0000 | 4d89 9788 
  0x0000714d4bc9e780: 0400 0049 | 89a7 8004 | 0000 41c7 | 872c 0500 | 0004 0000 | 004c 8bd6 | 488b fa41 | ffd2 c5f8 
  0x0000714d4bc9e7a0: 7741 c787 | 2c05 0000 | 0500 0000 | f083 4424 | c000 493b | 6f28 0f87 | 4d00 0000 | 4183 bf28 
  0x0000714d4bc9e7c0: 0500 0000 | 0f85 3f00 | 0000 41c7 | 872c 0500 | 0008 0000 | 0041 83bf | a805 0000 | 020f 844c 
  0x0000714d4bc9e7e0: 0000 0049 | c787 8004 | 0000 0000 | 0000 49c7 | 8790 0400 | 0000 0000 | 0049 c787 | 8804 0000 
  0x0000714d4bc9e800: 0000 0000 | c5f8 77c9 | c348 8904 | 2449 8bff | c5f8 774c | 8be4 4883 | ec00 4883 | e4f0 e8cd 
  0x0000714d4bc9e820: 0049 1549 | 8be4 4d33 | e448 8b04 | 24eb 9b48 | 8904 24c5 | f877 4c8b | e448 83ec | 0048 83e4 
  0x0000714d4bc9e840: f0e8 caac | 8d15 498b | e44d 33e4 | 488b 0424 | eb91 f4f4 | f4f4 f4f4 
[/MachCode]
--------------------------------------------------------------------------------


---------------  P R O C E S S  ---------------

Threads class SMR info:
_java_thread_list=0x0000714d5c1c8be0, length=11, elements={
0x0000714d5c01a340, 0x0000714d5c10c110, 0x0000714d5c10d300, 0x0000714d5c10ed30,
0x0000714d5c110660, 0x0000714d5c111ef0, 0x0000714d5c113d00, 0x0000714d5c1156b0,
0x0000714d5c153dc0, 0x0000714d5c156210, 0x0000714d5c1c78a0
}

Java Threads: ( => current thread )
=>0x0000714d5c01a340 JavaThread "main"                              [_thread_in_native, id=3745120, stack(0x0000714d61d00000,0x0000714d61e00000) (1024K)]
  0x0000714d5c10c110 JavaThread "Reference Handler"          daemon [_thread_blocked, id=3745131, stack(0x0000714d3cdf0000,0x0000714d3cef1000) (1028K)]
  0x0000714d5c10d300 JavaThread "Finalizer"                  daemon [_thread_blocked, id=3745132, stack(0x0000714d3cb6e000,0x0000714d3cc6e000) (1024K)]
  0x0000714d5c10ed30 JavaThread "Signal Dispatcher"          daemon [_thread_blocked, id=3745133, stack(0x0000714d3c300000,0x0000714d3c400000) (1024K)]
  0x0000714d5c110660 JavaThread "Service Thread"             daemon [_thread_blocked, id=3745134, stack(0x0000714d3c200000,0x0000714d3c300000) (1024K)]
  0x0000714d5c111ef0 JavaThread "Monitor Deflation Thread"   daemon [_thread_blocked, id=3745135, stack(0x0000714d3c100000,0x0000714d3c200000) (1024K)]
  0x0000714d5c113d00 JavaThread "C2 CompilerThread0"         daemon [_thread_blocked, id=3745136, stack(0x0000714d3c000000,0x0000714d3c100000) (1024K)]
  0x0000714d5c1156b0 JavaThread "C1 CompilerThread0"         daemon [_thread_blocked, id=3745137, stack(0x0000714d07f00000,0x0000714d08000000) (1024K)]
  0x0000714d5c153dc0 JavaThread "Notification Thread"        daemon [_thread_blocked, id=3745138, stack(0x0000714d07e00000,0x0000714d07f00000) (1024K)]
  0x0000714d5c156210 JavaThread "Common-Cleaner"             daemon [_thread_blocked, id=3745139, stack(0x0000714d07d00000,0x0000714d07e00000) (1024K)]
  0x0000714d5c1c78a0 JavaThread "Cleaner-0"                  daemon [_thread_blocked, id=3745140, stack(0x0000714d07c00000,0x0000714d07d00000) (1024K)]
Total: 11

Other Threads:
  0x0000714d5c102300 VMThread "VM Thread"                           [id=3745130, stack(0x0000714d3ccf0000,0x0000714d3cdf0000) (1024K)]
  0x0000714d5c0f1a90 WatcherThread "VM Periodic Task Thread"        [id=3745129, stack(0x0000714d3cef2000,0x0000714d3cff2000) (1024K)]
  0x0000714d5c072b20 WorkerThread "GC Thread#0"                     [id=3745121, stack(0x0000714d4004c000,0x0000714d4014c000) (1024K)]
  0x0000714d5c085d90 ConcurrentGCThread "G1 Main Marker"            [id=3745122, stack(0x0000714d3ff4b000,0x0000714d4004b000) (1024K)]
  0x0000714d5c086f70 WorkerThread "G1 Conc#0"                       [id=3745123, stack(0x0000714d3fe4a000,0x0000714d3ff4a000) (1024K)]
  0x0000714d5c0e2670 ConcurrentGCThread "G1 Refine#0"               [id=3745124, stack(0x0000714d3d0f4000,0x0000714d3d1f4000) (1024K)]
  0x0000714d5c0e3870 ConcurrentGCThread "G1 Service"                [id=3745125, stack(0x0000714d3cff3000,0x0000714d3d0f3000) (1024K)]
Total: 7

Threads with active compile tasks:
Total: 0

VM state: not at safepoint (normal execution)

VM Mutex/Monitor currently owned by a thread: None

Heap address: 0x0000000742e00000, size: 3026 MB, Compressed Oops mode: Zero based, Oop shift amount: 3

CDS archive(s) mapped at: [0x000000009e000000-0x000000009ed8d000-0x000000009ed8d000), size 14209024, SharedBaseAddress: 0x000000009e000000, ArchiveRelocationMode: 1.
Compressed class space mapped at: 0x000000009f000000-0x00000000df000000, reserved size: 1073741824
UseCompressedClassPointers 1, UseCompactObjectHeaders 0
Narrow klass pointer bits 32, Max shift 3
Narrow klass base: 0x000000009e000000, Narrow klass shift: 0
Encoding Range: [0x000000009e000000 - 0x000000019e000000), (4294967296 bytes)
Klass Range:    [0x000000009e001000 - 0x00000000df000000), (1090514944 bytes)
Klass ID Range:  [4096 - 1090519033) (1090514937)
Protection zone: [0x000000009e000000 - 0x000000009e001000), (4096 bytes)

GC Precious Log:
 CardTable entry size: 512
 Card Set container configuration: InlinePtr #cards 4 size 8 Array Of Cards #cards 16 size 48 Howl #buckets 8 coarsen threshold 3686 Howl Bitmap #cards 512 size 80 coarsen threshold 460 Card regions per heap region 1 cards per card region 4096
 CPUs: 15 total, 15 available
 Memory: 12100M
 Large Page Support: Disabled
 NUMA Support: Disabled
 Compressed Oops: Enabled (Zero based)
 Heap Region Size: 2M
 Heap Min Capacity: 8M
 Heap Initial Capacity: 190M
 Heap Max Capacity: 3026M
 Pre-touch: Disabled
 Parallel Workers: 12
 Concurrent Workers: 3
 Concurrent Refinement Workers: 12
 Periodic GC: Disabled

Heap:
 garbage-first heap   total reserved 3098624K, committed 196608K, used 33923K [0x0000000742e00000, 0x0000000800000000)
  region size 2048K, 18 young (36864K), 0 survivors (0K)

Heap Regions: E=young(eden), S=young(survivor), O=old, HS=humongous(starts), HC=humongous(continues), CS=collection set, F=free, TAMS=top-at-mark-start, PB=parsable bottom
|   0|0x0000000742e00000, 0x0000000742e00000, 0x0000000743000000|  0%| F|  |TAMS 0x0000000742e00000| PB 0x0000000742e00000| Untracked |  0
|   1|0x0000000743000000, 0x0000000743000000, 0x0000000743200000|  0%| F|  |TAMS 0x0000000743000000| PB 0x0000000743000000| Untracked |  0
|   2|0x0000000743200000, 0x0000000743200000, 0x0000000743400000|  0%| F|  |TAMS 0x0000000743200000| PB 0x0000000743200000| Untracked |  0
|   3|0x0000000743400000, 0x0000000743400000, 0x0000000743600000|  0%| F|  |TAMS 0x0000000743400000| PB 0x0000000743400000| Untracked |  0
|   4|0x0000000743600000, 0x0000000743600000, 0x0000000743800000|  0%| F|  |TAMS 0x0000000743600000| PB 0x0000000743600000| Untracked |  0
|   5|0x0000000743800000, 0x0000000743800000, 0x0000000743a00000|  0%| F|  |TAMS 0x0000000743800000| PB 0x0000000743800000| Untracked |  0
|   6|0x0000000743a00000, 0x0000000743a00000, 0x0000000743c00000|  0%| F|  |TAMS 0x0000000743a00000| PB 0x0000000743a00000| Untracked |  0
|   7|0x0000000743c00000, 0x0000000743c00000, 0x0000000743e00000|  0%| F|  |TAMS 0x0000000743c00000| PB 0x0000000743c00000| Untracked |  0
|   8|0x0000000743e00000, 0x0000000743e00000, 0x0000000744000000|  0%| F|  |TAMS 0x0000000743e00000| PB 0x0000000743e00000| Untracked |  0
|   9|0x0000000744000000, 0x0000000744000000, 0x0000000744200000|  0%| F|  |TAMS 0x0000000744000000| PB 0x0000000744000000| Untracked |  0
|  10|0x0000000744200000, 0x0000000744200000, 0x0000000744400000|  0%| F|  |TAMS 0x0000000744200000| PB 0x0000000744200000| Untracked |  0
|  11|0x0000000744400000, 0x0000000744400000, 0x0000000744600000|  0%| F|  |TAMS 0x0000000744400000| PB 0x0000000744400000| Untracked |  0
|  12|0x0000000744600000, 0x0000000744600000, 0x0000000744800000|  0%| F|  |TAMS 0x0000000744600000| PB 0x0000000744600000| Untracked |  0
|  13|0x0000000744800000, 0x0000000744800000, 0x0000000744a00000|  0%| F|  |TAMS 0x0000000744800000| PB 0x0000000744800000| Untracked |  0
|  14|0x0000000744a00000, 0x0000000744a00000, 0x0000000744c00000|  0%| F|  |TAMS 0x0000000744a00000| PB 0x0000000744a00000| Untracked |  0
|  15|0x0000000744c00000, 0x0000000744c00000, 0x0000000744e00000|  0%| F|  |TAMS 0x0000000744c00000| PB 0x0000000744c00000| Untracked |  0
|  16|0x0000000744e00000, 0x0000000744e00000, 0x0000000745000000|  0%| F|  |TAMS 0x0000000744e00000| PB 0x0000000744e00000| Untracked |  0
|  17|0x0000000745000000, 0x0000000745000000, 0x0000000745200000|  0%| F|  |TAMS 0x0000000745000000| PB 0x0000000745000000| Untracked |  0
|  18|0x0000000745200000, 0x0000000745200000, 0x0000000745400000|  0%| F|  |TAMS 0x0000000745200000| PB 0x0000000745200000| Untracked |  0
|  19|0x0000000745400000, 0x0000000745400000, 0x0000000745600000|  0%| F|  |TAMS 0x0000000745400000| PB 0x0000000745400000| Untracked |  0
|  20|0x0000000745600000, 0x0000000745600000, 0x0000000745800000|  0%| F|  |TAMS 0x0000000745600000| PB 0x0000000745600000| Untracked |  0
|  21|0x0000000745800000, 0x0000000745800000, 0x0000000745a00000|  0%| F|  |TAMS 0x0000000745800000| PB 0x0000000745800000| Untracked |  0
|  22|0x0000000745a00000, 0x0000000745a00000, 0x0000000745c00000|  0%| F|  |TAMS 0x0000000745a00000| PB 0x0000000745a00000| Untracked |  0
|  23|0x0000000745c00000, 0x0000000745c00000, 0x0000000745e00000|  0%| F|  |TAMS 0x0000000745c00000| PB 0x0000000745c00000| Untracked |  0
|  24|0x0000000745e00000, 0x0000000745e00000, 0x0000000746000000|  0%| F|  |TAMS 0x0000000745e00000| PB 0x0000000745e00000| Untracked |  0
|  25|0x0000000746000000, 0x0000000746000000, 0x0000000746200000|  0%| F|  |TAMS 0x0000000746000000| PB 0x0000000746000000| Untracked |  0
|  26|0x0000000746200000, 0x0000000746200000, 0x0000000746400000|  0%| F|  |TAMS 0x0000000746200000| PB 0x0000000746200000| Untracked |  0
|  27|0x0000000746400000, 0x0000000746400000, 0x0000000746600000|  0%| F|  |TAMS 0x0000000746400000| PB 0x0000000746400000| Untracked |  0
|  28|0x0000000746600000, 0x0000000746600000, 0x0000000746800000|  0%| F|  |TAMS 0x0000000746600000| PB 0x0000000746600000| Untracked |  0
|  29|0x0000000746800000, 0x0000000746800000, 0x0000000746a00000|  0%| F|  |TAMS 0x0000000746800000| PB 0x0000000746800000| Untracked |  0
|  30|0x0000000746a00000, 0x0000000746a00000, 0x0000000746c00000|  0%| F|  |TAMS 0x0000000746a00000| PB 0x0000000746a00000| Untracked |  0
|  31|0x0000000746c00000, 0x0000000746c00000, 0x0000000746e00000|  0%| F|  |TAMS 0x0000000746c00000| PB 0x0000000746c00000| Untracked |  0
|  32|0x0000000746e00000, 0x0000000746e00000, 0x0000000747000000|  0%| F|  |TAMS 0x0000000746e00000| PB 0x0000000746e00000| Untracked |  0
|  33|0x0000000747000000, 0x0000000747000000, 0x0000000747200000|  0%| F|  |TAMS 0x0000000747000000| PB 0x0000000747000000| Untracked |  0
|  34|0x0000000747200000, 0x0000000747200000, 0x0000000747400000|  0%| F|  |TAMS 0x0000000747200000| PB 0x0000000747200000| Untracked |  0
|  35|0x0000000747400000, 0x0000000747400000, 0x0000000747600000|  0%| F|  |TAMS 0x0000000747400000| PB 0x0000000747400000| Untracked |  0
|  36|0x0000000747600000, 0x0000000747600000, 0x0000000747800000|  0%| F|  |TAMS 0x0000000747600000| PB 0x0000000747600000| Untracked |  0
|  37|0x0000000747800000, 0x0000000747800000, 0x0000000747a00000|  0%| F|  |TAMS 0x0000000747800000| PB 0x0000000747800000| Untracked |  0
|  38|0x0000000747a00000, 0x0000000747a00000, 0x0000000747c00000|  0%| F|  |TAMS 0x0000000747a00000| PB 0x0000000747a00000| Untracked |  0
|  39|0x0000000747c00000, 0x0000000747c00000, 0x0000000747e00000|  0%| F|  |TAMS 0x0000000747c00000| PB 0x0000000747c00000| Untracked |  0
|  40|0x0000000747e00000, 0x0000000747e00000, 0x0000000748000000|  0%| F|  |TAMS 0x0000000747e00000| PB 0x0000000747e00000| Untracked |  0
|  41|0x0000000748000000, 0x0000000748000000, 0x0000000748200000|  0%| F|  |TAMS 0x0000000748000000| PB 0x0000000748000000| Untracked |  0
|  42|0x0000000748200000, 0x0000000748200000, 0x0000000748400000|  0%| F|  |TAMS 0x0000000748200000| PB 0x0000000748200000| Untracked |  0
|  43|0x0000000748400000, 0x0000000748400000, 0x0000000748600000|  0%| F|  |TAMS 0x0000000748400000| PB 0x0000000748400000| Untracked |  0
|  44|0x0000000748600000, 0x0000000748600000, 0x0000000748800000|  0%| F|  |TAMS 0x0000000748600000| PB 0x0000000748600000| Untracked |  0
|  45|0x0000000748800000, 0x0000000748800000, 0x0000000748a00000|  0%| F|  |TAMS 0x0000000748800000| PB 0x0000000748800000| Untracked |  0
|  46|0x0000000748a00000, 0x0000000748a00000, 0x0000000748c00000|  0%| F|  |TAMS 0x0000000748a00000| PB 0x0000000748a00000| Untracked |  0
|  47|0x0000000748c00000, 0x0000000748c00000, 0x0000000748e00000|  0%| F|  |TAMS 0x0000000748c00000| PB 0x0000000748c00000| Untracked |  0
|  48|0x0000000748e00000, 0x0000000748e00000, 0x0000000749000000|  0%| F|  |TAMS 0x0000000748e00000| PB 0x0000000748e00000| Untracked |  0
|  49|0x0000000749000000, 0x0000000749000000, 0x0000000749200000|  0%| F|  |TAMS 0x0000000749000000| PB 0x0000000749000000| Untracked |  0
|  50|0x0000000749200000, 0x0000000749200000, 0x0000000749400000|  0%| F|  |TAMS 0x0000000749200000| PB 0x0000000749200000| Untracked |  0
|  51|0x0000000749400000, 0x0000000749400000, 0x0000000749600000|  0%| F|  |TAMS 0x0000000749400000| PB 0x0000000749400000| Untracked |  0
|  52|0x0000000749600000, 0x0000000749600000, 0x0000000749800000|  0%| F|  |TAMS 0x0000000749600000| PB 0x0000000749600000| Untracked |  0
|  53|0x0000000749800000, 0x0000000749800000, 0x0000000749a00000|  0%| F|  |TAMS 0x0000000749800000| PB 0x0000000749800000| Untracked |  0
|  54|0x0000000749a00000, 0x0000000749a00000, 0x0000000749c00000|  0%| F|  |TAMS 0x0000000749a00000| PB 0x0000000749a00000| Untracked |  0
|  55|0x0000000749c00000, 0x0000000749c00000, 0x0000000749e00000|  0%| F|  |TAMS 0x0000000749c00000| PB 0x0000000749c00000| Untracked |  0
|  56|0x0000000749e00000, 0x0000000749e00000, 0x000000074a000000|  0%| F|  |TAMS 0x0000000749e00000| PB 0x0000000749e00000| Untracked |  0
|  57|0x000000074a000000, 0x000000074a000000, 0x000000074a200000|  0%| F|  |TAMS 0x000000074a000000| PB 0x000000074a000000| Untracked |  0
|  58|0x000000074a200000, 0x000000074a200000, 0x000000074a400000|  0%| F|  |TAMS 0x000000074a200000| PB 0x000000074a200000| Untracked |  0
|  59|0x000000074a400000, 0x000000074a400000, 0x000000074a600000|  0%| F|  |TAMS 0x000000074a400000| PB 0x000000074a400000| Untracked |  0
|  60|0x000000074a600000, 0x000000074a600000, 0x000000074a800000|  0%| F|  |TAMS 0x000000074a600000| PB 0x000000074a600000| Untracked |  0
|  61|0x000000074a800000, 0x000000074a800000, 0x000000074aa00000|  0%| F|  |TAMS 0x000000074a800000| PB 0x000000074a800000| Untracked |  0
|  62|0x000000074aa00000, 0x000000074aa00000, 0x000000074ac00000|  0%| F|  |TAMS 0x000000074aa00000| PB 0x000000074aa00000| Untracked |  0
|  63|0x000000074ac00000, 0x000000074ac00000, 0x000000074ae00000|  0%| F|  |TAMS 0x000000074ac00000| PB 0x000000074ac00000| Untracked |  0
|  64|0x000000074ae00000, 0x000000074ae00000, 0x000000074b000000|  0%| F|  |TAMS 0x000000074ae00000| PB 0x000000074ae00000| Untracked |  0
|  65|0x000000074b000000, 0x000000074b000000, 0x000000074b200000|  0%| F|  |TAMS 0x000000074b000000| PB 0x000000074b000000| Untracked |  0
|  66|0x000000074b200000, 0x000000074b200000, 0x000000074b400000|  0%| F|  |TAMS 0x000000074b200000| PB 0x000000074b200000| Untracked |  0
|  67|0x000000074b400000, 0x000000074b400000, 0x000000074b600000|  0%| F|  |TAMS 0x000000074b400000| PB 0x000000074b400000| Untracked |  0
|  68|0x000000074b600000, 0x000000074b600000, 0x000000074b800000|  0%| F|  |TAMS 0x000000074b600000| PB 0x000000074b600000| Untracked |  0
|  69|0x000000074b800000, 0x000000074b800000, 0x000000074ba00000|  0%| F|  |TAMS 0x000000074b800000| PB 0x000000074b800000| Untracked |  0
|  70|0x000000074ba00000, 0x000000074ba00000, 0x000000074bc00000|  0%| F|  |TAMS 0x000000074ba00000| PB 0x000000074ba00000| Untracked |  0
|  71|0x000000074bc00000, 0x000000074bc00000, 0x000000074be00000|  0%| F|  |TAMS 0x000000074bc00000| PB 0x000000074bc00000| Untracked |  0
|  72|0x000000074be00000, 0x000000074be00000, 0x000000074c000000|  0%| F|  |TAMS 0x000000074be00000| PB 0x000000074be00000| Untracked |  0
|  73|0x000000074c000000, 0x000000074c000000, 0x000000074c200000|  0%| F|  |TAMS 0x000000074c000000| PB 0x000000074c000000| Untracked |  0
|  74|0x000000074c200000, 0x000000074c200000, 0x000000074c400000|  0%| F|  |TAMS 0x000000074c200000| PB 0x000000074c200000| Untracked |  0
|  75|0x000000074c400000, 0x000000074c400000, 0x000000074c600000|  0%| F|  |TAMS 0x000000074c400000| PB 0x000000074c400000| Untracked |  0
|  76|0x000000074c600000, 0x000000074c600000, 0x000000074c800000|  0%| F|  |TAMS 0x000000074c600000| PB 0x000000074c600000| Untracked |  0
|  77|0x000000074c800000, 0x000000074c9ebc80, 0x000000074ca00000| 96%| E|  |TAMS 0x000000074c800000| PB 0x000000074c800000| Complete |  0
|  78|0x000000074ca00000, 0x000000074cc00000, 0x000000074cc00000|100%| E|CS|TAMS 0x000000074ca00000| PB 0x000000074ca00000| Complete |  0
|  79|0x000000074cc00000, 0x000000074ce00000, 0x000000074ce00000|100%| E|  |TAMS 0x000000074cc00000| PB 0x000000074cc00000| Complete |  0
|  80|0x000000074ce00000, 0x000000074d000000, 0x000000074d000000|100%| E|CS|TAMS 0x000000074ce00000| PB 0x000000074ce00000| Complete |  0
|  81|0x000000074d000000, 0x000000074d200000, 0x000000074d200000|100%| E|CS|TAMS 0x000000074d000000| PB 0x000000074d000000| Complete |  0
|  82|0x000000074d200000, 0x000000074d400000, 0x000000074d400000|100%| E|CS|TAMS 0x000000074d200000| PB 0x000000074d200000| Complete |  0
|  83|0x000000074d400000, 0x000000074d600000, 0x000000074d600000|100%| E|CS|TAMS 0x000000074d400000| PB 0x000000074d400000| Complete |  0
|  84|0x000000074d600000, 0x000000074d800000, 0x000000074d800000|100%| E|CS|TAMS 0x000000074d600000| PB 0x000000074d600000| Complete |  0
|  85|0x000000074d800000, 0x000000074da00000, 0x000000074da00000|100%| E|CS|TAMS 0x000000074d800000| PB 0x000000074d800000| Complete |  0
|  86|0x000000074da00000, 0x000000074dc00000, 0x000000074dc00000|100%| E|CS|TAMS 0x000000074da00000| PB 0x000000074da00000| Complete |  0
|  87|0x000000074dc00000, 0x000000074de00000, 0x000000074de00000|100%| E|CS|TAMS 0x000000074dc00000| PB 0x000000074dc00000| Complete |  0
|  88|0x000000074de00000, 0x000000074e000000, 0x000000074e000000|100%| E|CS|TAMS 0x000000074de00000| PB 0x000000074de00000| Complete |  0
|  89|0x000000074e000000, 0x000000074e200000, 0x000000074e200000|100%| E|CS|TAMS 0x000000074e000000| PB 0x000000074e000000| Complete |  0
|  90|0x000000074e200000, 0x000000074e400000, 0x000000074e400000|100%| E|CS|TAMS 0x000000074e200000| PB 0x000000074e200000| Complete |  0
|  91|0x000000074e400000, 0x000000074e600000, 0x000000074e600000|100%| E|CS|TAMS 0x000000074e400000| PB 0x000000074e400000| Complete |  0
|  92|0x000000074e600000, 0x000000074e800000, 0x000000074e800000|100%| E|CS|TAMS 0x000000074e600000| PB 0x000000074e600000| Complete |  0
|  93|0x000000074e800000, 0x000000074ea00000, 0x000000074ea00000|100%| E|CS|TAMS 0x000000074e800000| PB 0x000000074e800000| Complete |  0
|  94|0x000000074ea00000, 0x000000074ec00000, 0x000000074ec00000|100%| E|CS|TAMS 0x000000074ea00000| PB 0x000000074ea00000| Complete |  0
|1512|0x00000007ffe00000, 0x00000007fff20f10, 0x0000000800000000| 56%| O|  |TAMS 0x00000007ffe00000| PB 0x00000007ffe00000| Untracked |  0

Card table byte_map: [0x0000714d43125000,0x0000714d4370e000] _byte_map_base: 0x0000714d3f70e000

Marking Bits: (CMBitMap*) 0x0000714d5c073680
 Bits: [0x0000714d401dd000, 0x0000714d43125000)

Polling page: 0x0000714d62220000

Metaspace:
Metaspace        used 3968K, committed 4288K, reserved 1114112K
 class space     used 350K, committed 512K, reserved 1048576K

Usage:
  Non-class:      3.53 MB used.
      Class:    350.53 KB used.
       Both:      3.88 MB used.

Virtual space:
  Non-class space:       64.00 MB reserved,       3.69 MB (  6%) committed,  1 nodes.
      Class space:        1.00 GB reserved,     512.00 KB ( <1%) committed,  1 nodes.
             Both:        1.06 GB reserved,       4.19 MB ( <1%) committed. 

Chunk freelists:
   Non-Class:  10.60 MB
       Class:  15.53 MB
        Both:  26.13 MB

MaxMetaspaceSize: unlimited
CompressedClassSpaceSize: 1.00 GB
Initial GC threshold: 21.00 MB
Current GC threshold: 21.00 MB
CDS: on
 - commit_granule_bytes: 65536.
 - commit_granule_words: 8192.
 - virtual_space_node_default_size: 8388608.
 - enlarge_chunks_in_place: 1.
UseCompressedClassPointers 1, UseCompactObjectHeaders 0
Narrow klass pointer bits 32, Max shift 3
Narrow klass base: 0x000000009e000000, Narrow klass shift: 0
Encoding Range: [0x000000009e000000 - 0x000000019e000000), (4294967296 bytes)
Klass Range:    [0x000000009e001000 - 0x00000000df000000), (1090514944 bytes)
Klass ID Range:  [4096 - 1090519033) (1090514937)
Protection zone: [0x000000009e000000 - 0x000000009e001000), (4096 bytes)


Internal statistics:

num_allocs_failed_limit: 0.
num_arena_births: 236.
num_arena_deaths: 0.
num_vsnodes_births: 2.
num_vsnodes_deaths: 0.
num_space_committed: 67.
num_space_uncommitted: 0.
num_chunks_returned_to_freelist: 0.
num_chunks_taken_from_freelist: 287.
num_chunk_merges: 0.
num_chunk_splits: 219.
num_chunks_enlarged: 153.
num_inconsistent_stats: 0.

CodeHeap 'non-profiled nmethods': size=120032Kb used=245Kb max_used=245Kb free=119786Kb
 bounds [0x0000714d4c0c8000, 0x0000714d4c338000, 0x0000714d53600000]
CodeHeap 'profiled nmethods': size=120028Kb used=890Kb max_used=890Kb free=119137Kb
 bounds [0x0000714d44600000, 0x0000714d44870000, 0x0000714d4bb37000]
CodeHeap 'non-nmethods': size=5700Kb used=1430Kb max_used=1453Kb free=4269Kb
 bounds [0x0000714d4bb37000, 0x0000714d4bda7000, 0x0000714d4c0c8000]
CodeCache: size=245760Kb, used=2565Kb, max_used=2588Kb, free=243192Kb
 total_blobs=1261, nmethods=758, adapters=401, full_count=0
Compilation: enabled, stopped_count=0, restarted_count=0

Compilation events (20 events):
Event: 3.313 Thread 0x0000714d5c1156b0 nmethod 744 0x0000714d4c101c88 code [0x0000714d4c101d80, 0x0000714d4c101e40]
Event: 3.313 Thread 0x0000714d5c113d00 nmethod 728 0x0000714d4c101f88 code [0x0000714d4c1020a0, 0x0000714d4c102c08]
Event: 3.313 Thread 0x0000714d5c113d00  736       4       java.lang.StringLatin1::equals (36 bytes)
Event: 3.313 Thread 0x0000714d5c1156b0  745       3       sun.net.www.ParseUtil::firstEncodeIndex (86 bytes)
Event: 3.314 Thread 0x0000714d5c1156b0 nmethod 745 0x0000714d446d9b88 code [0x0000714d446d9c80, 0x0000714d446da790]
Event: 3.314 Thread 0x0000714d5c1156b0  748       3       java.util.ArrayList::get (15 bytes)
Event: 3.314 Thread 0x0000714d5c1156b0 nmethod 748 0x0000714d446da808 code [0x0000714d446da900, 0x0000714d446dab50]
Event: 3.314 Thread 0x0000714d5c1156b0  746       3       java.util.zip.ZipCoder::hash (36 bytes)
Event: 3.314 Thread 0x0000714d5c1156b0 nmethod 746 0x0000714d446dab88 code [0x0000714d446dac80, 0x0000714d446db5d8]
Event: 3.314 Thread 0x0000714d5c1156b0  747       1       jdk.internal.loader.URLClassPath$Loader::getBaseURL (5 bytes)
Event: 3.314 Thread 0x0000714d5c1156b0 nmethod 747 0x0000714d4c102c88 code [0x0000714d4c102d80, 0x0000714d4c102e40]
Event: 3.315 Thread 0x0000714d5c113d00 nmethod 736 0x0000714d4c102f88 code [0x0000714d4c103080, 0x0000714d4c103238]
Event: 3.315 Thread 0x0000714d5c113d00  729       4       jdk.internal.classfile.impl.SplitConstantPool::internalAdd (12 bytes)
Event: 3.315 Thread 0x0000714d5c113d00 nmethod 729 0x0000714d4c103288 code [0x0000714d4c103380, 0x0000714d4c1034a8]
Event: 3.316 Thread 0x0000714d5c1156b0  749       3       java.lang.invoke.MethodType::insertParameterTypes (121 bytes)
Event: 3.316 Thread 0x0000714d5c1156b0 nmethod 749 0x0000714d446db608 code [0x0000714d446db700, 0x0000714d446dc8f0]
Event: 3.316 Thread 0x0000714d5c1156b0  750       1       jdk.internal.foreign.layout.AbstractLayout::byteAlignment (5 bytes)
Event: 3.316 Thread 0x0000714d5c1156b0 nmethod 750 0x0000714d4c103588 code [0x0000714d4c103680, 0x0000714d4c103740]
Event: 3.317 Thread 0x0000714d5c113d00  753       4       jdk.internal.classfile.impl.SplitConstantPool::internalAdd (78 bytes)
Event: 3.318 Thread 0x0000714d5c1156b0  754       3       jdk.internal.classfile.impl.StackMapGenerator::processMethod (258 bytes)

GC Heap Usage History (0 events):
No events

Metaspace Usage History (0 events):
No events

Dll operation events (7 events):
Event: 0.001 Loaded shared library /home/linuxbrew/.linuxbrew/Cellar/openjdk/25.0.2/libexec/lib/libjava.so
Event: 0.012 Loaded shared library /home/linuxbrew/.linuxbrew/Cellar/openjdk/25.0.2/libexec/lib/libsimdsort.so
Event: 0.024 Loaded shared library /home/linuxbrew/.linuxbrew/Cellar/openjdk/25.0.2/libexec/lib/libnio.so
Event: 0.030 Loaded shared library /home/linuxbrew/.linuxbrew/Cellar/openjdk/25.0.2/libexec/lib/libnet.so
Event: 0.050 Loaded shared library /home/linuxbrew/.linuxbrew/Cellar/openjdk/25.0.2/libexec/lib/libzip.so
Event: 0.053 Loaded shared library /home/linuxbrew/.linuxbrew/Cellar/openjdk/25.0.2/libexec/lib/libjimage.so
Event: 0.057 Loaded shared library /tmp/xross_lib_13731266205919063463/libxross_example.so

Deoptimization events (20 events):
Event: 3.233 Thread 0x0000714d5c01a340 DEOPT PACKING pc=0x0000714d446b7909 sp=0x0000714d61dfe7b0
Event: 3.233 Thread 0x0000714d5c01a340 DEOPT UNPACKING pc=0x0000714d4bb87fef sp=0x0000714d61dfdc40 mode 0
Event: 3.233 Thread 0x0000714d5c01a340 DEOPT PACKING pc=0x0000714d446b7909 sp=0x0000714d61dfe7b0
Event: 3.233 Thread 0x0000714d5c01a340 DEOPT UNPACKING pc=0x0000714d4bb87fef sp=0x0000714d61dfdc40 mode 0
Event: 3.316 Thread 0x0000714d5c01a340 Uncommon trap: trap_request=0xffffffd6 fr.pc=0x0000714d4c1026b4 relative=0x0000000000000614
Event: 3.316 Thread 0x0000714d5c01a340 Uncommon trap: reason=array_check action=maybe_recompile pc=0x0000714d4c1026b4 method=jdk.internal.classfile.impl.SplitConstantPool.internalAdd(Ljava/lang/classfile/constantpool/PoolEntry;I)Ljava/lang/classfile/constantpool/PoolEntry; @ 46 c2
Event: 3.316 Thread 0x0000714d5c01a340 DEOPT PACKING pc=0x0000714d4c1026b4 sp=0x0000714d61dfcc30
Event: 3.316 Thread 0x0000714d5c01a340 DEOPT UNPACKING pc=0x0000714d4bc58f79 sp=0x0000714d61dfcbe0 mode 2
Event: 3.316 Thread 0x0000714d5c01a340 Uncommon trap: trap_request=0xffffffd6 fr.pc=0x0000714d4c1026b4 relative=0x0000000000000614
Event: 3.316 Thread 0x0000714d5c01a340 Uncommon trap: reason=array_check action=maybe_recompile pc=0x0000714d4c1026b4 method=jdk.internal.classfile.impl.SplitConstantPool.internalAdd(Ljava/lang/classfile/constantpool/PoolEntry;I)Ljava/lang/classfile/constantpool/PoolEntry; @ 46 c2
Event: 3.316 Thread 0x0000714d5c01a340 DEOPT PACKING pc=0x0000714d4c1026b4 sp=0x0000714d61dfcc30
Event: 3.316 Thread 0x0000714d5c01a340 DEOPT UNPACKING pc=0x0000714d4bc58f79 sp=0x0000714d61dfcbe0 mode 2
Event: 3.316 Thread 0x0000714d5c01a340 Uncommon trap: trap_request=0xffffffd6 fr.pc=0x0000714d4c1026b4 relative=0x0000000000000614
Event: 3.316 Thread 0x0000714d5c01a340 Uncommon trap: reason=array_check action=maybe_recompile pc=0x0000714d4c1026b4 method=jdk.internal.classfile.impl.SplitConstantPool.internalAdd(Ljava/lang/classfile/constantpool/PoolEntry;I)Ljava/lang/classfile/constantpool/PoolEntry; @ 46 c2
Event: 3.316 Thread 0x0000714d5c01a340 DEOPT PACKING pc=0x0000714d4c1026b4 sp=0x0000714d61dfcb50
Event: 3.316 Thread 0x0000714d5c01a340 DEOPT UNPACKING pc=0x0000714d4bc58f79 sp=0x0000714d61dfcb00 mode 2
Event: 3.316 Thread 0x0000714d5c01a340 Uncommon trap: trap_request=0xffffffd6 fr.pc=0x0000714d4c1026b4 relative=0x0000000000000614
Event: 3.316 Thread 0x0000714d5c01a340 Uncommon trap: reason=array_check action=maybe_recompile pc=0x0000714d4c1026b4 method=jdk.internal.classfile.impl.SplitConstantPool.internalAdd(Ljava/lang/classfile/constantpool/PoolEntry;I)Ljava/lang/classfile/constantpool/PoolEntry; @ 46 c2
Event: 3.316 Thread 0x0000714d5c01a340 DEOPT PACKING pc=0x0000714d4c1026b4 sp=0x0000714d61dfcb50
Event: 3.316 Thread 0x0000714d5c01a340 DEOPT UNPACKING pc=0x0000714d4bc58f79 sp=0x0000714d61dfcb00 mode 2

Classes loaded (20 events):
Event: 3.308 Loading class java/lang/invoke/IndirectVarHandle
Event: 3.308 Loading class java/lang/invoke/IndirectVarHandle done
Event: 3.309 Loading class java/lang/invoke/VarHandles$1
Event: 3.309 Loading class java/lang/invoke/VarHandles$1 done
Event: 3.310 Loading class jdk/internal/foreign/Utils$BaseAndScale
Event: 3.310 Loading class jdk/internal/foreign/Utils$BaseAndScale done
Event: 3.310 Loading class jdk/internal/foreign/HeapMemorySegmentImpl$OfByte
Event: 3.310 Loading class jdk/internal/foreign/HeapMemorySegmentImpl
Event: 3.310 Loading class jdk/internal/foreign/HeapMemorySegmentImpl done
Event: 3.310 Loading class jdk/internal/foreign/HeapMemorySegmentImpl$OfByte done
Event: 3.310 Loading class jdk/internal/foreign/GlobalSession$HeapSession
Event: 3.310 Loading class jdk/internal/foreign/GlobalSession$HeapSession done
Event: 3.315 Loading class java/lang/NumberFormatException
Event: 3.315 Loading class java/lang/NumberFormatException done
Event: 3.315 Loading class java/lang/invoke/VarHandleSegmentAsInts
Event: 3.315 Loading class java/lang/invoke/VarHandleSegmentAsInts done
Event: 3.316 Loading class java/lang/invoke/VarHandleSegmentAsIntsAligned
Event: 3.316 Loading class java/lang/invoke/VarHandleSegmentAsIntsAligned done
Event: 3.317 Loading class java/util/concurrent/atomic/AtomicBoolean
Event: 3.317 Loading class java/util/concurrent/atomic/AtomicBoolean done

Classes unloaded (0 events):
No events

Classes redefined (0 events):
No events

Internal exceptions (20 events):
Event: 0.132 Thread 0x0000714d5c01a340 Exception <a 'java/lang/NoSuchMethodError'{0x000000074e406a40}: 'int java.lang.invoke.DelegatingMethodHandle$Holder.reinvoke_L(java.lang.Object, java.lang.Object, java.lang.Object, long, int)'> (0x000000074e406a40) 
thrown [src/hotspot/share/interpreter/linkResolver.cpp, line 803]
Event: 0.133 Thread 0x0000714d5c01a340 Exception <a 'java/lang/NoSuchMethodError'{0x000000074e430410}: 'int java.lang.invoke.DirectMethodHandle$Holder.invokeSpecial(java.lang.Object, java.lang.Object, long, int)'> (0x000000074e430410) 
thrown [src/hotspot/share/interpreter/linkResolver.cpp, line 803]
Event: 0.134 Thread 0x0000714d5c01a340 Exception <a 'java/lang/NoSuchMethodError'{0x000000074e440d80}: 'java.lang.Object java.lang.invoke.Invokers$Holder.invoke_MT(java.lang.Object, java.lang.Object, java.lang.Object, java.lang.Object, java.lang.Object)'> (0x000000074e440d80) 
thrown [src/hotspot/share/interpreter/linkResolver.cpp, line 803]
Event: 3.193 Thread 0x0000714d5c01a340 Exception <a 'java/lang/NoSuchMethodError'{0x000000074e47c8b0}: 'double java.lang.invoke.DirectMethodHandle$Holder.invokeStaticInit(java.lang.Object, java.lang.Object, java.lang.Object, long, int)'> (0x000000074e47c8b0) 
thrown [src/hotspot/share/interpreter/linkResolver.cpp, line 803]
Event: 3.194 Thread 0x0000714d5c01a340 Exception <a 'java/lang/NoSuchMethodError'{0x000000074e48cb08}: 'double java.lang.invoke.DelegatingMethodHandle$Holder.reinvoke_L(java.lang.Object, java.lang.Object, java.lang.Object, long, int)'> (0x000000074e48cb08) 
thrown [src/hotspot/share/interpreter/linkResolver.cpp, line 803]
Event: 3.195 Thread 0x0000714d5c01a340 Exception <a 'java/lang/NoSuchMethodError'{0x000000074e4b6668}: 'double java.lang.invoke.DirectMethodHandle$Holder.invokeSpecial(java.lang.Object, java.lang.Object, long, int)'> (0x000000074e4b6668) 
thrown [src/hotspot/share/interpreter/linkResolver.cpp, line 803]
Event: 3.295 Thread 0x0000714d5c01a340 Exception <a 'java/lang/NoSuchMethodError'{0x000000074cde93a8}: 'long java.lang.invoke.DirectMethodHandle$Holder.invokeInterface(java.lang.Object, java.lang.Object)'> (0x000000074cde93a8) 
thrown [src/hotspot/share/interpreter/linkResolver.cpp, line 803]
Event: 3.297 Thread 0x0000714d5c01a340 Exception <a 'java/lang/NoSuchMethodError'{0x000000074cb42c88}: 'java.lang.Object java.lang.invoke.DirectMethodHandle$Holder.invokeStaticInit(java.lang.Object, java.lang.Object, java.lang.Object, int)'> (0x000000074cb42c88) 
thrown [src/hotspot/share/interpreter/linkResolver.cpp, line 803]
Event: 3.299 Thread 0x0000714d5c01a340 Exception <a 'java/lang/NoSuchMethodError'{0x000000074cb82158}: 'void java.lang.invoke.DirectMethodHandle$Holder.invokeStaticInit(java.lang.Object, java.lang.Object, java.lang.Object, java.lang.Object, java.lang.Object)'> (0x000000074cb82158) 
thrown [src/hotspot/share/interpreter/linkResolver.cpp, line 803]
Event: 3.299 Thread 0x0000714d5c01a340 Exception <a 'java/lang/NoSuchMethodError'{0x000000074cb8a610}: 'void java.lang.invoke.DirectMethodHandle$Holder.invokeSpecial(java.lang.Object, java.lang.Object, java.lang.Object, java.lang.Object, java.lang.Object, java.lang.Object)'> (0x000000074cb8a610) 
thrown [src/hotspot/share/interpreter/linkResolver.cpp, line 803]
Event: 3.301 Thread 0x0000714d5c01a340 Exception <a 'java/lang/NoSuchMethodError'{0x000000074cbd0f68}: 'double java.lang.invoke.DirectMethodHandle$Holder.invokeStaticInit(java.lang.Object, java.lang.Object, java.lang.Object, java.lang.Object)'> (0x000000074cbd0f68) 
thrown [src/hotspot/share/interpreter/linkResolver.cpp, line 803]
Event: 3.302 Thread 0x0000714d5c01a340 Exception <a 'java/lang/NoSuchMethodError'{0x000000074cbe1110}: 'double java.lang.invoke.DelegatingMethodHandle$Holder.reinvoke_L(java.lang.Object, java.lang.Object, java.lang.Object, java.lang.Object)'> (0x000000074cbe1110) 
thrown [src/hotspot/share/interpreter/linkResolver.cpp, line 803]
Event: 3.303 Thread 0x0000714d5c01a340 Exception <a 'java/lang/NoSuchMethodError'{0x000000074c80b408}: 'void java.lang.invoke.Invokers$Holder.invokeExact_MT(java.lang.Object, java.lang.Object, java.lang.Object)'> (0x000000074c80b408) 
thrown [src/hotspot/share/interpreter/linkResolver.cpp, line 803]
Event: 3.304 Thread 0x0000714d5c01a340 Exception <a 'java/lang/NoSuchMethodError'{0x000000074c82e468}: 'long java.lang.invoke.DirectMethodHandle$Holder.invokeStaticInit(java.lang.Object, long, long, long, long)'> (0x000000074c82e468) 
thrown [src/hotspot/share/interpreter/linkResolver.cpp, line 803]
Event: 3.305 Thread 0x0000714d5c01a340 Exception <a 'java/lang/NoSuchMethodError'{0x000000074c8368f8}: 'java.lang.Object java.lang.invoke.DirectMethodHandle$Holder.invokeInterface(java.lang.Object, java.lang.Object, long, long)'> (0x000000074c8368f8) 
thrown [src/hotspot/share/interpreter/linkResolver.cpp, line 803]
Event: 3.305 Thread 0x0000714d5c01a340 Exception <a 'java/lang/NoSuchMethodError'{0x000000074c83edc0}: 'java.lang.Object java.lang.invoke.DirectMethodHandle$Holder.invokeInterface(java.lang.Object, java.lang.Object, long, java.lang.Object)'> (0x000000074c83edc0) 
thrown [src/hotspot/share/interpreter/linkResolver.cpp, line 803]
Event: 3.305 Thread 0x0000714d5c01a340 Exception <a 'java/lang/NoSuchMethodError'{0x000000074c84ed90}: 'void java.lang.invoke.DirectMethodHandle$Holder.invokeStaticInit(java.lang.Object, java.lang.Object, long, java.lang.Object)'> (0x000000074c84ed90) 
thrown [src/hotspot/share/interpreter/linkResolver.cpp, line 803]
Event: 3.306 Thread 0x0000714d5c01a340 Exception <a 'java/lang/NoSuchMethodError'{0x000000074c857340}: 'long java.lang.invoke.DirectMethodHandle$Holder.invokeStatic(java.lang.Object, long, long)'> (0x000000074c857340) 
thrown [src/hotspot/share/interpreter/linkResolver.cpp, line 803]
Event: 3.309 Thread 0x0000714d5c01a340 Exception <a 'java/lang/NoSuchMethodError'{0x000000074c88bdf0}: 'long java.lang.invoke.DelegatingMethodHandle$Holder.reinvoke_L(java.lang.Object, java.lang.Object, java.lang.Object, long)'> (0x000000074c88bdf0) 
thrown [src/hotspot/share/interpreter/linkResolver.cpp, line 803]
Event: 3.318 Thread 0x0000714d5c01a340 Exception <a 'java/lang/NoSuchMethodError'{0x000000074c969160}: 'java.lang.Object java.lang.invoke.Invokers$Holder.invokeExact_MT(java.lang.Object, int, java.lang.Object)'> (0x000000074c969160) 
thrown [src/hotspot/share/interpreter/linkResolver.cpp, line 803]

VM Operations (2 events):
Event: 0.029 Executing non-safepoint VM operation: HandshakeAllThreads (Deoptimize)
Event: 0.029 Executing non-safepoint VM operation: HandshakeAllThreads (Deoptimize) done

Memory protections (12 events):
Event: 0.001 Protecting memory [0x0000714d61d00000,0x0000714d61d04000] with protection modes 0
Event: 0.005 Protecting memory [0x000000009e000000,0x000000009e001000] with protection modes 0
Event: 0.010 Protecting memory [0x0000714d3cdf0000,0x0000714d3cdf4000] with protection modes 0
Event: 0.011 Protecting memory [0x0000714d3cb6e000,0x0000714d3cb72000] with protection modes 0
Event: 0.011 Protecting memory [0x0000714d3c300000,0x0000714d3c304000] with protection modes 0
Event: 0.011 Protecting memory [0x0000714d3c200000,0x0000714d3c204000] with protection modes 0
Event: 0.011 Protecting memory [0x0000714d3c100000,0x0000714d3c104000] with protection modes 0
Event: 0.011 Protecting memory [0x0000714d3c000000,0x0000714d3c004000] with protection modes 0
Event: 0.011 Protecting memory [0x0000714d07f00000,0x0000714d07f04000] with protection modes 0
Event: 0.020 Protecting memory [0x0000714d07e00000,0x0000714d07e04000] with protection modes 0
Event: 0.021 Protecting memory [0x0000714d07d00000,0x0000714d07d04000] with protection modes 0
Event: 0.061 Protecting memory [0x0000714d07c00000,0x0000714d07c04000] with protection modes 0

Nmethod flushes (0 events):
No events

Events (11 events):
Event: 0.006 Thread 0x0000714d5c01a340 Thread added: 0x0000714d5c01a340
Event: 0.010 Thread 0x0000714d5c01a340 Thread added: 0x0000714d5c10c110
Event: 0.011 Thread 0x0000714d5c01a340 Thread added: 0x0000714d5c10d300
Event: 0.011 Thread 0x0000714d5c01a340 Thread added: 0x0000714d5c10ed30
Event: 0.011 Thread 0x0000714d5c01a340 Thread added: 0x0000714d5c110660
Event: 0.011 Thread 0x0000714d5c01a340 Thread added: 0x0000714d5c111ef0
Event: 0.011 Thread 0x0000714d5c01a340 Thread added: 0x0000714d5c113d00
Event: 0.011 Thread 0x0000714d5c01a340 Thread added: 0x0000714d5c1156b0
Event: 0.020 Thread 0x0000714d5c01a340 Thread added: 0x0000714d5c153dc0
Event: 0.021 Thread 0x0000714d5c01a340 Thread added: 0x0000714d5c156210
Event: 0.061 Thread 0x0000714d5c01a340 Thread added: 0x0000714d5c1c78a0


Dynamic libraries:
9e000000-9e001000 ---p 00000000 00:00 0 
9e001000-9ed8d000 rw-p 00001000 08:02 13267116                           /home/linuxbrew/.linuxbrew/Cellar/openjdk/25.0.2/libexec/lib/server/classes.jsa
9ed8d000-9f000000 ---p 00000000 00:00 0 
9f000000-9f040000 rw-p 00000000 00:00 0 
9f040000-9f080000 rw-p 00000000 00:00 0 
9f080000-df000000 ---p 00000000 00:00 0 
742e00000-74ec00000 rw-p 00000000 00:00 0 
74ec00000-7ffe00000 ---p 00000000 00:00 0 
7ffe00000-7fff21000 rw-p 00dc0000 08:02 13267116                         /home/linuxbrew/.linuxbrew/Cellar/openjdk/25.0.2/libexec/lib/server/classes.jsa
7fff21000-800000000 rw-p 00000000 00:00 0 
635707812000-635707814000 r--p 00000000 08:02 13266505                   /home/linuxbrew/.linuxbrew/Cellar/openjdk/25.0.2/libexec/bin/java
635707814000-635707815000 r-xp 00002000 08:02 13266505                   /home/linuxbrew/.linuxbrew/Cellar/openjdk/25.0.2/libexec/bin/java
635707815000-635707816000 r--p 00003000 08:02 13266505                   /home/linuxbrew/.linuxbrew/Cellar/openjdk/25.0.2/libexec/bin/java
635707816000-635707817000 r--p 00003000 08:02 13266505                   /home/linuxbrew/.linuxbrew/Cellar/openjdk/25.0.2/libexec/bin/java
635707817000-63570781b000 rw-p 00004000 08:02 13266505                   /home/linuxbrew/.linuxbrew/Cellar/openjdk/25.0.2/libexec/bin/java
6357310bb000-635731104000 rw-p 00000000 00:00 0                          [heap]
714cec000000-714cec021000 rw-p 00000000 00:00 0 
714cec021000-714cf0000000 ---p 00000000 00:00 0 
714cf4000000-714cf4021000 rw-p 00000000 00:00 0 
714cf4021000-714cf8000000 ---p 00000000 00:00 0 
714cf8000000-714cf8021000 rw-p 00000000 00:00 0 
714cf8021000-714cfc000000 ---p 00000000 00:00 0 
714cfc000000-714cfc5c7000 rw-p 00000000 00:00 0 
714cfc5c7000-714d00000000 ---p 00000000 00:00 0 
714d00000000-714d00262000 rw-p 00000000 00:00 0 
714d00262000-714d04000000 ---p 00000000 00:00 0 
714d07c00000-714d07c04000 ---p 00000000 00:00 0 
714d07c04000-714d07d00000 rw-p 00000000 00:00 0 
714d07d00000-714d07d04000 ---p 00000000 00:00 0 
714d07d04000-714d07e00000 rw-p 00000000 00:00 0 
714d07e00000-714d07e04000 ---p 00000000 00:00 0 
714d07e04000-714d07f00000 rw-p 00000000 00:00 0 
714d07f00000-714d07f04000 ---p 00000000 00:00 0 
714d07f04000-714d08000000 rw-p 00000000 00:00 0 
714d08000000-714d08021000 rw-p 00000000 00:00 0 
714d08021000-714d0c000000 ---p 00000000 00:00 0 
714d0c000000-714d0c021000 rw-p 00000000 00:00 0 
714d0c021000-714d10000000 ---p 00000000 00:00 0 
714d10000000-714d10021000 rw-p 00000000 00:00 0 
714d10021000-714d14000000 ---p 00000000 00:00 0 
714d14000000-714d14021000 rw-p 00000000 00:00 0 
714d14021000-714d18000000 ---p 00000000 00:00 0 
714d18000000-714d18240000 rw-p 00000000 00:00 0 
714d18240000-714d18400000 ---p 00000000 00:00 0 
714d18400000-714d18570000 rw-p 00000000 00:00 0 
714d18570000-714d1c000000 ---p 00000000 00:00 0 
714d1c000000-714d1c021000 rw-p 00000000 00:00 0 
714d1c021000-714d20000000 ---p 00000000 00:00 0 
714d20000000-714d20021000 rw-p 00000000 00:00 0 
714d20021000-714d24000000 ---p 00000000 00:00 0 
714d24000000-714d24021000 rw-p 00000000 00:00 0 
714d24021000-714d28000000 ---p 00000000 00:00 0 
714d28000000-714d28021000 rw-p 00000000 00:00 0 
714d28021000-714d2c000000 ---p 00000000 00:00 0 
714d2c000000-714d2c021000 rw-p 00000000 00:00 0 
714d2c021000-714d30000000 ---p 00000000 00:00 0 
714d30000000-714d30021000 rw-p 00000000 00:00 0 
714d30021000-714d34000000 ---p 00000000 00:00 0 
714d34000000-714d34021000 rw-p 00000000 00:00 0 
714d34021000-714d38000000 ---p 00000000 00:00 0 
714d38000000-714d38021000 rw-p 00000000 00:00 0 
714d38021000-714d3c004000 ---p 00000000 00:00 0 
714d3c004000-714d3c100000 rw-p 00000000 00:00 0 
714d3c100000-714d3c104000 ---p 00000000 00:00 0 
714d3c104000-714d3c200000 rw-p 00000000 00:00 0 
714d3c200000-714d3c204000 ---p 00000000 00:00 0 
714d3c204000-714d3c300000 rw-p 00000000 00:00 0 
714d3c300000-714d3c304000 ---p 00000000 00:00 0 
714d3c304000-714d3c400000 rw-p 00000000 00:00 0 
714d3c400000-714d3ca80000 r--p 00000000 08:02 9175821                    /usr/lib/locale/locale-archive
714d3cabb000-714d3caf0000 r--p 00000000 00:2e 27218                      /tmp/xross_lib_13731266205919063463/libxross_example.so
714d3caf0000-714d3cb67000 r-xp 00034000 00:2e 27218                      /tmp/xross_lib_13731266205919063463/libxross_example.so
714d3cb67000-714d3cb6d000 r--p 000aa000 00:2e 27218                      /tmp/xross_lib_13731266205919063463/libxross_example.so
714d3cb6d000-714d3cb6e000 rw-p 000af000 00:2e 27218                      /tmp/xross_lib_13731266205919063463/libxross_example.so
714d3cb6e000-714d3cb72000 ---p 00000000 00:00 0 
714d3cb72000-714d3cc6e000 rw-p 00000000 00:00 0 
714d3cc6e000-714d3ccef000 rw-p 00000000 00:00 0 
714d3ccef000-714d3cdf0000 rw-p 00000000 00:00 0 
714d3cdf0000-714d3cdf4000 ---p 00000000 00:00 0 
714d3cdf4000-714d3d1f4000 rw-p 00000000 00:00 0 
714d3d1f4000-714d3fe00000 rw-p 00000000 00:00 0 
714d3fe49000-714d4014c000 rw-p 00000000 00:00 0 
714d4014c000-714d404d5000 rw-p 00000000 00:00 0 
714d404d5000-714d4311d000 ---p 00000000 00:00 0 
714d4311d000-714d43184000 rw-p 00000000 00:00 0 
714d43184000-714d4370d000 ---p 00000000 00:00 0 
714d4370d000-714d4376d000 rw-p 00000000 00:00 0 
714d4376d000-714d43cf6000 ---p 00000000 00:00 0 
714d43cf6000-714d44600000 rw-p 00000000 00:00 0 
714d44600000-714d44870000 rwxp 00000000 00:00 0 
714d44870000-714d4bb37000 ---p 00000000 00:00 0 
714d4bb37000-714d4bda7000 rwxp 00000000 00:00 0 
714d4bda7000-714d4c0c8000 ---p 00000000 00:00 0 
714d4c0c8000-714d4c338000 rwxp 00000000 00:00 0 
714d4c338000-714d53600000 ---p 00000000 00:00 0 
714d53600000-714d5bfaa000 r--s 00000000 08:02 13267108                   /home/linuxbrew/.linuxbrew/Cellar/openjdk/25.0.2/libexec/lib/modules
714d5bfb5000-714d5bfbc000 r--s 00000000 08:02 9336279                    /usr/lib/x86_64-linux-gnu/gconv/gconv-modules.cache
714d5bfbc000-714d5bfbe000 r--p 00000000 08:02 13267103                   /home/linuxbrew/.linuxbrew/Cellar/openjdk/25.0.2/libexec/lib/libsimdsort.so
714d5bfbe000-714d5bff6000 r-xp 00002000 08:02 13267103                   /home/linuxbrew/.linuxbrew/Cellar/openjdk/25.0.2/libexec/lib/libsimdsort.so
714d5bff6000-714d5bffc000 r--p 0003a000 08:02 13267103                   /home/linuxbrew/.linuxbrew/Cellar/openjdk/25.0.2/libexec/lib/libsimdsort.so
714d5bffc000-714d5bffd000 r--p 0003f000 08:02 13267103                   /home/linuxbrew/.linuxbrew/Cellar/openjdk/25.0.2/libexec/lib/libsimdsort.so
714d5bffd000-714d5bffe000 rw-p 00040000 08:02 13267103                   /home/linuxbrew/.linuxbrew/Cellar/openjdk/25.0.2/libexec/lib/libsimdsort.so
714d5bffe000-714d5c000000 rw-p 00043000 08:02 13267103                   /home/linuxbrew/.linuxbrew/Cellar/openjdk/25.0.2/libexec/lib/libsimdsort.so
714d5c000000-714d5c43d000 rw-p 00000000 00:00 0 
714d5c43d000-714d60000000 ---p 00000000 00:00 0 
714d60004000-714d60007000 r--p 00000000 08:02 13267107                   /home/linuxbrew/.linuxbrew/Cellar/openjdk/25.0.2/libexec/lib/libzip.so
714d60007000-714d6000c000 r-xp 00003000 08:02 13267107                   /home/linuxbrew/.linuxbrew/Cellar/openjdk/25.0.2/libexec/lib/libzip.so
714d6000c000-714d6000e000 r--p 00008000 08:02 13267107                   /home/linuxbrew/.linuxbrew/Cellar/openjdk/25.0.2/libexec/lib/libzip.so
714d6000e000-714d6000f000 r--p 00009000 08:02 13267107                   /home/linuxbrew/.linuxbrew/Cellar/openjdk/25.0.2/libexec/lib/libzip.so
714d6000f000-714d60010000 rw-p 0000a000 08:02 13267107                   /home/linuxbrew/.linuxbrew/Cellar/openjdk/25.0.2/libexec/lib/libzip.so
714d60010000-714d60012000 rw-p 0000d000 08:02 13267107                   /home/linuxbrew/.linuxbrew/Cellar/openjdk/25.0.2/libexec/lib/libzip.so
714d60012000-714d6031a000 rw-p 00000000 00:00 0 
714d6031a000-714d60400000 ---p 00000000 00:00 0 
714d60400000-714d604a2000 r--p 00000000 08:02 9177552                    /usr/lib/x86_64-linux-gnu/libstdc++.so.6.0.34
714d604a2000-714d605ef000 r-xp 000a2000 08:02 9177552                    /usr/lib/x86_64-linux-gnu/libstdc++.so.6.0.34
714d605ef000-714d60677000 r--p 001ef000 08:02 9177552                    /usr/lib/x86_64-linux-gnu/libstdc++.so.6.0.34
714d60677000-714d60686000 r--p 00276000 08:02 9177552                    /usr/lib/x86_64-linux-gnu/libstdc++.so.6.0.34
714d60686000-714d60689000 rw-p 00285000 08:02 9177552                    /usr/lib/x86_64-linux-gnu/libstdc++.so.6.0.34
714d60689000-714d6068d000 rw-p 00000000 00:00 0 
714d6068e000-714d60691000 r--p 00000000 08:02 13267097                   /home/linuxbrew/.linuxbrew/Cellar/openjdk/25.0.2/libexec/lib/libnet.so
714d60691000-714d60699000 r-xp 00003000 08:02 13267097                   /home/linuxbrew/.linuxbrew/Cellar/openjdk/25.0.2/libexec/lib/libnet.so
714d60699000-714d6069b000 r--p 0000b000 08:02 13267097                   /home/linuxbrew/.linuxbrew/Cellar/openjdk/25.0.2/libexec/lib/libnet.so
714d6069b000-714d6069c000 r--p 0000c000 08:02 13267097                   /home/linuxbrew/.linuxbrew/Cellar/openjdk/25.0.2/libexec/lib/libnet.so
714d6069c000-714d6069d000 rw-p 0000d000 08:02 13267097                   /home/linuxbrew/.linuxbrew/Cellar/openjdk/25.0.2/libexec/lib/libnet.so
714d6069d000-714d6069f000 rw-p 00011000 08:02 13267097                   /home/linuxbrew/.linuxbrew/Cellar/openjdk/25.0.2/libexec/lib/libnet.so
714d6069f000-714d606a6000 r--p 00000000 08:02 13267098                   /home/linuxbrew/.linuxbrew/Cellar/openjdk/25.0.2/libexec/lib/libnio.so
714d606a6000-714d606af000 r-xp 00007000 08:02 13267098                   /home/linuxbrew/.linuxbrew/Cellar/openjdk/25.0.2/libexec/lib/libnio.so
714d606af000-714d606b3000 r--p 00010000 08:02 13267098                   /home/linuxbrew/.linuxbrew/Cellar/openjdk/25.0.2/libexec/lib/libnio.so
714d606b3000-714d606b4000 r--p 00013000 08:02 13267098                   /home/linuxbrew/.linuxbrew/Cellar/openjdk/25.0.2/libexec/lib/libnio.so
714d606b4000-714d606b5000 rw-p 00014000 08:02 13267098                   /home/linuxbrew/.linuxbrew/Cellar/openjdk/25.0.2/libexec/lib/libnio.so
714d606b5000-714d606ba000 rw-p 0001b000 08:02 13267098                   /home/linuxbrew/.linuxbrew/Cellar/openjdk/25.0.2/libexec/lib/libnio.so
714d606ba000-714d6071a000 rw-p 00000000 00:00 0 
714d6071a000-714d60800000 ---p 00000000 00:00 0 
714d60800000-714d60adb000 r--p 00000000 08:02 13267121                   /home/linuxbrew/.linuxbrew/Cellar/openjdk/25.0.2/libexec/lib/server/libjvm.so
714d60adb000-714d61863000 r-xp 002db000 08:02 13267121                   /home/linuxbrew/.linuxbrew/Cellar/openjdk/25.0.2/libexec/lib/server/libjvm.so
714d61863000-714d61b69000 r--p 01063000 08:02 13267121                   /home/linuxbrew/.linuxbrew/Cellar/openjdk/25.0.2/libexec/lib/server/libjvm.so
714d61b69000-714d61b6a000 ---p 01369000 08:02 13267121                   /home/linuxbrew/.linuxbrew/Cellar/openjdk/25.0.2/libexec/lib/server/libjvm.so
714d61b6a000-714d61c52000 r--p 01369000 08:02 13267121                   /home/linuxbrew/.linuxbrew/Cellar/openjdk/25.0.2/libexec/lib/server/libjvm.so
714d61c52000-714d61c7d000 rw-p 01451000 08:02 13267121                   /home/linuxbrew/.linuxbrew/Cellar/openjdk/25.0.2/libexec/lib/server/libjvm.so
714d61c7d000-714d61cf9000 rw-p 00000000 00:00 0 
714d61cf9000-714d61cfd000 rw-p 01967000 08:02 13267121                   /home/linuxbrew/.linuxbrew/Cellar/openjdk/25.0.2/libexec/lib/server/libjvm.so
714d61d00000-714d61d04000 ---p 00000000 00:00 0 
714d61d04000-714d61e00000 rw-p 00000000 00:00 0 
714d61e00000-714d61e28000 r--p 00000000 08:02 9176997                    /usr/lib/x86_64-linux-gnu/libc.so.6
714d61e28000-714d61fc1000 r-xp 00028000 08:02 9176997                    /usr/lib/x86_64-linux-gnu/libc.so.6
714d61fc1000-714d62030000 r--p 001c1000 08:02 9176997                    /usr/lib/x86_64-linux-gnu/libc.so.6
714d62030000-714d62034000 r--p 0022f000 08:02 9176997                    /usr/lib/x86_64-linux-gnu/libc.so.6
714d62034000-714d62036000 rw-p 00233000 08:02 9176997                    /usr/lib/x86_64-linux-gnu/libc.so.6
714d62036000-714d62043000 rw-p 00000000 00:00 0 
714d62044000-714d62085000 rw-p 00000000 00:00 0 
714d62085000-714d62092000 r--p 00000000 08:02 13267083                   /home/linuxbrew/.linuxbrew/Cellar/openjdk/25.0.2/libexec/lib/libjava.so
714d62092000-714d620a0000 r-xp 0000d000 08:02 13267083                   /home/linuxbrew/.linuxbrew/Cellar/openjdk/25.0.2/libexec/lib/libjava.so
714d620a0000-714d620a5000 r--p 0001b000 08:02 13267083                   /home/linuxbrew/.linuxbrew/Cellar/openjdk/25.0.2/libexec/lib/libjava.so
714d620a5000-714d620a6000 ---p 00020000 08:02 13267083                   /home/linuxbrew/.linuxbrew/Cellar/openjdk/25.0.2/libexec/lib/libjava.so
714d620a6000-714d620a7000 r--p 00020000 08:02 13267083                   /home/linuxbrew/.linuxbrew/Cellar/openjdk/25.0.2/libexec/lib/libjava.so
714d620a7000-714d620a8000 rw-p 00021000 08:02 13267083                   /home/linuxbrew/.linuxbrew/Cellar/openjdk/25.0.2/libexec/lib/libjava.so
714d620a8000-714d620a9000 rw-p 00000000 00:00 0 
714d620a9000-714d620af000 rw-p 0002c000 08:02 13267083                   /home/linuxbrew/.linuxbrew/Cellar/openjdk/25.0.2/libexec/lib/libjava.so
714d620af000-714d620b3000 r--p 00000000 08:02 9177547                    /usr/lib/x86_64-linux-gnu/libgcc_s.so.1
714d620b3000-714d620d6000 r-xp 00004000 08:02 9177547                    /usr/lib/x86_64-linux-gnu/libgcc_s.so.1
714d620d6000-714d620da000 r--p 00027000 08:02 9177547                    /usr/lib/x86_64-linux-gnu/libgcc_s.so.1
714d620da000-714d620db000 r--p 0002a000 08:02 9177547                    /usr/lib/x86_64-linux-gnu/libgcc_s.so.1
714d620db000-714d620dc000 rw-p 0002b000 08:02 9177547                    /usr/lib/x86_64-linux-gnu/libgcc_s.so.1
714d620dc000-714d620ed000 r--p 00000000 08:02 9177423                    /usr/lib/x86_64-linux-gnu/libm.so.6
714d620ed000-714d62178000 r-xp 00011000 08:02 9177423                    /usr/lib/x86_64-linux-gnu/libm.so.6
714d62178000-714d621e7000 r--p 0009c000 08:02 9177423                    /usr/lib/x86_64-linux-gnu/libm.so.6
714d621e7000-714d621e8000 r--p 0010a000 08:02 9177423                    /usr/lib/x86_64-linux-gnu/libm.so.6
714d621e8000-714d621e9000 rw-p 0010b000 08:02 9177423                    /usr/lib/x86_64-linux-gnu/libm.so.6
714d621e9000-714d621ec000 rw-p 00000000 00:00 0 
714d621ec000-714d621ef000 r--p 00000000 08:02 11403538                   /home/linuxbrew/.linuxbrew/Cellar/zlib/1.3.1/lib/libz.so.1.3.1
714d621ef000-714d621fd000 r-xp 00003000 08:02 11403538                   /home/linuxbrew/.linuxbrew/Cellar/zlib/1.3.1/lib/libz.so.1.3.1
714d621fd000-714d62204000 r--p 00011000 08:02 11403538                   /home/linuxbrew/.linuxbrew/Cellar/zlib/1.3.1/lib/libz.so.1.3.1
714d62204000-714d62205000 r--p 00017000 08:02 11403538                   /home/linuxbrew/.linuxbrew/Cellar/zlib/1.3.1/lib/libz.so.1.3.1
714d62205000-714d62206000 rw-p 00018000 08:02 11403538                   /home/linuxbrew/.linuxbrew/Cellar/zlib/1.3.1/lib/libz.so.1.3.1
714d62206000-714d62207000 rw-p 0001b000 08:02 11403538                   /home/linuxbrew/.linuxbrew/Cellar/zlib/1.3.1/lib/libz.so.1.3.1
714d62207000-714d62209000 rw-p 00000000 00:00 0 
714d6220c000-714d62211000 rw-p 00000000 00:00 0 
714d62211000-714d62218000 ---p 00000000 00:00 0 
714d62218000-714d62220000 rw-s 00000000 00:2e 27216                      /tmp/hsperfdata_the-infinitys/3745116
714d62220000-714d62221000 ---p 00000000 00:00 0 
714d62221000-714d62222000 r--p 00000000 00:00 0 
714d62222000-714d62223000 ---p 00000000 00:00 0 
714d62223000-714d62225000 r--p 00000000 08:02 13267087                   /home/linuxbrew/.linuxbrew/Cellar/openjdk/25.0.2/libexec/lib/libjimage.so
714d62225000-714d62228000 r-xp 00002000 08:02 13267087                   /home/linuxbrew/.linuxbrew/Cellar/openjdk/25.0.2/libexec/lib/libjimage.so
714d62228000-714d62229000 r--p 00005000 08:02 13267087                   /home/linuxbrew/.linuxbrew/Cellar/openjdk/25.0.2/libexec/lib/libjimage.so
714d62229000-714d6222a000 ---p 00006000 08:02 13267087                   /home/linuxbrew/.linuxbrew/Cellar/openjdk/25.0.2/libexec/lib/libjimage.so
714d6222a000-714d6222b000 r--p 00006000 08:02 13267087                   /home/linuxbrew/.linuxbrew/Cellar/openjdk/25.0.2/libexec/lib/libjimage.so
714d6222b000-714d6222c000 rw-p 00007000 08:02 13267087                   /home/linuxbrew/.linuxbrew/Cellar/openjdk/25.0.2/libexec/lib/libjimage.so
714d6222c000-714d6222e000 rw-p 0000a000 08:02 13267087                   /home/linuxbrew/.linuxbrew/Cellar/openjdk/25.0.2/libexec/lib/libjimage.so
714d6222e000-714d62231000 r--p 00000000 08:02 13267088                   /home/linuxbrew/.linuxbrew/Cellar/openjdk/25.0.2/libexec/lib/libjli.so
714d62231000-714d6223b000 r-xp 00003000 08:02 13267088                   /home/linuxbrew/.linuxbrew/Cellar/openjdk/25.0.2/libexec/lib/libjli.so
714d6223b000-714d6223e000 r--p 0000d000 08:02 13267088                   /home/linuxbrew/.linuxbrew/Cellar/openjdk/25.0.2/libexec/lib/libjli.so
714d6223e000-714d6223f000 ---p 00010000 08:02 13267088                   /home/linuxbrew/.linuxbrew/Cellar/openjdk/25.0.2/libexec/lib/libjli.so
714d6223f000-714d62240000 r--p 00010000 08:02 13267088                   /home/linuxbrew/.linuxbrew/Cellar/openjdk/25.0.2/libexec/lib/libjli.so
714d62240000-714d62241000 rw-p 00011000 08:02 13267088                   /home/linuxbrew/.linuxbrew/Cellar/openjdk/25.0.2/libexec/lib/libjli.so
714d62241000-714d62243000 rw-p 00015000 08:02 13267088                   /home/linuxbrew/.linuxbrew/Cellar/openjdk/25.0.2/libexec/lib/libjli.so
714d62243000-714d62247000 rw-p 00000000 00:00 0 
714d62247000-714d6224b000 r--p 00000000 00:00 0                          [vvar]
714d6224b000-714d6224d000 r--p 00000000 00:00 0                          [vvar_vclock]
714d6224d000-714d6224f000 r-xp 00000000 00:00 0                          [vdso]
714d6224f000-714d62250000 r--p 00000000 08:02 9175995                    /usr/lib/x86_64-linux-gnu/ld-linux-x86-64.so.2
714d62250000-714d6227e000 r-xp 00001000 08:02 9175995                    /usr/lib/x86_64-linux-gnu/ld-linux-x86-64.so.2
714d6227e000-714d6228c000 r--p 0002f000 08:02 9175995                    /usr/lib/x86_64-linux-gnu/ld-linux-x86-64.so.2
714d6228c000-714d6228e000 r--p 0003d000 08:02 9175995                    /usr/lib/x86_64-linux-gnu/ld-linux-x86-64.so.2
714d6228e000-714d6228f000 rw-p 0003f000 08:02 9175995                    /usr/lib/x86_64-linux-gnu/ld-linux-x86-64.so.2
714d6228f000-714d62290000 rw-p 00000000 00:00 0 
7ffca2b33000-7ffca2b56000 rw-p 00000000 00:00 0                          [stack]
ffffffffff600000-ffffffffff601000 --xp 00000000 00:00 0                  [vsyscall]
Total number of mappings: 208

JVMTI agents: none


VM Arguments:
jvm_args: --add-opens=java.base/java.lang=ALL-UNNAMED -Dfile.encoding=UTF-8 -Duser.country=JP -Duser.language=ja -Duser.variant 
java_command: org.example.BenchmarkKt
java_class_path (initial): /home/the-infinitys/github/minecraft.infinite-client/project-xross/xross-example/app/build/classes/java/main:/home/the-infinitys/github/minecraft.infinite-client/project-xross/xross-example/app/build/classes/kotlin/main:/home/the-infinitys/github/minecraft.infinite-client/project-xross/xross-example/app/build/resources/main:/home/the-infinitys/.gradle/caches/modules-2/files-2.1/com.google.guava/guava/33.4.6-jre/4437fb72c3cc5d29554b588d9a97bea12d6a42e1/guava-33.4.6-jre.jar:/home/the-infinitys/.gradle/caches/modules-2/files-2.1/org.jetbrains.kotlin/kotlin-stdlib-jdk7/2.3.10/eb57a55dda1c04e2b68de7d50619dd7526150442/kotlin-stdlib-jdk7-2.3.10.jar:/home/the-infinitys/.gradle/caches/modules-2/files-2.1/org.jetbrains.kotlinx/kotlinx-coroutines-core-jvm/1.10.1/fe066928754beda3d59c8282e04289546465a360/kotlinx-coroutines-core-jvm-1.10.1.jar:/home/the-infinitys/.gradle/caches/modules-2/files-2.1/org.jetbrains.kotlin/kotlin-stdlib/2.3.10/8b80e2f80a3b7daa99c16017f91d4c72cd8b31a6/kotlin-stdlib-2.3.10.jar:/home/the-infinitys/.gradle/caches/modules-2/files-2.1/org.jetbrains.kotlin/kotlin-stdlib-jdk8/2.3.10/626e0d6a554c61b239816b108314301950a20de4/kotlin-stdlib-jdk8-2.3.10.jar:/home/the-infinitys/.gradle/caches/modules-2/files-2.1/com.google.guava/failureaccess/1.0.3/aeaffd00d57023a2c947393ed251f0354f0985fc/failureaccess-1.0.3.jar:/home/the-infinitys/.gradle/caches/modules-2/files-2.1/com.google.guava/listenablefuture/9999.0-empty-to-avoid-conflict-with-guava/b421526c5f297295adef1c886e5246c39d4ac629/listenablefuture-9999.0-empty-to-avoid-conflict-with-guava.jar:/home/the-infinitys/.gradle/caches/modules-2/files-2.1/org.jspecify/jspecify/1.0.0/7425a601c1c7ec76645a78d22b8c6a627edee507/jspecify-1.0.0.jar:/home/the-infinitys/.gradle/caches/modules-2/files-2.1/com.google.errorprone/error_prone_annotations/2.36.0/227d4d4957ccc3dc5761bd897e3a0ee587e750a7/error_prone_annotations-2.36.0.jar:/home/the-infinitys/.gradle/caches/modules-2/files-2.1/com.google.j2objc/j2objc-annotations/3.0.0/7399e65dd7e9ff3404f4535b2f017093bdb134c7/j2objc-annotations-3.0.0.jar:/home/the-infinitys/.gradle/caches/modules-2/files-2.1/org.jetbrains/annotations/23.0.0/8cc20c07506ec18e0834947b84a864bfc094484e/annotations-23.0.0.jar
Launcher Type: SUN_STANDARD

[Global flags]
     intx CICompilerCount                          = 4                                         {product} {ergonomic}
     uint ConcGCThreads                            = 3                                         {product} {ergonomic}
     uint G1ConcRefinementThreads                  = 12                                        {product} {ergonomic}
   size_t G1HeapRegionSize                         = 2097152                                   {product} {ergonomic}
   size_t InitialHeapSize                          = 199229440                                 {product} {ergonomic}
   size_t MarkStackSize                            = 4194304                                   {product} {ergonomic}
   size_t MarkStackSizeMax                         = 536870912                                 {product} {ergonomic}
   size_t MaxHeapSize                              = 3172990976                                {product} {ergonomic}
   size_t MaxNewSize                               = 1902116864                                {product} {ergonomic}
   size_t MinHeapDeltaBytes                        = 2097152                                   {product} {ergonomic}
   size_t MinHeapSize                              = 8388608                                   {product} {ergonomic}
    uintx NonNMethodCodeHeapSize                   = 5836800                                {pd product} {ergonomic}
    uintx NonProfiledCodeHeapSize                  = 122912768                              {pd product} {ergonomic}
    uintx ProfiledCodeHeapSize                     = 122908672                              {pd product} {ergonomic}
    uintx ReservedCodeCacheSize                    = 251658240                              {pd product} {ergonomic}
     bool SegmentedCodeCache                       = true                                      {product} {ergonomic}
   size_t SoftMaxHeapSize                          = 3172990976                             {manageable} {ergonomic}
     bool UseCompressedOops                        = true                           {product lp64_product} {ergonomic}
     bool UseG1GC                                  = true                                      {product} {ergonomic}

Logging:
Log output configuration:
 #0: stdout all=warning uptime,level,tags foldmultilines=false
 #1: stderr all=off uptime,level,tags foldmultilines=false

Release file:
IMPLEMENTOR="Homebrew"
IMPLEMENTOR_VERSION="Homebrew"
JAVA_RUNTIME_VERSION="25.0.2"
JAVA_VERSION="25.0.2"
JAVA_VERSION_DATE="2026-01-20"
LIBC="gnu"
MODULES="java.base java.compiler java.datatransfer java.xml java.prefs java.desktop java.instrument java.logging java.management java.security.sasl java.naming java.rmi java.management.rmi java.net.http java.scripting java.security.jgss java.transaction.xa java.sql java.sql.rowset java.xml.crypto java.se java.smartcardio jdk.accessibility jdk.internal.jvmstat jdk.attach jdk.charsets jdk.internal.opt jdk.zipfs jdk.compiler jdk.crypto.cryptoki jdk.crypto.ec jdk.dynalink jdk.internal.ed jdk.editpad jdk.internal.vm.ci jdk.graal.compiler jdk.graal.compiler.management jdk.hotspot.agent jdk.httpserver jdk.incubator.vector jdk.internal.le jdk.internal.md jdk.jartool jdk.javadoc jdk.jcmd jdk.management jdk.management.agent jdk.jconsole jdk.jdeps jdk.jdwp.agent jdk.jdi jdk.jfr jdk.jlink jdk.jpackage jdk.jshell jdk.jsobject jdk.jstatd jdk.localedata jdk.management.jfr jdk.naming.dns jdk.naming.rmi jdk.net jdk.nio.mapmode jdk.sctp jdk.security.auth jdk.security.jgss jdk.unsupported jdk.unsupported.desktop jdk.xml.dom"
OS_ARCH="x86_64"
OS_NAME="Linux"
SOURCE=""

Environment Variables:
PATH=/home/the-infinitys/.deno/bin:/home/the-infinitys/.python/venv//bin:/home/linuxbrew/.linuxbrew/bin:/home/linuxbrew/.linuxbrew/sbin:/home/the-infinitys/.bin:/home/the-infinitys/.local/bin:/home/the-infinitys/bin:/home/the-infinitys/.local/kitty.app/bin:/home/the-infinitys/.bun/bin:/home/the-infinitys/.cargo/bin:/usr/local/sbin:/usr/local/bin:/usr/sbin:/usr/bin:/sbin:/bin:/usr/games:/usr/local/games:/snap/bin:/home/the-infinitys/.lmstudio/bin
LD_LIBRARY_PATH=/usr/lib/mesa-diverted/x86_64-linux-gnu:/usr/lib/x86_64-linux-gnu/mesa:/usr/lib/x86_64-linux-gnu/dri:/usr/lib/x86_64-linux-gnu/gallium-pipe
SHELL=/usr/bin/zsh
DISPLAY=:20
LANG=ja_JP.UTF-8
LC_NUMERIC=ja_JP.UTF-8
LC_TIME=ja_JP.UTF-8
TERM=xterm-256color

Active Locale:
LC_ALL=ja_JP.UTF-8
LC_COLLATE=ja_JP.UTF-8
LC_CTYPE=ja_JP.UTF-8
LC_MESSAGES=ja_JP.UTF-8
LC_MONETARY=ja_JP.UTF-8
LC_NUMERIC=ja_JP.UTF-8
LC_TIME=ja_JP.UTF-8

Signal Handlers:
   SIGSEGV: crash_handler in libjvm.so, mask=11100100010111111101111111111110, flags=SA_RESTART|SA_SIGINFO, unblocked
    SIGBUS: crash_handler in libjvm.so, mask=11100100010111111101111111111110, flags=SA_RESTART|SA_SIGINFO, unblocked
    SIGFPE: crash_handler in libjvm.so, mask=11100100010111111101111111111110, flags=SA_RESTART|SA_SIGINFO, unblocked
   SIGPIPE: javaSignalHandler in libjvm.so, mask=11100100010111111101111111111110, flags=SA_RESTART|SA_SIGINFO, blocked
   SIGXFSZ: javaSignalHandler in libjvm.so, mask=11100100010111111101111111111110, flags=SA_RESTART|SA_SIGINFO, blocked
    SIGILL: crash_handler in libjvm.so, mask=11100100010111111101111111111110, flags=SA_RESTART|SA_SIGINFO, unblocked
   SIGUSR2: SR_handler in libjvm.so, mask=00000000000000000000000000000000, flags=SA_RESTART|SA_SIGINFO, blocked
    SIGHUP: UserHandler in libjvm.so, mask=11100100010111111101111111111110, flags=SA_RESTART|SA_SIGINFO, blocked
    SIGINT: UserHandler in libjvm.so, mask=11100100010111111101111111111110, flags=SA_RESTART|SA_SIGINFO, blocked
   SIGTERM: UserHandler in libjvm.so, mask=11100100010111111101111111111110, flags=SA_RESTART|SA_SIGINFO, blocked
   SIGQUIT: UserHandler in libjvm.so, mask=11100100010111111101111111111110, flags=SA_RESTART|SA_SIGINFO, blocked
   SIGTRAP: crash_handler in libjvm.so, mask=11100100010111111101111111111110, flags=SA_RESTART|SA_SIGINFO, unblocked


Compilation memory statistics disabled.

Periodic native trim disabled

---------------  S Y S T E M  ---------------

OS:
DISTRIB_ID=Ubuntu
DISTRIB_RELEASE=25.10
DISTRIB_CODENAME=questing
DISTRIB_DESCRIPTION="Ubuntu 25.10"
uname: Linux 6.17.0-14-generic #14-Ubuntu SMP PREEMPT_DYNAMIC Fri Jan  9 17:01:16 UTC 2026 x86_64
OS uptime: 1 days 10:11 hours
libc: glibc 2.42 NPTL 2.42 
rlimit (soft/hard): STACK 8192k/infinity , CORE 0k/infinity , NPROC 15189/15189 , NOFILE 524288/524288 , AS infinity/infinity , CPU infinity/infinity , DATA infinity/infinity , FSIZE infinity/infinity , MEMLOCK 8192k/8192k
load average: 0.85 1.18 1.12

/proc/meminfo:
MemTotal:       12391356 kB
MemFree:          148880 kB
MemAvailable:    2770196 kB
Buffers:           53448 kB
Cached:          3266080 kB
SwapCached:        12800 kB
Active:          3970852 kB
Inactive:        5203696 kB
Active(anon):    2912568 kB
Inactive(anon):  3527496 kB
Active(file):    1058284 kB
Inactive(file):  1676200 kB
Unevictable:        6708 kB
Mlocked:             548 kB
SwapTotal:      31502672 kB
SwapFree:       24418128 kB
Zswap:                 0 kB
Zswapped:              0 kB
Dirty:              8240 kB
Writeback:             0 kB
AnonPages:       5860996 kB
Mapped:          1460032 kB
Shmem:            585048 kB
KReclaimable:     205596 kB
Slab:             617364 kB
SReclaimable:     205596 kB
SUnreclaim:       411768 kB
KernelStack:       37104 kB
PageTables:       127132 kB
SecPageTables:         0 kB
NFS_Unstable:          0 kB
Bounce:                0 kB
WritebackTmp:          0 kB
CommitLimit:    37698348 kB
Committed_AS:   38821532 kB
VmallocTotal:   34359738367 kB
VmallocUsed:      404136 kB
VmallocChunk:          0 kB
Percpu:            21440 kB
HardwareCorrupted:     0 kB
AnonHugePages:         0 kB
ShmemHugePages:        0 kB
ShmemPmdMapped:        0 kB
FileHugePages:     16384 kB
FilePmdMapped:      8192 kB
CmaTotal:              0 kB
CmaFree:               0 kB
Unaccepted:            0 kB
Balloon:               0 kB
HugePages_Total:       0
HugePages_Free:        0
HugePages_Rsvd:        0
HugePages_Surp:        0
Hugepagesize:       2048 kB
Hugetlb:               0 kB
DirectMap4k:      453840 kB
DirectMap2M:    12128256 kB
DirectMap1G:           0 kB

/sys/kernel/mm/transparent_hugepage/enabled: always [madvise] never
/sys/kernel/mm/transparent_hugepage/hpage_pmd_size: 2097152
/sys/kernel/mm/transparent_hugepage/shmem_enabled: always within_size advise [never] deny force
/sys/kernel/mm/transparent_hugepage/defrag (defrag/compaction efforts parameter): always defer defer+madvise [madvise] never

Process Memory:
Virtual Size: 5975700K (peak: 6037900K)
Resident Set Size: 100540K (peak: 100540K) (anon: 74400K, file: 25696K, shmem: 444K)
Swapped out: 0K
C-Heap outstanding allocations: 42142K, retained: 3593K
glibc malloc tunables: (default)

/proc/sys/kernel/threads-max (system-wide limit on the number of threads): 30379
/proc/sys/vm/max_map_count (maximum number of memory map areas a process may have): 1048576
/proc/sys/vm/swappiness (control to define how aggressively the kernel swaps out anonymous memory): 100
/proc/sys/kernel/pid_max (system-wide limit on number of process identifiers): 4194304

container information not found.
Hyper-V virtualization detected
Steal ticks since vm start: 0
Steal ticks percentage since vm start:  0.000

CPU: total 15 (initial active 15) (8 cores per cpu, 2 threads per core) family 6 model 151 stepping 2 microcode 0xffffffff, cx8, cmov, fxsr, ht, mmx, 3dnowpref, sse, sse2, sse3, ssse3, sse4.1, sse4.2, popcnt, lzcnt, tsc, tscinvbit, avx, avx2, aes, erms, clmul, bmi1, bmi2, adx, sha, fma, vzeroupper, clflush, clflushopt, clwb, hv, serialize, rdtscp, rdpid, fsrm, gfni, f16c, cet_ibt, cet_ss
CPU Model and flags from /proc/cpuinfo:
model name	: 12th Gen Intel(R) Core(TM) i7-12700
flags		: fpu vme de pse tsc msr pae mce cx8 apic sep mtrr pge mca cmov pat pse36 clflush mmx fxsr sse sse2 ss ht syscall nx pdpe1gb rdtscp lm constant_tsc rep_good nopl xtopology tsc_reliable nonstop_tsc cpuid aperfmperf tsc_known_freq pni pclmulqdq vmx ssse3 fma cx16 pcid sse4_1 sse4_2 x2apic movbe popcnt tsc_deadline_timer aes xsave avx f16c rdrand hypervisor lahf_lm abm 3dnowprefetch ssbd ibrs ibpb stibp ibrs_enhanced tpr_shadow ept vpid ept_ad fsgsbase tsc_adjust bmi1 avx2 smep bmi2 erms invpcid rdseed adx smap clflushopt clwb sha_ni xsaveopt xsavec xgetbv1 xsaves user_shstk avx_vnni vnmi umip waitpkg gfni vaes vpclmulqdq rdpid movdiri movdir64b fsrm md_clear serialize ibt flush_l1d arch_capabilities

Online cpus: 0-14
Offline cpus: 
BIOS frequency limitation: <Not Available>
Frequency switch latency (ns): <Not Available>
Available cpu frequencies: <Not Available>
Current governor: <Not Available>
Core performance/turbo boost: <Not Available>

Memory: 4k page, physical 12391356k(2770196k free), swap 31502672k(24418128k free)
Page Sizes: 4k

vm_info: OpenJDK 64-Bit Server VM (25.0.2) for linux-amd64 JRE (25.0.2), built on 2025-12-18T08:04:02Z with gcc 12.3.0

END.
