#
# A fatal error has been detected by the Java Runtime Environment:
#
#  SIGSEGV (0xb) at pc=0x00007be96de84df3, pid=3718627, tid=3718628
#
# JRE version: OpenJDK Runtime Environment Homebrew (25.0.2) (build 25.0.2)
# Java VM: OpenJDK 64-Bit Server VM Homebrew (25.0.2, mixed mode, sharing, tiered, compressed oops, compressed class ptrs, g1 gc, linux-amd64)
# Problematic frame:
# C  [libxross_example.so+0x3cdf3]  xross_example_all_types_test_take_ref_node+0x3
#
# Core dump will be written. Default location: Core dumps may be processed with "/usr/share/apport/apport -p%p -s%s -c%c -d%d -P%P -u%u -g%g -F%F -- %E" (or dumping to /home/the-infinitys/github/minecraft.infinite-client/project-xross/xross-example/app/core.3718627)
#
# If you would like to submit a bug report, please visit:
#   https://github.com/Homebrew/homebrew-core/issues
# The crash happened outside the Java Virtual Machine in native code.
# See problematic frame for where to report the bug.
#

---------------  S U M M A R Y ------------

Command Line: --add-opens=java.base/java.lang=ALL-UNNAMED -Dfile.encoding=UTF-8 -Duser.country=JP -Duser.language=ja -Duser.variant org.example.WithXrossAppKt

Host: 12th Gen Intel(R) Core(TM) i7-12700, 15 cores, 11G, Ubuntu 25.10
Time: Mon Feb 16 21:53:22 2026 JST elapsed time: 0.930862 seconds (0d 0h 0m 0s)

---------------  T H R E A D  ---------------

Current thread (0x00007be99801a330):  JavaThread "main"             [_thread_in_native, id=3718628, stack(0x00007be99ff00000,0x00007be9a0000000) (1024K)]

Stack: [0x00007be99ff00000,0x00007be9a0000000],  sp=0x00007be99fffe378,  free space=1016k
Native frames: (J=compiled Java code, j=interpreted, Vv=VM code, C=native code)
C  [libxross_example.so+0x3cdf3]  xross_example_all_types_test_take_ref_node+0x3
j  java.lang.invoke.LambdaForm$MH+0x000000001608f400.invoke(Ljava/lang/Object;JJJ)I+12 java.base@25.0.2
j  java.lang.invoke.LambdaForm$MH+0x00000000160d5800.invokeExact_MT(Ljava/lang/Object;JJJLjava/lang/Object;)I+23 java.base@25.0.2
j  jdk.internal.foreign.abi.DowncallStub+0x000000001608f800.invoke(Ljava/lang/foreign/SegmentAllocator;Ljava/lang/foreign/MemorySegment;Ljava/lang/foreign/MemorySegment;Ljava/lang/foreign/MemorySegment;)I+113 java.base@25.0.2
j  java.lang.invoke.LambdaForm$DMH+0x0000000016090000.invokeStaticInit(Ljava/lang/Object;Ljava/lang/Object;Ljava/lang/Object;Ljava/lang/Object;Ljava/lang/Object;)I+16 java.base@25.0.2
j  java.lang.invoke.LambdaForm$MH+0x0000000016091800.invoke(Ljava/lang/Object;Ljava/lang/Object;Ljava/lang/Object;)I+47 java.base@25.0.2
j  java.lang.invoke.LambdaForm$MH+0x00000000160d5000.invokeExact_MT(Ljava/lang/Object;Ljava/lang/Object;Ljava/lang/Object;Ljava/lang/Object;)I+20 java.base@25.0.2
j  org.example.AllTypesTest.takeRefNode(Lorg/example/ComprehensiveNode;)I+127
j  org.example.WithXrossAppKt.executeAllTypesTest(Z)V+162
j  org.example.WithXrossAppKt.executeAllTypesTest$default(ZILjava/lang/Object;)V+9
j  org.example.WithXrossAppKt.main()V+183
j  org.example.WithXrossAppKt.main([Ljava/lang/String;)V+0
v  ~StubRoutines::call_stub 0x00007be987b37fa4
V  [libjvm.so+0x917a40]  JavaCalls::call_helper(JavaValue*, methodHandle const&, JavaCallArguments*, JavaThread*)+0x230
V  [libjvm.so+0x9b3d0c]  jni_invoke_static(JNIEnv_*, JavaValue*, _jobject*, JNICallType, _jmethodID*, JNI_ArgumentPusher*, JavaThread*) [clone .constprop.0]+0x12c
V  [libjvm.so+0x9b506c]  jni_CallStaticVoidMethod+0x13c
C  [libjli.so+0x4e8e]  invokeStaticMainWithArgs+0x4e
C  [libjli.so+0x5f79]  JavaMain+0xf19
C  [libjli.so+0x8f1d]  ThreadJavaMain+0xd
C  [libc.so.6+0xa3d64]
Java frames: (J=compiled Java code, j=interpreted, Vv=VM code)
v  ~RuntimeStub::nep_invoker_blob 0x00007be987c931e8
j  java.lang.invoke.LambdaForm$MH+0x000000001608f400.invoke(Ljava/lang/Object;JJJ)I+12 java.base@25.0.2
j  java.lang.invoke.LambdaForm$MH+0x00000000160d5800.invokeExact_MT(Ljava/lang/Object;JJJLjava/lang/Object;)I+23 java.base@25.0.2
j  jdk.internal.foreign.abi.DowncallStub+0x000000001608f800.invoke(Ljava/lang/foreign/SegmentAllocator;Ljava/lang/foreign/MemorySegment;Ljava/lang/foreign/MemorySegment;Ljava/lang/foreign/MemorySegment;)I+113 java.base@25.0.2
j  java.lang.invoke.LambdaForm$DMH+0x0000000016090000.invokeStaticInit(Ljava/lang/Object;Ljava/lang/Object;Ljava/lang/Object;Ljava/lang/Object;Ljava/lang/Object;)I+16 java.base@25.0.2
j  java.lang.invoke.LambdaForm$MH+0x0000000016091800.invoke(Ljava/lang/Object;Ljava/lang/Object;Ljava/lang/Object;)I+47 java.base@25.0.2
j  java.lang.invoke.LambdaForm$MH+0x00000000160d5000.invokeExact_MT(Ljava/lang/Object;Ljava/lang/Object;Ljava/lang/Object;Ljava/lang/Object;)I+20 java.base@25.0.2
j  org.example.AllTypesTest.takeRefNode(Lorg/example/ComprehensiveNode;)I+127
j  org.example.WithXrossAppKt.executeAllTypesTest(Z)V+162
j  org.example.WithXrossAppKt.executeAllTypesTest$default(ZILjava/lang/Object;)V+9
j  org.example.WithXrossAppKt.main()V+183
j  org.example.WithXrossAppKt.main([Ljava/lang/String;)V+0
v  ~StubRoutines::call_stub 0x00007be987b37fa4

siginfo: si_signo: 11 (SIGSEGV), si_code: 1 (SEGV_MAPERR), si_addr: 0x00007be900000001

Registers:
RAX=0x00007be900000001, RBX=0x00007be954259af0, RCX=0x00007be92603f0e8, RDX=0x00007be92603f090
RSP=0x00007be99fffe378, RBP=0x00007be99fffe390, RSI=0x00007be92603f0e8, RDI=0x00007be92603f090
R8 =0x000000074e18e8f0, R9 =0x0000000000000000, R10=0x00007be96de84df0, R11=0x00007be988107b00
R12=0x0000000000000000, R13=0x00007be99fffe3a8, R14=0x00007be99fffe470, R15=0x00007be99801a330
RIP=0x00007be96de84df3, EFLAGS=0x0000000000010202, CSGSFS=0x002b000000000033, ERR=0x0000000000000004
  TRAPNO=0x000000000000000e

XMM[0]=0x00007be99801a330 0x00007be954259af0
XMM[1]=0x0000000000000000 0x00007be99801a330
XMM[2]=0x0000000000000000 0x0000000000000000
XMM[3]=0x0000000000000000 0x00000000151f1da0
XMM[4]=0x0000000000000000 0x00007be99801a330
XMM[5]=0x0000000000000000 0x0000000000000000
XMM[6]=0x00007be99840b3a0 0x00007be99840b3a0
XMM[7]=0x0000000000000000 0x0000000000000000
XMM[8]=0x0002000700060008 0x0002000000090008
XMM[9]=0xf8e2f4cef8e2f4ce 0xf8e2f4cefaeb1564
XMM[10]=0x0000000000000000 0x0000000002082096
XMM[11]=0x2079760f2079760f 0x2079760f1b648b73
XMM[12]=0x0000000000000000 0x00000000faeb1564
XMM[13]=0x0000000000000000 0x199241eb369a8e10
XMM[14]=0x0000000000000000 0x32ec65f1a11addec
XMM[15]=0x0000000000000000 0x0000000000000000
  MXCSR=0x00001fa2


Register to memory mapping:

RAX=0x00007be900000001 is an unknown value
RBX={method} {0x00007be954259af0} 'linkToNative' '(JJJLjava/lang/Object;)I' in 'java/lang/invoke/MethodHandle'
RCX=0x00007be92603f0e8 points into unknown readable memory: 0x00007be900000001 | 01 00 00 00 e9 7b 00 00
RDX=0x00007be92603f090 points into unknown readable memory: 0x0041001e91140a00 | 00 0a 14 91 1e 00 41 00
RSP=0x00007be99fffe378 is pointing into the stack for thread: 0x00007be99801a330
RBP=0x00007be99fffe390 is pointing into the stack for thread: 0x00007be99801a330
RSI=0x00007be92603f0e8 points into unknown readable memory: 0x00007be900000001 | 01 00 00 00 e9 7b 00 00
RDI=0x00007be92603f090 points into unknown readable memory: 0x0041001e91140a00 | 00 0a 14 91 1e 00 41 00
R8 =0x000000074e18e8f0 is an oop: jdk.internal.foreign.abi.NativeEntryPoint 
{0x000000074e18e8f0} - klass: 'jdk/internal/foreign/abi/NativeEntryPoint' - flags: 

 - ---- fields (total size 3 words):
 - private final 'methodType' 'Ljava/lang/invoke/MethodType;' @12  a 'java/lang/invoke/MethodType'{0x000000074e18df78} = (JJJ)I (0xe9c31bef)
 - private final 'downcallStubAddress' 'J' @16  136242935706080 (0x00007be987c931e0)
R9 =0x0 is null
R10=0x00007be96de84df0: xross_example_all_types_test_take_ref_node+0x0000000000000000 in /tmp/xross_test_9339364756069368455/libxross_example.so at 0x00007be96de48000
R11=0x00007be988107b00 is at entry_point+0 in (nmethod*)0x00007be988107a08
Compiled method (n/a) 936  862     n 0       java.lang.invoke.MethodHandle::linkToNative(JJJL)I (native)
 total in heap  [0x00007be988107a08,0x00007be988107b08] = 256
 main code      [0x00007be988107b00,0x00007be988107b07] = 7
 stub code      [0x00007be988107b07,0x00007be988107b08] = 1
R12=0x0 is null
R13=0x00007be99fffe3a8 is pointing into the stack for thread: 0x00007be99801a330
R14=0x00007be99fffe470 is pointing into the stack for thread: 0x00007be99801a330
R15=0x00007be99801a330 is a thread

Top of Stack: (sp=0x00007be99fffe378)
0x00007be99fffe378:   00007be987c93221 00000000000000b8   !2...{..........
0x00007be99fffe388:   0000000000000000 00007be99fffe428   ........(....{..
0x00007be99fffe398:   00007be987b3f580 00007be987b3f580   .....{.......{..
0x00007be99fffe3a8:   000000074e18e8f0 00007be92603f0e8   ...N.......&.{..
0x00007be99fffe3b8:   0000000000000000 00007be92603f090   ...........&.{..
0x00007be99fffe3c8:   0000000000000000 00007be96de84df0   .........M.m.{..
0x00007be99fffe3d8:   0000000000000000 fffffffffffffff7   ................
0x00007be99fffe3e8:   00007be9544cd254 0000000000000009   T.LT.{..........
0x00007be99fffe3f8:   00007be9544cd3f8 0000000000000000   ..LT.{..........
0x00007be99fffe408:   000000074e196328 00007be9544cd260   (c.N....`.LT.{..
0x00007be99fffe418:   fffffffffffffff0 00007be99fffe440   ........@....{..
0x00007be99fffe428:   00007be99fffe4c0 00007be987b3f580   .....{.......{..
0x00007be99fffe438:   000000074e18e8f0 00007be92603f0e8   ...N.......&.{..
0x00007be99fffe448:   0000000000000000 00007be92603f090   ...........&.{..
0x00007be99fffe458:   0000000000000000 00007be96de84df0   .........M.m.{..
0x00007be99fffe468:   0000000000000000 000000074e196458   ........Xd.N....
0x00007be99fffe478:   fffffffffffffff7 00007be95469be9f   ..........iT.{..
0x00007be99fffe488:   0000000000000009 00007be95469c068   ........h.iT.{..
0x00007be99fffe498:   0000000000000000 000000074cce98f8   ...........L....
0x00007be99fffe4a8:   00007be95469beb0 fffffffffffffff0   ..iT.{..........
0x00007be99fffe4b8:   00007be99fffe4d0 00007be99fffe558   .....{..X....{..
0x00007be99fffe4c8:   00007be987b3f580 000000074e18df78   .....{..x..N....
0x00007be99fffe4d8:   00007be92603f0e8 0000000000000000   ...&.{..........
0x00007be99fffe4e8:   00007be92603f090 0000000000000000   ...&.{..........
0x00007be99fffe4f8:   00007be96de84df0 0000000000000000   .M.m.{..........
0x00007be99fffe508:   000000074e196458 fffffffffffffff7   Xd.N............
0x00007be99fffe518:   00007be9544cdbe1 0000000000000010   ..LT.{..........
0x00007be99fffe528:   00007be9544cde80 0000000000000000   ..LT.{..........
0x00007be99fffe538:   000000074e1a16a8 00007be9544cdc50   ...N....P.LT.{..
0x00007be99fffe548:   ffffffffffffffef 00007be99fffe5b8   .............{..
0x00007be99fffe558:   00007be99fffe628 00007be987b3f580   (....{.......{..
0x00007be99fffe568:   0000000000000000 000000074e91bd08   ...........N....

Instructions: (pc=0x00007be96de84df3)
  0x00007be96de84cf3:   38 c3 cc cc cc cc cc cc cc cc cc cc cc 48 8d 47
  0x00007be96de84d03:   58 c3 cc cc cc cc cc cc cc cc cc cc cc 53 48 83
  0x00007be96de84d13:   ec 20 8b 5f 58 48 8d 77 60 48 8d 7c 24 08 ff 15
  0x00007be96de84d23:   f1 5d 07 00 89 1c 24 ff 15 a8 5d 07 00 bf 20 00
  0x00007be96de84d33:   00 00 be 08 00 00 00 ff 15 a0 5c 07 00 48 85 c0
  0x00007be96de84d43:   74 16 0f 10 04 24 0f 10 4c 24 10 0f 11 48 10 0f
  0x00007be96de84d53:   11 00 48 83 c4 20 5b c3 bf 08 00 00 00 be 20 00
  0x00007be96de84d63:   00 00 ff 15 75 5d 07 00 0f 0b ff 15 fd 5c 07 00
  0x00007be96de84d73:   48 8b 7c 24 08 48 8b 74 24 10 e8 0e e7 ff ff ff
  0x00007be96de84d83:   15 e8 5c 07 00 cc cc cc cc cc cc cc cc 48 8b 06
  0x00007be96de84d93:   89 10 c3 cc cc cc cc cc cc cc cc cc cc 53 48 83
  0x00007be96de84da3:   ec 20 48 89 fb 0f 10 06 0f 10 4e 10 0f 29 4c 24
  0x00007be96de84db3:   10 0f 29 04 24 48 8b 77 60 48 85 f6 74 0f 48 8b
  0x00007be96de84dc3:   7b 68 ba 01 00 00 00 ff 15 18 5c 07 00 0f 28 04
  0x00007be96de84dd3:   24 0f 28 4c 24 10 0f 11 4b 68 0f 11 43 58 48 83
  0x00007be96de84de3:   c4 20 5b c3 cc cc cc cc cc cc cc cc cc 48 8b 06
=>0x00007be96de84df3:   8b 00 c3 cc cc cc cc cc cc cc cc cc cc 55 41 57
  0x00007be96de84e03:   41 56 41 55 41 54 53 48 83 ec 48 49 89 cc 49 89
  0x00007be96de84e13:   f6 48 89 fb 48 b8 00 00 00 00 00 00 00 80 31 ed
  0x00007be96de84e23:   48 85 f6 40 0f 95 c6 48 85 d2 74 56 40 88 34 24
  0x00007be96de84e33:   48 89 d7 49 89 d7 ff 15 e9 5c 07 00 48 8d 50 01
  0x00007be96de84e43:   48 8d 7c 24 18 4c 89 fe ff 15 df 5c 07 00 4c 8b
  0x00007be96de84e53:   7c 24 18 48 8b 4c 24 20 4c 8b 6c 24 28 48 b8 00
  0x00007be96de84e63:   00 00 00 00 00 00 80 49 39 c7 75 6c 4d 85 ed 0f
  0x00007be96de84e73:   b6 34 24 79 1a 31 ff 4c 89 ee ff 15 6d 5c 07 00
  0x00007be96de84e83:   0f 0b 49 89 c7 40 88 f5 4d 85 e4 75 57 eb 7a 74
  0x00007be96de84e93:   65 49 89 cf ff 15 3b 5c 07 00 be 01 00 00 00 4c
  0x00007be96de84ea3:   89 ef ff 15 35 5b 07 00 bf 01 00 00 00 48 85 c0
  0x00007be96de84eb3:   74 c5 48 89 c7 4c 89 fe 4c 89 ea 48 89 44 24 10
  0x00007be96de84ec3:   ff 15 7f 5b 07 00 4d 89 ef 48 8b 4c 24 10 48 b8
  0x00007be96de84ed3:   00 00 00 00 00 00 00 80 0f b6 34 24 40 88 f5 4d
  0x00007be96de84ee3:   85 e4 74 25 41 0f 10 0c 24 41 0f 10 44 24 10 0f


Stack slot to memory mapping:

stack at sp + 0 slots: 0x00007be987c93221 is at code_begin+65 in 
[CodeBlob kind:6 (0x00007be987c93188)]
Framesize: 4
Runtime Stub (0x00007be987c93188): nep_invoker_blob
--------------------------------------------------------------------------------
Decoding CodeBlob, name: nep_invoker_blob, at  [0x00007be987c931e0, 0x00007be987c932d8]  248 bytes
[MachCode]
  0x00007be987c931e0: 5548 8bec | 4883 ec10 | c5f8 7749 | 89af 9004 | 0000 49ba | e831 c987 | e97b 0000 | 4d89 9788 
  0x00007be987c93200: 0400 0049 | 89a7 8004 | 0000 41c7 | 872c 0500 | 0004 0000 | 004c 8bd6 | 488b f148 | 8bfa 41ff 
  0x00007be987c93220: d2c5 f877 | 41c7 872c | 0500 0005 | 0000 00f0 | 8344 24c0 | 0049 3b6f | 280f 874d | 0000 0041 
  0x00007be987c93240: 83bf 2805 | 0000 000f | 853f 0000 | 0041 c787 | 2c05 0000 | 0800 0000 | 4183 bfa8 | 0500 0002 
  0x00007be987c93260: 0f84 4c00 | 0000 49c7 | 8780 0400 | 0000 0000 | 0049 c787 | 9004 0000 | 0000 0000 | 49c7 8788 
  0x00007be987c93280: 0400 0000 | 0000 00c5 | f877 c9c3 | 4889 0424 | 498b ffc5 | f877 4c8b | e448 83ec | 0048 83e4 
  0x00007be987c932a0: f0e8 4ab6 | 6917 498b | e44d 33e4 | 488b 0424 | eb9b 4889 | 0424 c5f8 | 774c 8be4 | 4883 ec00 
  0x00007be987c932c0: 4883 e4f0 | e847 62ae | 1749 8be4 | 4d33 e448 | 8b04 24eb | 91f4 f4f4 
[/MachCode]
--------------------------------------------------------------------------------
stack at sp + 1 slots: 0x00000000000000b8 is an unknown value
stack at sp + 2 slots: 0x0 is null
stack at sp + 3 slots: 0x00007be99fffe428 is pointing into the stack for thread: 0x00007be99801a330
stack at sp + 4 slots: 0x00007be987b3f580 is at code_begin+1600 in an Interpreter codelet
return entry points  [0x00007be987b3ef40, 0x00007be987b3fbb8]  3192 bytes
stack at sp + 5 slots: 0x00007be987b3f580 is at code_begin+1600 in an Interpreter codelet
return entry points  [0x00007be987b3ef40, 0x00007be987b3fbb8]  3192 bytes
stack at sp + 6 slots: 0x000000074e18e8f0 is an oop: jdk.internal.foreign.abi.NativeEntryPoint 
{0x000000074e18e8f0} - klass: 'jdk/internal/foreign/abi/NativeEntryPoint' - flags: 

 - ---- fields (total size 3 words):
 - private final 'methodType' 'Ljava/lang/invoke/MethodType;' @12  a 'java/lang/invoke/MethodType'{0x000000074e18df78} = (JJJ)I (0xe9c31bef)
 - private final 'downcallStubAddress' 'J' @16  136242935706080 (0x00007be987c931e0)
stack at sp + 7 slots: 0x00007be92603f0e8 points into unknown readable memory: 0x00007be900000001 | 01 00 00 00 e9 7b 00 00

Lock stack of current Java thread (top to bottom):

--------------------------------------------------------------------------------
Decoding CodeBlob, name: nep_invoker_blob, at  [0x00007be987c931e0, 0x00007be987c932d8]  248 bytes
[MachCode]
  0x00007be987c931e0: 5548 8bec | 4883 ec10 | c5f8 7749 | 89af 9004 | 0000 49ba | e831 c987 | e97b 0000 | 4d89 9788 
  0x00007be987c93200: 0400 0049 | 89a7 8004 | 0000 41c7 | 872c 0500 | 0004 0000 | 004c 8bd6 | 488b f148 | 8bfa 41ff 
  0x00007be987c93220: d2c5 f877 | 41c7 872c | 0500 0005 | 0000 00f0 | 8344 24c0 | 0049 3b6f | 280f 874d | 0000 0041 
  0x00007be987c93240: 83bf 2805 | 0000 000f | 853f 0000 | 0041 c787 | 2c05 0000 | 0800 0000 | 4183 bfa8 | 0500 0002 
  0x00007be987c93260: 0f84 4c00 | 0000 49c7 | 8780 0400 | 0000 0000 | 0049 c787 | 9004 0000 | 0000 0000 | 49c7 8788 
  0x00007be987c93280: 0400 0000 | 0000 00c5 | f877 c9c3 | 4889 0424 | 498b ffc5 | f877 4c8b | e448 83ec | 0048 83e4 
  0x00007be987c932a0: f0e8 4ab6 | 6917 498b | e44d 33e4 | 488b 0424 | eb9b 4889 | 0424 c5f8 | 774c 8be4 | 4883 ec00 
  0x00007be987c932c0: 4883 e4f0 | e847 62ae | 1749 8be4 | 4d33 e448 | 8b04 24eb | 91f4 f4f4 
[/MachCode]
--------------------------------------------------------------------------------


---------------  P R O C E S S  ---------------

Threads class SMR info:
_java_thread_list=0x00007be9981c0000, length=11, elements={
0x00007be99801a330, 0x00007be99810c120, 0x00007be99810d310, 0x00007be99810ed40,
0x00007be998110670, 0x00007be998111f00, 0x00007be998113d10, 0x00007be9981156c0,
0x00007be998153fb0, 0x00007be998156400, 0x00007be9981bee60
}

Java Threads: ( => current thread )
=>0x00007be99801a330 JavaThread "main"                              [_thread_in_native, id=3718628, stack(0x00007be99ff00000,0x00007be9a0000000) (1024K)]
  0x00007be99810c120 JavaThread "Reference Handler"          daemon [_thread_blocked, id=3718639, stack(0x00007be97cdaf000,0x00007be97ceb0000) (1028K)]
  0x00007be99810d310 JavaThread "Finalizer"                  daemon [_thread_blocked, id=3718640, stack(0x00007be97ccaf000,0x00007be97cdaf000) (1024K)]
  0x00007be99810ed40 JavaThread "Signal Dispatcher"          daemon [_thread_blocked, id=3718641, stack(0x00007be97c500000,0x00007be97c600000) (1024K)]
  0x00007be998110670 JavaThread "Service Thread"             daemon [_thread_blocked, id=3718642, stack(0x00007be97c400000,0x00007be97c500000) (1024K)]
  0x00007be998111f00 JavaThread "Monitor Deflation Thread"   daemon [_thread_blocked, id=3718643, stack(0x00007be97c300000,0x00007be97c400000) (1024K)]
  0x00007be998113d10 JavaThread "C2 CompilerThread0"         daemon [_thread_in_native, id=3718644, stack(0x00007be97c200000,0x00007be97c300000) (1024K)]
  0x00007be9981156c0 JavaThread "C1 CompilerThread0"         daemon [_thread_blocked, id=3718645, stack(0x00007be97c100000,0x00007be97c200000) (1024K)]
  0x00007be998153fb0 JavaThread "Notification Thread"        daemon [_thread_blocked, id=3718646, stack(0x00007be97c000000,0x00007be97c100000) (1024K)]
  0x00007be998156400 JavaThread "Common-Cleaner"             daemon [_thread_blocked, id=3718647, stack(0x00007be96df00000,0x00007be96e000000) (1024K)]
  0x00007be9981bee60 JavaThread "Cleaner-0"                  daemon [_thread_blocked, id=3718648, stack(0x00007be96dd48000,0x00007be96de48000) (1024K)]
Total: 11

Other Threads:
  0x00007be998102310 VMThread "VM Thread"                           [id=3718638, stack(0x00007be97ceb1000,0x00007be97cfb1000) (1024K)]
  0x00007be9980f1a80 WatcherThread "VM Periodic Task Thread"        [id=3718637, stack(0x00007be97cfb2000,0x00007be97d0b2000) (1024K)]
  0x00007be998072b10 WorkerThread "GC Thread#0"                     [id=3718629, stack(0x00007be99cabb000,0x00007be99cbbb000) (1024K)]
  0x00007be998085d80 ConcurrentGCThread "G1 Main Marker"            [id=3718630, stack(0x00007be99c9ba000,0x00007be99caba000) (1024K)]
  0x00007be998086f60 WorkerThread "G1 Conc#0"                       [id=3718631, stack(0x00007be99c8b9000,0x00007be99c9b9000) (1024K)]
  0x00007be9980e2660 ConcurrentGCThread "G1 Refine#0"               [id=3718632, stack(0x00007be97d1b4000,0x00007be97d2b4000) (1024K)]
  0x00007be9980e3860 ConcurrentGCThread "G1 Service"                [id=3718633, stack(0x00007be97d0b3000,0x00007be97d1b3000) (1024K)]
Total: 7

Threads with active compile tasks:
C2 CompilerThread0  938 1586   !   4       kotlin.jdk7.AutoCloseableKt::closeFinally (35 bytes)
Total: 1

VM state: not at safepoint (normal execution)

VM Mutex/Monitor currently owned by a thread: None

Heap address: 0x0000000742e00000, size: 3026 MB, Compressed Oops mode: Zero based, Oop shift amount: 3

CDS archive(s) mapped at: [0x0000000015000000-0x0000000015d8d000-0x0000000015d8d000), size 14209024, SharedBaseAddress: 0x0000000015000000, ArchiveRelocationMode: 1.
Compressed class space mapped at: 0x0000000016000000-0x0000000056000000, reserved size: 1073741824
UseCompressedClassPointers 1, UseCompactObjectHeaders 0
Narrow klass pointer bits 32, Max shift 3
Narrow klass base: 0x0000000015000000, Narrow klass shift: 0
Encoding Range: [0x0000000015000000 - 0x0000000115000000), (4294967296 bytes)
Klass Range:    [0x0000000015001000 - 0x0000000056000000), (1090514944 bytes)
Klass ID Range:  [4096 - 1090519033) (1090514937)
Protection zone: [0x0000000015000000 - 0x0000000015001000), (4096 bytes)

GC Precious Log:
 CardTable entry size: 512
 Card Set container configuration: InlinePtr #cards 4 size 8 Array Of Cards #cards 16 size 48 Howl #buckets 8 coarsen threshold 3686 Howl Bitmap #cards 512 size 80 coarsen threshold 460 Card regions per heap region 1 cards per card region 4096
 CPUs: 15 total, 15 available
 Memory: 12100M
 Large Page Support: Disabled
 NUMA Support: Disabled
 Compressed Oops: Enabled (Zero based)
 Heap Region Size: 2M
 Heap Min Capacity: 8M
 Heap Initial Capacity: 190M
 Heap Max Capacity: 3026M
 Pre-touch: Disabled
 Parallel Workers: 12
 Concurrent Workers: 3
 Concurrent Refinement Workers: 12
 Periodic GC: Disabled

Heap:
 garbage-first heap   total reserved 3098624K, committed 196608K, used 29827K [0x0000000742e00000, 0x0000000800000000)
  region size 2048K, 16 young (32768K), 0 survivors (0K)

Heap Regions: E=young(eden), S=young(survivor), O=old, HS=humongous(starts), HC=humongous(continues), CS=collection set, F=free, TAMS=top-at-mark-start, PB=parsable bottom
|   0|0x0000000742e00000, 0x0000000742e00000, 0x0000000743000000|  0%| F|  |TAMS 0x0000000742e00000| PB 0x0000000742e00000| Untracked |  0
|   1|0x0000000743000000, 0x0000000743000000, 0x0000000743200000|  0%| F|  |TAMS 0x0000000743000000| PB 0x0000000743000000| Untracked |  0
|   2|0x0000000743200000, 0x0000000743200000, 0x0000000743400000|  0%| F|  |TAMS 0x0000000743200000| PB 0x0000000743200000| Untracked |  0
|   3|0x0000000743400000, 0x0000000743400000, 0x0000000743600000|  0%| F|  |TAMS 0x0000000743400000| PB 0x0000000743400000| Untracked |  0
|   4|0x0000000743600000, 0x0000000743600000, 0x0000000743800000|  0%| F|  |TAMS 0x0000000743600000| PB 0x0000000743600000| Untracked |  0
|   5|0x0000000743800000, 0x0000000743800000, 0x0000000743a00000|  0%| F|  |TAMS 0x0000000743800000| PB 0x0000000743800000| Untracked |  0
|   6|0x0000000743a00000, 0x0000000743a00000, 0x0000000743c00000|  0%| F|  |TAMS 0x0000000743a00000| PB 0x0000000743a00000| Untracked |  0
|   7|0x0000000743c00000, 0x0000000743c00000, 0x0000000743e00000|  0%| F|  |TAMS 0x0000000743c00000| PB 0x0000000743c00000| Untracked |  0
|   8|0x0000000743e00000, 0x0000000743e00000, 0x0000000744000000|  0%| F|  |TAMS 0x0000000743e00000| PB 0x0000000743e00000| Untracked |  0
|   9|0x0000000744000000, 0x0000000744000000, 0x0000000744200000|  0%| F|  |TAMS 0x0000000744000000| PB 0x0000000744000000| Untracked |  0
|  10|0x0000000744200000, 0x0000000744200000, 0x0000000744400000|  0%| F|  |TAMS 0x0000000744200000| PB 0x0000000744200000| Untracked |  0
|  11|0x0000000744400000, 0x0000000744400000, 0x0000000744600000|  0%| F|  |TAMS 0x0000000744400000| PB 0x0000000744400000| Untracked |  0
|  12|0x0000000744600000, 0x0000000744600000, 0x0000000744800000|  0%| F|  |TAMS 0x0000000744600000| PB 0x0000000744600000| Untracked |  0
|  13|0x0000000744800000, 0x0000000744800000, 0x0000000744a00000|  0%| F|  |TAMS 0x0000000744800000| PB 0x0000000744800000| Untracked |  0
|  14|0x0000000744a00000, 0x0000000744a00000, 0x0000000744c00000|  0%| F|  |TAMS 0x0000000744a00000| PB 0x0000000744a00000| Untracked |  0
|  15|0x0000000744c00000, 0x0000000744c00000, 0x0000000744e00000|  0%| F|  |TAMS 0x0000000744c00000| PB 0x0000000744c00000| Untracked |  0
|  16|0x0000000744e00000, 0x0000000744e00000, 0x0000000745000000|  0%| F|  |TAMS 0x0000000744e00000| PB 0x0000000744e00000| Untracked |  0
|  17|0x0000000745000000, 0x0000000745000000, 0x0000000745200000|  0%| F|  |TAMS 0x0000000745000000| PB 0x0000000745000000| Untracked |  0
|  18|0x0000000745200000, 0x0000000745200000, 0x0000000745400000|  0%| F|  |TAMS 0x0000000745200000| PB 0x0000000745200000| Untracked |  0
|  19|0x0000000745400000, 0x0000000745400000, 0x0000000745600000|  0%| F|  |TAMS 0x0000000745400000| PB 0x0000000745400000| Untracked |  0
|  20|0x0000000745600000, 0x0000000745600000, 0x0000000745800000|  0%| F|  |TAMS 0x0000000745600000| PB 0x0000000745600000| Untracked |  0
|  21|0x0000000745800000, 0x0000000745800000, 0x0000000745a00000|  0%| F|  |TAMS 0x0000000745800000| PB 0x0000000745800000| Untracked |  0
|  22|0x0000000745a00000, 0x0000000745a00000, 0x0000000745c00000|  0%| F|  |TAMS 0x0000000745a00000| PB 0x0000000745a00000| Untracked |  0
|  23|0x0000000745c00000, 0x0000000745c00000, 0x0000000745e00000|  0%| F|  |TAMS 0x0000000745c00000| PB 0x0000000745c00000| Untracked |  0
|  24|0x0000000745e00000, 0x0000000745e00000, 0x0000000746000000|  0%| F|  |TAMS 0x0000000745e00000| PB 0x0000000745e00000| Untracked |  0
|  25|0x0000000746000000, 0x0000000746000000, 0x0000000746200000|  0%| F|  |TAMS 0x0000000746000000| PB 0x0000000746000000| Untracked |  0
|  26|0x0000000746200000, 0x0000000746200000, 0x0000000746400000|  0%| F|  |TAMS 0x0000000746200000| PB 0x0000000746200000| Untracked |  0
|  27|0x0000000746400000, 0x0000000746400000, 0x0000000746600000|  0%| F|  |TAMS 0x0000000746400000| PB 0x0000000746400000| Untracked |  0
|  28|0x0000000746600000, 0x0000000746600000, 0x0000000746800000|  0%| F|  |TAMS 0x0000000746600000| PB 0x0000000746600000| Untracked |  0
|  29|0x0000000746800000, 0x0000000746800000, 0x0000000746a00000|  0%| F|  |TAMS 0x0000000746800000| PB 0x0000000746800000| Untracked |  0
|  30|0x0000000746a00000, 0x0000000746a00000, 0x0000000746c00000|  0%| F|  |TAMS 0x0000000746a00000| PB 0x0000000746a00000| Untracked |  0
|  31|0x0000000746c00000, 0x0000000746c00000, 0x0000000746e00000|  0%| F|  |TAMS 0x0000000746c00000| PB 0x0000000746c00000| Untracked |  0
|  32|0x0000000746e00000, 0x0000000746e00000, 0x0000000747000000|  0%| F|  |TAMS 0x0000000746e00000| PB 0x0000000746e00000| Untracked |  0
|  33|0x0000000747000000, 0x0000000747000000, 0x0000000747200000|  0%| F|  |TAMS 0x0000000747000000| PB 0x0000000747000000| Untracked |  0
|  34|0x0000000747200000, 0x0000000747200000, 0x0000000747400000|  0%| F|  |TAMS 0x0000000747200000| PB 0x0000000747200000| Untracked |  0
|  35|0x0000000747400000, 0x0000000747400000, 0x0000000747600000|  0%| F|  |TAMS 0x0000000747400000| PB 0x0000000747400000| Untracked |  0
|  36|0x0000000747600000, 0x0000000747600000, 0x0000000747800000|  0%| F|  |TAMS 0x0000000747600000| PB 0x0000000747600000| Untracked |  0
|  37|0x0000000747800000, 0x0000000747800000, 0x0000000747a00000|  0%| F|  |TAMS 0x0000000747800000| PB 0x0000000747800000| Untracked |  0
|  38|0x0000000747a00000, 0x0000000747a00000, 0x0000000747c00000|  0%| F|  |TAMS 0x0000000747a00000| PB 0x0000000747a00000| Untracked |  0
|  39|0x0000000747c00000, 0x0000000747c00000, 0x0000000747e00000|  0%| F|  |TAMS 0x0000000747c00000| PB 0x0000000747c00000| Untracked |  0
|  40|0x0000000747e00000, 0x0000000747e00000, 0x0000000748000000|  0%| F|  |TAMS 0x0000000747e00000| PB 0x0000000747e00000| Untracked |  0
|  41|0x0000000748000000, 0x0000000748000000, 0x0000000748200000|  0%| F|  |TAMS 0x0000000748000000| PB 0x0000000748000000| Untracked |  0
|  42|0x0000000748200000, 0x0000000748200000, 0x0000000748400000|  0%| F|  |TAMS 0x0000000748200000| PB 0x0000000748200000| Untracked |  0
|  43|0x0000000748400000, 0x0000000748400000, 0x0000000748600000|  0%| F|  |TAMS 0x0000000748400000| PB 0x0000000748400000| Untracked |  0
|  44|0x0000000748600000, 0x0000000748600000, 0x0000000748800000|  0%| F|  |TAMS 0x0000000748600000| PB 0x0000000748600000| Untracked |  0
|  45|0x0000000748800000, 0x0000000748800000, 0x0000000748a00000|  0%| F|  |TAMS 0x0000000748800000| PB 0x0000000748800000| Untracked |  0
|  46|0x0000000748a00000, 0x0000000748a00000, 0x0000000748c00000|  0%| F|  |TAMS 0x0000000748a00000| PB 0x0000000748a00000| Untracked |  0
|  47|0x0000000748c00000, 0x0000000748c00000, 0x0000000748e00000|  0%| F|  |TAMS 0x0000000748c00000| PB 0x0000000748c00000| Untracked |  0
|  48|0x0000000748e00000, 0x0000000748e00000, 0x0000000749000000|  0%| F|  |TAMS 0x0000000748e00000| PB 0x0000000748e00000| Untracked |  0
|  49|0x0000000749000000, 0x0000000749000000, 0x0000000749200000|  0%| F|  |TAMS 0x0000000749000000| PB 0x0000000749000000| Untracked |  0
|  50|0x0000000749200000, 0x0000000749200000, 0x0000000749400000|  0%| F|  |TAMS 0x0000000749200000| PB 0x0000000749200000| Untracked |  0
|  51|0x0000000749400000, 0x0000000749400000, 0x0000000749600000|  0%| F|  |TAMS 0x0000000749400000| PB 0x0000000749400000| Untracked |  0
|  52|0x0000000749600000, 0x0000000749600000, 0x0000000749800000|  0%| F|  |TAMS 0x0000000749600000| PB 0x0000000749600000| Untracked |  0
|  53|0x0000000749800000, 0x0000000749800000, 0x0000000749a00000|  0%| F|  |TAMS 0x0000000749800000| PB 0x0000000749800000| Untracked |  0
|  54|0x0000000749a00000, 0x0000000749a00000, 0x0000000749c00000|  0%| F|  |TAMS 0x0000000749a00000| PB 0x0000000749a00000| Untracked |  0
|  55|0x0000000749c00000, 0x0000000749c00000, 0x0000000749e00000|  0%| F|  |TAMS 0x0000000749c00000| PB 0x0000000749c00000| Untracked |  0
|  56|0x0000000749e00000, 0x0000000749e00000, 0x000000074a000000|  0%| F|  |TAMS 0x0000000749e00000| PB 0x0000000749e00000| Untracked |  0
|  57|0x000000074a000000, 0x000000074a000000, 0x000000074a200000|  0%| F|  |TAMS 0x000000074a000000| PB 0x000000074a000000| Untracked |  0
|  58|0x000000074a200000, 0x000000074a200000, 0x000000074a400000|  0%| F|  |TAMS 0x000000074a200000| PB 0x000000074a200000| Untracked |  0
|  59|0x000000074a400000, 0x000000074a400000, 0x000000074a600000|  0%| F|  |TAMS 0x000000074a400000| PB 0x000000074a400000| Untracked |  0
|  60|0x000000074a600000, 0x000000074a600000, 0x000000074a800000|  0%| F|  |TAMS 0x000000074a600000| PB 0x000000074a600000| Untracked |  0
|  61|0x000000074a800000, 0x000000074a800000, 0x000000074aa00000|  0%| F|  |TAMS 0x000000074a800000| PB 0x000000074a800000| Untracked |  0
|  62|0x000000074aa00000, 0x000000074aa00000, 0x000000074ac00000|  0%| F|  |TAMS 0x000000074aa00000| PB 0x000000074aa00000| Untracked |  0
|  63|0x000000074ac00000, 0x000000074ac00000, 0x000000074ae00000|  0%| F|  |TAMS 0x000000074ac00000| PB 0x000000074ac00000| Untracked |  0
|  64|0x000000074ae00000, 0x000000074ae00000, 0x000000074b000000|  0%| F|  |TAMS 0x000000074ae00000| PB 0x000000074ae00000| Untracked |  0
|  65|0x000000074b000000, 0x000000074b000000, 0x000000074b200000|  0%| F|  |TAMS 0x000000074b000000| PB 0x000000074b000000| Untracked |  0
|  66|0x000000074b200000, 0x000000074b200000, 0x000000074b400000|  0%| F|  |TAMS 0x000000074b200000| PB 0x000000074b200000| Untracked |  0
|  67|0x000000074b400000, 0x000000074b400000, 0x000000074b600000|  0%| F|  |TAMS 0x000000074b400000| PB 0x000000074b400000| Untracked |  0
|  68|0x000000074b600000, 0x000000074b600000, 0x000000074b800000|  0%| F|  |TAMS 0x000000074b600000| PB 0x000000074b600000| Untracked |  0
|  69|0x000000074b800000, 0x000000074b800000, 0x000000074ba00000|  0%| F|  |TAMS 0x000000074b800000| PB 0x000000074b800000| Untracked |  0
|  70|0x000000074ba00000, 0x000000074ba00000, 0x000000074bc00000|  0%| F|  |TAMS 0x000000074ba00000| PB 0x000000074ba00000| Untracked |  0
|  71|0x000000074bc00000, 0x000000074bc00000, 0x000000074be00000|  0%| F|  |TAMS 0x000000074bc00000| PB 0x000000074bc00000| Untracked |  0
|  72|0x000000074be00000, 0x000000074be00000, 0x000000074c000000|  0%| F|  |TAMS 0x000000074be00000| PB 0x000000074be00000| Untracked |  0
|  73|0x000000074c000000, 0x000000074c000000, 0x000000074c200000|  0%| F|  |TAMS 0x000000074c000000| PB 0x000000074c000000| Untracked |  0
|  74|0x000000074c200000, 0x000000074c200000, 0x000000074c400000|  0%| F|  |TAMS 0x000000074c200000| PB 0x000000074c200000| Untracked |  0
|  75|0x000000074c400000, 0x000000074c400000, 0x000000074c600000|  0%| F|  |TAMS 0x000000074c400000| PB 0x000000074c400000| Untracked |  0
|  76|0x000000074c600000, 0x000000074c600000, 0x000000074c800000|  0%| F|  |TAMS 0x000000074c600000| PB 0x000000074c600000| Untracked |  0
|  77|0x000000074c800000, 0x000000074c800000, 0x000000074ca00000|  0%| F|  |TAMS 0x000000074c800000| PB 0x000000074c800000| Untracked |  0
|  78|0x000000074ca00000, 0x000000074ca00000, 0x000000074cc00000|  0%| F|  |TAMS 0x000000074ca00000| PB 0x000000074ca00000| Untracked |  0
|  79|0x000000074cc00000, 0x000000074ccf5ca0, 0x000000074ce00000| 48%| E|  |TAMS 0x000000074cc00000| PB 0x000000074cc00000| Complete |  0
|  80|0x000000074ce00000, 0x000000074d000000, 0x000000074d000000|100%| E|CS|TAMS 0x000000074ce00000| PB 0x000000074ce00000| Complete |  0
|  81|0x000000074d000000, 0x000000074d200000, 0x000000074d200000|100%| E|CS|TAMS 0x000000074d000000| PB 0x000000074d000000| Complete |  0
|  82|0x000000074d200000, 0x000000074d400000, 0x000000074d400000|100%| E|  |TAMS 0x000000074d200000| PB 0x000000074d200000| Complete |  0
|  83|0x000000074d400000, 0x000000074d600000, 0x000000074d600000|100%| E|CS|TAMS 0x000000074d400000| PB 0x000000074d400000| Complete |  0
|  84|0x000000074d600000, 0x000000074d800000, 0x000000074d800000|100%| E|CS|TAMS 0x000000074d600000| PB 0x000000074d600000| Complete |  0
|  85|0x000000074d800000, 0x000000074da00000, 0x000000074da00000|100%| E|CS|TAMS 0x000000074d800000| PB 0x000000074d800000| Complete |  0
|  86|0x000000074da00000, 0x000000074dc00000, 0x000000074dc00000|100%| E|CS|TAMS 0x000000074da00000| PB 0x000000074da00000| Complete |  0
|  87|0x000000074dc00000, 0x000000074de00000, 0x000000074de00000|100%| E|CS|TAMS 0x000000074dc00000| PB 0x000000074dc00000| Complete |  0
|  88|0x000000074de00000, 0x000000074e000000, 0x000000074e000000|100%| E|CS|TAMS 0x000000074de00000| PB 0x000000074de00000| Complete |  0
|  89|0x000000074e000000, 0x000000074e200000, 0x000000074e200000|100%| E|CS|TAMS 0x000000074e000000| PB 0x000000074e000000| Complete |  0
|  90|0x000000074e200000, 0x000000074e400000, 0x000000074e400000|100%| E|CS|TAMS 0x000000074e200000| PB 0x000000074e200000| Complete |  0
|  91|0x000000074e400000, 0x000000074e600000, 0x000000074e600000|100%| E|CS|TAMS 0x000000074e400000| PB 0x000000074e400000| Complete |  0
|  92|0x000000074e600000, 0x000000074e800000, 0x000000074e800000|100%| E|CS|TAMS 0x000000074e600000| PB 0x000000074e600000| Complete |  0
|  93|0x000000074e800000, 0x000000074ea00000, 0x000000074ea00000|100%| E|CS|TAMS 0x000000074e800000| PB 0x000000074e800000| Complete |  0
|  94|0x000000074ea00000, 0x000000074ec00000, 0x000000074ec00000|100%| E|CS|TAMS 0x000000074ea00000| PB 0x000000074ea00000| Complete |  0
|1512|0x00000007ffe00000, 0x00000007fff20f10, 0x0000000800000000| 56%| O|  |TAMS 0x00000007ffe00000| PB 0x00000007ffe00000| Untracked |  0

Card table byte_map: [0x00007be99cc4c000,0x00007be99d235000] _byte_map_base: 0x00007be999235000

Marking Bits: (CMBitMap*) 0x00007be998073670
 Bits: [0x00007be97d6b8000, 0x00007be980600000)

Polling page: 0x00007be9a0337000

Metaspace:
Metaspace        used 5860K, committed 6464K, reserved 1114112K
 class space     used 576K, committed 832K, reserved 1048576K

Usage:
  Non-class:      5.16 MB used.
      Class:    576.54 KB used.
       Both:      5.72 MB used.

Virtual space:
  Non-class space:       64.00 MB reserved,       5.50 MB (  9%) committed,  1 nodes.
      Class space:        1.00 GB reserved,     832.00 KB ( <1%) committed,  1 nodes.
             Both:        1.06 GB reserved,       6.31 MB ( <1%) committed. 

Chunk freelists:
   Non-Class:  9.39 MB
       Class:  15.17 MB
        Both:  24.55 MB

MaxMetaspaceSize: unlimited
CompressedClassSpaceSize: 1.00 GB
Initial GC threshold: 21.00 MB
Current GC threshold: 21.00 MB
CDS: on
 - commit_granule_bytes: 65536.
 - commit_granule_words: 8192.
 - virtual_space_node_default_size: 8388608.
 - enlarge_chunks_in_place: 1.
UseCompressedClassPointers 1, UseCompactObjectHeaders 0
Narrow klass pointer bits 32, Max shift 3
Narrow klass base: 0x0000000015000000, Narrow klass shift: 0
Encoding Range: [0x0000000015000000 - 0x0000000115000000), (4294967296 bytes)
Klass Range:    [0x0000000015001000 - 0x0000000056000000), (1090514944 bytes)
Klass ID Range:  [4096 - 1090519033) (1090514937)
Protection zone: [0x0000000015000000 - 0x0000000015001000), (4096 bytes)


Internal statistics:

num_allocs_failed_limit: 0.
num_arena_births: 786.
num_arena_deaths: 0.
num_vsnodes_births: 2.
num_vsnodes_deaths: 0.
num_space_committed: 101.
num_space_uncommitted: 0.
num_chunks_returned_to_freelist: 0.
num_chunks_taken_from_freelist: 929.
num_chunk_merges: 0.
num_chunk_splits: 661.
num_chunks_enlarged: 404.
num_inconsistent_stats: 0.

CodeHeap 'non-profiled nmethods': size=120032Kb used=549Kb max_used=549Kb free=119482Kb
 bounds [0x00007be9880c8000, 0x00007be988338000, 0x00007be98f600000]
CodeHeap 'profiled nmethods': size=120028Kb used=2174Kb max_used=2174Kb free=117853Kb
 bounds [0x00007be980600000, 0x00007be980870000, 0x00007be987b37000]
CodeHeap 'non-nmethods': size=5700Kb used=1536Kb max_used=1555Kb free=4163Kb
 bounds [0x00007be987b37000, 0x00007be987da7000, 0x00007be9880c8000]
CodeCache: size=245760Kb, used=4259Kb, max_used=4278Kb, free=241498Kb
 total_blobs=2195, nmethods=1594, adapters=478, full_count=0
Compilation: enabled, stopped_count=0, restarted_count=0

Compilation events (20 events):
Event: 0.926 Thread 0x00007be9981156c0 nmethod 1574 0x00007be980816608 code [0x00007be980816700, 0x00007be980816c28]
Event: 0.926 Thread 0x00007be998113d10 nmethod 1562 0x00007be98814db88 code [0x00007be98814dc80, 0x00007be98814e0a8]
Event: 0.927 Thread 0x00007be9981156c0 1577       3       java.lang.classfile.ClassBuilder::withSuperclass (19 bytes)
Event: 0.927 Thread 0x00007be998113d10 1582       4       jdk.internal.classfile.impl.SplitConstantPool::classEntry (68 bytes)
Event: 0.927 Thread 0x00007be9981156c0 nmethod 1577 0x00007be980816c88 code [0x00007be980816d80, 0x00007be980817690]
Event: 0.927 Thread 0x00007be9981156c0 1578       3       java.lang.classfile.ClassBuilder::withSuperclass (14 bytes)
Event: 0.927 Thread 0x00007be9981156c0 nmethod 1578 0x00007be980817708 code [0x00007be980817800, 0x00007be980817ed0]
Event: 0.927 Thread 0x00007be9981156c0 1585   !   3       jdk.internal.foreign.MemorySessionImpl::checkValidState (14 bytes)
Event: 0.927 Thread 0x00007be9981156c0 nmethod 1585 0x00007be980817f08 code [0x00007be980818000, 0x00007be980818568]
Event: 0.927 Thread 0x00007be9981156c0 1579       3       java.lang.classfile.Superclass::of (9 bytes)
Event: 0.927 Thread 0x00007be9981156c0 nmethod 1579 0x00007be980818588 code [0x00007be980818680, 0x00007be980818a90]
Event: 0.927 Thread 0x00007be9981156c0 1580       3       jdk.internal.classfile.impl.SuperclassImpl::<init> (15 bytes)
Event: 0.927 Thread 0x00007be9981156c0 nmethod 1580 0x00007be980818b08 code [0x00007be980818c00, 0x00007be980818f70]
Event: 0.927 Thread 0x00007be9981156c0 1581       3       jdk.internal.classfile.impl.SuperclassImpl::writeTo (9 bytes)
Event: 0.927 Thread 0x00007be9981156c0 nmethod 1581 0x00007be980818f88 code [0x00007be980819080, 0x00007be980819278]
Event: 0.928 Thread 0x00007be9981156c0 1587       3       java.lang.invoke.DirectMethodHandle::make (275 bytes)
Event: 0.928 Thread 0x00007be9981156c0 nmethod 1587 0x00007be980819288 code [0x00007be980819380, 0x00007be98081ac60]
Event: 0.929 Thread 0x00007be9981156c0 1589       3       java.lang.invoke.MethodHandles$Lookup::resolveOrFail (48 bytes)
Event: 0.929 Thread 0x00007be9981156c0 nmethod 1589 0x00007be98081ac88 code [0x00007be98081ad80, 0x00007be98081b5e8]
Event: 0.929 Thread 0x00007be9981156c0 1590       3       java.lang.invoke.MethodHandles$Lookup::checkMethodName (45 bytes)

GC Heap Usage History (0 events):
No events

Metaspace Usage History (0 events):
No events

Dll operation events (7 events):
Event: 0.001 Loaded shared library /home/linuxbrew/.linuxbrew/Cellar/openjdk/25.0.2/libexec/lib/libjava.so
Event: 0.016 Loaded shared library /home/linuxbrew/.linuxbrew/Cellar/openjdk/25.0.2/libexec/lib/libsimdsort.so
Event: 0.031 Loaded shared library /home/linuxbrew/.linuxbrew/Cellar/openjdk/25.0.2/libexec/lib/libnio.so
Event: 0.035 Loaded shared library /home/linuxbrew/.linuxbrew/Cellar/openjdk/25.0.2/libexec/lib/libnet.so
Event: 0.053 Loaded shared library /home/linuxbrew/.linuxbrew/Cellar/openjdk/25.0.2/libexec/lib/libzip.so
Event: 0.057 Loaded shared library /home/linuxbrew/.linuxbrew/Cellar/openjdk/25.0.2/libexec/lib/libjimage.so
Event: 0.062 Loaded shared library /tmp/xross_test_9339364756069368455/libxross_example.so

Deoptimization events (20 events):
Event: 0.911 Thread 0x00007be99801a330 Uncommon trap: trap_request=0xffffff5e fr.pc=0x00007be98813fe28 relative=0x00000000000000a8
Event: 0.911 Thread 0x00007be99801a330 Uncommon trap: reason=speculate_class_check action=maybe_recompile pc=0x00007be98813fe28 method=jdk.internal.foreign.AbstractMemorySegmentImpl.isAlignedForElement(JJ)Z @ 1 c2
Event: 0.911 Thread 0x00007be99801a330 DEOPT PACKING pc=0x00007be98813fe28 sp=0x00007be99fffe400
Event: 0.911 Thread 0x00007be99801a330 DEOPT UNPACKING pc=0x00007be987c58f79 sp=0x00007be99fffe350 mode 2
Event: 0.916 Thread 0x00007be99801a330 Uncommon trap: trap_request=0xffffff5e fr.pc=0x00007be98813fe28 relative=0x00000000000000a8
Event: 0.916 Thread 0x00007be99801a330 Uncommon trap: reason=speculate_class_check action=maybe_recompile pc=0x00007be98813fe28 method=jdk.internal.foreign.AbstractMemorySegmentImpl.isAlignedForElement(JJ)Z @ 1 c2
Event: 0.916 Thread 0x00007be99801a330 DEOPT PACKING pc=0x00007be98813fe28 sp=0x00007be99fffdf40
Event: 0.916 Thread 0x00007be99801a330 DEOPT UNPACKING pc=0x00007be987c58f79 sp=0x00007be99fffde90 mode 2
Event: 0.916 Thread 0x00007be99801a330 Uncommon trap: trap_request=0xffffff66 fr.pc=0x00007be988148964 relative=0x0000000000000364
Event: 0.916 Thread 0x00007be99801a330 Uncommon trap: reason=loop_limit_check action=maybe_recompile pc=0x00007be988148964 method=java.lang.StringLatin1.indexOf([BI[BII)I @ 37 c2
Event: 0.916 Thread 0x00007be99801a330 DEOPT PACKING pc=0x00007be988148964 sp=0x00007be99fffdec0
Event: 0.916 Thread 0x00007be99801a330 DEOPT UNPACKING pc=0x00007be987c58f79 sp=0x00007be99fffde40 mode 2
Event: 0.926 Thread 0x00007be99801a330 Uncommon trap: trap_request=0xffffff5e fr.pc=0x00007be988128864 relative=0x0000000000000064
Event: 0.926 Thread 0x00007be99801a330 Uncommon trap: reason=speculate_class_check action=maybe_recompile pc=0x00007be988128864 method=java.lang.invoke.Invokers$Holder.linkToTargetMethod(ILjava/lang/Object;)Ljava/lang/Object; @ 1 c2
Event: 0.926 Thread 0x00007be99801a330 DEOPT PACKING pc=0x00007be988128864 sp=0x00007be99fffe7f0
Event: 0.926 Thread 0x00007be99801a330 DEOPT UNPACKING pc=0x00007be987c58f79 sp=0x00007be99fffe7b0 mode 2
Event: 0.929 Thread 0x00007be99801a330 Uncommon trap: trap_request=0xffffff45 fr.pc=0x00007be988121e1c relative=0x000000000000009c
Event: 0.929 Thread 0x00007be99801a330 Uncommon trap: reason=unstable_if action=reinterpret pc=0x00007be988121e1c method=org.example.xross.runtime.AliveFlag.isValid()Z @ 22 c2
Event: 0.929 Thread 0x00007be99801a330 DEOPT PACKING pc=0x00007be988121e1c sp=0x00007be99fffe730
Event: 0.929 Thread 0x00007be99801a330 DEOPT UNPACKING pc=0x00007be987c58f79 sp=0x00007be99fffe6e8 mode 2

Classes loaded (20 events):
Event: 0.887 Loading class jdk/internal/foreign/BufferStack$PerThread
Event: 0.887 Loading class jdk/internal/foreign/BufferStack$PerThread done
Event: 0.887 Loading class jdk/internal/foreign/SlicingAllocator
Event: 0.887 Loading class jdk/internal/foreign/SlicingAllocator done
Event: 0.887 Loading class jdk/internal/foreign/BufferStack$PerThread$CleanupAction
Event: 0.888 Loading class jdk/internal/foreign/BufferStack$PerThread$CleanupAction done
Event: 0.888 Loading class jdk/internal/foreign/BufferStack$PerThread$Frame
Event: 0.888 Loading class jdk/internal/foreign/BufferStack$PerThread$Frame done
Event: 0.888 Loading class jdk/internal/foreign/ConfinedSession
Event: 0.888 Loading class jdk/internal/foreign/ConfinedSession done
Event: 0.888 Loading class jdk/internal/foreign/ConfinedSession$ConfinedResourceList
Event: 0.888 Loading class jdk/internal/foreign/ConfinedSession$ConfinedResourceList done
Event: 0.898 Loading class jdk/internal/foreign/StringSupport$CharsetKind
Event: 0.898 Loading class jdk/internal/foreign/StringSupport$CharsetKind done
Event: 0.898 Loading class jdk/internal/foreign/StringSupport
Event: 0.898 Loading class jdk/internal/foreign/StringSupport done
Event: 0.899 Loading class jdk/internal/reflect/MethodHandleByteFieldAccessorImpl
Event: 0.899 Loading class jdk/internal/reflect/MethodHandleByteFieldAccessorImpl done
Event: 0.928 Loading class jdk/internal/foreign/MappedMemorySegmentImpl
Event: 0.928 Loading class jdk/internal/foreign/MappedMemorySegmentImpl done

Classes unloaded (0 events):
No events

Classes redefined (0 events):
No events

Internal exceptions (20 events):
Event: 0.868 Thread 0x00007be99801a330 Exception <a 'java/lang/NoSuchMethodError'{0x000000074d27bf00}: 'java.lang.Object java.lang.invoke.Invokers$Holder.invokeExact_MT(java.lang.Object, java.lang.Object, int, java.lang.Object)'> (0x000000074d27bf00) 
thrown [src/hotspot/share/interpreter/linkResolver.cpp, line 803]
Event: 0.887 Thread 0x00007be99801a330 Exception <a 'java/lang/NoSuchMethodError'{0x000000074d0cff20}: 'java.lang.Object java.lang.invoke.Invokers$Holder.invokeExact_MT(java.lang.Object, java.lang.Object, java.lang.Object, int, java.lang.Object)'> (0x000000074d0cff20) 
thrown [src/hotspot/share/interpreter/linkResolver.cpp, line 803]
Event: 0.896 Thread 0x00007be99801a330 Exception <a 'java/lang/NoSuchMethodError'{0x000000074d12bc68}: 'java.lang.Object java.lang.invoke.DirectMethodHandle$Holder.invokeStaticInit(java.lang.Object, java.lang.Object, java.lang.Object, int, java.lang.Object, long, int, float)'> (0x000000074d12bc68) 
thrown [src/hotspot/share/interpreter/linkResolver.cpp, line 803]
Event: 0.896 Thread 0x00007be99801a330 Exception <a 'java/lang/NoSuchMethodError'{0x000000074d13c288}: 'java.lang.Object java.lang.invoke.DelegatingMethodHandle$Holder.reinvoke_L(java.lang.Object, java.lang.Object, java.lang.Object, int, java.lang.Object, long, int, float)'> (0x000000074d13c288) 
thrown [src/hotspot/share/interpreter/linkResolver.cpp, line 803]
Event: 0.899 Thread 0x00007be99801a330 Exception <a 'java/lang/NoSuchMethodError'{0x000000074d17c450}: 'void java.lang.invoke.DelegatingMethodHandle$Holder.reinvoke_L(java.lang.Object, java.lang.Object, int)'> (0x000000074d17c450) 
thrown [src/hotspot/share/interpreter/linkResolver.cpp, line 803]
Event: 0.900 Thread 0x00007be99801a330 Exception <a 'java/lang/NoSuchMethodError'{0x000000074d18c858}: 'int java.lang.invoke.Invokers$Holder.invokeExact_MT(java.lang.Object, java.lang.Object, java.lang.Object)'> (0x000000074d18c858) 
thrown [src/hotspot/share/interpreter/linkResolver.cpp, line 803]
Event: 0.900 Thread 0x00007be99801a330 Exception <a 'java/lang/NoSuchMethodError'{0x000000074d195458}: 'java.lang.Object java.lang.invoke.DirectMethodHandle$Holder.invokeSpecial(java.lang.Object, java.lang.Object, int, java.lang.Object, long, int, float)'> (0x000000074d195458) 
thrown [src/hotspot/share/interpreter/linkResolver.cpp, line 803]
Event: 0.906 Thread 0x00007be99801a330 Exception <a 'java/lang/NoSuchMethodError'{0x000000074ce1a4a8}: 'void java.lang.invoke.DirectMethodHandle$Holder.invokeStatic(java.lang.Object, java.lang.Object, java.lang.Object, java.lang.Object, java.lang.Object, java.lang.Object, long, int)'> (0x000000074ce1a4a8) 
thrown [src/hotspot/share/interpreter/linkResolver.cpp, line 803]
Event: 0.906 Thread 0x00007be99801a330 Exception <a 'java/lang/NoSuchMethodError'{0x000000074ce22628}: 'void java.lang.invoke.DirectMethodHandle$Holder.invokeStaticInit(java.lang.Object, java.lang.Object, java.lang.Object, java.lang.Object, java.lang.Object, java.lang.Object, long, int)'> (0x000000074ce22628) 
thrown [src/hotspot/share/interpreter/linkResolver.cpp, line 803]
Event: 0.906 Thread 0x00007be99801a330 Exception <a 'java/lang/NoSuchMethodError'{0x000000074ce32d58}: 'void java.lang.invoke.DelegatingMethodHandle$Holder.reinvoke_L(java.lang.Object, java.lang.Object, java.lang.Object, java.lang.Object, java.lang.Object, java.lang.Object, long, int)'> (0x000000074ce32d58) 
thrown [src/hotspot/share/interpreter/linkResolver.cpp, line 803]
Event: 0.908 Thread 0x00007be99801a330 Exception <a 'java/lang/NoSuchMethodError'{0x000000074ce7fe18}: 'java.lang.Object java.lang.invoke.DirectMethodHandle$Holder.invokeSpecial(java.lang.Object, java.lang.Object, int, java.lang.Object, long, int)'> (0x000000074ce7fe18) 
thrown [src/hotspot/share/interpreter/linkResolver.cpp, line 803]
Event: 0.910 Thread 0x00007be99801a330 Exception <a 'java/lang/NoSuchMethodError'{0x000000074ceb8a28}: 'java.lang.Object java.lang.invoke.DirectMethodHandle$Holder.invokeSpecial(java.lang.Object, java.lang.Object, java.lang.Object, java.lang.Object, java.lang.Object, long, int)'> (0x000000074ceb8a28) 
thrown [src/hotspot/share/interpreter/linkResolver.cpp, line 803]
Event: 0.915 Thread 0x00007be99801a330 Exception <a 'java/lang/NoSuchMethodError'{0x000000074cf3e6e8}: 'void java.lang.invoke.DirectMethodHandle$Holder.invokeStaticInit(java.lang.Object, java.lang.Object, java.lang.Object)'> (0x000000074cf3e6e8) 
thrown [src/hotspot/share/interpreter/linkResolver.cpp, line 803]
Event: 0.916 Thread 0x00007be99801a330 Exception <a 'java/lang/NoSuchMethodError'{0x000000074cf78fe0}: 'void java.lang.invoke.DelegatingMethodHandle$Holder.reinvoke_L(java.lang.Object, java.lang.Object, java.lang.Object, long, long)'> (0x000000074cf78fe0) 
thrown [src/hotspot/share/interpreter/linkResolver.cpp, line 803]
Event: 0.923 Thread 0x00007be99801a330 Exception <a 'java/lang/NoSuchMethodError'{0x000000074cc1f208}: 'int java.lang.invoke.DirectMethodHandle$Holder.invokeStaticInit(java.lang.Object, java.lang.Object, java.lang.Object, java.lang.Object, java.lang.Object, long, int)'> (0x000000074cc1f208) 
thrown [src/hotspot/share/interpreter/linkResolver.cpp, line 803]
Event: 0.924 Thread 0x00007be99801a330 Exception <a 'java/lang/NoSuchMethodError'{0x000000074cc2f7a8}: 'int java.lang.invoke.DelegatingMethodHandle$Holder.reinvoke_L(java.lang.Object, java.lang.Object, java.lang.Object, java.lang.Object, java.lang.Object, long, int)'> (0x000000074cc2f7a8) 
thrown [src/hotspot/share/interpreter/linkResolver.cpp, line 803]
Event: 0.925 Thread 0x00007be99801a330 Exception <a 'java/lang/NoSuchMethodError'{0x000000074cc74588}: 'int java.lang.invoke.DirectMethodHandle$Holder.invokeSpecial(java.lang.Object, java.lang.Object, java.lang.Object, java.lang.Object, long, int)'> (0x000000074cc74588) 
thrown [src/hotspot/share/interpreter/linkResolver.cpp, line 803]
Event: 0.928 Thread 0x00007be99801a330 Exception <a 'java/lang/NoSuchMethodError'{0x000000074ccb1e40}: 'java.lang.Object java.lang.invoke.DirectMethodHandle$Holder.invokeSpecial(java.lang.Object, java.lang.Object, java.lang.Object, java.lang.Object, long)'> (0x000000074ccb1e40) 
thrown [src/hotspot/share/interpreter/linkResolver.cpp, line 803]
Event: 0.928 Thread 0x00007be99801a330 Exception <a 'java/lang/NoSuchMethodError'{0x000000074ccc2110}: 'java.lang.Object java.lang.invoke.Invokers$Holder.linkToTargetMethod(java.lang.Object, long, java.lang.Object)'> (0x000000074ccc2110) 
thrown [src/hotspot/share/interpreter/linkResolver.cpp, line 803]
Event: 0.929 Thread 0x00007be99801a330 Exception <a 'java/lang/NoSuchMethodError'{0x000000074ccd1a50}: 'int java.lang.invoke.Invokers$Holder.invokeExact_MT(java.lang.Object, java.lang.Object, java.lang.Object, java.lang.Object)'> (0x000000074ccd1a50) 
thrown [src/hotspot/share/interpreter/linkResolver.cpp, line 803]

VM Operations (20 events):
Event: 0.867 Executing non-safepoint VM operation: HandshakeAllThreads (CloseScopedMemory)
Event: 0.867 Executing non-safepoint VM operation: HandshakeAllThreads (CloseScopedMemory) done
Event: 0.867 Executing non-safepoint VM operation: HandshakeAllThreads (CloseScopedMemory)
Event: 0.867 Executing non-safepoint VM operation: HandshakeAllThreads (CloseScopedMemory) done
Event: 0.888 Executing non-safepoint VM operation: HandshakeAllThreads (Deoptimize)
Event: 0.888 Executing non-safepoint VM operation: HandshakeAllThreads (Deoptimize) done
Event: 0.890 Executing non-safepoint VM operation: HandshakeAllThreads (CloseScopedMemory)
Event: 0.890 Executing non-safepoint VM operation: HandshakeAllThreads (CloseScopedMemory) done
Event: 0.890 Executing non-safepoint VM operation: HandshakeAllThreads (CloseScopedMemory)
Event: 0.890 Executing non-safepoint VM operation: HandshakeAllThreads (CloseScopedMemory) done
Event: 0.902 Executing non-safepoint VM operation: HandshakeAllThreads (CloseScopedMemory)
Event: 0.902 Executing non-safepoint VM operation: HandshakeAllThreads (CloseScopedMemory) done
Event: 0.911 Executing non-safepoint VM operation: HandshakeAllThreads (CloseScopedMemory)
Event: 0.911 Executing non-safepoint VM operation: HandshakeAllThreads (CloseScopedMemory) done
Event: 0.918 Executing non-safepoint VM operation: HandshakeAllThreads (CloseScopedMemory)
Event: 0.918 Executing non-safepoint VM operation: HandshakeAllThreads (CloseScopedMemory) done
Event: 0.926 Executing non-safepoint VM operation: HandshakeAllThreads (CloseScopedMemory)
Event: 0.926 Executing non-safepoint VM operation: HandshakeAllThreads (CloseScopedMemory) done
Event: 0.928 Executing non-safepoint VM operation: HandshakeAllThreads (Deoptimize)
Event: 0.928 Executing non-safepoint VM operation: HandshakeAllThreads (Deoptimize) done

Memory protections (12 events):
Event: 0.001 Protecting memory [0x00007be99ff00000,0x00007be99ff04000] with protection modes 0
Event: 0.006 Protecting memory [0x0000000015000000,0x0000000015001000] with protection modes 0
Event: 0.014 Protecting memory [0x00007be97cdaf000,0x00007be97cdb3000] with protection modes 0
Event: 0.015 Protecting memory [0x00007be97ccaf000,0x00007be97ccb3000] with protection modes 0
Event: 0.015 Protecting memory [0x00007be97c500000,0x00007be97c504000] with protection modes 0
Event: 0.015 Protecting memory [0x00007be97c400000,0x00007be97c404000] with protection modes 0
Event: 0.015 Protecting memory [0x00007be97c300000,0x00007be97c304000] with protection modes 0
Event: 0.015 Protecting memory [0x00007be97c200000,0x00007be97c204000] with protection modes 0
Event: 0.015 Protecting memory [0x00007be97c100000,0x00007be97c104000] with protection modes 0
Event: 0.026 Protecting memory [0x00007be97c000000,0x00007be97c004000] with protection modes 0
Event: 0.028 Protecting memory [0x00007be96df00000,0x00007be96df04000] with protection modes 0
Event: 0.066 Protecting memory [0x00007be96dd48000,0x00007be96dd4c000] with protection modes 0

Nmethod flushes (0 events):
No events

Events (11 events):
Event: 0.009 Thread 0x00007be99801a330 Thread added: 0x00007be99801a330
Event: 0.014 Thread 0x00007be99801a330 Thread added: 0x00007be99810c120
Event: 0.015 Thread 0x00007be99801a330 Thread added: 0x00007be99810d310
Event: 0.015 Thread 0x00007be99801a330 Thread added: 0x00007be99810ed40
Event: 0.015 Thread 0x00007be99801a330 Thread added: 0x00007be998110670
Event: 0.015 Thread 0x00007be99801a330 Thread added: 0x00007be998111f00
Event: 0.015 Thread 0x00007be99801a330 Thread added: 0x00007be998113d10
Event: 0.015 Thread 0x00007be99801a330 Thread added: 0x00007be9981156c0
Event: 0.026 Thread 0x00007be99801a330 Thread added: 0x00007be998153fb0
Event: 0.028 Thread 0x00007be99801a330 Thread added: 0x00007be998156400
Event: 0.066 Thread 0x00007be99801a330 Thread added: 0x00007be9981bee60


Dynamic libraries:
15000000-15001000 ---p 00000000 00:00 0 
15001000-15d8d000 rw-p 00001000 08:02 13267116                           /home/linuxbrew/.linuxbrew/Cellar/openjdk/25.0.2/libexec/lib/server/classes.jsa
15d8d000-16000000 ---p 00000000 00:00 0 
16000000-16040000 rw-p 00000000 00:00 0 
16040000-16070000 rw-p 00000000 00:00 0 
16070000-16080000 ---p 00000000 00:00 0 
16080000-160e0000 rw-p 00000000 00:00 0 
160e0000-56000000 ---p 00000000 00:00 0 
742e00000-74ec00000 rw-p 00000000 00:00 0 
74ec00000-7ffe00000 ---p 00000000 00:00 0 
7ffe00000-7fff21000 rw-p 00dc0000 08:02 13267116                         /home/linuxbrew/.linuxbrew/Cellar/openjdk/25.0.2/libexec/lib/server/classes.jsa
7fff21000-800000000 rw-p 00000000 00:00 0 
5ed4bc292000-5ed4bc294000 r--p 00000000 08:02 13266505                   /home/linuxbrew/.linuxbrew/Cellar/openjdk/25.0.2/libexec/bin/java
5ed4bc294000-5ed4bc295000 r-xp 00002000 08:02 13266505                   /home/linuxbrew/.linuxbrew/Cellar/openjdk/25.0.2/libexec/bin/java
5ed4bc295000-5ed4bc296000 r--p 00003000 08:02 13266505                   /home/linuxbrew/.linuxbrew/Cellar/openjdk/25.0.2/libexec/bin/java
5ed4bc296000-5ed4bc297000 r--p 00003000 08:02 13266505                   /home/linuxbrew/.linuxbrew/Cellar/openjdk/25.0.2/libexec/bin/java
5ed4bc297000-5ed4bc29b000 rw-p 00004000 08:02 13266505                   /home/linuxbrew/.linuxbrew/Cellar/openjdk/25.0.2/libexec/bin/java
5ed4d942b000-5ed4d9474000 rw-p 00000000 00:00 0                          [heap]
7be925ffe000-7be92c021000 rw-p 00000000 00:00 0 
7be92c021000-7be930000000 ---p 00000000 00:00 0 
7be934000000-7be934021000 rw-p 00000000 00:00 0 
7be934021000-7be938000000 ---p 00000000 00:00 0 
7be938000000-7be938021000 rw-p 00000000 00:00 0 
7be938021000-7be93c000000 ---p 00000000 00:00 0 
7be93c000000-7be93c9d5000 rw-p 00000000 00:00 0 
7be93c9d5000-7be940000000 ---p 00000000 00:00 0 
7be940000000-7be940657000 rw-p 00000000 00:00 0 
7be940657000-7be944000000 ---p 00000000 00:00 0 
7be944000000-7be944021000 rw-p 00000000 00:00 0 
7be944021000-7be948000000 ---p 00000000 00:00 0 
7be948000000-7be948021000 rw-p 00000000 00:00 0 
7be948021000-7be94c000000 ---p 00000000 00:00 0 
7be94c000000-7be94c021000 rw-p 00000000 00:00 0 
7be94c021000-7be950000000 ---p 00000000 00:00 0 
7be950000000-7be950021000 rw-p 00000000 00:00 0 
7be950021000-7be954000000 ---p 00000000 00:00 0 
7be954000000-7be9542e0000 rw-p 00000000 00:00 0 
7be9542e0000-7be954400000 ---p 00000000 00:00 0 
7be954400000-7be9546a0000 rw-p 00000000 00:00 0 
7be9546a0000-7be958000000 ---p 00000000 00:00 0 
7be958000000-7be958021000 rw-p 00000000 00:00 0 
7be958021000-7be95c000000 ---p 00000000 00:00 0 
7be95c000000-7be95c021000 rw-p 00000000 00:00 0 
7be95c021000-7be960000000 ---p 00000000 00:00 0 
7be960000000-7be960021000 rw-p 00000000 00:00 0 
7be960021000-7be964000000 ---p 00000000 00:00 0 
7be964000000-7be964021000 rw-p 00000000 00:00 0 
7be964021000-7be968000000 ---p 00000000 00:00 0 
7be968000000-7be968021000 rw-p 00000000 00:00 0 
7be968021000-7be96c000000 ---p 00000000 00:00 0 
7be96dd48000-7be96dd4c000 ---p 00000000 00:00 0 
7be96dd4c000-7be96de48000 rw-p 00000000 00:00 0 
7be96de48000-7be96de7e000 r--p 00000000 00:2e 26386                      /tmp/xross_test_9339364756069368455/libxross_example.so
7be96de7e000-7be96def6000 r-xp 00035000 00:2e 26386                      /tmp/xross_test_9339364756069368455/libxross_example.so
7be96def6000-7be96defc000 r--p 000ac000 00:2e 26386                      /tmp/xross_test_9339364756069368455/libxross_example.so
7be96defc000-7be96df00000 rw-p 000b1000 00:2e 26386                      /tmp/xross_test_9339364756069368455/libxross_example.so
7be96df00000-7be96df04000 ---p 00000000 00:00 0 
7be96df04000-7be96e000000 rw-p 00000000 00:00 0 
7be96e000000-7be970021000 rw-p 00000000 00:00 0 
7be970021000-7be974000000 ---p 00000000 00:00 0 
7be974000000-7be974021000 rw-p 00000000 00:00 0 
7be974021000-7be978000000 ---p 00000000 00:00 0 
7be978000000-7be978021000 rw-p 00000000 00:00 0 
7be978021000-7be97c004000 ---p 00000000 00:00 0 
7be97c004000-7be97c100000 rw-p 00000000 00:00 0 
7be97c100000-7be97c104000 ---p 00000000 00:00 0 
7be97c104000-7be97c200000 rw-p 00000000 00:00 0 
7be97c200000-7be97c204000 ---p 00000000 00:00 0 
7be97c204000-7be97c300000 rw-p 00000000 00:00 0 
7be97c300000-7be97c304000 ---p 00000000 00:00 0 
7be97c304000-7be97c400000 rw-p 00000000 00:00 0 
7be97c400000-7be97c404000 ---p 00000000 00:00 0 
7be97c404000-7be97c500000 rw-p 00000000 00:00 0 
7be97c500000-7be97c504000 ---p 00000000 00:00 0 
7be97c504000-7be97c600000 rw-p 00000000 00:00 0 
7be97c600000-7be97cc80000 r--p 00000000 08:02 9175821                    /usr/lib/locale/locale-archive
7be97ccaf000-7be97ccb3000 ---p 00000000 00:00 0 
7be97ccb3000-7be97cdaf000 rw-p 00000000 00:00 0 
7be97cdaf000-7be97cdb3000 ---p 00000000 00:00 0 
7be97cdb3000-7be97d2b4000 rw-p 00000000 00:00 0 
7be97d2b4000-7be97d9b0000 rw-p 00000000 00:00 0 
7be97d9b0000-7be9805f8000 ---p 00000000 00:00 0 
7be9805f8000-7be980600000 rw-p 00000000 00:00 0 
7be980600000-7be980870000 rwxp 00000000 00:00 0 
7be980870000-7be987b37000 ---p 00000000 00:00 0 
7be987b37000-7be987da7000 rwxp 00000000 00:00 0 
7be987da7000-7be9880c8000 ---p 00000000 00:00 0 
7be9880c8000-7be988338000 rwxp 00000000 00:00 0 
7be988338000-7be98f600000 ---p 00000000 00:00 0 
7be98f600000-7be997faa000 r--s 00000000 08:02 13267108                   /home/linuxbrew/.linuxbrew/Cellar/openjdk/25.0.2/libexec/lib/modules
7be997fbc000-7be997fbe000 r--p 00000000 08:02 13267103                   /home/linuxbrew/.linuxbrew/Cellar/openjdk/25.0.2/libexec/lib/libsimdsort.so
7be997fbe000-7be997ff6000 r-xp 00002000 08:02 13267103                   /home/linuxbrew/.linuxbrew/Cellar/openjdk/25.0.2/libexec/lib/libsimdsort.so
7be997ff6000-7be997ffc000 r--p 0003a000 08:02 13267103                   /home/linuxbrew/.linuxbrew/Cellar/openjdk/25.0.2/libexec/lib/libsimdsort.so
7be997ffc000-7be997ffd000 r--p 0003f000 08:02 13267103                   /home/linuxbrew/.linuxbrew/Cellar/openjdk/25.0.2/libexec/lib/libsimdsort.so
7be997ffd000-7be997ffe000 rw-p 00040000 08:02 13267103                   /home/linuxbrew/.linuxbrew/Cellar/openjdk/25.0.2/libexec/lib/libsimdsort.so
7be997ffe000-7be998000000 rw-p 00043000 08:02 13267103                   /home/linuxbrew/.linuxbrew/Cellar/openjdk/25.0.2/libexec/lib/libsimdsort.so
7be998000000-7be9989b3000 rw-p 00000000 00:00 0 
7be9989b3000-7be99c000000 ---p 00000000 00:00 0 
7be99c010000-7be99c013000 r--p 00000000 08:02 13267107                   /home/linuxbrew/.linuxbrew/Cellar/openjdk/25.0.2/libexec/lib/libzip.so
7be99c013000-7be99c018000 r-xp 00003000 08:02 13267107                   /home/linuxbrew/.linuxbrew/Cellar/openjdk/25.0.2/libexec/lib/libzip.so
7be99c018000-7be99c01a000 r--p 00008000 08:02 13267107                   /home/linuxbrew/.linuxbrew/Cellar/openjdk/25.0.2/libexec/lib/libzip.so
7be99c01a000-7be99c01b000 r--p 00009000 08:02 13267107                   /home/linuxbrew/.linuxbrew/Cellar/openjdk/25.0.2/libexec/lib/libzip.so
7be99c01b000-7be99c01c000 rw-p 0000a000 08:02 13267107                   /home/linuxbrew/.linuxbrew/Cellar/openjdk/25.0.2/libexec/lib/libzip.so
7be99c01c000-7be99c01e000 rw-p 0000d000 08:02 13267107                   /home/linuxbrew/.linuxbrew/Cellar/openjdk/25.0.2/libexec/lib/libzip.so
7be99c01e000-7be99c021000 r--p 00000000 08:02 13267097                   /home/linuxbrew/.linuxbrew/Cellar/openjdk/25.0.2/libexec/lib/libnet.so
7be99c021000-7be99c029000 r-xp 00003000 08:02 13267097                   /home/linuxbrew/.linuxbrew/Cellar/openjdk/25.0.2/libexec/lib/libnet.so
7be99c029000-7be99c02b000 r--p 0000b000 08:02 13267097                   /home/linuxbrew/.linuxbrew/Cellar/openjdk/25.0.2/libexec/lib/libnet.so
7be99c02b000-7be99c02c000 r--p 0000c000 08:02 13267097                   /home/linuxbrew/.linuxbrew/Cellar/openjdk/25.0.2/libexec/lib/libnet.so
7be99c02c000-7be99c02d000 rw-p 0000d000 08:02 13267097                   /home/linuxbrew/.linuxbrew/Cellar/openjdk/25.0.2/libexec/lib/libnet.so
7be99c02d000-7be99c02f000 rw-p 00011000 08:02 13267097                   /home/linuxbrew/.linuxbrew/Cellar/openjdk/25.0.2/libexec/lib/libnet.so
7be99c02f000-7be99c8b8000 rw-p 00000000 00:00 0 
7be99c8b8000-7be99cbbb000 rw-p 00000000 00:00 0 
7be99cbbb000-7be99ccab000 rw-p 00000000 00:00 0 
7be99ccab000-7be99d234000 ---p 00000000 00:00 0 
7be99d234000-7be99d294000 rw-p 00000000 00:00 0 
7be99d294000-7be99d81d000 ---p 00000000 00:00 0 
7be99d81d000-7be99e42f000 rw-p 00000000 00:00 0 
7be99e42f000-7be99e515000 ---p 00000000 00:00 0 
7be99e515000-7be99e51a000 rw-p 00000000 00:00 0 
7be99e51a000-7be99e600000 ---p 00000000 00:00 0 
7be99e600000-7be99e6a2000 r--p 00000000 08:02 9177552                    /usr/lib/x86_64-linux-gnu/libstdc++.so.6.0.34
7be99e6a2000-7be99e7ef000 r-xp 000a2000 08:02 9177552                    /usr/lib/x86_64-linux-gnu/libstdc++.so.6.0.34
7be99e7ef000-7be99e877000 r--p 001ef000 08:02 9177552                    /usr/lib/x86_64-linux-gnu/libstdc++.so.6.0.34
7be99e877000-7be99e886000 r--p 00276000 08:02 9177552                    /usr/lib/x86_64-linux-gnu/libstdc++.so.6.0.34
7be99e886000-7be99e889000 rw-p 00285000 08:02 9177552                    /usr/lib/x86_64-linux-gnu/libstdc++.so.6.0.34
7be99e889000-7be99e88d000 rw-p 00000000 00:00 0 
7be99e898000-7be99e8f3000 rw-p 00000000 00:00 0 
7be99e8f3000-7be99e904000 r--p 00000000 08:02 9177423                    /usr/lib/x86_64-linux-gnu/libm.so.6
7be99e904000-7be99e98f000 r-xp 00011000 08:02 9177423                    /usr/lib/x86_64-linux-gnu/libm.so.6
7be99e98f000-7be99e9fe000 r--p 0009c000 08:02 9177423                    /usr/lib/x86_64-linux-gnu/libm.so.6
7be99e9fe000-7be99e9ff000 r--p 0010a000 08:02 9177423                    /usr/lib/x86_64-linux-gnu/libm.so.6
7be99e9ff000-7be99ea00000 rw-p 0010b000 08:02 9177423                    /usr/lib/x86_64-linux-gnu/libm.so.6
7be99ea00000-7be99ecdb000 r--p 00000000 08:02 13267121                   /home/linuxbrew/.linuxbrew/Cellar/openjdk/25.0.2/libexec/lib/server/libjvm.so
7be99ecdb000-7be99fa63000 r-xp 002db000 08:02 13267121                   /home/linuxbrew/.linuxbrew/Cellar/openjdk/25.0.2/libexec/lib/server/libjvm.so
7be99fa63000-7be99fd69000 r--p 01063000 08:02 13267121                   /home/linuxbrew/.linuxbrew/Cellar/openjdk/25.0.2/libexec/lib/server/libjvm.so
7be99fd69000-7be99fd6a000 ---p 01369000 08:02 13267121                   /home/linuxbrew/.linuxbrew/Cellar/openjdk/25.0.2/libexec/lib/server/libjvm.so
7be99fd6a000-7be99fe52000 r--p 01369000 08:02 13267121                   /home/linuxbrew/.linuxbrew/Cellar/openjdk/25.0.2/libexec/lib/server/libjvm.so
7be99fe52000-7be99fe7d000 rw-p 01451000 08:02 13267121                   /home/linuxbrew/.linuxbrew/Cellar/openjdk/25.0.2/libexec/lib/server/libjvm.so
7be99fe7d000-7be99fef9000 rw-p 00000000 00:00 0 
7be99fef9000-7be99fefd000 rw-p 01967000 08:02 13267121                   /home/linuxbrew/.linuxbrew/Cellar/openjdk/25.0.2/libexec/lib/server/libjvm.so
7be99ff00000-7be99ff04000 ---p 00000000 00:00 0 
7be99ff04000-7be9a0000000 rw-p 00000000 00:00 0 
7be9a0000000-7be9a0028000 r--p 00000000 08:02 9176997                    /usr/lib/x86_64-linux-gnu/libc.so.6
7be9a0028000-7be9a01c1000 r-xp 00028000 08:02 9176997                    /usr/lib/x86_64-linux-gnu/libc.so.6
7be9a01c1000-7be9a0230000 r--p 001c1000 08:02 9176997                    /usr/lib/x86_64-linux-gnu/libc.so.6
7be9a0230000-7be9a0234000 r--p 0022f000 08:02 9176997                    /usr/lib/x86_64-linux-gnu/libc.so.6
7be9a0234000-7be9a0236000 rw-p 00233000 08:02 9176997                    /usr/lib/x86_64-linux-gnu/libc.so.6
7be9a0236000-7be9a0243000 rw-p 00000000 00:00 0 
7be9a0246000-7be9a024d000 r--s 00000000 08:02 9336279                    /usr/lib/x86_64-linux-gnu/gconv/gconv-modules.cache
7be9a024d000-7be9a0254000 r--p 00000000 08:02 13267098                   /home/linuxbrew/.linuxbrew/Cellar/openjdk/25.0.2/libexec/lib/libnio.so
7be9a0254000-7be9a025d000 r-xp 00007000 08:02 13267098                   /home/linuxbrew/.linuxbrew/Cellar/openjdk/25.0.2/libexec/lib/libnio.so
7be9a025d000-7be9a0261000 r--p 00010000 08:02 13267098                   /home/linuxbrew/.linuxbrew/Cellar/openjdk/25.0.2/libexec/lib/libnio.so
7be9a0261000-7be9a0262000 r--p 00013000 08:02 13267098                   /home/linuxbrew/.linuxbrew/Cellar/openjdk/25.0.2/libexec/lib/libnio.so
7be9a0262000-7be9a0263000 rw-p 00014000 08:02 13267098                   /home/linuxbrew/.linuxbrew/Cellar/openjdk/25.0.2/libexec/lib/libnio.so
7be9a0263000-7be9a0268000 rw-p 0001b000 08:02 13267098                   /home/linuxbrew/.linuxbrew/Cellar/openjdk/25.0.2/libexec/lib/libnio.so
7be9a0268000-7be9a02a9000 rw-p 00000000 00:00 0 
7be9a02a9000-7be9a02b6000 r--p 00000000 08:02 13267083                   /home/linuxbrew/.linuxbrew/Cellar/openjdk/25.0.2/libexec/lib/libjava.so
7be9a02b6000-7be9a02c4000 r-xp 0000d000 08:02 13267083                   /home/linuxbrew/.linuxbrew/Cellar/openjdk/25.0.2/libexec/lib/libjava.so
7be9a02c4000-7be9a02c9000 r--p 0001b000 08:02 13267083                   /home/linuxbrew/.linuxbrew/Cellar/openjdk/25.0.2/libexec/lib/libjava.so
7be9a02c9000-7be9a02ca000 ---p 00020000 08:02 13267083                   /home/linuxbrew/.linuxbrew/Cellar/openjdk/25.0.2/libexec/lib/libjava.so
7be9a02ca000-7be9a02cb000 r--p 00020000 08:02 13267083                   /home/linuxbrew/.linuxbrew/Cellar/openjdk/25.0.2/libexec/lib/libjava.so
7be9a02cb000-7be9a02cc000 rw-p 00021000 08:02 13267083                   /home/linuxbrew/.linuxbrew/Cellar/openjdk/25.0.2/libexec/lib/libjava.so
7be9a02cc000-7be9a02cd000 rw-p 00000000 00:00 0 
7be9a02cd000-7be9a02d3000 rw-p 0002c000 08:02 13267083                   /home/linuxbrew/.linuxbrew/Cellar/openjdk/25.0.2/libexec/lib/libjava.so
7be9a02d3000-7be9a02d7000 r--p 00000000 08:02 9177547                    /usr/lib/x86_64-linux-gnu/libgcc_s.so.1
7be9a02d7000-7be9a02fa000 r-xp 00004000 08:02 9177547                    /usr/lib/x86_64-linux-gnu/libgcc_s.so.1
7be9a02fa000-7be9a02fe000 r--p 00027000 08:02 9177547                    /usr/lib/x86_64-linux-gnu/libgcc_s.so.1
7be9a02fe000-7be9a02ff000 r--p 0002a000 08:02 9177547                    /usr/lib/x86_64-linux-gnu/libgcc_s.so.1
7be9a02ff000-7be9a0300000 rw-p 0002b000 08:02 9177547                    /usr/lib/x86_64-linux-gnu/libgcc_s.so.1
7be9a0300000-7be9a0303000 rw-p 00000000 00:00 0 
7be9a0303000-7be9a0306000 r--p 00000000 08:02 11403538                   /home/linuxbrew/.linuxbrew/Cellar/zlib/1.3.1/lib/libz.so.1.3.1
7be9a0306000-7be9a0314000 r-xp 00003000 08:02 11403538                   /home/linuxbrew/.linuxbrew/Cellar/zlib/1.3.1/lib/libz.so.1.3.1
7be9a0314000-7be9a031b000 r--p 00011000 08:02 11403538                   /home/linuxbrew/.linuxbrew/Cellar/zlib/1.3.1/lib/libz.so.1.3.1
7be9a031b000-7be9a031c000 r--p 00017000 08:02 11403538                   /home/linuxbrew/.linuxbrew/Cellar/zlib/1.3.1/lib/libz.so.1.3.1
7be9a031c000-7be9a031d000 rw-p 00018000 08:02 11403538                   /home/linuxbrew/.linuxbrew/Cellar/zlib/1.3.1/lib/libz.so.1.3.1
7be9a031d000-7be9a031e000 rw-p 0001b000 08:02 11403538                   /home/linuxbrew/.linuxbrew/Cellar/zlib/1.3.1/lib/libz.so.1.3.1
7be9a031e000-7be9a0320000 rw-p 00000000 00:00 0 
7be9a0321000-7be9a0322000 rw-p 00000000 00:00 0 
7be9a0322000-7be9a0323000 rw-p 00000000 00:00 0 
7be9a0323000-7be9a0328000 rw-p 00000000 00:00 0 
7be9a0328000-7be9a032f000 ---p 00000000 00:00 0 
7be9a032f000-7be9a0337000 rw-s 00000000 00:2e 26384                      /tmp/hsperfdata_the-infinitys/3718627
7be9a0337000-7be9a0338000 ---p 00000000 00:00 0 
7be9a0338000-7be9a0339000 r--p 00000000 00:00 0 
7be9a0339000-7be9a033a000 ---p 00000000 00:00 0 
7be9a033a000-7be9a033c000 r--p 00000000 08:02 13267087                   /home/linuxbrew/.linuxbrew/Cellar/openjdk/25.0.2/libexec/lib/libjimage.so
7be9a033c000-7be9a033f000 r-xp 00002000 08:02 13267087                   /home/linuxbrew/.linuxbrew/Cellar/openjdk/25.0.2/libexec/lib/libjimage.so
7be9a033f000-7be9a0340000 r--p 00005000 08:02 13267087                   /home/linuxbrew/.linuxbrew/Cellar/openjdk/25.0.2/libexec/lib/libjimage.so
7be9a0340000-7be9a0341000 ---p 00006000 08:02 13267087                   /home/linuxbrew/.linuxbrew/Cellar/openjdk/25.0.2/libexec/lib/libjimage.so
7be9a0341000-7be9a0342000 r--p 00006000 08:02 13267087                   /home/linuxbrew/.linuxbrew/Cellar/openjdk/25.0.2/libexec/lib/libjimage.so
7be9a0342000-7be9a0343000 rw-p 00007000 08:02 13267087                   /home/linuxbrew/.linuxbrew/Cellar/openjdk/25.0.2/libexec/lib/libjimage.so
7be9a0343000-7be9a0345000 rw-p 0000a000 08:02 13267087                   /home/linuxbrew/.linuxbrew/Cellar/openjdk/25.0.2/libexec/lib/libjimage.so
7be9a0345000-7be9a0348000 r--p 00000000 08:02 13267088                   /home/linuxbrew/.linuxbrew/Cellar/openjdk/25.0.2/libexec/lib/libjli.so
7be9a0348000-7be9a0352000 r-xp 00003000 08:02 13267088                   /home/linuxbrew/.linuxbrew/Cellar/openjdk/25.0.2/libexec/lib/libjli.so
7be9a0352000-7be9a0355000 r--p 0000d000 08:02 13267088                   /home/linuxbrew/.linuxbrew/Cellar/openjdk/25.0.2/libexec/lib/libjli.so
7be9a0355000-7be9a0356000 ---p 00010000 08:02 13267088                   /home/linuxbrew/.linuxbrew/Cellar/openjdk/25.0.2/libexec/lib/libjli.so
7be9a0356000-7be9a0357000 r--p 00010000 08:02 13267088                   /home/linuxbrew/.linuxbrew/Cellar/openjdk/25.0.2/libexec/lib/libjli.so
7be9a0357000-7be9a0358000 rw-p 00011000 08:02 13267088                   /home/linuxbrew/.linuxbrew/Cellar/openjdk/25.0.2/libexec/lib/libjli.so
7be9a0358000-7be9a035a000 rw-p 00015000 08:02 13267088                   /home/linuxbrew/.linuxbrew/Cellar/openjdk/25.0.2/libexec/lib/libjli.so
7be9a035a000-7be9a035e000 rw-p 00000000 00:00 0 
7be9a035e000-7be9a0362000 r--p 00000000 00:00 0                          [vvar]
7be9a0362000-7be9a0364000 r--p 00000000 00:00 0                          [vvar_vclock]
7be9a0364000-7be9a0366000 r-xp 00000000 00:00 0                          [vdso]
7be9a0366000-7be9a0367000 r--p 00000000 08:02 9175995                    /usr/lib/x86_64-linux-gnu/ld-linux-x86-64.so.2
7be9a0367000-7be9a0395000 r-xp 00001000 08:02 9175995                    /usr/lib/x86_64-linux-gnu/ld-linux-x86-64.so.2
7be9a0395000-7be9a03a3000 r--p 0002f000 08:02 9175995                    /usr/lib/x86_64-linux-gnu/ld-linux-x86-64.so.2
7be9a03a3000-7be9a03a5000 r--p 0003d000 08:02 9175995                    /usr/lib/x86_64-linux-gnu/ld-linux-x86-64.so.2
7be9a03a5000-7be9a03a6000 rw-p 0003f000 08:02 9175995                    /usr/lib/x86_64-linux-gnu/ld-linux-x86-64.so.2
7be9a03a6000-7be9a03a7000 rw-p 00000000 00:00 0 
7ffccb5e3000-7ffccb606000 rw-p 00000000 00:00 0                          [stack]
ffffffffff600000-ffffffffff601000 --xp 00000000 00:00 0                  [vsyscall]
Total number of mappings: 211

JVMTI agents: none


VM Arguments:
jvm_args: --add-opens=java.base/java.lang=ALL-UNNAMED -Dfile.encoding=UTF-8 -Duser.country=JP -Duser.language=ja -Duser.variant 
java_command: org.example.WithXrossAppKt
java_class_path (initial): /home/the-infinitys/github/minecraft.infinite-client/project-xross/xross-example/app/build/classes/java/main:/home/the-infinitys/github/minecraft.infinite-client/project-xross/xross-example/app/build/classes/kotlin/main:/home/the-infinitys/github/minecraft.infinite-client/project-xross/xross-example/app/build/resources/main:/home/the-infinitys/.gradle/caches/modules-2/files-2.1/com.google.guava/guava/33.4.6-jre/4437fb72c3cc5d29554b588d9a97bea12d6a42e1/guava-33.4.6-jre.jar:/home/the-infinitys/.gradle/caches/modules-2/files-2.1/org.jetbrains.kotlin/kotlin-stdlib-jdk7/2.3.10/eb57a55dda1c04e2b68de7d50619dd7526150442/kotlin-stdlib-jdk7-2.3.10.jar:/home/the-infinitys/.gradle/caches/modules-2/files-2.1/org.jetbrains.kotlinx/kotlinx-coroutines-core-jvm/1.10.1/fe066928754beda3d59c8282e04289546465a360/kotlinx-coroutines-core-jvm-1.10.1.jar:/home/the-infinitys/.gradle/caches/modules-2/files-2.1/org.jetbrains.kotlin/kotlin-stdlib/2.3.10/8b80e2f80a3b7daa99c16017f91d4c72cd8b31a6/kotlin-stdlib-2.3.10.jar:/home/the-infinitys/.gradle/caches/modules-2/files-2.1/org.jetbrains.kotlin/kotlin-stdlib-jdk8/2.3.10/626e0d6a554c61b239816b108314301950a20de4/kotlin-stdlib-jdk8-2.3.10.jar:/home/the-infinitys/.gradle/caches/modules-2/files-2.1/com.google.guava/failureaccess/1.0.3/aeaffd00d57023a2c947393ed251f0354f0985fc/failureaccess-1.0.3.jar:/home/the-infinitys/.gradle/caches/modules-2/files-2.1/com.google.guava/listenablefuture/9999.0-empty-to-avoid-conflict-with-guava/b421526c5f297295adef1c886e5246c39d4ac629/listenablefuture-9999.0-empty-to-avoid-conflict-with-guava.jar:/home/the-infinitys/.gradle/caches/modules-2/files-2.1/org.jspecify/jspecify/1.0.0/7425a601c1c7ec76645a78d22b8c6a627edee507/jspecify-1.0.0.jar:/home/the-infinitys/.gradle/caches/modules-2/files-2.1/com.google.errorprone/error_prone_annotations/2.36.0/227d4d4957ccc3dc5761bd897e3a0ee587e750a7/error_prone_annotations-2.36.0.jar:/home/the-infinitys/.gradle/caches/modules-2/files-2.1/com.google.j2objc/j2objc-annotations/3.0.0/7399e65dd7e9ff3404f4535b2f017093bdb134c7/j2objc-annotations-3.0.0.jar:/home/the-infinitys/.gradle/caches/modules-2/files-2.1/org.jetbrains/annotations/23.0.0/8cc20c07506ec18e0834947b84a864bfc094484e/annotations-23.0.0.jar
Launcher Type: SUN_STANDARD

[Global flags]
     intx CICompilerCount                          = 4                                         {product} {ergonomic}
     uint ConcGCThreads                            = 3                                         {product} {ergonomic}
     uint G1ConcRefinementThreads                  = 12                                        {product} {ergonomic}
   size_t G1HeapRegionSize                         = 2097152                                   {product} {ergonomic}
   size_t InitialHeapSize                          = 199229440                                 {product} {ergonomic}
   size_t MarkStackSize                            = 4194304                                   {product} {ergonomic}
   size_t MarkStackSizeMax                         = 536870912                                 {product} {ergonomic}
   size_t MaxHeapSize                              = 3172990976                                {product} {ergonomic}
   size_t MaxNewSize                               = 1902116864                                {product} {ergonomic}
   size_t MinHeapDeltaBytes                        = 2097152                                   {product} {ergonomic}
   size_t MinHeapSize                              = 8388608                                   {product} {ergonomic}
    uintx NonNMethodCodeHeapSize                   = 5836800                                {pd product} {ergonomic}
    uintx NonProfiledCodeHeapSize                  = 122912768                              {pd product} {ergonomic}
    uintx ProfiledCodeHeapSize                     = 122908672                              {pd product} {ergonomic}
    uintx ReservedCodeCacheSize                    = 251658240                              {pd product} {ergonomic}
     bool SegmentedCodeCache                       = true                                      {product} {ergonomic}
   size_t SoftMaxHeapSize                          = 3172990976                             {manageable} {ergonomic}
     bool UseCompressedOops                        = true                           {product lp64_product} {ergonomic}
     bool UseG1GC                                  = true                                      {product} {ergonomic}

Logging:
Log output configuration:
 #0: stdout all=warning uptime,level,tags foldmultilines=false
 #1: stderr all=off uptime,level,tags foldmultilines=false

Release file:
IMPLEMENTOR="Homebrew"
IMPLEMENTOR_VERSION="Homebrew"
JAVA_RUNTIME_VERSION="25.0.2"
JAVA_VERSION="25.0.2"
JAVA_VERSION_DATE="2026-01-20"
LIBC="gnu"
MODULES="java.base java.compiler java.datatransfer java.xml java.prefs java.desktop java.instrument java.logging java.management java.security.sasl java.naming java.rmi java.management.rmi java.net.http java.scripting java.security.jgss java.transaction.xa java.sql java.sql.rowset java.xml.crypto java.se java.smartcardio jdk.accessibility jdk.internal.jvmstat jdk.attach jdk.charsets jdk.internal.opt jdk.zipfs jdk.compiler jdk.crypto.cryptoki jdk.crypto.ec jdk.dynalink jdk.internal.ed jdk.editpad jdk.internal.vm.ci jdk.graal.compiler jdk.graal.compiler.management jdk.hotspot.agent jdk.httpserver jdk.incubator.vector jdk.internal.le jdk.internal.md jdk.jartool jdk.javadoc jdk.jcmd jdk.management jdk.management.agent jdk.jconsole jdk.jdeps jdk.jdwp.agent jdk.jdi jdk.jfr jdk.jlink jdk.jpackage jdk.jshell jdk.jsobject jdk.jstatd jdk.localedata jdk.management.jfr jdk.naming.dns jdk.naming.rmi jdk.net jdk.nio.mapmode jdk.sctp jdk.security.auth jdk.security.jgss jdk.unsupported jdk.unsupported.desktop jdk.xml.dom"
OS_ARCH="x86_64"
OS_NAME="Linux"
SOURCE=""

Environment Variables:
PATH=/home/the-infinitys/.deno/bin:/home/the-infinitys/.python/venv//bin:/home/linuxbrew/.linuxbrew/bin:/home/linuxbrew/.linuxbrew/sbin:/home/the-infinitys/.bin:/home/the-infinitys/.local/bin:/home/the-infinitys/bin:/home/the-infinitys/.local/kitty.app/bin:/home/the-infinitys/.bun/bin:/home/the-infinitys/.cargo/bin:/usr/local/sbin:/usr/local/bin:/usr/sbin:/usr/bin:/sbin:/bin:/usr/games:/usr/local/games:/snap/bin:/home/the-infinitys/.lmstudio/bin
LD_LIBRARY_PATH=/usr/lib/mesa-diverted/x86_64-linux-gnu:/usr/lib/x86_64-linux-gnu/mesa:/usr/lib/x86_64-linux-gnu/dri:/usr/lib/x86_64-linux-gnu/gallium-pipe
SHELL=/usr/bin/zsh
DISPLAY=:20
LANG=ja_JP.UTF-8
LC_NUMERIC=ja_JP.UTF-8
LC_TIME=ja_JP.UTF-8
TERM=xterm-256color

Active Locale:
LC_ALL=ja_JP.UTF-8
LC_COLLATE=ja_JP.UTF-8
LC_CTYPE=ja_JP.UTF-8
LC_MESSAGES=ja_JP.UTF-8
LC_MONETARY=ja_JP.UTF-8
LC_NUMERIC=ja_JP.UTF-8
LC_TIME=ja_JP.UTF-8

Signal Handlers:
   SIGSEGV: crash_handler in libjvm.so, mask=11100100010111111101111111111110, flags=SA_RESTART|SA_SIGINFO, unblocked
    SIGBUS: crash_handler in libjvm.so, mask=11100100010111111101111111111110, flags=SA_RESTART|SA_SIGINFO, unblocked
    SIGFPE: crash_handler in libjvm.so, mask=11100100010111111101111111111110, flags=SA_RESTART|SA_SIGINFO, unblocked
   SIGPIPE: javaSignalHandler in libjvm.so, mask=11100100010111111101111111111110, flags=SA_RESTART|SA_SIGINFO, blocked
   SIGXFSZ: javaSignalHandler in libjvm.so, mask=11100100010111111101111111111110, flags=SA_RESTART|SA_SIGINFO, blocked
    SIGILL: crash_handler in libjvm.so, mask=11100100010111111101111111111110, flags=SA_RESTART|SA_SIGINFO, unblocked
   SIGUSR2: SR_handler in libjvm.so, mask=00000000000000000000000000000000, flags=SA_RESTART|SA_SIGINFO, blocked
    SIGHUP: UserHandler in libjvm.so, mask=11100100010111111101111111111110, flags=SA_RESTART|SA_SIGINFO, blocked
    SIGINT: UserHandler in libjvm.so, mask=11100100010111111101111111111110, flags=SA_RESTART|SA_SIGINFO, blocked
   SIGTERM: UserHandler in libjvm.so, mask=11100100010111111101111111111110, flags=SA_RESTART|SA_SIGINFO, blocked
   SIGQUIT: UserHandler in libjvm.so, mask=11100100010111111101111111111110, flags=SA_RESTART|SA_SIGINFO, blocked
   SIGTRAP: crash_handler in libjvm.so, mask=11100100010111111101111111111110, flags=SA_RESTART|SA_SIGINFO, unblocked


Compilation memory statistics disabled.

Periodic native trim disabled

---------------  S Y S T E M  ---------------

OS:
DISTRIB_ID=Ubuntu
DISTRIB_RELEASE=25.10
DISTRIB_CODENAME=questing
DISTRIB_DESCRIPTION="Ubuntu 25.10"
uname: Linux 6.17.0-14-generic #14-Ubuntu SMP PREEMPT_DYNAMIC Fri Jan  9 17:01:16 UTC 2026 x86_64
OS uptime: 1 days 8:43 hours
libc: glibc 2.42 NPTL 2.42 
rlimit (soft/hard): STACK 8192k/infinity , CORE 0k/infinity , NPROC 15189/15189 , NOFILE 524288/524288 , AS infinity/infinity , CPU infinity/infinity , DATA infinity/infinity , FSIZE infinity/infinity , MEMLOCK 8192k/8192k
load average: 1.25 1.46 1.27

/proc/meminfo:
MemTotal:       12391356 kB
MemFree:          195980 kB
MemAvailable:    3855492 kB
Buffers:           67944 kB
Cached:          3814128 kB
SwapCached:        12156 kB
Active:          4452576 kB
Inactive:        4298964 kB
Active(anon):    3565504 kB
Inactive(anon):  1502660 kB
Active(file):     887072 kB
Inactive(file):  2796304 kB
Unevictable:        6708 kB
Mlocked:             548 kB
SwapTotal:      31502672 kB
SwapFree:       23044092 kB
Zswap:                 0 kB
Zswapped:              0 kB
Dirty:             24536 kB
Writeback:           116 kB
AnonPages:       4875864 kB
Mapped:          1014468 kB
Shmem:            198412 kB
KReclaimable:     294900 kB
Slab:             707880 kB
SReclaimable:     294900 kB
SUnreclaim:       412980 kB
KernelStack:       36352 kB
PageTables:       105844 kB
SecPageTables:         0 kB
NFS_Unstable:          0 kB
Bounce:                0 kB
WritebackTmp:          0 kB
CommitLimit:    37698348 kB
Committed_AS:   36072776 kB
VmallocTotal:   34359738367 kB
VmallocUsed:      403284 kB
VmallocChunk:          0 kB
Percpu:            22016 kB
HardwareCorrupted:     0 kB
AnonHugePages:         0 kB
ShmemHugePages:        0 kB
ShmemPmdMapped:        0 kB
FileHugePages:     26624 kB
FilePmdMapped:         0 kB
CmaTotal:              0 kB
CmaFree:               0 kB
Unaccepted:            0 kB
Balloon:               0 kB
HugePages_Total:       0
HugePages_Free:        0
HugePages_Rsvd:        0
HugePages_Surp:        0
Hugepagesize:       2048 kB
Hugetlb:               0 kB
DirectMap4k:      453840 kB
DirectMap2M:    12128256 kB
DirectMap1G:           0 kB

/sys/kernel/mm/transparent_hugepage/enabled: always [madvise] never
/sys/kernel/mm/transparent_hugepage/hpage_pmd_size: 2097152
/sys/kernel/mm/transparent_hugepage/shmem_enabled: always within_size advise [never] deny force
/sys/kernel/mm/transparent_hugepage/defrag (defrag/compaction efforts parameter): always defer defer+madvise [madvise] never

Process Memory:
Virtual Size: 6070732K (peak: 6079104K)
Resident Set Size: 204280K (peak: 204280K) (anon: 177948K, file: 25756K, shmem: 576K)
Swapped out: 0K
C-Heap outstanding allocations: 144264K, retained: 8623K
glibc malloc tunables: (default)

/proc/sys/kernel/threads-max (system-wide limit on the number of threads): 30379
/proc/sys/vm/max_map_count (maximum number of memory map areas a process may have): 1048576
/proc/sys/vm/swappiness (control to define how aggressively the kernel swaps out anonymous memory): 100
/proc/sys/kernel/pid_max (system-wide limit on number of process identifiers): 4194304

container information not found.
Hyper-V virtualization detected
Steal ticks since vm start: 0
Steal ticks percentage since vm start:  0.000

CPU: total 15 (initial active 15) (8 cores per cpu, 2 threads per core) family 6 model 151 stepping 2 microcode 0xffffffff, cx8, cmov, fxsr, ht, mmx, 3dnowpref, sse, sse2, sse3, ssse3, sse4.1, sse4.2, popcnt, lzcnt, tsc, tscinvbit, avx, avx2, aes, erms, clmul, bmi1, bmi2, adx, sha, fma, vzeroupper, clflush, clflushopt, clwb, hv, serialize, rdtscp, rdpid, fsrm, gfni, f16c, cet_ibt, cet_ss
CPU Model and flags from /proc/cpuinfo:
model name	: 12th Gen Intel(R) Core(TM) i7-12700
flags		: fpu vme de pse tsc msr pae mce cx8 apic sep mtrr pge mca cmov pat pse36 clflush mmx fxsr sse sse2 ss ht syscall nx pdpe1gb rdtscp lm constant_tsc rep_good nopl xtopology tsc_reliable nonstop_tsc cpuid aperfmperf tsc_known_freq pni pclmulqdq vmx ssse3 fma cx16 pcid sse4_1 sse4_2 x2apic movbe popcnt tsc_deadline_timer aes xsave avx f16c rdrand hypervisor lahf_lm abm 3dnowprefetch ssbd ibrs ibpb stibp ibrs_enhanced tpr_shadow ept vpid ept_ad fsgsbase tsc_adjust bmi1 avx2 smep bmi2 erms invpcid rdseed adx smap clflushopt clwb sha_ni xsaveopt xsavec xgetbv1 xsaves user_shstk avx_vnni vnmi umip waitpkg gfni vaes vpclmulqdq rdpid movdiri movdir64b fsrm md_clear serialize ibt flush_l1d arch_capabilities

Online cpus: 0-14
Offline cpus: 
BIOS frequency limitation: <Not Available>
Frequency switch latency (ns): <Not Available>
Available cpu frequencies: <Not Available>
Current governor: <Not Available>
Core performance/turbo boost: <Not Available>

Memory: 4k page, physical 12391356k(3855492k free), swap 31502672k(23044092k free)
Page Sizes: 4k

vm_info: OpenJDK 64-Bit Server VM (25.0.2) for linux-amd64 JRE (25.0.2), built on 2025-12-18T08:04:02Z with gcc 12.3.0

END.
