#
# A fatal error has been detected by the Java Runtime Environment:
#
#  SIGSEGV (0xb) at pc=0x0000750d9c984d23, pid=3714576, tid=3714580
#
# JRE version: OpenJDK Runtime Environment Homebrew (25.0.2) (build 25.0.2)
# Java VM: OpenJDK 64-Bit Server VM Homebrew (25.0.2, mixed mode, sharing, tiered, compressed oops, compressed class ptrs, g1 gc, linux-amd64)
# Problematic frame:
# C  [libxross_example.so+0x3cd23]  xross_example_all_types_test_take_ref_node+0x3
#
# Core dump will be written. Default location: Core dumps may be processed with "/usr/share/apport/apport -p%p -s%s -c%c -d%d -P%P -u%u -g%g -F%F -- %E" (or dumping to /home/the-infinitys/github/minecraft.infinite-client/project-xross/xross-example/app/core.3714576)
#
# If you would like to submit a bug report, please visit:
#   https://github.com/Homebrew/homebrew-core/issues
# The crash happened outside the Java Virtual Machine in native code.
# See problematic frame for where to report the bug.
#

---------------  S U M M A R Y ------------

Command Line: --add-opens=java.base/java.lang=ALL-UNNAMED -Dfile.encoding=UTF-8 -Duser.country=JP -Duser.language=ja -Duser.variant org.example.BenchmarkKt

Host: 12th Gen Intel(R) Core(TM) i7-12700, 15 cores, 11G, Ubuntu 25.10
Time: Mon Feb 16 21:45:40 2026 JST elapsed time: 7.124321 seconds (0d 0h 0m 7s)

---------------  T H R E A D  ---------------

Current thread (0x0000750db801a340):  JavaThread "main"             [_thread_in_native, id=3714580, stack(0x0000750dc0900000,0x0000750dc0a00000) (1024K)]

Stack: [0x0000750dc0900000,0x0000750dc0a00000],  sp=0x0000750dc09fe338,  free space=1016k
Native frames: (J=compiled Java code, j=interpreted, Vv=VM code, C=native code)
C  [libxross_example.so+0x3cd23]  xross_example_all_types_test_take_ref_node+0x3
j  java.lang.invoke.LambdaForm$MH+0x000000003b093400.invoke(Ljava/lang/Object;JJJ)I+12 java.base@25.0.2
j  java.lang.invoke.LambdaForm$MH+0x000000003b0cb000.invokeExact_MT(Ljava/lang/Object;JJJLjava/lang/Object;)I+23 java.base@25.0.2
j  jdk.internal.foreign.abi.DowncallStub+0x000000003b0c2c00.invoke(Ljava/lang/foreign/SegmentAllocator;Ljava/lang/foreign/MemorySegment;Ljava/lang/foreign/MemorySegment;Ljava/lang/foreign/MemorySegment;)I+113 java.base@25.0.2
j  java.lang.invoke.LambdaForm$DMH+0x000000003b0c3400.invokeStaticInit(Ljava/lang/Object;Ljava/lang/Object;Ljava/lang/Object;Ljava/lang/Object;Ljava/lang/Object;)I+16 java.base@25.0.2
j  java.lang.invoke.LambdaForm$MH+0x000000003b0c4c00.invoke(Ljava/lang/Object;Ljava/lang/Object;Ljava/lang/Object;)I+47 java.base@25.0.2
j  java.lang.invoke.LambdaForm$MH+0x000000003b0ca800.invokeExact_MT(Ljava/lang/Object;Ljava/lang/Object;Ljava/lang/Object;Ljava/lang/Object;)I+20 java.base@25.0.2
j  org.example.AllTypesTest.takeRefNode(Lorg/example/ComprehensiveNode;)I+127
j  org.example.WithXrossAppKt.executeAllTypesTest(Z)V+128
j  org.example.BenchmarkKt.runIntegrationSuiteBenchmarks()Ljava/util/List;+71
j  org.example.BenchmarkKt.main()V+53
j  org.example.BenchmarkKt.main([Ljava/lang/String;)V+0
v  ~StubRoutines::call_stub 0x0000750da7b37fa4
V  [libjvm.so+0x917a40]  JavaCalls::call_helper(JavaValue*, methodHandle const&, JavaCallArguments*, JavaThread*)+0x230
V  [libjvm.so+0x9b3d0c]  jni_invoke_static(JNIEnv_*, JavaValue*, _jobject*, JNICallType, _jmethodID*, JNI_ArgumentPusher*, JavaThread*) [clone .constprop.0]+0x12c
V  [libjvm.so+0x9b506c]  jni_CallStaticVoidMethod+0x13c
C  [libjli.so+0x4e8e]  invokeStaticMainWithArgs+0x4e
C  [libjli.so+0x5f79]  JavaMain+0xf19
C  [libjli.so+0x8f1d]  ThreadJavaMain+0xd
C  [libc.so.6+0xa3d64]
Java frames: (J=compiled Java code, j=interpreted, Vv=VM code)
v  ~RuntimeStub::nep_invoker_blob 0x0000750da7cadae8
j  java.lang.invoke.LambdaForm$MH+0x000000003b093400.invoke(Ljava/lang/Object;JJJ)I+12 java.base@25.0.2
j  java.lang.invoke.LambdaForm$MH+0x000000003b0cb000.invokeExact_MT(Ljava/lang/Object;JJJLjava/lang/Object;)I+23 java.base@25.0.2
j  jdk.internal.foreign.abi.DowncallStub+0x000000003b0c2c00.invoke(Ljava/lang/foreign/SegmentAllocator;Ljava/lang/foreign/MemorySegment;Ljava/lang/foreign/MemorySegment;Ljava/lang/foreign/MemorySegment;)I+113 java.base@25.0.2
j  java.lang.invoke.LambdaForm$DMH+0x000000003b0c3400.invokeStaticInit(Ljava/lang/Object;Ljava/lang/Object;Ljava/lang/Object;Ljava/lang/Object;Ljava/lang/Object;)I+16 java.base@25.0.2
j  java.lang.invoke.LambdaForm$MH+0x000000003b0c4c00.invoke(Ljava/lang/Object;Ljava/lang/Object;Ljava/lang/Object;)I+47 java.base@25.0.2
j  java.lang.invoke.LambdaForm$MH+0x000000003b0ca800.invokeExact_MT(Ljava/lang/Object;Ljava/lang/Object;Ljava/lang/Object;Ljava/lang/Object;)I+20 java.base@25.0.2
j  org.example.AllTypesTest.takeRefNode(Lorg/example/ComprehensiveNode;)I+127
j  org.example.WithXrossAppKt.executeAllTypesTest(Z)V+128
j  org.example.BenchmarkKt.runIntegrationSuiteBenchmarks()Ljava/util/List;+71
j  org.example.BenchmarkKt.main()V+53
j  org.example.BenchmarkKt.main([Ljava/lang/String;)V+0
v  ~StubRoutines::call_stub 0x0000750da7b37fa4

siginfo: si_signo: 11 (SIGSEGV), si_code: 1 (SEGV_MAPERR), si_addr: 0x0000000000000020

Registers:
RAX=0x0000000000000008, RBX=0x0000750d7427d1b8, RCX=0x0000750d4604f0c8, RDX=0x0000750d4604f0b0
RSP=0x0000750dc09fe338, RBP=0x0000750dc09fe350, RSI=0x0000750d4604f0c8, RDI=0x0000750d4604f0b0
R8 =0x000000074a3cc780, R9 =0x0000000000000000, R10=0x0000750d9c984d20, R11=0x0000750da8137700
R12=0x0000000000000000, R13=0x0000750dc09fe360, R14=0x0000750dc09fe428, R15=0x0000750db801a340
RIP=0x0000750d9c984d23, EFLAGS=0x0000000000010202, CSGSFS=0x002b000000000033, ERR=0x0000000000000004
  TRAPNO=0x000000000000000e

XMM[0]=0x0000750db801a340 0x0000750d7427d1b8
XMM[1]=0x0000000000000000 0x0000750db801a340
XMM[2]=0x0000000000000000 0x0000000000000000
XMM[3]=0x0000000000000000 0x000000003a1f1da0
XMM[4]=0x0000000000000000 0x0000750db801a340
XMM[5]=0x0000000000000000 0x0000000000000000
XMM[6]=0x0000000000000000 0x0000750db82d28b8
XMM[7]=0x0000000000000000 0x0000000000000000
XMM[8]=0x0000000000000000 0x0002000000090008
XMM[9]=0x0000000000000000 0xf8e2f4cefaeb1564
XMM[10]=0x0000000000000000 0x0000000002082096
XMM[11]=0x0000000000000000 0x2079760f1b648b73
XMM[12]=0x0000000000000000 0x00000000faeb1564
XMM[13]=0x0000000000000000 0xd989862c07fa3197
XMM[14]=0x0000000000000000 0xac7302d5db16a6c1
XMM[15]=0x0000000000000000 0x0000000000000000
  MXCSR=0x00001fa2


Register to memory mapping:

RAX=0x0000000000000008 is an unknown value
RBX={method} {0x0000750d7427d1b8} 'linkToNative' '(JJJLjava/lang/Object;)I' in 'java/lang/invoke/MethodHandle'
RCX=0x0000750d4604f0c8 points into unknown readable memory: 0x0000000000000008 | 08 00 00 00 00 00 00 00
RDX=0x0000750d4604f0b0 points into unknown readable memory: 0x000000000000000f | 0f 00 00 00 00 00 00 00
RSP=0x0000750dc09fe338 is pointing into the stack for thread: 0x0000750db801a340
RBP=0x0000750dc09fe350 is pointing into the stack for thread: 0x0000750db801a340
RSI=0x0000750d4604f0c8 points into unknown readable memory: 0x0000000000000008 | 08 00 00 00 00 00 00 00
RDI=0x0000750d4604f0b0 points into unknown readable memory: 0x000000000000000f | 0f 00 00 00 00 00 00 00
R8 =0x000000074a3cc780 is an oop: jdk.internal.foreign.abi.NativeEntryPoint 
{0x000000074a3cc780} - klass: 'jdk/internal/foreign/abi/NativeEntryPoint' - flags: 

 - ---- fields (total size 3 words):
 - private final 'methodType' 'Ljava/lang/invoke/MethodType;' @12  a 'java/lang/invoke/MethodType'{0x000000074a3cbdf0} = (JJJ)I (0xe94797be)
 - private final 'downcallStubAddress' 'J' @16  128701510114016 (0x0000750da7cadae0)
R9 =0x0 is null
R10=0x0000750d9c984d20: xross_example_all_types_test_take_ref_node+0x0000000000000000 in /tmp/xross_lib_417126034441743948/libxross_example.so at 0x0000750d9c948000
R11=0x0000750da8137700 is at entry_point+0 in (nmethod*)0x0000750da8137608
Compiled method (n/a) 7131 1305     n 0       java.lang.invoke.MethodHandle::linkToNative(JJJL)I (native)
 total in heap  [0x0000750da8137608,0x0000750da8137708] = 256
 main code      [0x0000750da8137700,0x0000750da8137707] = 7
 stub code      [0x0000750da8137707,0x0000750da8137708] = 1
R12=0x0 is null
R13=0x0000750dc09fe360 is pointing into the stack for thread: 0x0000750db801a340
R14=0x0000750dc09fe428 is pointing into the stack for thread: 0x0000750db801a340
R15=0x0000750db801a340 is a thread

Top of Stack: (sp=0x0000750dc09fe338)
0x0000750dc09fe338:   0000750da7cadb21 0000750dc09fe3e0   !....u.......u..
0x0000750dc09fe348:   0000750da7b50471 0000750dc09fe3e0   q....u.......u..
0x0000750dc09fe358:   0000750da7b3f580 000000074a3cc780   .....u....<J....
0x0000750dc09fe368:   0000750d4604f0c8 0000000000000000   ...F.u..........
0x0000750dc09fe378:   0000750d4604f0b0 0000000000000000   ...F.u..........
0x0000750dc09fe388:   0000750d9c984d20 0000000000000000    M...u..........
0x0000750dc09fe398:   fffffffffffffff7 0000750d745ce254   ........T.\t.u..
0x0000750dc09fe3a8:   0000000000000009 0000750d745ce3f8   ..........\t.u..
0x0000750dc09fe3b8:   0000000000000000 000000074a3d43f8   .........C=J....
0x0000750dc09fe3c8:   0000750d745ce260 fffffffffffffff0   `.\t.u..........
0x0000750dc09fe3d8:   0000750dc09fe3f8 0000750dc09fe478   .....u..x....u..
0x0000750dc09fe3e8:   0000750da7b3f580 000000074a3cc780   .....u....<J....
0x0000750dc09fe3f8:   0000750d4604f0c8 0000000000000000   ...F.u..........
0x0000750dc09fe408:   0000750d4604f0b0 0000000000000000   ...F.u..........
0x0000750dc09fe418:   0000750d9c984d20 0000000000000000    M...u..........
0x0000750dc09fe428:   0000000749b04960 fffffffffffffff7   `I.I............
0x0000750dc09fe438:   0000750d746b4e9f 0000000000000009   .Nkt.u..........
0x0000750dc09fe448:   0000750d746b5068 0000000000000000   hPkt.u..........
0x0000750dc09fe458:   00000007498667d0 0000750d746b4eb0   .g.I.....Nkt.u..
0x0000750dc09fe468:   fffffffffffffff0 0000750dc09fe488   .............u..
0x0000750dc09fe478:   0000750dc09fe510 0000750da7b3f580   .....u.......u..
0x0000750dc09fe488:   000000074a3cbdf0 0000750d4604f0c8   ..<J.......F.u..
0x0000750dc09fe498:   0000000000000000 0000750d4604f0b0   ...........F.u..
0x0000750dc09fe4a8:   0000000000000000 0000750d9c984d20   ........ M...u..
0x0000750dc09fe4b8:   0000000000000000 0000000749b04960   ........`I.I....
0x0000750dc09fe4c8:   fffffffffffffff7 0000750d7469c3e1   ..........it.u..
0x0000750dc09fe4d8:   0000000000000010 0000750d7469c680   ..........it.u..
0x0000750dc09fe4e8:   0000000000000000 0000000749b0fbb0   ...........I....
0x0000750dc09fe4f8:   0000750d7469c450 ffffffffffffffef   P.it.u..........
0x0000750dc09fe508:   0000750dc09fe570 0000750dc09fe5e0   p....u.......u..
0x0000750dc09fe518:   0000750da7b3f580 0000000000000000   .....u..........
0x0000750dc09fe528:   000000074ba4e918 0000000000000000   ...K............

Instructions: (pc=0x0000750d9c984d23)
  0x0000750d9c984c23:   b0 00 00 00 c3 cc cc cc cc cc cc cc cc 48 8d 47
  0x0000750d9c984c33:   18 c3 cc cc cc cc cc cc cc cc cc cc cc 53 48 83
  0x0000750d9c984c43:   ec 20 8b 5f 30 48 8d 77 18 48 89 e7 ff 15 43 5d
  0x0000750d9c984c53:   07 00 89 5c 24 18 ff 15 f9 5c 07 00 bf 20 00 00
  0x0000750d9c984c63:   00 be 08 00 00 00 ff 15 f1 5b 07 00 48 85 c0 74
  0x0000750d9c984c73:   16 0f 10 04 24 0f 10 4c 24 10 0f 11 48 10 0f 11
  0x0000750d9c984c83:   00 48 83 c4 20 5b c3 bf 08 00 00 00 be 20 00 00
  0x0000750d9c984c93:   00 ff 15 c6 5c 07 00 0f 0b ff 15 4e 5c 07 00 48
  0x0000750d9c984ca3:   8b 3c 24 48 8b 74 24 08 e8 30 e7 ff ff ff 15 3a
  0x0000750d9c984cb3:   5c 07 00 cc cc cc cc cc cc cc cc cc cc 48 8b 06
  0x0000750d9c984cc3:   89 50 18 c3 cc cc cc cc cc cc cc cc cc 53 48 83
  0x0000750d9c984cd3:   ec 20 0f 10 06 0f 10 4e 10 0f 29 4c 24 10 0f 29
  0x0000750d9c984ce3:   04 24 48 8d 5f 18 48 8b 77 18 48 85 f6 74 0f 48
  0x0000750d9c984cf3:   8b 7f 20 ba 01 00 00 00 ff 15 67 5b 07 00 0f 28
  0x0000750d9c984d03:   04 24 0f 28 4c 24 10 0f 11 4b 10 0f 11 03 48 83
  0x0000750d9c984d13:   c4 20 5b c3 cc cc cc cc cc cc cc cc cc 48 8b 06
=>0x0000750d9c984d23:   8b 40 18 c3 cc cc cc cc cc cc cc cc cc 55 41 57
  0x0000750d9c984d33:   41 56 41 55 41 54 53 48 83 ec 48 49 89 cf 49 89
  0x0000750d9c984d43:   f6 48 89 fb 48 b9 00 00 00 00 00 00 00 80 45 31
  0x0000750d9c984d53:   ed 48 85 f6 40 0f 95 c5 48 85 d2 74 4e 48 89 d7
  0x0000750d9c984d63:   49 89 d4 ff 15 3c 5c 07 00 48 8d 50 01 48 8d 7c
  0x0000750d9c984d73:   24 30 4c 89 e6 ff 15 32 5c 07 00 4c 8b 64 24 30
  0x0000750d9c984d83:   48 8b 7c 24 38 48 8b 54 24 40 48 b9 00 00 00 00
  0x0000750d9c984d93:   00 00 00 80 49 39 cc 75 79 48 85 d2 79 1d 31 ff
  0x0000750d9c984da3:   48 89 d6 ff 15 c4 5b 07 00 0f 0b 49 89 cc 41 88
  0x0000750d9c984db3:   ed 48 89 cd 4d 85 ff 75 64 eb 78 0f 84 fd 00 00
  0x0000750d9c984dc3:   00 48 89 7c 24 08 49 89 d4 ff 15 86 5b 07 00 be
  0x0000750d9c984dd3:   01 00 00 00 4c 89 e7 ff 15 80 5a 07 00 bf 01 00
  0x0000750d9c984de3:   00 00 4c 89 e2 48 85 c0 74 b6 48 89 c7 48 8b 74
  0x0000750d9c984df3:   24 08 4c 89 e2 48 89 44 24 08 ff 15 c5 5a 07 00
  0x0000750d9c984e03:   4c 89 e2 48 8b 7c 24 08 48 b9 00 00 00 00 00 00
  0x0000750d9c984e13:   00 80 41 88 ed 48 89 cd 4d 85 ff 74 16 49 8b 2f


Stack slot to memory mapping:

stack at sp + 0 slots: 0x0000750da7cadb21 is at code_begin+65 in 
[CodeBlob kind:6 (0x0000750da7cada88)]
Framesize: 4
Runtime Stub (0x0000750da7cada88): nep_invoker_blob
--------------------------------------------------------------------------------
Decoding CodeBlob, name: nep_invoker_blob, at  [0x0000750da7cadae0, 0x0000750da7cadbd8]  248 bytes
[MachCode]
  0x0000750da7cadae0: 5548 8bec | 4883 ec10 | c5f8 7749 | 89af 9004 | 0000 49ba | e8da caa7 | 0d75 0000 | 4d89 9788 
  0x0000750da7cadb00: 0400 0049 | 89a7 8004 | 0000 41c7 | 872c 0500 | 0004 0000 | 004c 8bd6 | 488b f148 | 8bfa 41ff 
  0x0000750da7cadb20: d2c5 f877 | 41c7 872c | 0500 0005 | 0000 00f0 | 8344 24c0 | 0049 3b6f | 280f 874d | 0000 0041 
  0x0000750da7cadb40: 83bf 2805 | 0000 000f | 853f 0000 | 0041 c787 | 2c05 0000 | 0800 0000 | 4183 bfa8 | 0500 0002 
  0x0000750da7cadb60: 0f84 4c00 | 0000 49c7 | 8780 0400 | 0000 0000 | 0049 c787 | 9004 0000 | 0000 0000 | 49c7 8788 
  0x0000750da7cadb80: 0400 0000 | 0000 00c5 | f877 c9c3 | 4889 0424 | 498b ffc5 | f877 4c8b | e448 83ec | 0048 83e4 
  0x0000750da7cadba0: f0e8 4a0d | 0818 498b | e44d 33e4 | 488b 0424 | eb9b 4889 | 0424 c5f8 | 774c 8be4 | 4883 ec00 
  0x0000750da7cadbc0: 4883 e4f0 | e847 b94c | 1849 8be4 | 4d33 e448 | 8b04 24eb | 91f4 f4f4 
[/MachCode]
--------------------------------------------------------------------------------
stack at sp + 1 slots: 0x0000750dc09fe3e0 is pointing into the stack for thread: 0x0000750db801a340
stack at sp + 2 slots: 0x0000750da7b50471 is at code_begin+145 in an Interpreter codelet
invokestatic  184 invokestatic  [0x0000750da7b503e0, 0x0000750da7b506a0]  704 bytes
stack at sp + 3 slots: 0x0000750dc09fe3e0 is pointing into the stack for thread: 0x0000750db801a340
stack at sp + 4 slots: 0x0000750da7b3f580 is at code_begin+1600 in an Interpreter codelet
return entry points  [0x0000750da7b3ef40, 0x0000750da7b3fbb8]  3192 bytes
stack at sp + 5 slots: 0x000000074a3cc780 is an oop: jdk.internal.foreign.abi.NativeEntryPoint 
{0x000000074a3cc780} - klass: 'jdk/internal/foreign/abi/NativeEntryPoint' - flags: 

 - ---- fields (total size 3 words):
 - private final 'methodType' 'Ljava/lang/invoke/MethodType;' @12  a 'java/lang/invoke/MethodType'{0x000000074a3cbdf0} = (JJJ)I (0xe94797be)
 - private final 'downcallStubAddress' 'J' @16  128701510114016 (0x0000750da7cadae0)
stack at sp + 6 slots: 0x0000750d4604f0c8 points into unknown readable memory: 0x0000000000000008 | 08 00 00 00 00 00 00 00
stack at sp + 7 slots: 0x0 is null

Lock stack of current Java thread (top to bottom):

--------------------------------------------------------------------------------
Decoding CodeBlob, name: nep_invoker_blob, at  [0x0000750da7cadae0, 0x0000750da7cadbd8]  248 bytes
[MachCode]
  0x0000750da7cadae0: 5548 8bec | 4883 ec10 | c5f8 7749 | 89af 9004 | 0000 49ba | e8da caa7 | 0d75 0000 | 4d89 9788 
  0x0000750da7cadb00: 0400 0049 | 89a7 8004 | 0000 41c7 | 872c 0500 | 0004 0000 | 004c 8bd6 | 488b f148 | 8bfa 41ff 
  0x0000750da7cadb20: d2c5 f877 | 41c7 872c | 0500 0005 | 0000 00f0 | 8344 24c0 | 0049 3b6f | 280f 874d | 0000 0041 
  0x0000750da7cadb40: 83bf 2805 | 0000 000f | 853f 0000 | 0041 c787 | 2c05 0000 | 0800 0000 | 4183 bfa8 | 0500 0002 
  0x0000750da7cadb60: 0f84 4c00 | 0000 49c7 | 8780 0400 | 0000 0000 | 0049 c787 | 9004 0000 | 0000 0000 | 49c7 8788 
  0x0000750da7cadb80: 0400 0000 | 0000 00c5 | f877 c9c3 | 4889 0424 | 498b ffc5 | f877 4c8b | e448 83ec | 0048 83e4 
  0x0000750da7cadba0: f0e8 4a0d | 0818 498b | e44d 33e4 | 488b 0424 | eb9b 4889 | 0424 c5f8 | 774c 8be4 | 4883 ec00 
  0x0000750da7cadbc0: 4883 e4f0 | e847 b94c | 1849 8be4 | 4d33 e448 | 8b04 24eb | 91f4 f4f4 
[/MachCode]
--------------------------------------------------------------------------------


---------------  P R O C E S S  ---------------

Threads class SMR info:
_java_thread_list=0x0000750db81c8940, length=11, elements={
0x0000750db801a340, 0x0000750db810c110, 0x0000750db810d300, 0x0000750db810ed30,
0x0000750db8110660, 0x0000750db8111ef0, 0x0000750db8113d00, 0x0000750db81156b0,
0x0000750db815bf20, 0x0000750db815e370, 0x0000750db81c7640
}

Java Threads: ( => current thread )
=>0x0000750db801a340 JavaThread "main"                              [_thread_in_native, id=3714580, stack(0x0000750dc0900000,0x0000750dc0a00000) (1024K)]
  0x0000750db810c110 JavaThread "Reference Handler"          daemon [_thread_blocked, id=3714591, stack(0x0000750dbc393000,0x0000750dbc494000) (1028K)]
  0x0000750db810d300 JavaThread "Finalizer"                  daemon [_thread_blocked, id=3714592, stack(0x0000750dbc111000,0x0000750dbc211000) (1024K)]
  0x0000750db810ed30 JavaThread "Signal Dispatcher"          daemon [_thread_blocked, id=3714593, stack(0x0000750dbc011000,0x0000750dbc111000) (1024K)]
  0x0000750db8110660 JavaThread "Service Thread"             daemon [_thread_blocked, id=3714594, stack(0x0000750d9cf00000,0x0000750d9d000000) (1024K)]
  0x0000750db8111ef0 JavaThread "Monitor Deflation Thread"   daemon [_thread_blocked, id=3714595, stack(0x0000750d9ce00000,0x0000750d9cf00000) (1024K)]
  0x0000750db8113d00 JavaThread "C2 CompilerThread0"         daemon [_thread_blocked, id=3714596, stack(0x0000750d9cd00000,0x0000750d9ce00000) (1024K)]
  0x0000750db81156b0 JavaThread "C1 CompilerThread0"         daemon [_thread_blocked, id=3714597, stack(0x0000750d9cc00000,0x0000750d9cd00000) (1024K)]
  0x0000750db815bf20 JavaThread "Notification Thread"        daemon [_thread_blocked, id=3714598, stack(0x0000750d9cb00000,0x0000750d9cc00000) (1024K)]
  0x0000750db815e370 JavaThread "Common-Cleaner"             daemon [_thread_blocked, id=3714599, stack(0x0000750d9ca00000,0x0000750d9cb00000) (1024K)]
  0x0000750db81c7640 JavaThread "Cleaner-0"                  daemon [_thread_blocked, id=3714600, stack(0x0000750d9c848000,0x0000750d9c948000) (1024K)]
Total: 11

Other Threads:
  0x0000750db8102300 VMThread "VM Thread"                           [id=3714590, stack(0x0000750dbc293000,0x0000750dbc393000) (1024K)]
  0x0000750db80f1a90 WatcherThread "VM Periodic Task Thread"        [id=3714589, stack(0x0000750dbc495000,0x0000750dbc595000) (1024K)]
  0x0000750db8072b20 WorkerThread "GC Thread#0"                     [id=3714581, stack(0x0000750dbd5a6000,0x0000750dbd6a6000) (1024K)]
  0x0000750d7c00bb80 WorkerThread "GC Thread#1"                     [id=3714601, stack(0x0000750d9c748000,0x0000750d9c848000) (1024K)]
  0x0000750d7c00c8e0 WorkerThread "GC Thread#2"                     [id=3714602, stack(0x0000750d9c647000,0x0000750d9c747000) (1024K)]
  0x0000750d7c00d640 WorkerThread "GC Thread#3"                     [id=3714603, stack(0x0000750d9c546000,0x0000750d9c646000) (1024K)]
  0x0000750db8085d90 ConcurrentGCThread "G1 Main Marker"            [id=3714582, stack(0x0000750dbd4a5000,0x0000750dbd5a5000) (1024K)]
  0x0000750db8086f70 WorkerThread "G1 Conc#0"                       [id=3714583, stack(0x0000750dbd3a4000,0x0000750dbd4a4000) (1024K)]
  0x0000750db80e2670 ConcurrentGCThread "G1 Refine#0"               [id=3714584, stack(0x0000750dbc697000,0x0000750dbc797000) (1024K)]
  0x0000750db80e3870 ConcurrentGCThread "G1 Service"                [id=3714585, stack(0x0000750dbc596000,0x0000750dbc696000) (1024K)]
Total: 10

Threads with active compile tasks:
Total: 0

VM state: not at safepoint (normal execution)

VM Mutex/Monitor currently owned by a thread: None

Heap address: 0x0000000742e00000, size: 3026 MB, Compressed Oops mode: Zero based, Oop shift amount: 3

CDS archive(s) mapped at: [0x000000003a000000-0x000000003ad8d000-0x000000003ad8d000), size 14209024, SharedBaseAddress: 0x000000003a000000, ArchiveRelocationMode: 1.
Compressed class space mapped at: 0x000000003b000000-0x000000007b000000, reserved size: 1073741824
UseCompressedClassPointers 1, UseCompactObjectHeaders 0
Narrow klass pointer bits 32, Max shift 3
Narrow klass base: 0x000000003a000000, Narrow klass shift: 0
Encoding Range: [0x000000003a000000 - 0x000000013a000000), (4294967296 bytes)
Klass Range:    [0x000000003a001000 - 0x000000007b000000), (1090514944 bytes)
Klass ID Range:  [4096 - 1090519033) (1090514937)
Protection zone: [0x000000003a000000 - 0x000000003a001000), (4096 bytes)

GC Precious Log:
 CardTable entry size: 512
 Card Set container configuration: InlinePtr #cards 4 size 8 Array Of Cards #cards 16 size 48 Howl #buckets 8 coarsen threshold 3686 Howl Bitmap #cards 512 size 80 coarsen threshold 460 Card regions per heap region 1 cards per card region 4096
 CPUs: 15 total, 15 available
 Memory: 12100M
 Large Page Support: Disabled
 NUMA Support: Disabled
 Compressed Oops: Enabled (Zero based)
 Heap Region Size: 2M
 Heap Min Capacity: 8M
 Heap Initial Capacity: 190M
 Heap Max Capacity: 3026M
 Pre-touch: Disabled
 Parallel Workers: 12
 Concurrent Workers: 3
 Concurrent Refinement Workers: 12
 Periodic GC: Disabled

Heap:
 garbage-first heap   total reserved 3098624K, committed 196608K, used 84708K [0x0000000742e00000, 0x0000000800000000)
  region size 2048K, 42 young (86016K), 1 survivors (2048K)

Heap Regions: E=young(eden), S=young(survivor), O=old, HS=humongous(starts), HC=humongous(continues), CS=collection set, F=free, TAMS=top-at-mark-start, PB=parsable bottom
|   0|0x0000000742e00000, 0x0000000742e00000, 0x0000000743000000|  0%| F|  |TAMS 0x0000000742e00000| PB 0x0000000742e00000| Untracked |  0
|   1|0x0000000743000000, 0x0000000743000000, 0x0000000743200000|  0%| F|  |TAMS 0x0000000743000000| PB 0x0000000743000000| Untracked |  0
|   2|0x0000000743200000, 0x0000000743200000, 0x0000000743400000|  0%| F|  |TAMS 0x0000000743200000| PB 0x0000000743200000| Untracked |  0
|   3|0x0000000743400000, 0x0000000743400000, 0x0000000743600000|  0%| F|  |TAMS 0x0000000743400000| PB 0x0000000743400000| Untracked |  0
|   4|0x0000000743600000, 0x0000000743600000, 0x0000000743800000|  0%| F|  |TAMS 0x0000000743600000| PB 0x0000000743600000| Untracked |  0
|   5|0x0000000743800000, 0x0000000743800000, 0x0000000743a00000|  0%| F|  |TAMS 0x0000000743800000| PB 0x0000000743800000| Untracked |  0
|   6|0x0000000743a00000, 0x0000000743a00000, 0x0000000743c00000|  0%| F|  |TAMS 0x0000000743a00000| PB 0x0000000743a00000| Untracked |  0
|   7|0x0000000743c00000, 0x0000000743c00000, 0x0000000743e00000|  0%| F|  |TAMS 0x0000000743c00000| PB 0x0000000743c00000| Untracked |  0
|   8|0x0000000743e00000, 0x0000000743e00000, 0x0000000744000000|  0%| F|  |TAMS 0x0000000743e00000| PB 0x0000000743e00000| Untracked |  0
|   9|0x0000000744000000, 0x0000000744000000, 0x0000000744200000|  0%| F|  |TAMS 0x0000000744000000| PB 0x0000000744000000| Untracked |  0
|  10|0x0000000744200000, 0x0000000744200000, 0x0000000744400000|  0%| F|  |TAMS 0x0000000744200000| PB 0x0000000744200000| Untracked |  0
|  11|0x0000000744400000, 0x0000000744400000, 0x0000000744600000|  0%| F|  |TAMS 0x0000000744400000| PB 0x0000000744400000| Untracked |  0
|  12|0x0000000744600000, 0x0000000744600000, 0x0000000744800000|  0%| F|  |TAMS 0x0000000744600000| PB 0x0000000744600000| Untracked |  0
|  13|0x0000000744800000, 0x0000000744800000, 0x0000000744a00000|  0%| F|  |TAMS 0x0000000744800000| PB 0x0000000744800000| Untracked |  0
|  14|0x0000000744a00000, 0x0000000744a00000, 0x0000000744c00000|  0%| F|  |TAMS 0x0000000744a00000| PB 0x0000000744a00000| Untracked |  0
|  15|0x0000000744c00000, 0x0000000744c00000, 0x0000000744e00000|  0%| F|  |TAMS 0x0000000744c00000| PB 0x0000000744c00000| Untracked |  0
|  16|0x0000000744e00000, 0x0000000744e00000, 0x0000000745000000|  0%| F|  |TAMS 0x0000000744e00000| PB 0x0000000744e00000| Untracked |  0
|  17|0x0000000745000000, 0x0000000745000000, 0x0000000745200000|  0%| F|  |TAMS 0x0000000745000000| PB 0x0000000745000000| Untracked |  0
|  18|0x0000000745200000, 0x0000000745200000, 0x0000000745400000|  0%| F|  |TAMS 0x0000000745200000| PB 0x0000000745200000| Untracked |  0
|  19|0x0000000745400000, 0x0000000745400000, 0x0000000745600000|  0%| F|  |TAMS 0x0000000745400000| PB 0x0000000745400000| Untracked |  0
|  20|0x0000000745600000, 0x0000000745600000, 0x0000000745800000|  0%| F|  |TAMS 0x0000000745600000| PB 0x0000000745600000| Untracked |  0
|  21|0x0000000745800000, 0x0000000745800000, 0x0000000745a00000|  0%| F|  |TAMS 0x0000000745800000| PB 0x0000000745800000| Untracked |  0
|  22|0x0000000745a00000, 0x0000000745a00000, 0x0000000745c00000|  0%| F|  |TAMS 0x0000000745a00000| PB 0x0000000745a00000| Untracked |  0
|  23|0x0000000745c00000, 0x0000000745c00000, 0x0000000745e00000|  0%| F|  |TAMS 0x0000000745c00000| PB 0x0000000745c00000| Untracked |  0
|  24|0x0000000745e00000, 0x0000000745e00000, 0x0000000746000000|  0%| F|  |TAMS 0x0000000745e00000| PB 0x0000000745e00000| Untracked |  0
|  25|0x0000000746000000, 0x0000000746000000, 0x0000000746200000|  0%| F|  |TAMS 0x0000000746000000| PB 0x0000000746000000| Untracked |  0
|  26|0x0000000746200000, 0x0000000746200000, 0x0000000746400000|  0%| F|  |TAMS 0x0000000746200000| PB 0x0000000746200000| Untracked |  0
|  27|0x0000000746400000, 0x0000000746400000, 0x0000000746600000|  0%| F|  |TAMS 0x0000000746400000| PB 0x0000000746400000| Untracked |  0
|  28|0x0000000746600000, 0x0000000746600000, 0x0000000746800000|  0%| F|  |TAMS 0x0000000746600000| PB 0x0000000746600000| Untracked |  0
|  29|0x0000000746800000, 0x0000000746800000, 0x0000000746a00000|  0%| F|  |TAMS 0x0000000746800000| PB 0x0000000746800000| Untracked |  0
|  30|0x0000000746a00000, 0x0000000746a00000, 0x0000000746c00000|  0%| F|  |TAMS 0x0000000746a00000| PB 0x0000000746a00000| Untracked |  0
|  31|0x0000000746c00000, 0x0000000746c00000, 0x0000000746e00000|  0%| F|  |TAMS 0x0000000746c00000| PB 0x0000000746c00000| Untracked |  0
|  32|0x0000000746e00000, 0x0000000746e00000, 0x0000000747000000|  0%| F|  |TAMS 0x0000000746e00000| PB 0x0000000746e00000| Untracked |  0
|  33|0x0000000747000000, 0x0000000747000000, 0x0000000747200000|  0%| F|  |TAMS 0x0000000747000000| PB 0x0000000747000000| Untracked |  0
|  34|0x0000000747200000, 0x0000000747200000, 0x0000000747400000|  0%| F|  |TAMS 0x0000000747200000| PB 0x0000000747200000| Untracked |  0
|  35|0x0000000747400000, 0x0000000747400000, 0x0000000747600000|  0%| F|  |TAMS 0x0000000747400000| PB 0x0000000747400000| Untracked |  0
|  36|0x0000000747600000, 0x0000000747600000, 0x0000000747800000|  0%| F|  |TAMS 0x0000000747600000| PB 0x0000000747600000| Untracked |  0
|  37|0x0000000747800000, 0x0000000747800000, 0x0000000747a00000|  0%| F|  |TAMS 0x0000000747800000| PB 0x0000000747800000| Untracked |  0
|  38|0x0000000747a00000, 0x0000000747a00000, 0x0000000747c00000|  0%| F|  |TAMS 0x0000000747a00000| PB 0x0000000747a00000| Untracked |  0
|  39|0x0000000747c00000, 0x0000000747c00000, 0x0000000747e00000|  0%| F|  |TAMS 0x0000000747c00000| PB 0x0000000747c00000| Untracked |  0
|  40|0x0000000747e00000, 0x0000000747e00000, 0x0000000748000000|  0%| F|  |TAMS 0x0000000747e00000| PB 0x0000000747e00000| Untracked |  0
|  41|0x0000000748000000, 0x0000000748000000, 0x0000000748200000|  0%| F|  |TAMS 0x0000000748000000| PB 0x0000000748000000| Untracked |  0
|  42|0x0000000748200000, 0x0000000748200000, 0x0000000748400000|  0%| F|  |TAMS 0x0000000748200000| PB 0x0000000748200000| Untracked |  0
|  43|0x0000000748400000, 0x0000000748400000, 0x0000000748600000|  0%| F|  |TAMS 0x0000000748400000| PB 0x0000000748400000| Untracked |  0
|  44|0x0000000748600000, 0x0000000748600000, 0x0000000748800000|  0%| F|  |TAMS 0x0000000748600000| PB 0x0000000748600000| Untracked |  0
|  45|0x0000000748800000, 0x0000000748800000, 0x0000000748a00000|  0%| F|  |TAMS 0x0000000748800000| PB 0x0000000748800000| Untracked |  0
|  46|0x0000000748a00000, 0x0000000748a00000, 0x0000000748c00000|  0%| F|  |TAMS 0x0000000748a00000| PB 0x0000000748a00000| Untracked |  0
|  47|0x0000000748c00000, 0x0000000748c00000, 0x0000000748e00000|  0%| F|  |TAMS 0x0000000748c00000| PB 0x0000000748c00000| Untracked |  0
|  48|0x0000000748e00000, 0x0000000748e00000, 0x0000000749000000|  0%| F|  |TAMS 0x0000000748e00000| PB 0x0000000748e00000| Untracked |  0
|  49|0x0000000749000000, 0x0000000749000000, 0x0000000749200000|  0%| F|  |TAMS 0x0000000749000000| PB 0x0000000749000000| Untracked |  0
|  50|0x0000000749200000, 0x0000000749200000, 0x0000000749400000|  0%| F|  |TAMS 0x0000000749200000| PB 0x0000000749200000| Untracked |  0
|  51|0x0000000749400000, 0x0000000749400000, 0x0000000749600000|  0%| F|  |TAMS 0x0000000749400000| PB 0x0000000749400000| Untracked |  0
|  52|0x0000000749600000, 0x0000000749600000, 0x0000000749800000|  0%| F|  |TAMS 0x0000000749600000| PB 0x0000000749600000| Untracked |  0
|  53|0x0000000749800000, 0x00000007498e8a88, 0x0000000749a00000| 45%| E|  |TAMS 0x0000000749800000| PB 0x0000000749800000| Complete |  0
|  54|0x0000000749a00000, 0x0000000749c00000, 0x0000000749c00000|100%| E|CS|TAMS 0x0000000749a00000| PB 0x0000000749a00000| Complete |  0
|  55|0x0000000749c00000, 0x0000000749e00000, 0x0000000749e00000|100%| E|CS|TAMS 0x0000000749c00000| PB 0x0000000749c00000| Complete |  0
|  56|0x0000000749e00000, 0x000000074a000000, 0x000000074a000000|100%| E|CS|TAMS 0x0000000749e00000| PB 0x0000000749e00000| Complete |  0
|  57|0x000000074a000000, 0x000000074a200000, 0x000000074a200000|100%| E|CS|TAMS 0x000000074a000000| PB 0x000000074a000000| Complete |  0
|  58|0x000000074a200000, 0x000000074a400000, 0x000000074a400000|100%| E|CS|TAMS 0x000000074a200000| PB 0x000000074a200000| Complete |  0
|  59|0x000000074a400000, 0x000000074a600000, 0x000000074a600000|100%| E|CS|TAMS 0x000000074a400000| PB 0x000000074a400000| Complete |  0
|  60|0x000000074a600000, 0x000000074a800000, 0x000000074a800000|100%| E|CS|TAMS 0x000000074a600000| PB 0x000000074a600000| Complete |  0
|  61|0x000000074a800000, 0x000000074aa00000, 0x000000074aa00000|100%| E|CS|TAMS 0x000000074a800000| PB 0x000000074a800000| Complete |  0
|  62|0x000000074aa00000, 0x000000074ac00000, 0x000000074ac00000|100%| E|CS|TAMS 0x000000074aa00000| PB 0x000000074aa00000| Complete |  0
|  63|0x000000074ac00000, 0x000000074ae00000, 0x000000074ae00000|100%| E|CS|TAMS 0x000000074ac00000| PB 0x000000074ac00000| Complete |  0
|  64|0x000000074ae00000, 0x000000074b000000, 0x000000074b000000|100%| E|CS|TAMS 0x000000074ae00000| PB 0x000000074ae00000| Complete |  0
|  65|0x000000074b000000, 0x000000074b200000, 0x000000074b200000|100%| E|CS|TAMS 0x000000074b000000| PB 0x000000074b000000| Complete |  0
|  66|0x000000074b200000, 0x000000074b400000, 0x000000074b400000|100%| E|CS|TAMS 0x000000074b200000| PB 0x000000074b200000| Complete |  0
|  67|0x000000074b400000, 0x000000074b600000, 0x000000074b600000|100%| E|CS|TAMS 0x000000074b400000| PB 0x000000074b400000| Complete |  0
|  68|0x000000074b600000, 0x000000074b800000, 0x000000074b800000|100%| E|CS|TAMS 0x000000074b600000| PB 0x000000074b600000| Complete |  0
|  69|0x000000074b800000, 0x000000074ba00000, 0x000000074ba00000|100%| E|CS|TAMS 0x000000074b800000| PB 0x000000074b800000| Complete |  0
|  70|0x000000074ba00000, 0x000000074bb982e0, 0x000000074bc00000| 79%| S|CS|TAMS 0x000000074ba00000| PB 0x000000074ba00000| Complete |  0
|  71|0x000000074bc00000, 0x000000074be00000, 0x000000074be00000|100%| E|CS|TAMS 0x000000074bc00000| PB 0x000000074bc00000| Complete |  0
|  72|0x000000074be00000, 0x000000074c000000, 0x000000074c000000|100%| E|CS|TAMS 0x000000074be00000| PB 0x000000074be00000| Complete |  0
|  73|0x000000074c000000, 0x000000074c200000, 0x000000074c200000|100%| E|CS|TAMS 0x000000074c000000| PB 0x000000074c000000| Complete |  0
|  74|0x000000074c200000, 0x000000074c400000, 0x000000074c400000|100%| E|CS|TAMS 0x000000074c200000| PB 0x000000074c200000| Complete |  0
|  75|0x000000074c400000, 0x000000074c600000, 0x000000074c600000|100%| E|CS|TAMS 0x000000074c400000| PB 0x000000074c400000| Complete |  0
|  76|0x000000074c600000, 0x000000074c800000, 0x000000074c800000|100%| E|CS|TAMS 0x000000074c600000| PB 0x000000074c600000| Complete |  0
|  77|0x000000074c800000, 0x000000074ca00000, 0x000000074ca00000|100%| E|CS|TAMS 0x000000074c800000| PB 0x000000074c800000| Complete |  0
|  78|0x000000074ca00000, 0x000000074cc00000, 0x000000074cc00000|100%| E|CS|TAMS 0x000000074ca00000| PB 0x000000074ca00000| Complete |  0
|  79|0x000000074cc00000, 0x000000074ce00000, 0x000000074ce00000|100%| E|CS|TAMS 0x000000074cc00000| PB 0x000000074cc00000| Complete |  0
|  80|0x000000074ce00000, 0x000000074d000000, 0x000000074d000000|100%| E|CS|TAMS 0x000000074ce00000| PB 0x000000074ce00000| Complete |  0
|  81|0x000000074d000000, 0x000000074d200000, 0x000000074d200000|100%| E|CS|TAMS 0x000000074d000000| PB 0x000000074d000000| Complete |  0
|  82|0x000000074d200000, 0x000000074d400000, 0x000000074d400000|100%| E|CS|TAMS 0x000000074d200000| PB 0x000000074d200000| Complete |  0
|  83|0x000000074d400000, 0x000000074d600000, 0x000000074d600000|100%| E|CS|TAMS 0x000000074d400000| PB 0x000000074d400000| Complete |  0
|  84|0x000000074d600000, 0x000000074d800000, 0x000000074d800000|100%| E|CS|TAMS 0x000000074d600000| PB 0x000000074d600000| Complete |  0
|  85|0x000000074d800000, 0x000000074da00000, 0x000000074da00000|100%| E|CS|TAMS 0x000000074d800000| PB 0x000000074d800000| Complete |  0
|  86|0x000000074da00000, 0x000000074dc00000, 0x000000074dc00000|100%| E|CS|TAMS 0x000000074da00000| PB 0x000000074da00000| Complete |  0
|  87|0x000000074dc00000, 0x000000074de00000, 0x000000074de00000|100%| E|CS|TAMS 0x000000074dc00000| PB 0x000000074dc00000| Complete |  0
|  88|0x000000074de00000, 0x000000074e000000, 0x000000074e000000|100%| E|CS|TAMS 0x000000074de00000| PB 0x000000074de00000| Complete |  0
|  89|0x000000074e000000, 0x000000074e200000, 0x000000074e200000|100%| E|CS|TAMS 0x000000074e000000| PB 0x000000074e000000| Complete |  0
|  90|0x000000074e200000, 0x000000074e400000, 0x000000074e400000|100%| E|CS|TAMS 0x000000074e200000| PB 0x000000074e200000| Complete |  0
|  91|0x000000074e400000, 0x000000074e600000, 0x000000074e600000|100%| E|CS|TAMS 0x000000074e400000| PB 0x000000074e400000| Complete |  0
|  92|0x000000074e600000, 0x000000074e800000, 0x000000074e800000|100%| E|CS|TAMS 0x000000074e600000| PB 0x000000074e600000| Complete |  0
|  93|0x000000074e800000, 0x000000074ea00000, 0x000000074ea00000|100%| E|CS|TAMS 0x000000074e800000| PB 0x000000074e800000| Complete |  0
|  94|0x000000074ea00000, 0x000000074ec00000, 0x000000074ec00000|100%| E|CS|TAMS 0x000000074ea00000| PB 0x000000074ea00000| Complete |  0
|1512|0x00000007ffe00000, 0x00000007fff20f10, 0x0000000800000000| 56%| O|  |TAMS 0x00000007ffe00000| PB 0x00000007ffe00000| Untracked |  0

Card table byte_map: [0x0000750dbd737000,0x0000750dbdd20000] _byte_map_base: 0x0000750db9d20000

Marking Bits: (CMBitMap*) 0x0000750db8073680
 Bits: [0x0000750d9d6b8000, 0x0000750da0600000)

Polling page: 0x0000750dc0e44000

Metaspace:
Metaspace        used 5986K, committed 6592K, reserved 1114112K
 class space     used 590K, committed 832K, reserved 1048576K

Usage:
  Non-class:      5.27 MB used.
      Class:    590.90 KB used.
       Both:      5.85 MB used.

Virtual space:
  Non-class space:       64.00 MB reserved,       5.62 MB (  9%) committed,  1 nodes.
      Class space:        1.00 GB reserved,     832.00 KB ( <1%) committed,  1 nodes.
             Both:        1.06 GB reserved,       6.44 MB ( <1%) committed. 

Chunk freelists:
   Non-Class:  9.29 MB
       Class:  15.21 MB
        Both:  24.50 MB

MaxMetaspaceSize: unlimited
CompressedClassSpaceSize: 1.00 GB
Initial GC threshold: 21.00 MB
Current GC threshold: 21.00 MB
CDS: on
 - commit_granule_bytes: 65536.
 - commit_granule_words: 8192.
 - virtual_space_node_default_size: 8388608.
 - enlarge_chunks_in_place: 1.
UseCompressedClassPointers 1, UseCompactObjectHeaders 0
Narrow klass pointer bits 32, Max shift 3
Narrow klass base: 0x000000003a000000, Narrow klass shift: 0
Encoding Range: [0x000000003a000000 - 0x000000013a000000), (4294967296 bytes)
Klass Range:    [0x000000003a001000 - 0x000000007b000000), (1090514944 bytes)
Klass ID Range:  [4096 - 1090519033) (1090514937)
Protection zone: [0x000000003a000000 - 0x000000003a001000), (4096 bytes)


Internal statistics:

num_allocs_failed_limit: 0.
num_arena_births: 820.
num_arena_deaths: 0.
num_vsnodes_births: 2.
num_vsnodes_deaths: 0.
num_space_committed: 103.
num_space_uncommitted: 0.
num_chunks_returned_to_freelist: 0.
num_chunks_taken_from_freelist: 1012.
num_chunk_merges: 0.
num_chunk_splits: 680.
num_chunks_enlarged: 375.
num_inconsistent_stats: 0.

CodeHeap 'non-profiled nmethods': size=120032Kb used=594Kb max_used=594Kb free=119437Kb
 bounds [0x0000750da80c8000, 0x0000750da8338000, 0x0000750daf600000]
CodeHeap 'profiled nmethods': size=120028Kb used=2305Kb max_used=2305Kb free=117722Kb
 bounds [0x0000750da0600000, 0x0000750da0870000, 0x0000750da7b37000]
CodeHeap 'non-nmethods': size=5700Kb used=1527Kb max_used=1568Kb free=4172Kb
 bounds [0x0000750da7b37000, 0x0000750da7da7000, 0x0000750da80c8000]
CodeCache: size=245760Kb, used=4426Kb, max_used=4467Kb, free=241331Kb
 total_blobs=2258, nmethods=1662, adapters=471, full_count=0
Compilation: enabled, stopped_count=0, restarted_count=0

Compilation events (20 events):
Event: 7.116 Thread 0x0000750db81156b0 nmethod 1641 0x0000750da0831708 code [0x0000750da0831800, 0x0000750da0831930]
Event: 7.116 Thread 0x0000750db81156b0 1642       3       java.util.ArrayDeque::addFirst (51 bytes)
Event: 7.116 Thread 0x0000750db81156b0 nmethod 1642 0x0000750da0831a08 code [0x0000750da0831b00, 0x0000750da0831f78]
Event: 7.116 Thread 0x0000750db81156b0 1638       3       jdk.internal.foreign.abi.BindingSpecializer::shouldAcquire (61 bytes)
Event: 7.116 Thread 0x0000750db81156b0 nmethod 1638 0x0000750da0831f88 code [0x0000750da0832080, 0x0000750da0832670]
Event: 7.116 Thread 0x0000750db81156b0 1639       3       jdk.internal.classfile.impl.DirectCodeBuilder::allocateLocal (20 bytes)
Event: 7.116 Thread 0x0000750db81156b0 nmethod 1639 0x0000750da0832688 code [0x0000750da0832780, 0x0000750da0832928]
Event: 7.118 Thread 0x0000750db81156b0 1649       3       jdk.internal.classfile.impl.DirectClassBuilder::with (33 bytes)
Event: 7.118 Thread 0x0000750db81156b0 nmethod 1649 0x0000750da0832988 code [0x0000750da0832a80, 0x0000750da08331d8]
Event: 7.118 Thread 0x0000750db81156b0 1650       3       jdk.internal.foreign.layout.ValueLayouts$AbstractValueLayout::dup (7 bytes)
Event: 7.119 Thread 0x0000750db81156b0 nmethod 1650 0x0000750da0833208 code [0x0000750da0833300, 0x0000750da08334b8]
Event: 7.119 Thread 0x0000750db81156b0 1651       3       jdk.internal.foreign.layout.ValueLayouts$AbstractValueLayout::dup (11 bytes)
Event: 7.119 Thread 0x0000750db81156b0 nmethod 1651 0x0000750da0833508 code [0x0000750da0833600, 0x0000750da0833860]
Event: 7.119 Thread 0x0000750db81156b0 1652       3       java.lang.String::indexOf (18 bytes)
Event: 7.119 Thread 0x0000750db81156b0 nmethod 1652 0x0000750da0833888 code [0x0000750da0833980, 0x0000750da0833db0]
Event: 7.119 Thread 0x0000750db81156b0 1653       3       java.lang.String::indexOf (101 bytes)
Event: 7.119 Thread 0x0000750db81156b0 nmethod 1653 0x0000750da0833e08 code [0x0000750da0833f00, 0x0000750da08345c8]
Event: 7.121 Thread 0x0000750db81156b0 1656       3       sun.net.www.ParseUtil::encodePath (41 bytes)
Event: 7.121 Thread 0x0000750db81156b0 nmethod 1656 0x0000750da0834608 code [0x0000750da0834700, 0x0000750da08348e8]
Event: 7.122 Thread 0x0000750db81156b0 1657       3       jdk.internal.foreign.abi.AbstractLinker::checkLayoutRecursive (505 bytes)

GC Heap Usage History (2 events):
Event: 3.918 {heap Before GC invocations=0 (full 0):
 garbage-first heap   total reserved 3098624K, committed 196608K, used 50307K [0x0000000742e00000, 0x0000000800000000)
  region size 2048K, 24 young (49152K), 0 survivors (0K)
}
Event: 3.920 {heap After GC invocations=1 (full 0):
 garbage-first heap   total reserved 3098624K, committed 196608K, used 2788K [0x0000000742e00000, 0x0000000800000000)
  region size 2048K, 1 young (2048K), 1 survivors (2048K)
}

Metaspace Usage History (2 events):
Event: 3.918 {metaspace Before GC invocations=0 (full 0):
 Metaspace       used 4291K, committed 4672K, reserved 1114112K
  class space    used 378K, committed 576K, reserved 1048576K
}
Event: 3.920 {metaspace After GC invocations=1 (full 0):
 Metaspace       used 4291K, committed 4672K, reserved 1114112K
  class space    used 378K, committed 576K, reserved 1048576K
}

Dll operation events (7 events):
Event: 0.001 Loaded shared library /home/linuxbrew/.linuxbrew/Cellar/openjdk/25.0.2/libexec/lib/libjava.so
Event: 0.011 Loaded shared library /home/linuxbrew/.linuxbrew/Cellar/openjdk/25.0.2/libexec/lib/libsimdsort.so
Event: 0.028 Loaded shared library /home/linuxbrew/.linuxbrew/Cellar/openjdk/25.0.2/libexec/lib/libnio.so
Event: 0.033 Loaded shared library /home/linuxbrew/.linuxbrew/Cellar/openjdk/25.0.2/libexec/lib/libnet.so
Event: 0.049 Loaded shared library /home/linuxbrew/.linuxbrew/Cellar/openjdk/25.0.2/libexec/lib/libzip.so
Event: 0.053 Loaded shared library /home/linuxbrew/.linuxbrew/Cellar/openjdk/25.0.2/libexec/lib/libjimage.so
Event: 0.056 Loaded shared library /tmp/xross_lib_417126034441743948/libxross_example.so

Deoptimization events (20 events):
Event: 7.089 Thread 0x0000750db801a340 Uncommon trap: trap_request=0xffffff5e fr.pc=0x0000750da814cb28 relative=0x00000000000000a8
Event: 7.089 Thread 0x0000750db801a340 Uncommon trap: reason=speculate_class_check action=maybe_recompile pc=0x0000750da814cb28 method=jdk.internal.foreign.AbstractMemorySegmentImpl.isAlignedForElement(JJ)Z @ 1 c2
Event: 7.089 Thread 0x0000750db801a340 DEOPT PACKING pc=0x0000750da814cb28 sp=0x0000750dc09fdf00
Event: 7.089 Thread 0x0000750db801a340 DEOPT UNPACKING pc=0x0000750da7c57479 sp=0x0000750dc09fde50 mode 2
Event: 7.093 Thread 0x0000750db801a340 Uncommon trap: trap_request=0xffffff5e fr.pc=0x0000750da814cb28 relative=0x00000000000000a8
Event: 7.093 Thread 0x0000750db801a340 Uncommon trap: reason=speculate_class_check action=maybe_recompile pc=0x0000750da814cb28 method=jdk.internal.foreign.AbstractMemorySegmentImpl.isAlignedForElement(JJ)Z @ 1 c2
Event: 7.093 Thread 0x0000750db801a340 DEOPT PACKING pc=0x0000750da814cb28 sp=0x0000750dc09fdce0
Event: 7.093 Thread 0x0000750db801a340 DEOPT UNPACKING pc=0x0000750da7c57479 sp=0x0000750dc09fdc30 mode 2
Event: 7.102 Thread 0x0000750db801a340 Uncommon trap: trap_request=0xffffff5e fr.pc=0x0000750da814cb28 relative=0x00000000000000a8
Event: 7.102 Thread 0x0000750db801a340 Uncommon trap: reason=speculate_class_check action=maybe_recompile pc=0x0000750da814cb28 method=jdk.internal.foreign.AbstractMemorySegmentImpl.isAlignedForElement(JJ)Z @ 1 c2
Event: 7.102 Thread 0x0000750db801a340 DEOPT PACKING pc=0x0000750da814cb28 sp=0x0000750dc09fdef0
Event: 7.102 Thread 0x0000750db801a340 DEOPT UNPACKING pc=0x0000750da7c57479 sp=0x0000750dc09fde40 mode 2
Event: 7.119 Thread 0x0000750db801a340 Uncommon trap: trap_request=0xffffff5e fr.pc=0x0000750da814cb28 relative=0x00000000000000a8
Event: 7.119 Thread 0x0000750db801a340 Uncommon trap: reason=speculate_class_check action=maybe_recompile pc=0x0000750da814cb28 method=jdk.internal.foreign.AbstractMemorySegmentImpl.isAlignedForElement(JJ)Z @ 1 c2
Event: 7.119 Thread 0x0000750db801a340 DEOPT PACKING pc=0x0000750da814cb28 sp=0x0000750dc09fdec0
Event: 7.119 Thread 0x0000750db801a340 DEOPT UNPACKING pc=0x0000750da7c57479 sp=0x0000750dc09fde10 mode 2
Event: 7.123 Thread 0x0000750db801a340 Uncommon trap: trap_request=0xffffff45 fr.pc=0x0000750da811759c relative=0x000000000000009c
Event: 7.123 Thread 0x0000750db801a340 Uncommon trap: reason=unstable_if action=reinterpret pc=0x0000750da811759c method=org.example.xross.runtime.AliveFlag.isValid()Z @ 22 c2
Event: 7.123 Thread 0x0000750db801a340 DEOPT PACKING pc=0x0000750da811759c sp=0x0000750dc09fe6f0
Event: 7.123 Thread 0x0000750db801a340 DEOPT UNPACKING pc=0x0000750da7c57479 sp=0x0000750dc09fe6a8 mode 2

Classes loaded (20 events):
Event: 7.058 Loading class java/lang/invoke/VarHandleSegmentAsFloatsAligned
Event: 7.058 Loading class java/lang/invoke/VarHandleSegmentAsFloatsAligned done
Event: 7.058 Loading class jdk/internal/foreign/StringSupport$CharsetKind
Event: 7.058 Loading class jdk/internal/foreign/StringSupport$CharsetKind done
Event: 7.058 Loading class jdk/internal/foreign/StringSupport
Event: 7.058 Loading class jdk/internal/foreign/StringSupport done
Event: 7.059 Loading class jdk/internal/reflect/MethodHandleByteFieldAccessorImpl
Event: 7.059 Loading class jdk/internal/reflect/MethodHandleByteFieldAccessorImpl done
Event: 7.119 Loading class java/lang/invoke/VarHandleSegmentAsShorts
Event: 7.119 Loading class java/lang/invoke/VarHandleSegmentAsShorts done
Event: 7.119 Loading class java/lang/invoke/VarHandleSegmentAsShortsAligned
Event: 7.119 Loading class java/lang/invoke/VarHandleSegmentAsShortsAligned done
Event: 7.119 Loading class java/lang/invoke/VarHandleSegmentAsChars
Event: 7.119 Loading class java/lang/invoke/VarHandleSegmentAsChars done
Event: 7.119 Loading class java/lang/invoke/VarHandleSegmentAsCharsAligned
Event: 7.119 Loading class java/lang/invoke/VarHandleSegmentAsCharsAligned done
Event: 7.120 Loading class java/lang/invoke/VarHandleSegmentAsDoubles
Event: 7.120 Loading class java/lang/invoke/VarHandleSegmentAsDoubles done
Event: 7.120 Loading class java/lang/invoke/VarHandleSegmentAsDoublesAligned
Event: 7.120 Loading class java/lang/invoke/VarHandleSegmentAsDoublesAligned done

Classes unloaded (0 events):
No events

Classes redefined (0 events):
No events

Internal exceptions (20 events):
Event: 7.068 Thread 0x0000750db801a340 Exception <a 'java/lang/NoSuchMethodError'{0x0000000749fbee90}: 'java.lang.Object java.lang.invoke.DirectMethodHandle$Holder.invokeStaticInit(java.lang.Object, java.lang.Object, java.lang.Object, int, java.lang.Object, long, int)'> (0x0000000749fbee90) 
thrown [src/hotspot/share/interpreter/linkResolver.cpp, line 803]
Event: 7.069 Thread 0x0000750db801a340 Exception <a 'java/lang/NoSuchMethodError'{0x0000000749fcf430}: 'java.lang.Object java.lang.invoke.DelegatingMethodHandle$Holder.reinvoke_L(java.lang.Object, java.lang.Object, java.lang.Object, int, java.lang.Object, long, int)'> (0x0000000749fcf430) 
thrown [src/hotspot/share/interpreter/linkResolver.cpp, line 803]
Event: 7.071 Thread 0x0000750db801a340 Exception <a 'java/lang/NoSuchMethodError'{0x0000000749c171e8}: 'void java.lang.invoke.DirectMethodHandle$Holder.invokeStatic(java.lang.Object, java.lang.Object, java.lang.Object, java.lang.Object, java.lang.Object, java.lang.Object, long, int)'> (0x0000000749c171e8) 
thrown [src/hotspot/share/interpreter/linkResolver.cpp, line 803]
Event: 7.072 Thread 0x0000750db801a340 Exception <a 'java/lang/NoSuchMethodError'{0x0000000749c1f368}: 'void java.lang.invoke.DirectMethodHandle$Holder.invokeStaticInit(java.lang.Object, java.lang.Object, java.lang.Object, java.lang.Object, java.lang.Object, java.lang.Object, long, int)'> (0x0000000749c1f368) 
thrown [src/hotspot/share/interpreter/linkResolver.cpp, line 803]
Event: 7.072 Thread 0x0000750db801a340 Exception <a 'java/lang/NoSuchMethodError'{0x0000000749c2fa98}: 'void java.lang.invoke.DelegatingMethodHandle$Holder.reinvoke_L(java.lang.Object, java.lang.Object, java.lang.Object, java.lang.Object, java.lang.Object, java.lang.Object, long, int)'> (0x0000000749c2fa98) 
thrown [src/hotspot/share/interpreter/linkResolver.cpp, line 803]
Event: 7.074 Thread 0x0000750db801a340 Exception <a 'java/lang/NoSuchMethodError'{0x0000000749c7cc18}: 'java.lang.Object java.lang.invoke.DirectMethodHandle$Holder.invokeSpecial(java.lang.Object, java.lang.Object, int, java.lang.Object, long, int)'> (0x0000000749c7cc18) 
thrown [src/hotspot/share/interpreter/linkResolver.cpp, line 803]
Event: 7.076 Thread 0x0000750db801a340 Exception <a 'java/lang/NoSuchMethodError'{0x0000000749cb5828}: 'java.lang.Object java.lang.invoke.DirectMethodHandle$Holder.invokeSpecial(java.lang.Object, java.lang.Object, java.lang.Object, java.lang.Object, java.lang.Object, long, int)'> (0x0000000749cb5828) 
thrown [src/hotspot/share/interpreter/linkResolver.cpp, line 803]
Event: 7.088 Thread 0x0000750db801a340 Exception <a 'java/lang/NoSuchMethodError'{0x0000000749d7de40}: 'void java.lang.invoke.DirectMethodHandle$Holder.invokeStaticInit(java.lang.Object, java.lang.Object, java.lang.Object)'> (0x0000000749d7de40) 
thrown [src/hotspot/share/interpreter/linkResolver.cpp, line 803]
Event: 7.089 Thread 0x0000750db801a340 Exception <a 'java/lang/NoSuchMethodError'{0x0000000749db8738}: 'void java.lang.invoke.DelegatingMethodHandle$Holder.reinvoke_L(java.lang.Object, java.lang.Object, java.lang.Object, long, long)'> (0x0000000749db8738) 
thrown [src/hotspot/share/interpreter/linkResolver.cpp, line 803]
Event: 7.098 Thread 0x0000750db801a340 Exception <a 'java/lang/NoSuchMethodError'{0x0000000749a5ed00}: 'int java.lang.invoke.DirectMethodHandle$Holder.invokeStaticInit(java.lang.Object, java.lang.Object, java.lang.Object, java.lang.Object, java.lang.Object, long, int)'> (0x0000000749a5ed00) 
thrown [src/hotspot/share/interpreter/linkResolver.cpp, line 803]
Event: 7.099 Thread 0x0000750db801a340 Exception <a 'java/lang/NoSuchMethodError'{0x0000000749a6f2a0}: 'int java.lang.invoke.DelegatingMethodHandle$Holder.reinvoke_L(java.lang.Object, java.lang.Object, java.lang.Object, java.lang.Object, java.lang.Object, long, int)'> (0x0000000749a6f2a0) 
thrown [src/hotspot/share/interpreter/linkResolver.cpp, line 803]
Event: 7.109 Thread 0x0000750db801a340 Exception <a 'java/lang/NoSuchMethodError'{0x0000000749b10250}: 'int java.lang.invoke.DirectMethodHandle$Holder.invokeStatic(java.lang.Object, java.lang.Object, java.lang.Object, java.lang.Object, java.lang.Object)'> (0x0000000749b10250) 
thrown [src/hotspot/share/interpreter/linkResolver.cpp, line 803]
Event: 7.109 Thread 0x0000750db801a340 Exception <a 'java/lang/NoSuchMethodError'{0x0000000749b18280}: 'int java.lang.invoke.DirectMethodHandle$Holder.invokeStaticInit(java.lang.Object, java.lang.Object, java.lang.Object, java.lang.Object, java.lang.Object)'> (0x0000000749b18280) 
thrown [src/hotspot/share/interpreter/linkResolver.cpp, line 803]
Event: 7.109 Thread 0x0000750db801a340 Exception <a 'java/lang/NoSuchMethodError'{0x0000000749b285c8}: 'int java.lang.invoke.DelegatingMethodHandle$Holder.reinvoke_L(java.lang.Object, java.lang.Object, java.lang.Object, java.lang.Object, java.lang.Object)'> (0x0000000749b285c8) 
thrown [src/hotspot/share/interpreter/linkResolver.cpp, line 803]
Event: 7.113 Thread 0x0000750db801a340 Exception <a 'java/lang/NoSuchMethodError'{0x0000000749b7e598}: 'long java.lang.invoke.DirectMethodHandle$Holder.invokeStaticInit(java.lang.Object, java.lang.Object, java.lang.Object, java.lang.Object, int, int)'> (0x0000000749b7e598) 
thrown [src/hotspot/share/interpreter/linkResolver.cpp, line 803]
Event: 7.113 Thread 0x0000750db801a340 Exception <a 'java/lang/NoSuchMethodError'{0x0000000749b8e980}: 'long java.lang.invoke.DelegatingMethodHandle$Holder.reinvoke_L(java.lang.Object, java.lang.Object, java.lang.Object, java.lang.Object, int, int)'> (0x0000000749b8e980) 
thrown [src/hotspot/share/interpreter/linkResolver.cpp, line 803]
Event: 7.117 Thread 0x0000750db801a340 Exception <a 'java/lang/NoSuchMethodError'{0x0000000749bd8740}: 'void java.lang.invoke.DirectMethodHandle$Holder.invokeStaticInit(java.lang.Object, java.lang.Object, java.lang.Object, java.lang.Object, java.lang.Object, java.lang.Object, java.lang.Object)'> (0x0000000749bd8740) 
thrown [src/hotspot/share/interpreter/linkResolver.cpp, line 803]
Event: 7.117 Thread 0x0000750db801a340 Exception <a 'java/lang/NoSuchMethodError'{0x0000000749be8dc0}: 'void java.lang.invoke.DelegatingMethodHandle$Holder.reinvoke_L(java.lang.Object, java.lang.Object, java.lang.Object, java.lang.Object, java.lang.Object, java.lang.Object, java.lang.Object)'> (0x0000000749be8dc0) 
thrown [src/hotspot/share/interpreter/linkResolver.cpp, line 803]
Event: 7.123 Thread 0x0000750db801a340 Exception <a 'java/lang/NoSuchMethodError'{0x0000000749845cb0}: 'void java.lang.invoke.Invokers$Holder.invoke_MT(java.lang.Object, java.lang.Object, java.lang.Object, java.lang.Object)'> (0x0000000749845cb0) 
thrown [src/hotspot/share/interpreter/linkResolver.cpp, line 803]
Event: 7.123 Thread 0x0000750db801a340 Exception <a 'java/lang/NoSuchMethodError'{0x000000074984e928}: 'int java.lang.invoke.Invokers$Holder.invokeExact_MT(java.lang.Object, java.lang.Object, java.lang.Object, java.lang.Object)'> (0x000000074984e928) 
thrown [src/hotspot/share/interpreter/linkResolver.cpp, line 803]

VM Operations (20 events):
Event: 6.999 Executing non-safepoint VM operation: HandshakeAllThreads (CloseScopedMemory)
Event: 6.999 Executing non-safepoint VM operation: HandshakeAllThreads (CloseScopedMemory) done
Event: 7.041 Executing non-safepoint VM operation: HandshakeAllThreads (CloseScopedMemory)
Event: 7.041 Executing non-safepoint VM operation: HandshakeAllThreads (CloseScopedMemory) done
Event: 7.041 Executing non-safepoint VM operation: HandshakeAllThreads (CloseScopedMemory)
Event: 7.041 Executing non-safepoint VM operation: HandshakeAllThreads (CloseScopedMemory) done
Event: 7.049 Executing non-safepoint VM operation: HandshakeAllThreads (Deoptimize)
Event: 7.049 Executing non-safepoint VM operation: HandshakeAllThreads (Deoptimize) done
Event: 7.051 Executing non-safepoint VM operation: HandshakeAllThreads (CloseScopedMemory)
Event: 7.051 Executing non-safepoint VM operation: HandshakeAllThreads (CloseScopedMemory) done
Event: 7.051 Executing non-safepoint VM operation: HandshakeAllThreads (CloseScopedMemory)
Event: 7.051 Executing non-safepoint VM operation: HandshakeAllThreads (CloseScopedMemory) done
Event: 7.062 Executing non-safepoint VM operation: HandshakeAllThreads (CloseScopedMemory)
Event: 7.062 Executing non-safepoint VM operation: HandshakeAllThreads (CloseScopedMemory) done
Event: 7.077 Executing non-safepoint VM operation: HandshakeAllThreads (CloseScopedMemory)
Event: 7.077 Executing non-safepoint VM operation: HandshakeAllThreads (CloseScopedMemory) done
Event: 7.091 Executing non-safepoint VM operation: HandshakeAllThreads (CloseScopedMemory)
Event: 7.091 Executing non-safepoint VM operation: HandshakeAllThreads (CloseScopedMemory) done
Event: 7.105 Executing non-safepoint VM operation: HandshakeAllThreads (CloseScopedMemory)
Event: 7.105 Executing non-safepoint VM operation: HandshakeAllThreads (CloseScopedMemory) done

Memory protections (12 events):
Event: 0.001 Protecting memory [0x0000750dc0900000,0x0000750dc0904000] with protection modes 0
Event: 0.005 Protecting memory [0x000000003a000000,0x000000003a001000] with protection modes 0
Event: 0.010 Protecting memory [0x0000750dbc393000,0x0000750dbc397000] with protection modes 0
Event: 0.010 Protecting memory [0x0000750dbc111000,0x0000750dbc115000] with protection modes 0
Event: 0.010 Protecting memory [0x0000750dbc011000,0x0000750dbc015000] with protection modes 0
Event: 0.011 Protecting memory [0x0000750d9cf00000,0x0000750d9cf04000] with protection modes 0
Event: 0.011 Protecting memory [0x0000750d9ce00000,0x0000750d9ce04000] with protection modes 0
Event: 0.011 Protecting memory [0x0000750d9cd00000,0x0000750d9cd04000] with protection modes 0
Event: 0.011 Protecting memory [0x0000750d9cc00000,0x0000750d9cc04000] with protection modes 0
Event: 0.025 Protecting memory [0x0000750d9cb00000,0x0000750d9cb04000] with protection modes 0
Event: 0.026 Protecting memory [0x0000750d9ca00000,0x0000750d9ca04000] with protection modes 0
Event: 0.059 Protecting memory [0x0000750d9c848000,0x0000750d9c84c000] with protection modes 0

Nmethod flushes (0 events):
No events

Events (11 events):
Event: 0.006 Thread 0x0000750db801a340 Thread added: 0x0000750db801a340
Event: 0.010 Thread 0x0000750db801a340 Thread added: 0x0000750db810c110
Event: 0.010 Thread 0x0000750db801a340 Thread added: 0x0000750db810d300
Event: 0.010 Thread 0x0000750db801a340 Thread added: 0x0000750db810ed30
Event: 0.011 Thread 0x0000750db801a340 Thread added: 0x0000750db8110660
Event: 0.011 Thread 0x0000750db801a340 Thread added: 0x0000750db8111ef0
Event: 0.011 Thread 0x0000750db801a340 Thread added: 0x0000750db8113d00
Event: 0.011 Thread 0x0000750db801a340 Thread added: 0x0000750db81156b0
Event: 0.025 Thread 0x0000750db801a340 Thread added: 0x0000750db815bf20
Event: 0.026 Thread 0x0000750db801a340 Thread added: 0x0000750db815e370
Event: 0.059 Thread 0x0000750db801a340 Thread added: 0x0000750db81c7640


Dynamic libraries:
3a000000-3a001000 ---p 00000000 00:00 0 
3a001000-3ad8d000 rw-p 00001000 08:02 13267116                           /home/linuxbrew/.linuxbrew/Cellar/openjdk/25.0.2/libexec/lib/server/classes.jsa
3ad8d000-3b000000 ---p 00000000 00:00 0 
3b000000-3b040000 rw-p 00000000 00:00 0 
3b040000-3b0d0000 rw-p 00000000 00:00 0 
3b0d0000-7b000000 ---p 00000000 00:00 0 
742e00000-74ec00000 rw-p 00000000 00:00 0 
74ec00000-7ffe00000 ---p 00000000 00:00 0 
7ffe00000-7fff21000 rw-p 00dc0000 08:02 13267116                         /home/linuxbrew/.linuxbrew/Cellar/openjdk/25.0.2/libexec/lib/server/classes.jsa
7fff21000-800000000 rw-p 00000000 00:00 0 
5af8c18de000-5af8c18e0000 r--p 00000000 08:02 13266505                   /home/linuxbrew/.linuxbrew/Cellar/openjdk/25.0.2/libexec/bin/java
5af8c18e0000-5af8c18e1000 r-xp 00002000 08:02 13266505                   /home/linuxbrew/.linuxbrew/Cellar/openjdk/25.0.2/libexec/bin/java
5af8c18e1000-5af8c18e2000 r--p 00003000 08:02 13266505                   /home/linuxbrew/.linuxbrew/Cellar/openjdk/25.0.2/libexec/bin/java
5af8c18e2000-5af8c18e3000 r--p 00003000 08:02 13266505                   /home/linuxbrew/.linuxbrew/Cellar/openjdk/25.0.2/libexec/bin/java
5af8c18e3000-5af8c18e7000 rw-p 00004000 08:02 13266505                   /home/linuxbrew/.linuxbrew/Cellar/openjdk/25.0.2/libexec/bin/java
5af8c8aee000-5af8c8b37000 rw-p 00000000 00:00 0                          [heap]
750d38000000-750d38021000 rw-p 00000000 00:00 0 
750d38021000-750d3c000000 ---p 00000000 00:00 0 
750d40000000-750d40021000 rw-p 00000000 00:00 0 
750d40021000-750d44000000 ---p 00000000 00:00 0 
750d45ffe000-750d4c021000 rw-p 00000000 00:00 0 
750d4c021000-750d50000000 ---p 00000000 00:00 0 
750d50000000-750d50021000 rw-p 00000000 00:00 0 
750d50021000-750d54000000 ---p 00000000 00:00 0 
750d54000000-750d54021000 rw-p 00000000 00:00 0 
750d54021000-750d58000000 ---p 00000000 00:00 0 
750d58000000-750d58021000 rw-p 00000000 00:00 0 
750d58021000-750d5c000000 ---p 00000000 00:00 0 
750d5c000000-750d5ca4b000 rw-p 00000000 00:00 0 
750d5ca4b000-750d60000000 ---p 00000000 00:00 0 
750d60000000-750d605a9000 rw-p 00000000 00:00 0 
750d605a9000-750d64000000 ---p 00000000 00:00 0 
750d64000000-750d64021000 rw-p 00000000 00:00 0 
750d64021000-750d68000000 ---p 00000000 00:00 0 
750d68000000-750d68021000 rw-p 00000000 00:00 0 
750d68021000-750d6c000000 ---p 00000000 00:00 0 
750d6c000000-750d6c021000 rw-p 00000000 00:00 0 
750d6c021000-750d70000000 ---p 00000000 00:00 0 
750d70000000-750d70021000 rw-p 00000000 00:00 0 
750d70021000-750d74000000 ---p 00000000 00:00 0 
750d74000000-750d742e0000 rw-p 00000000 00:00 0 
750d742e0000-750d74400000 ---p 00000000 00:00 0 
750d74400000-750d746c0000 rw-p 00000000 00:00 0 
750d746c0000-750d78000000 ---p 00000000 00:00 0 
750d78000000-750d78021000 rw-p 00000000 00:00 0 
750d78021000-750d7c000000 ---p 00000000 00:00 0 
750d7c000000-750d7c021000 rw-p 00000000 00:00 0 
750d7c021000-750d80000000 ---p 00000000 00:00 0 
750d80000000-750d80021000 rw-p 00000000 00:00 0 
750d80021000-750d84000000 ---p 00000000 00:00 0 
750d84000000-750d84021000 rw-p 00000000 00:00 0 
750d84021000-750d88000000 ---p 00000000 00:00 0 
750d88000000-750d88021000 rw-p 00000000 00:00 0 
750d88021000-750d8c000000 ---p 00000000 00:00 0 
750d8e000000-750d90021000 rw-p 00000000 00:00 0 
750d90021000-750d94000000 ---p 00000000 00:00 0 
750d94000000-750d94021000 rw-p 00000000 00:00 0 
750d94021000-750d98000000 ---p 00000000 00:00 0 
750d98000000-750d98021000 rw-p 00000000 00:00 0 
750d98021000-750d9c000000 ---p 00000000 00:00 0 
750d9c545000-750d9c848000 rw-p 00000000 00:00 0 
750d9c848000-750d9c84c000 ---p 00000000 00:00 0 
750d9c84c000-750d9c948000 rw-p 00000000 00:00 0 
750d9c948000-750d9c97e000 r--p 00000000 00:2e 26252                      /tmp/xross_lib_417126034441743948/libxross_example.so
750d9c97e000-750d9c9f6000 r-xp 00035000 00:2e 26252                      /tmp/xross_lib_417126034441743948/libxross_example.so
750d9c9f6000-750d9c9fc000 r--p 000ac000 00:2e 26252                      /tmp/xross_lib_417126034441743948/libxross_example.so
750d9c9fc000-750d9ca00000 rw-p 000b1000 00:2e 26252                      /tmp/xross_lib_417126034441743948/libxross_example.so
750d9ca00000-750d9ca04000 ---p 00000000 00:00 0 
750d9ca04000-750d9cb00000 rw-p 00000000 00:00 0 
750d9cb00000-750d9cb04000 ---p 00000000 00:00 0 
750d9cb04000-750d9cc00000 rw-p 00000000 00:00 0 
750d9cc00000-750d9cc04000 ---p 00000000 00:00 0 
750d9cc04000-750d9cd00000 rw-p 00000000 00:00 0 
750d9cd00000-750d9cd04000 ---p 00000000 00:00 0 
750d9cd04000-750d9ce00000 rw-p 00000000 00:00 0 
750d9ce00000-750d9ce04000 ---p 00000000 00:00 0 
750d9ce04000-750d9cf00000 rw-p 00000000 00:00 0 
750d9cf00000-750d9cf04000 ---p 00000000 00:00 0 
750d9cf04000-750d9d000000 rw-p 00000000 00:00 0 
750d9d000000-750d9d680000 r--p 00000000 08:02 9175821                    /usr/lib/locale/locale-archive
750d9d6b8000-750d9d9b0000 rw-p 00000000 00:00 0 
750d9d9b0000-750da05f8000 ---p 00000000 00:00 0 
750da05f8000-750da0600000 rw-p 00000000 00:00 0 
750da0600000-750da0870000 rwxp 00000000 00:00 0 
750da0870000-750da7b37000 ---p 00000000 00:00 0 
750da7b37000-750da7da7000 rwxp 00000000 00:00 0 
750da7da7000-750da80c8000 ---p 00000000 00:00 0 
750da80c8000-750da8338000 rwxp 00000000 00:00 0 
750da8338000-750daf600000 ---p 00000000 00:00 0 
750daf600000-750db7faa000 r--s 00000000 08:02 13267108                   /home/linuxbrew/.linuxbrew/Cellar/openjdk/25.0.2/libexec/lib/modules
750db7fbc000-750db7fbe000 r--p 00000000 08:02 13267103                   /home/linuxbrew/.linuxbrew/Cellar/openjdk/25.0.2/libexec/lib/libsimdsort.so
750db7fbe000-750db7ff6000 r-xp 00002000 08:02 13267103                   /home/linuxbrew/.linuxbrew/Cellar/openjdk/25.0.2/libexec/lib/libsimdsort.so
750db7ff6000-750db7ffc000 r--p 0003a000 08:02 13267103                   /home/linuxbrew/.linuxbrew/Cellar/openjdk/25.0.2/libexec/lib/libsimdsort.so
750db7ffc000-750db7ffd000 r--p 0003f000 08:02 13267103                   /home/linuxbrew/.linuxbrew/Cellar/openjdk/25.0.2/libexec/lib/libsimdsort.so
750db7ffd000-750db7ffe000 rw-p 00040000 08:02 13267103                   /home/linuxbrew/.linuxbrew/Cellar/openjdk/25.0.2/libexec/lib/libsimdsort.so
750db7ffe000-750db8000000 rw-p 00043000 08:02 13267103                   /home/linuxbrew/.linuxbrew/Cellar/openjdk/25.0.2/libexec/lib/libsimdsort.so
750db8000000-750db8975000 rw-p 00000000 00:00 0 
750db8975000-750dbc000000 ---p 00000000 00:00 0 
750dbc011000-750dbc015000 ---p 00000000 00:00 0 
750dbc015000-750dbc111000 rw-p 00000000 00:00 0 
750dbc111000-750dbc115000 ---p 00000000 00:00 0 
750dbc115000-750dbc211000 rw-p 00000000 00:00 0 
750dbc211000-750dbc292000 rw-p 00000000 00:00 0 
750dbc292000-750dbc393000 rw-p 00000000 00:00 0 
750dbc393000-750dbc397000 ---p 00000000 00:00 0 
750dbc397000-750dbc797000 rw-p 00000000 00:00 0 
750dbc797000-750dbd3a3000 rw-p 00000000 00:00 0 
750dbd3a3000-750dbd6a6000 rw-p 00000000 00:00 0 
750dbd6a6000-750dbd796000 rw-p 00000000 00:00 0 
750dbd796000-750dbdd1f000 ---p 00000000 00:00 0 
750dbdd1f000-750dbdd7f000 rw-p 00000000 00:00 0 
750dbdd7f000-750dbe308000 ---p 00000000 00:00 0 
750dbe308000-750dbef1a000 rw-p 00000000 00:00 0 
750dbef1a000-750dbf000000 ---p 00000000 00:00 0 
750dbf000000-750dbf0a2000 r--p 00000000 08:02 9177552                    /usr/lib/x86_64-linux-gnu/libstdc++.so.6.0.34
750dbf0a2000-750dbf1ef000 r-xp 000a2000 08:02 9177552                    /usr/lib/x86_64-linux-gnu/libstdc++.so.6.0.34
750dbf1ef000-750dbf277000 r--p 001ef000 08:02 9177552                    /usr/lib/x86_64-linux-gnu/libstdc++.so.6.0.34
750dbf277000-750dbf286000 r--p 00276000 08:02 9177552                    /usr/lib/x86_64-linux-gnu/libstdc++.so.6.0.34
750dbf286000-750dbf289000 rw-p 00285000 08:02 9177552                    /usr/lib/x86_64-linux-gnu/libstdc++.so.6.0.34
750dbf289000-750dbf28d000 rw-p 00000000 00:00 0 
750dbf29b000-750dbf29e000 r--p 00000000 08:02 13267107                   /home/linuxbrew/.linuxbrew/Cellar/openjdk/25.0.2/libexec/lib/libzip.so
750dbf29e000-750dbf2a3000 r-xp 00003000 08:02 13267107                   /home/linuxbrew/.linuxbrew/Cellar/openjdk/25.0.2/libexec/lib/libzip.so
750dbf2a3000-750dbf2a5000 r--p 00008000 08:02 13267107                   /home/linuxbrew/.linuxbrew/Cellar/openjdk/25.0.2/libexec/lib/libzip.so
750dbf2a5000-750dbf2a6000 r--p 00009000 08:02 13267107                   /home/linuxbrew/.linuxbrew/Cellar/openjdk/25.0.2/libexec/lib/libzip.so
750dbf2a6000-750dbf2a7000 rw-p 0000a000 08:02 13267107                   /home/linuxbrew/.linuxbrew/Cellar/openjdk/25.0.2/libexec/lib/libzip.so
750dbf2a7000-750dbf2a9000 rw-p 0000d000 08:02 13267107                   /home/linuxbrew/.linuxbrew/Cellar/openjdk/25.0.2/libexec/lib/libzip.so
750dbf2a9000-750dbf2ac000 r--p 00000000 08:02 13267097                   /home/linuxbrew/.linuxbrew/Cellar/openjdk/25.0.2/libexec/lib/libnet.so
750dbf2ac000-750dbf2b4000 r-xp 00003000 08:02 13267097                   /home/linuxbrew/.linuxbrew/Cellar/openjdk/25.0.2/libexec/lib/libnet.so
750dbf2b4000-750dbf2b6000 r--p 0000b000 08:02 13267097                   /home/linuxbrew/.linuxbrew/Cellar/openjdk/25.0.2/libexec/lib/libnet.so
750dbf2b6000-750dbf2b7000 r--p 0000c000 08:02 13267097                   /home/linuxbrew/.linuxbrew/Cellar/openjdk/25.0.2/libexec/lib/libnet.so
750dbf2b7000-750dbf2b8000 rw-p 0000d000 08:02 13267097                   /home/linuxbrew/.linuxbrew/Cellar/openjdk/25.0.2/libexec/lib/libnet.so
750dbf2b8000-750dbf2ba000 rw-p 00011000 08:02 13267097                   /home/linuxbrew/.linuxbrew/Cellar/openjdk/25.0.2/libexec/lib/libnet.so
750dbf2ba000-750dbf31a000 rw-p 00000000 00:00 0 
750dbf31a000-750dbf400000 ---p 00000000 00:00 0 
750dbf400000-750dbf6db000 r--p 00000000 08:02 13267121                   /home/linuxbrew/.linuxbrew/Cellar/openjdk/25.0.2/libexec/lib/server/libjvm.so
750dbf6db000-750dc0463000 r-xp 002db000 08:02 13267121                   /home/linuxbrew/.linuxbrew/Cellar/openjdk/25.0.2/libexec/lib/server/libjvm.so
750dc0463000-750dc0769000 r--p 01063000 08:02 13267121                   /home/linuxbrew/.linuxbrew/Cellar/openjdk/25.0.2/libexec/lib/server/libjvm.so
750dc0769000-750dc076a000 ---p 01369000 08:02 13267121                   /home/linuxbrew/.linuxbrew/Cellar/openjdk/25.0.2/libexec/lib/server/libjvm.so
750dc076a000-750dc0852000 r--p 01369000 08:02 13267121                   /home/linuxbrew/.linuxbrew/Cellar/openjdk/25.0.2/libexec/lib/server/libjvm.so
750dc0852000-750dc087d000 rw-p 01451000 08:02 13267121                   /home/linuxbrew/.linuxbrew/Cellar/openjdk/25.0.2/libexec/lib/server/libjvm.so
750dc087d000-750dc08f9000 rw-p 00000000 00:00 0 
750dc08f9000-750dc08fd000 rw-p 01967000 08:02 13267121                   /home/linuxbrew/.linuxbrew/Cellar/openjdk/25.0.2/libexec/lib/server/libjvm.so
750dc0900000-750dc0904000 ---p 00000000 00:00 0 
750dc0904000-750dc0a00000 rw-p 00000000 00:00 0 
750dc0a00000-750dc0a28000 r--p 00000000 08:02 9176997                    /usr/lib/x86_64-linux-gnu/libc.so.6
750dc0a28000-750dc0bc1000 r-xp 00028000 08:02 9176997                    /usr/lib/x86_64-linux-gnu/libc.so.6
750dc0bc1000-750dc0c30000 r--p 001c1000 08:02 9176997                    /usr/lib/x86_64-linux-gnu/libc.so.6
750dc0c30000-750dc0c34000 r--p 0022f000 08:02 9176997                    /usr/lib/x86_64-linux-gnu/libc.so.6
750dc0c34000-750dc0c36000 rw-p 00233000 08:02 9176997                    /usr/lib/x86_64-linux-gnu/libc.so.6
750dc0c36000-750dc0c43000 rw-p 00000000 00:00 0 
750dc0c46000-750dc0c4d000 r--s 00000000 08:02 9336279                    /usr/lib/x86_64-linux-gnu/gconv/gconv-modules.cache
750dc0c4d000-750dc0c54000 r--p 00000000 08:02 13267098                   /home/linuxbrew/.linuxbrew/Cellar/openjdk/25.0.2/libexec/lib/libnio.so
750dc0c54000-750dc0c5d000 r-xp 00007000 08:02 13267098                   /home/linuxbrew/.linuxbrew/Cellar/openjdk/25.0.2/libexec/lib/libnio.so
750dc0c5d000-750dc0c61000 r--p 00010000 08:02 13267098                   /home/linuxbrew/.linuxbrew/Cellar/openjdk/25.0.2/libexec/lib/libnio.so
750dc0c61000-750dc0c62000 r--p 00013000 08:02 13267098                   /home/linuxbrew/.linuxbrew/Cellar/openjdk/25.0.2/libexec/lib/libnio.so
750dc0c62000-750dc0c63000 rw-p 00014000 08:02 13267098                   /home/linuxbrew/.linuxbrew/Cellar/openjdk/25.0.2/libexec/lib/libnio.so
750dc0c63000-750dc0c68000 rw-p 0001b000 08:02 13267098                   /home/linuxbrew/.linuxbrew/Cellar/openjdk/25.0.2/libexec/lib/libnio.so
750dc0c68000-750dc0ca9000 rw-p 00000000 00:00 0 
750dc0ca9000-750dc0cb6000 r--p 00000000 08:02 13267083                   /home/linuxbrew/.linuxbrew/Cellar/openjdk/25.0.2/libexec/lib/libjava.so
750dc0cb6000-750dc0cc4000 r-xp 0000d000 08:02 13267083                   /home/linuxbrew/.linuxbrew/Cellar/openjdk/25.0.2/libexec/lib/libjava.so
750dc0cc4000-750dc0cc9000 r--p 0001b000 08:02 13267083                   /home/linuxbrew/.linuxbrew/Cellar/openjdk/25.0.2/libexec/lib/libjava.so
750dc0cc9000-750dc0cca000 ---p 00020000 08:02 13267083                   /home/linuxbrew/.linuxbrew/Cellar/openjdk/25.0.2/libexec/lib/libjava.so
750dc0cca000-750dc0ccb000 r--p 00020000 08:02 13267083                   /home/linuxbrew/.linuxbrew/Cellar/openjdk/25.0.2/libexec/lib/libjava.so
750dc0ccb000-750dc0ccc000 rw-p 00021000 08:02 13267083                   /home/linuxbrew/.linuxbrew/Cellar/openjdk/25.0.2/libexec/lib/libjava.so
750dc0ccc000-750dc0ccd000 rw-p 00000000 00:00 0 
750dc0ccd000-750dc0cd3000 rw-p 0002c000 08:02 13267083                   /home/linuxbrew/.linuxbrew/Cellar/openjdk/25.0.2/libexec/lib/libjava.so
750dc0cd3000-750dc0cd7000 r--p 00000000 08:02 9177547                    /usr/lib/x86_64-linux-gnu/libgcc_s.so.1
750dc0cd7000-750dc0cfa000 r-xp 00004000 08:02 9177547                    /usr/lib/x86_64-linux-gnu/libgcc_s.so.1
750dc0cfa000-750dc0cfe000 r--p 00027000 08:02 9177547                    /usr/lib/x86_64-linux-gnu/libgcc_s.so.1
750dc0cfe000-750dc0cff000 r--p 0002a000 08:02 9177547                    /usr/lib/x86_64-linux-gnu/libgcc_s.so.1
750dc0cff000-750dc0d00000 rw-p 0002b000 08:02 9177547                    /usr/lib/x86_64-linux-gnu/libgcc_s.so.1
750dc0d00000-750dc0d11000 r--p 00000000 08:02 9177423                    /usr/lib/x86_64-linux-gnu/libm.so.6
750dc0d11000-750dc0d9c000 r-xp 00011000 08:02 9177423                    /usr/lib/x86_64-linux-gnu/libm.so.6
750dc0d9c000-750dc0e0b000 r--p 0009c000 08:02 9177423                    /usr/lib/x86_64-linux-gnu/libm.so.6
750dc0e0b000-750dc0e0c000 r--p 0010a000 08:02 9177423                    /usr/lib/x86_64-linux-gnu/libm.so.6
750dc0e0c000-750dc0e0d000 rw-p 0010b000 08:02 9177423                    /usr/lib/x86_64-linux-gnu/libm.so.6
750dc0e0d000-750dc0e10000 rw-p 00000000 00:00 0 
750dc0e10000-750dc0e13000 r--p 00000000 08:02 11403538                   /home/linuxbrew/.linuxbrew/Cellar/zlib/1.3.1/lib/libz.so.1.3.1
750dc0e13000-750dc0e21000 r-xp 00003000 08:02 11403538                   /home/linuxbrew/.linuxbrew/Cellar/zlib/1.3.1/lib/libz.so.1.3.1
750dc0e21000-750dc0e28000 r--p 00011000 08:02 11403538                   /home/linuxbrew/.linuxbrew/Cellar/zlib/1.3.1/lib/libz.so.1.3.1
750dc0e28000-750dc0e29000 r--p 00017000 08:02 11403538                   /home/linuxbrew/.linuxbrew/Cellar/zlib/1.3.1/lib/libz.so.1.3.1
750dc0e29000-750dc0e2a000 rw-p 00018000 08:02 11403538                   /home/linuxbrew/.linuxbrew/Cellar/zlib/1.3.1/lib/libz.so.1.3.1
750dc0e2a000-750dc0e2b000 rw-p 0001b000 08:02 11403538                   /home/linuxbrew/.linuxbrew/Cellar/zlib/1.3.1/lib/libz.so.1.3.1
750dc0e2b000-750dc0e2d000 rw-p 00000000 00:00 0 
750dc0e2e000-750dc0e2f000 rw-p 00000000 00:00 0 
750dc0e2f000-750dc0e30000 rw-p 00000000 00:00 0 
750dc0e30000-750dc0e35000 rw-p 00000000 00:00 0 
750dc0e35000-750dc0e3c000 ---p 00000000 00:00 0 
750dc0e3c000-750dc0e44000 rw-s 00000000 00:2e 26250                      /tmp/hsperfdata_the-infinitys/3714576
750dc0e44000-750dc0e45000 ---p 00000000 00:00 0 
750dc0e45000-750dc0e46000 r--p 00000000 00:00 0 
750dc0e46000-750dc0e47000 ---p 00000000 00:00 0 
750dc0e47000-750dc0e49000 r--p 00000000 08:02 13267087                   /home/linuxbrew/.linuxbrew/Cellar/openjdk/25.0.2/libexec/lib/libjimage.so
750dc0e49000-750dc0e4c000 r-xp 00002000 08:02 13267087                   /home/linuxbrew/.linuxbrew/Cellar/openjdk/25.0.2/libexec/lib/libjimage.so
750dc0e4c000-750dc0e4d000 r--p 00005000 08:02 13267087                   /home/linuxbrew/.linuxbrew/Cellar/openjdk/25.0.2/libexec/lib/libjimage.so
750dc0e4d000-750dc0e4e000 ---p 00006000 08:02 13267087                   /home/linuxbrew/.linuxbrew/Cellar/openjdk/25.0.2/libexec/lib/libjimage.so
750dc0e4e000-750dc0e4f000 r--p 00006000 08:02 13267087                   /home/linuxbrew/.linuxbrew/Cellar/openjdk/25.0.2/libexec/lib/libjimage.so
750dc0e4f000-750dc0e50000 rw-p 00007000 08:02 13267087                   /home/linuxbrew/.linuxbrew/Cellar/openjdk/25.0.2/libexec/lib/libjimage.so
750dc0e50000-750dc0e52000 rw-p 0000a000 08:02 13267087                   /home/linuxbrew/.linuxbrew/Cellar/openjdk/25.0.2/libexec/lib/libjimage.so
750dc0e52000-750dc0e55000 r--p 00000000 08:02 13267088                   /home/linuxbrew/.linuxbrew/Cellar/openjdk/25.0.2/libexec/lib/libjli.so
750dc0e55000-750dc0e5f000 r-xp 00003000 08:02 13267088                   /home/linuxbrew/.linuxbrew/Cellar/openjdk/25.0.2/libexec/lib/libjli.so
750dc0e5f000-750dc0e62000 r--p 0000d000 08:02 13267088                   /home/linuxbrew/.linuxbrew/Cellar/openjdk/25.0.2/libexec/lib/libjli.so
750dc0e62000-750dc0e63000 ---p 00010000 08:02 13267088                   /home/linuxbrew/.linuxbrew/Cellar/openjdk/25.0.2/libexec/lib/libjli.so
750dc0e63000-750dc0e64000 r--p 00010000 08:02 13267088                   /home/linuxbrew/.linuxbrew/Cellar/openjdk/25.0.2/libexec/lib/libjli.so
750dc0e64000-750dc0e65000 rw-p 00011000 08:02 13267088                   /home/linuxbrew/.linuxbrew/Cellar/openjdk/25.0.2/libexec/lib/libjli.so
750dc0e65000-750dc0e67000 rw-p 00015000 08:02 13267088                   /home/linuxbrew/.linuxbrew/Cellar/openjdk/25.0.2/libexec/lib/libjli.so
750dc0e67000-750dc0e6b000 rw-p 00000000 00:00 0 
750dc0e6b000-750dc0e6f000 r--p 00000000 00:00 0                          [vvar]
750dc0e6f000-750dc0e71000 r--p 00000000 00:00 0                          [vvar_vclock]
750dc0e71000-750dc0e73000 r-xp 00000000 00:00 0                          [vdso]
750dc0e73000-750dc0e74000 r--p 00000000 08:02 9175995                    /usr/lib/x86_64-linux-gnu/ld-linux-x86-64.so.2
750dc0e74000-750dc0ea2000 r-xp 00001000 08:02 9175995                    /usr/lib/x86_64-linux-gnu/ld-linux-x86-64.so.2
750dc0ea2000-750dc0eb0000 r--p 0002f000 08:02 9175995                    /usr/lib/x86_64-linux-gnu/ld-linux-x86-64.so.2
750dc0eb0000-750dc0eb2000 r--p 0003d000 08:02 9175995                    /usr/lib/x86_64-linux-gnu/ld-linux-x86-64.so.2
750dc0eb2000-750dc0eb3000 rw-p 0003f000 08:02 9175995                    /usr/lib/x86_64-linux-gnu/ld-linux-x86-64.so.2
750dc0eb3000-750dc0eb4000 rw-p 00000000 00:00 0 
7ffe67323000-7ffe67346000 rw-p 00000000 00:00 0                          [stack]
ffffffffff600000-ffffffffff601000 --xp 00000000 00:00 0                  [vsyscall]
Total number of mappings: 218

JVMTI agents: none


VM Arguments:
jvm_args: --add-opens=java.base/java.lang=ALL-UNNAMED -Dfile.encoding=UTF-8 -Duser.country=JP -Duser.language=ja -Duser.variant 
java_command: org.example.BenchmarkKt
java_class_path (initial): /home/the-infinitys/github/minecraft.infinite-client/project-xross/xross-example/app/build/classes/java/main:/home/the-infinitys/github/minecraft.infinite-client/project-xross/xross-example/app/build/classes/kotlin/main:/home/the-infinitys/github/minecraft.infinite-client/project-xross/xross-example/app/build/resources/main:/home/the-infinitys/.gradle/caches/modules-2/files-2.1/com.google.guava/guava/33.4.6-jre/4437fb72c3cc5d29554b588d9a97bea12d6a42e1/guava-33.4.6-jre.jar:/home/the-infinitys/.gradle/caches/modules-2/files-2.1/org.jetbrains.kotlin/kotlin-stdlib-jdk7/2.3.10/eb57a55dda1c04e2b68de7d50619dd7526150442/kotlin-stdlib-jdk7-2.3.10.jar:/home/the-infinitys/.gradle/caches/modules-2/files-2.1/org.jetbrains.kotlinx/kotlinx-coroutines-core-jvm/1.10.1/fe066928754beda3d59c8282e04289546465a360/kotlinx-coroutines-core-jvm-1.10.1.jar:/home/the-infinitys/.gradle/caches/modules-2/files-2.1/org.jetbrains.kotlin/kotlin-stdlib/2.3.10/8b80e2f80a3b7daa99c16017f91d4c72cd8b31a6/kotlin-stdlib-2.3.10.jar:/home/the-infinitys/.gradle/caches/modules-2/files-2.1/org.jetbrains.kotlin/kotlin-stdlib-jdk8/2.3.10/626e0d6a554c61b239816b108314301950a20de4/kotlin-stdlib-jdk8-2.3.10.jar:/home/the-infinitys/.gradle/caches/modules-2/files-2.1/com.google.guava/failureaccess/1.0.3/aeaffd00d57023a2c947393ed251f0354f0985fc/failureaccess-1.0.3.jar:/home/the-infinitys/.gradle/caches/modules-2/files-2.1/com.google.guava/listenablefuture/9999.0-empty-to-avoid-conflict-with-guava/b421526c5f297295adef1c886e5246c39d4ac629/listenablefuture-9999.0-empty-to-avoid-conflict-with-guava.jar:/home/the-infinitys/.gradle/caches/modules-2/files-2.1/org.jspecify/jspecify/1.0.0/7425a601c1c7ec76645a78d22b8c6a627edee507/jspecify-1.0.0.jar:/home/the-infinitys/.gradle/caches/modules-2/files-2.1/com.google.errorprone/error_prone_annotations/2.36.0/227d4d4957ccc3dc5761bd897e3a0ee587e750a7/error_prone_annotations-2.36.0.jar:/home/the-infinitys/.gradle/caches/modules-2/files-2.1/com.google.j2objc/j2objc-annotations/3.0.0/7399e65dd7e9ff3404f4535b2f017093bdb134c7/j2objc-annotations-3.0.0.jar:/home/the-infinitys/.gradle/caches/modules-2/files-2.1/org.jetbrains/annotations/23.0.0/8cc20c07506ec18e0834947b84a864bfc094484e/annotations-23.0.0.jar
Launcher Type: SUN_STANDARD

[Global flags]
     intx CICompilerCount                          = 4                                         {product} {ergonomic}
     uint ConcGCThreads                            = 3                                         {product} {ergonomic}
     uint G1ConcRefinementThreads                  = 12                                        {product} {ergonomic}
   size_t G1HeapRegionSize                         = 2097152                                   {product} {ergonomic}
   size_t InitialHeapSize                          = 199229440                                 {product} {ergonomic}
   size_t MarkStackSize                            = 4194304                                   {product} {ergonomic}
   size_t MarkStackSizeMax                         = 536870912                                 {product} {ergonomic}
   size_t MaxHeapSize                              = 3172990976                                {product} {ergonomic}
   size_t MaxNewSize                               = 1902116864                                {product} {ergonomic}
   size_t MinHeapDeltaBytes                        = 2097152                                   {product} {ergonomic}
   size_t MinHeapSize                              = 8388608                                   {product} {ergonomic}
    uintx NonNMethodCodeHeapSize                   = 5836800                                {pd product} {ergonomic}
    uintx NonProfiledCodeHeapSize                  = 122912768                              {pd product} {ergonomic}
    uintx ProfiledCodeHeapSize                     = 122908672                              {pd product} {ergonomic}
    uintx ReservedCodeCacheSize                    = 251658240                              {pd product} {ergonomic}
     bool SegmentedCodeCache                       = true                                      {product} {ergonomic}
   size_t SoftMaxHeapSize                          = 3172990976                             {manageable} {ergonomic}
     bool UseCompressedOops                        = true                           {product lp64_product} {ergonomic}
     bool UseG1GC                                  = true                                      {product} {ergonomic}

Logging:
Log output configuration:
 #0: stdout all=warning uptime,level,tags foldmultilines=false
 #1: stderr all=off uptime,level,tags foldmultilines=false

Release file:
IMPLEMENTOR="Homebrew"
IMPLEMENTOR_VERSION="Homebrew"
JAVA_RUNTIME_VERSION="25.0.2"
JAVA_VERSION="25.0.2"
JAVA_VERSION_DATE="2026-01-20"
LIBC="gnu"
MODULES="java.base java.compiler java.datatransfer java.xml java.prefs java.desktop java.instrument java.logging java.management java.security.sasl java.naming java.rmi java.management.rmi java.net.http java.scripting java.security.jgss java.transaction.xa java.sql java.sql.rowset java.xml.crypto java.se java.smartcardio jdk.accessibility jdk.internal.jvmstat jdk.attach jdk.charsets jdk.internal.opt jdk.zipfs jdk.compiler jdk.crypto.cryptoki jdk.crypto.ec jdk.dynalink jdk.internal.ed jdk.editpad jdk.internal.vm.ci jdk.graal.compiler jdk.graal.compiler.management jdk.hotspot.agent jdk.httpserver jdk.incubator.vector jdk.internal.le jdk.internal.md jdk.jartool jdk.javadoc jdk.jcmd jdk.management jdk.management.agent jdk.jconsole jdk.jdeps jdk.jdwp.agent jdk.jdi jdk.jfr jdk.jlink jdk.jpackage jdk.jshell jdk.jsobject jdk.jstatd jdk.localedata jdk.management.jfr jdk.naming.dns jdk.naming.rmi jdk.net jdk.nio.mapmode jdk.sctp jdk.security.auth jdk.security.jgss jdk.unsupported jdk.unsupported.desktop jdk.xml.dom"
OS_ARCH="x86_64"
OS_NAME="Linux"
SOURCE=""

Environment Variables:
PATH=/home/the-infinitys/.deno/bin:/home/the-infinitys/.python/venv//bin:/home/linuxbrew/.linuxbrew/bin:/home/linuxbrew/.linuxbrew/sbin:/home/the-infinitys/.bin:/home/the-infinitys/.local/bin:/home/the-infinitys/bin:/home/the-infinitys/.local/kitty.app/bin:/home/the-infinitys/.bun/bin:/home/the-infinitys/.cargo/bin:/usr/local/sbin:/usr/local/bin:/usr/sbin:/usr/bin:/sbin:/bin:/usr/games:/usr/local/games:/snap/bin:/home/the-infinitys/.lmstudio/bin
LD_LIBRARY_PATH=/usr/lib/mesa-diverted/x86_64-linux-gnu:/usr/lib/x86_64-linux-gnu/mesa:/usr/lib/x86_64-linux-gnu/dri:/usr/lib/x86_64-linux-gnu/gallium-pipe
SHELL=/usr/bin/zsh
DISPLAY=:20
LANG=ja_JP.UTF-8
LC_NUMERIC=ja_JP.UTF-8
LC_TIME=ja_JP.UTF-8
TERM=xterm-256color

Active Locale:
LC_ALL=ja_JP.UTF-8
LC_COLLATE=ja_JP.UTF-8
LC_CTYPE=ja_JP.UTF-8
LC_MESSAGES=ja_JP.UTF-8
LC_MONETARY=ja_JP.UTF-8
LC_NUMERIC=ja_JP.UTF-8
LC_TIME=ja_JP.UTF-8

Signal Handlers:
   SIGSEGV: crash_handler in libjvm.so, mask=11100100010111111101111111111110, flags=SA_RESTART|SA_SIGINFO, unblocked
    SIGBUS: crash_handler in libjvm.so, mask=11100100010111111101111111111110, flags=SA_RESTART|SA_SIGINFO, unblocked
    SIGFPE: crash_handler in libjvm.so, mask=11100100010111111101111111111110, flags=SA_RESTART|SA_SIGINFO, unblocked
   SIGPIPE: javaSignalHandler in libjvm.so, mask=11100100010111111101111111111110, flags=SA_RESTART|SA_SIGINFO, blocked
   SIGXFSZ: javaSignalHandler in libjvm.so, mask=11100100010111111101111111111110, flags=SA_RESTART|SA_SIGINFO, blocked
    SIGILL: crash_handler in libjvm.so, mask=11100100010111111101111111111110, flags=SA_RESTART|SA_SIGINFO, unblocked
   SIGUSR2: SR_handler in libjvm.so, mask=00000000000000000000000000000000, flags=SA_RESTART|SA_SIGINFO, blocked
    SIGHUP: UserHandler in libjvm.so, mask=11100100010111111101111111111110, flags=SA_RESTART|SA_SIGINFO, blocked
    SIGINT: UserHandler in libjvm.so, mask=11100100010111111101111111111110, flags=SA_RESTART|SA_SIGINFO, blocked
   SIGTERM: UserHandler in libjvm.so, mask=11100100010111111101111111111110, flags=SA_RESTART|SA_SIGINFO, blocked
   SIGQUIT: UserHandler in libjvm.so, mask=11100100010111111101111111111110, flags=SA_RESTART|SA_SIGINFO, blocked
   SIGTRAP: crash_handler in libjvm.so, mask=11100100010111111101111111111110, flags=SA_RESTART|SA_SIGINFO, unblocked


Compilation memory statistics disabled.

Periodic native trim disabled

---------------  S Y S T E M  ---------------

OS:
DISTRIB_ID=Ubuntu
DISTRIB_RELEASE=25.10
DISTRIB_CODENAME=questing
DISTRIB_DESCRIPTION="Ubuntu 25.10"
uname: Linux 6.17.0-14-generic #14-Ubuntu SMP PREEMPT_DYNAMIC Fri Jan  9 17:01:16 UTC 2026 x86_64
OS uptime: 1 days 8:36 hours
libc: glibc 2.42 NPTL 2.42 
rlimit (soft/hard): STACK 8192k/infinity , CORE 0k/infinity , NPROC 15189/15189 , NOFILE 524288/524288 , AS infinity/infinity , CPU infinity/infinity , DATA infinity/infinity , FSIZE infinity/infinity , MEMLOCK 8192k/8192k
load average: 3.13 1.87 1.17

/proc/meminfo:
MemTotal:       12391356 kB
MemFree:          192240 kB
MemAvailable:    3519852 kB
Buffers:           72108 kB
Cached:          3492128 kB
SwapCached:        16112 kB
Active:          4993488 kB
Inactive:        3591964 kB
Active(anon):    3748724 kB
Inactive(anon):  1495076 kB
Active(file):    1244764 kB
Inactive(file):  2096888 kB
Unevictable:        6708 kB
Mlocked:             548 kB
SwapTotal:      31502672 kB
SwapFree:       23082340 kB
Zswap:                 0 kB
Zswapped:              0 kB
Dirty:             13336 kB
Writeback:             0 kB
AnonPages:       5026056 kB
Mapped:           980216 kB
Shmem:            222408 kB
KReclaimable:     304724 kB
Slab:             717704 kB
SReclaimable:     304724 kB
SUnreclaim:       412980 kB
KernelStack:       35104 kB
PageTables:       100708 kB
SecPageTables:         0 kB
NFS_Unstable:          0 kB
Bounce:                0 kB
WritebackTmp:          0 kB
CommitLimit:    37698348 kB
Committed_AS:   32129024 kB
VmallocTotal:   34359738367 kB
VmallocUsed:      401916 kB
VmallocChunk:          0 kB
Percpu:            22016 kB
HardwareCorrupted:     0 kB
AnonHugePages:         0 kB
ShmemHugePages:        0 kB
ShmemPmdMapped:        0 kB
FileHugePages:     30720 kB
FilePmdMapped:         0 kB
CmaTotal:              0 kB
CmaFree:               0 kB
Unaccepted:            0 kB
Balloon:               0 kB
HugePages_Total:       0
HugePages_Free:        0
HugePages_Rsvd:        0
HugePages_Surp:        0
Hugepagesize:       2048 kB
Hugetlb:               0 kB
DirectMap4k:      453840 kB
DirectMap2M:    12128256 kB
DirectMap1G:           0 kB

/sys/kernel/mm/transparent_hugepage/enabled: always [madvise] never
/sys/kernel/mm/transparent_hugepage/hpage_pmd_size: 2097152
/sys/kernel/mm/transparent_hugepage/shmem_enabled: always within_size advise [never] deny force
/sys/kernel/mm/transparent_hugepage/defrag (defrag/compaction efforts parameter): always defer defer+madvise [madvise] never

Process Memory:
Virtual Size: 6270424K (peak: 6335932K)
Resident Set Size: 258444K (peak: 258444K) (anon: 231984K, file: 25884K, shmem: 576K)
Swapped out: 0K
C-Heap outstanding allocations: 143737K, retained: 9074K
glibc malloc tunables: (default)

/proc/sys/kernel/threads-max (system-wide limit on the number of threads): 30379
/proc/sys/vm/max_map_count (maximum number of memory map areas a process may have): 1048576
/proc/sys/vm/swappiness (control to define how aggressively the kernel swaps out anonymous memory): 100
/proc/sys/kernel/pid_max (system-wide limit on number of process identifiers): 4194304

container information not found.
Hyper-V virtualization detected
Steal ticks since vm start: 0
Steal ticks percentage since vm start:  0.000

CPU: total 15 (initial active 15) (8 cores per cpu, 2 threads per core) family 6 model 151 stepping 2 microcode 0xffffffff, cx8, cmov, fxsr, ht, mmx, 3dnowpref, sse, sse2, sse3, ssse3, sse4.1, sse4.2, popcnt, lzcnt, tsc, tscinvbit, avx, avx2, aes, erms, clmul, bmi1, bmi2, adx, sha, fma, vzeroupper, clflush, clflushopt, clwb, hv, serialize, rdtscp, rdpid, fsrm, gfni, f16c, cet_ibt, cet_ss
CPU Model and flags from /proc/cpuinfo:
model name	: 12th Gen Intel(R) Core(TM) i7-12700
flags		: fpu vme de pse tsc msr pae mce cx8 apic sep mtrr pge mca cmov pat pse36 clflush mmx fxsr sse sse2 ss ht syscall nx pdpe1gb rdtscp lm constant_tsc rep_good nopl xtopology tsc_reliable nonstop_tsc cpuid aperfmperf tsc_known_freq pni pclmulqdq vmx ssse3 fma cx16 pcid sse4_1 sse4_2 x2apic movbe popcnt tsc_deadline_timer aes xsave avx f16c rdrand hypervisor lahf_lm abm 3dnowprefetch ssbd ibrs ibpb stibp ibrs_enhanced tpr_shadow ept vpid ept_ad fsgsbase tsc_adjust bmi1 avx2 smep bmi2 erms invpcid rdseed adx smap clflushopt clwb sha_ni xsaveopt xsavec xgetbv1 xsaves user_shstk avx_vnni vnmi umip waitpkg gfni vaes vpclmulqdq rdpid movdiri movdir64b fsrm md_clear serialize ibt flush_l1d arch_capabilities

Online cpus: 0-14
Offline cpus: 
BIOS frequency limitation: <Not Available>
Frequency switch latency (ns): <Not Available>
Available cpu frequencies: <Not Available>
Current governor: <Not Available>
Core performance/turbo boost: <Not Available>

Memory: 4k page, physical 12391356k(3519852k free), swap 31502672k(23082276k free)
Page Sizes: 4k

vm_info: OpenJDK 64-Bit Server VM (25.0.2) for linux-amd64 JRE (25.0.2), built on 2025-12-18T08:04:02Z with gcc 12.3.0

END.
