#
# A fatal error has been detected by the Java Runtime Environment:
#
#  SIGSEGV (0xb) at pc=0x000077ded3792b9d, pid=3745779, tid=3745783
#
# JRE version: OpenJDK Runtime Environment Homebrew (25.0.2) (build 25.0.2)
# Java VM: OpenJDK 64-Bit Server VM Homebrew (25.0.2, mixed mode, sharing, tiered, compressed oops, compressed class ptrs, g1 gc, linux-amd64)
# Problematic frame:
# C  [libxross_example.so+0x45b9d]  xross_example_test_test2_my_service2_new+0x2d
#
# Core dump will be written. Default location: Core dumps may be processed with "/usr/share/apport/apport -p%p -s%s -c%c -d%d -P%P -u%u -g%g -F%F -- %E" (or dumping to /home/the-infinitys/github/minecraft.infinite-client/project-xross/xross-example/app/core.3745779)
#
# If you would like to submit a bug report, please visit:
#   https://github.com/Homebrew/homebrew-core/issues
# The crash happened outside the Java Virtual Machine in native code.
# See problematic frame for where to report the bug.
#

---------------  S U M M A R Y ------------

Command Line: --add-opens=java.base/java.lang=ALL-UNNAMED -Dfile.encoding=UTF-8 -Duser.country=JP -Duser.language=ja -Duser.variant org.example.BenchmarkKt

Host: 12th Gen Intel(R) Core(TM) i7-12700, 15 cores, 11G, Ubuntu 25.10
Time: Mon Feb 16 23:21:38 2026 JST elapsed time: 3.410480 seconds (0d 0h 0m 3s)

---------------  T H R E A D  ---------------

Current thread (0x000077df0c01a340):  JavaThread "main"             [_thread_in_native, id=3745783, stack(0x000077df15900000,0x000077df15a00000) (1024K)]

Stack: [0x000077df15900000,0x000077df15a00000],  sp=0x000077df159fe2b0,  free space=1016k
Native frames: (J=compiled Java code, j=interpreted, Vv=VM code, C=native code)
C  [libxross_example.so+0x45b9d]  xross_example_test_test2_my_service2_new+0x2d
Java frames: (J=compiled Java code, j=interpreted, Vv=VM code)
v  ~RuntimeStub::nep_invoker_blob 0x000077defbc9d1e8
j  java.lang.invoke.LambdaForm$MH+0x000000001b058400.invoke(Ljava/lang/Object;JI)J+10 java.base@25.0.2
j  java.lang.invoke.LambdaForm$MH+0x000000001b063000.invokeExact_MT(Ljava/lang/Object;JILjava/lang/Object;)J+21 java.base@25.0.2
j  jdk.internal.foreign.abi.DowncallStub+0x000000001b058800.invoke(Ljava/lang/foreign/SegmentAllocator;Ljava/lang/foreign/MemorySegment;I)Ljava/lang/foreign/MemorySegment;+44 java.base@25.0.2
j  java.lang.invoke.LambdaForm$DMH+0x000000001b058c00.invokeStaticInit(Ljava/lang/Object;Ljava/lang/Object;Ljava/lang/Object;I)Ljava/lang/Object;+14 java.base@25.0.2
j  java.lang.invoke.LambdaForm$MH+0x000000001b059c00.invoke(Ljava/lang/Object;I)Ljava/lang/Object;+44 java.base@25.0.2
j  java.lang.invoke.LambdaForm$MH+0x000000001b062800.invokeExact_MT(Ljava/lang/Object;ILjava/lang/Object;)Ljava/lang/Object;+19 java.base@25.0.2
j  org.example.test.test2.MyService2$Companion.xrossNewInternal(ILjava/lang/foreign/Arena;)Lkotlin/Triple;+40
j  org.example.test.test2.MyService2$Companion.access$xrossNewInternal(Lorg/example/test/test2/MyService2$Companion;ILjava/lang/foreign/Arena;)Lkotlin/Triple;+3
j  org.example.test.test2.MyService2.<init>(ILjava/lang/foreign/Arena;)V+6
j  org.example.test.test2.MyService2.<init>(ILjava/lang/foreign/Arena;ILkotlin/jvm/internal/DefaultConstructorMarker;)V+11
j  org.example.BenchmarkKt.runLifecycleBenchmarks()Ljava/util/List;+21
j  org.example.BenchmarkKt.main()V+40
j  org.example.BenchmarkKt.main([Ljava/lang/String;)V+0
v  ~StubRoutines::call_stub 0x000077defbb37fa4

siginfo: si_signo: 11 (SIGSEGV), si_code: 1 (SEGV_MAPERR), si_addr: 0x0000000000000000

Registers:
RAX=0x000077df0c3a6810, RBX=0x0000000000000000, RCX=0x000077df0c000030, RDX=0x000077df0c000000
RSP=0x000077df159fe2b0, RBP=0x00000000d3792b70, RSI=0x0000000000000000, RDI=0x000077df0c3a6810
R8 =0x0000000000000002, R9 =0x000077df0c000090, R10=0x0000000000000020, R11=0x000077df0c000030
R12=0x0000000000000000, R13=0x000077df159fe2f0, R14=0x000077df159fe388, R15=0x000077df0c01a340
RIP=0x000077ded3792b9d, EFLAGS=0x0000000000010202, CSGSFS=0x002b000000000033, ERR=0x0000000000000006
  TRAPNO=0x000000000000000e

XMM[0]=0x0000000000000000 0x0000000000000000
XMM[1]=0x0000000000000000 0x000077df0c01a340
XMM[2]=0x0000000000000000 0x0000000000000000
XMM[3]=0x0000000000000000 0x000000001a1f1da0
XMM[4]=0x0000000000000000 0x000077df0c01a340
XMM[5]=0x0000000000000000 0x0000000000000000
XMM[6]=0x000077df0c35de00 0x000077df0c35de00
XMM[7]=0x0000000000000000 0x0000000000000000
XMM[8]=0x0007000600080002 0x0000000900080018
XMM[9]=0x0000000000000000 0xf8e2f4cefaeb1564
XMM[10]=0x0000000000000000 0x0000000002082096
XMM[11]=0x0000000000000000 0x2079760f1b648b73
XMM[12]=0x0000000000000000 0x00000000faeb1564
XMM[13]=0x0000000000000000 0x0000000000fe00fa
XMM[14]=0x0000000000000000 0x0000000000000000
XMM[15]=0x0000000000000000 0x0000000000000000
  MXCSR=0x00001fa2


Register to memory mapping:

RAX=0x000077df0c3a6810 points into unknown readable memory: 0x000077dfd3792b70 | 70 2b 79 d3 df 77 00 00
RBX=0x0 is null
RCX=0x000077df0c000030 points into unknown readable memory: 0x0000000200000000 | 00 00 00 00 02 00 00 00
RDX=0x000077df0c000000 points into unknown readable memory: 0x000077df0c000030 | 30 00 00 0c df 77 00 00
RSP=0x000077df159fe2b0 is pointing into the stack for thread: 0x000077df0c01a340
RBP=0x00000000d3792b70 is an unknown value
RSI=0x0 is null
RDI=0x000077df0c3a6810 points into unknown readable memory: 0x000077dfd3792b70 | 70 2b 79 d3 df 77 00 00
R8 =0x0000000000000002 is an unknown value
R9 =0x000077df0c000090 points into unknown readable memory: 0x000077df0c4297f0 | f0 97 42 0c df 77 00 00
R10=0x0000000000000020 is an unknown value
R11=0x000077df0c000030 points into unknown readable memory: 0x0000000200000000 | 00 00 00 00 02 00 00 00
R12=0x0 is null
R13=0x000077df159fe2f0 is pointing into the stack for thread: 0x000077df0c01a340
R14=0x000077df159fe388 is pointing into the stack for thread: 0x000077df0c01a340
R15=0x000077df0c01a340 is a thread

Top of Stack: (sp=0x000077df159fe2b0)
0x000077df159fe2b0:   000077dec820bdd8 000077dec820bdd8   .. ..w.... ..w..
0x000077df159fe2c0:   000077df159fe2e0 000077defbc9d21e   .....w.......w..
0x000077df159fe2d0:   000077df159fe358 000077defbb50471   X....w..q....w..
0x000077df159fe2e0:   000077df159fe358 000077defbb3f52e   X....w.......w..
0x000077df159fe2f0:   000000074cb30400 0000000000000000   ...L............
0x000077df159fe300:   000077ded3792b70 0000000000000000   p+y..w..........
0x000077df159fe310:   fffffffffffffff7 000077dec8515a52   ........RZQ..w..
0x000077df159fe320:   0000000000000006 000077dec8515bf8   .........[Q..w..
0x000077df159fe330:   0000000000000000 000000074cb37f40   ........@..L....
0x000077df159fe340:   000077dec8515a60 fffffffffffffff3   `ZQ..w..........
0x000077df159fe350:   000077df159fe370 000077df159fe3d8   p....w.......w..
0x000077df159fe360:   000077defbb3f52e 000000074cb30400   .....w.....L....
0x000077df159fe370:   0000000000000000 000077ded3792b70   ........p+y..w..
0x000077df159fe380:   0000000000000000 000000074cb38070   ........p..L....
0x000077df159fe390:   fffffffffffffff7 000077dec856629d   .........bV..w..
0x000077df159fe3a0:   0000000000000006 000077dec8566460   ........`dV..w..
0x000077df159fe3b0:   0000000000000000 000000074c980f40   ........@..L....
0x000077df159fe3c0:   000077dec85662b0 fffffffffffffff3   .bV..w..........
0x000077df159fe3d0:   000077df159fe3e8 000077df159fe458   .....w..X....w..
0x000077df159fe3e0:   000077defbb3f52e 000000074cb2faf0   .....w.....L....
0x000077df159fe3f0:   0000000000000000 000077ded3792b70   ........p+y..w..
0x000077df159fe400:   0000000000000000 000000074cb38070   ........p..L....
0x000077df159fe410:   fffffffffffffff7 000077dec85163dc   .........cQ..w..
0x000077df159fe420:   000000000000000b 000077dec8516600   .........fQ..w..
0x000077df159fe430:   0000000000000000 000000074cb41f60   ........`..L....
0x000077df159fe440:   000077dec8516428 fffffffffffffff2   (dQ..w..........
0x000077df159fe450:   000077df159fe498 000077df159fe500   .....w.......w..
0x000077df159fe460:   000077defbb3f5d2 0000000000000000   .....w..........
0x000077df159fe470:   0000000000000000 000000074e901ec0   ...........N....
0x000077df159fe480:   000000074e8b74e0 0000000000000000   .t.N............
0x000077df159fe490:   000077ded3792b70 0000000000000000   p+y..w..........
0x000077df159fe4a0:   0000000000000000 000000074cde7f38   ........8..L....

Instructions: (pc=0x000077ded3792b9d)
  0x000077ded3792a9d:   00 00 00 48 83 c5 18 49 ff cd 74 16 48 8b 75 f8
  0x000077ded3792aad:   48 85 f6 74 ee 48 8b 7d 00 ba 01 00 00 00 ff d3
  0x000077ded3792abd:   eb e1 48 8b 44 24 08 48 85 c0 74 18 48 8b 7c 24
  0x000077ded3792acd:   10 48 c1 e0 03 48 8d 34 40 ba 08 00 00 00 ff 15
  0x000077ded3792add:   bf a6 06 00 4d 89 3e 4d 89 66 08 48 8b 44 24 40
  0x000077ded3792aed:   49 89 46 10 48 81 c4 88 00 00 00 5b 41 5c 41 5d
  0x000077ded3792afd:   41 5e 41 5f 5d c3 bf 08 00 00 00 be 18 00 00 00
  0x000077ded3792b0d:   ff 15 75 a7 06 00 0f 0b 48 8b 74 24 58 48 85 f6
  0x000077ded3792b1d:   74 39 48 8b 7c 24 60 ba 01 00 00 00 ff 15 71 a6
  0x000077ded3792b2d:   06 00 48 8d 7c 24 08 e8 f7 e9 ff ff ff 15 d1 a6
  0x000077ded3792b3d:   06 00 be 18 00 00 00 ba 08 00 00 00 4c 89 f7 ff
  0x000077ded3792b4d:   15 4e a6 06 00 ff 15 b8 a6 06 00 48 8d 7c 24 08
  0x000077ded3792b5d:   e8 ce e9 ff ff ff 15 a8 a6 06 00 ff 15 a2 a6 06
  0x000077ded3792b6d:   00 cc cc 55 53 50 89 f5 48 89 fb f0 48 ff 05 00
  0x000077ded3792b7d:   d1 06 00 ff 15 f2 a6 06 00 bf 04 00 00 00 be 04
  0x000077ded3792b8d:   00 00 00 ff 15 ea a6 06 00 48 85 c0 74 0c 89 28
=>0x000077ded3792b9d:   48 89 03 48 83 c4 08 5b 5d c3 bf 04 00 00 00 be
  0x000077ded3792bad:   04 00 00 00 ff 15 d1 a6 06 00 0f 0b f0 48 ff 0d
  0x000077ded3792bbd:   bf d0 06 00 ff 15 49 a6 06 00 cc cc cc cc cc cc
  0x000077ded3792bcd:   cc cc cc 8b 07 c3 cc cc cc cc cc cc cc cc cc cc
  0x000077ded3792bdd:   cc cc cc 89 37 c3 cc cc cc cc cc cc cc cc cc cc
  0x000077ded3792bed:   cc cc cc c4 e2 7d 5a 47 30 c5 fd d4 1d 82 63 fd
  0x000077ded3792bfd:   ff c5 7d d4 1d 3a 63 fd ff c4 e2 7d 5a 57 20 c4
  0x000077ded3792c0d:   e2 7d 5a 67 10 c4 e2 7d 5a 2f b8 06 00 00 00 c5
  0x000077ded3792c1d:   fd 6f 35 9c 63 fd ff c5 fd 6f 3d 34 63 fd ff c5
  0x000077ded3792c2d:   7e 7f 5c 24 d8 c5 7d 6f eb c5 7d 6f fd c5 7d 6f
  0x000077ded3792c3d:   cc c5 7d 6f f5 c5 7d 6f c4 c5 7d 6f e2 c5 7d 6f
  0x000077ded3792c4d:   d2 66 90 c4 41 35 fe ff c4 41 15 ef ef c4 41 7f
  0x000077ded3792c5d:   70 ed b1 c4 41 7e 70 ed b1 c4 41 3d fe f6 c4 41
  0x000077ded3792c6d:   25 ef de c4 41 7f 70 db b1 c4 41 7e 70 db b1 c4
  0x000077ded3792c7d:   41 1d fe e5 c4 41 1d ef c9 c4 c1 75 72 d1 14 c4
  0x000077ded3792c8d:   c1 35 72 f1 0c c5 b5 eb c9 c4 41 2d fe cb c4 41


Stack slot to memory mapping:

stack at sp + 0 slots: {method} {0x000077dec820bdd8} 'linkToNative' '(JILjava/lang/Object;)J' in 'java/lang/invoke/MethodHandle'
stack at sp + 1 slots: {method} {0x000077dec820bdd8} 'linkToNative' '(JILjava/lang/Object;)J' in 'java/lang/invoke/MethodHandle'
stack at sp + 2 slots: 0x000077df159fe2e0 is pointing into the stack for thread: 0x000077df0c01a340
stack at sp + 3 slots: 0x000077defbc9d21e is at code_begin+62 in 
[CodeBlob kind:6 (0x000077defbc9d188)]
Framesize: 4
Runtime Stub (0x000077defbc9d188): nep_invoker_blob
--------------------------------------------------------------------------------
Decoding CodeBlob, name: nep_invoker_blob, at  [0x000077defbc9d1e0, 0x000077defbc9d2d8]  248 bytes
[MachCode]
  0x000077defbc9d1e0: 5548 8bec | 4883 ec10 | c5f8 7749 | 89af 9004 | 0000 49ba | e8d1 c9fb | de77 0000 | 4d89 9788 
  0x000077defbc9d200: 0400 0049 | 89a7 8004 | 0000 41c7 | 872c 0500 | 0004 0000 | 004c 8bd6 | 488b fa41 | ffd2 c5f8 
  0x000077defbc9d220: 7741 c787 | 2c05 0000 | 0500 0000 | f083 4424 | c000 493b | 6f28 0f87 | 4d00 0000 | 4183 bf28 
  0x000077defbc9d240: 0500 0000 | 0f85 3f00 | 0000 41c7 | 872c 0500 | 0008 0000 | 0041 83bf | a805 0000 | 020f 844c 
  0x000077defbc9d260: 0000 0049 | c787 8004 | 0000 0000 | 0000 49c7 | 8790 0400 | 0000 0000 | 0049 c787 | 8804 0000 
  0x000077defbc9d280: 0000 0000 | c5f8 77c9 | c348 8904 | 2449 8bff | c5f8 774c | 8be4 4883 | ec00 4883 | e4f0 e84d 
  0x000077defbc9d2a0: 1609 1949 | 8be4 4d33 | e448 8b04 | 24eb 9b48 | 8904 24c5 | f877 4c8b | e448 83ec | 0048 83e4 
  0x000077defbc9d2c0: f0e8 4ac2 | 4d19 498b | e44d 33e4 | 488b 0424 | eb91 f4f4 | f4f4 f4f4 
[/MachCode]
--------------------------------------------------------------------------------
stack at sp + 4 slots: 0x000077df159fe358 is pointing into the stack for thread: 0x000077df0c01a340
stack at sp + 5 slots: 0x000077defbb50471 is at code_begin+145 in an Interpreter codelet
invokestatic  184 invokestatic  [0x000077defbb503e0, 0x000077defbb506a0]  704 bytes
stack at sp + 6 slots: 0x000077df159fe358 is pointing into the stack for thread: 0x000077df0c01a340
stack at sp + 7 slots: 0x000077defbb3f52e is at code_begin+1518 in an Interpreter codelet
return entry points  [0x000077defbb3ef40, 0x000077defbb3fbb8]  3192 bytes

Lock stack of current Java thread (top to bottom):

--------------------------------------------------------------------------------
Decoding CodeBlob, name: nep_invoker_blob, at  [0x000077defbc9d1e0, 0x000077defbc9d2d8]  248 bytes
[MachCode]
  0x000077defbc9d1e0: 5548 8bec | 4883 ec10 | c5f8 7749 | 89af 9004 | 0000 49ba | e8d1 c9fb | de77 0000 | 4d89 9788 
  0x000077defbc9d200: 0400 0049 | 89a7 8004 | 0000 41c7 | 872c 0500 | 0004 0000 | 004c 8bd6 | 488b fa41 | ffd2 c5f8 
  0x000077defbc9d220: 7741 c787 | 2c05 0000 | 0500 0000 | f083 4424 | c000 493b | 6f28 0f87 | 4d00 0000 | 4183 bf28 
  0x000077defbc9d240: 0500 0000 | 0f85 3f00 | 0000 41c7 | 872c 0500 | 0008 0000 | 0041 83bf | a805 0000 | 020f 844c 
  0x000077defbc9d260: 0000 0049 | c787 8004 | 0000 0000 | 0000 49c7 | 8790 0400 | 0000 0000 | 0049 c787 | 8804 0000 
  0x000077defbc9d280: 0000 0000 | c5f8 77c9 | c348 8904 | 2449 8bff | c5f8 774c | 8be4 4883 | ec00 4883 | e4f0 e84d 
  0x000077defbc9d2a0: 1609 1949 | 8be4 4d33 | e448 8b04 | 24eb 9b48 | 8904 24c5 | f877 4c8b | e448 83ec | 0048 83e4 
  0x000077defbc9d2c0: f0e8 4ac2 | 4d19 498b | e44d 33e4 | 488b 0424 | eb91 f4f4 | f4f4 f4f4 
[/MachCode]
--------------------------------------------------------------------------------


---------------  P R O C E S S  ---------------

Threads class SMR info:
_java_thread_list=0x000077df0c1b8c00, length=11, elements={
0x000077df0c01a340, 0x000077df0c10c110, 0x000077df0c10d300, 0x000077df0c10ed30,
0x000077df0c110660, 0x000077df0c111ef0, 0x000077df0c113d00, 0x000077df0c1156b0,
0x000077df0c153e70, 0x000077df0c1562c0, 0x000077df0c1b78c0
}

Java Threads: ( => current thread )
=>0x000077df0c01a340 JavaThread "main"                              [_thread_in_native, id=3745783, stack(0x000077df15900000,0x000077df15a00000) (1024K)]
  0x000077df0c10c110 JavaThread "Reference Handler"          daemon [_thread_blocked, id=3745794, stack(0x000077def09ab000,0x000077def0aac000) (1028K)]
  0x000077df0c10d300 JavaThread "Finalizer"                  daemon [_thread_blocked, id=3745795, stack(0x000077def06a9000,0x000077def07a9000) (1024K)]
  0x000077df0c10ed30 JavaThread "Signal Dispatcher"          daemon [_thread_blocked, id=3745796, stack(0x000077def05a9000,0x000077def06a9000) (1024K)]
  0x000077df0c110660 JavaThread "Service Thread"             daemon [_thread_blocked, id=3745797, stack(0x000077def04a9000,0x000077def05a9000) (1024K)]
  0x000077df0c111ef0 JavaThread "Monitor Deflation Thread"   daemon [_thread_blocked, id=3745798, stack(0x000077def03a9000,0x000077def04a9000) (1024K)]
  0x000077df0c113d00 JavaThread "C2 CompilerThread0"         daemon [_thread_in_native, id=3745799, stack(0x000077def02a9000,0x000077def03a9000) (1024K)]
  0x000077df0c1156b0 JavaThread "C1 CompilerThread0"         daemon [_thread_blocked, id=3745800, stack(0x000077def01a9000,0x000077def02a9000) (1024K)]
  0x000077df0c153e70 JavaThread "Notification Thread"        daemon [_thread_blocked, id=3745801, stack(0x000077def00a9000,0x000077def01a9000) (1024K)]
  0x000077df0c1562c0 JavaThread "Common-Cleaner"             daemon [_thread_blocked, id=3745802, stack(0x000077ded3f00000,0x000077ded4000000) (1024K)]
  0x000077df0c1b78c0 JavaThread "Cleaner-0"                  daemon [_thread_blocked, id=3745803, stack(0x000077ded364d000,0x000077ded374d000) (1024K)]
Total: 11

Other Threads:
  0x000077df0c102300 VMThread "VM Thread"                           [id=3745793, stack(0x000077def08ab000,0x000077def09ab000) (1024K)]
  0x000077df0c0f1a90 WatcherThread "VM Periodic Task Thread"        [id=3745792, stack(0x000077def07aa000,0x000077def08aa000) (1024K)]
  0x000077df0c072b20 WorkerThread "GC Thread#0"                     [id=3745784, stack(0x000077df1254c000,0x000077df1264c000) (1024K)]
  0x000077df0c085d90 ConcurrentGCThread "G1 Main Marker"            [id=3745785, stack(0x000077df1244b000,0x000077df1254b000) (1024K)]
  0x000077df0c086f70 WorkerThread "G1 Conc#0"                       [id=3745786, stack(0x000077df1234a000,0x000077df1244a000) (1024K)]
  0x000077df0c0e2670 ConcurrentGCThread "G1 Refine#0"               [id=3745787, stack(0x000077def0bae000,0x000077def0cae000) (1024K)]
  0x000077df0c0e3870 ConcurrentGCThread "G1 Service"                [id=3745788, stack(0x000077def0aad000,0x000077def0bad000) (1024K)]
Total: 7

Threads with active compile tasks:
C2 CompilerThread0  3414  762       4       jdk.internal.classfile.impl.SplitConstantPool::internalAdd (78 bytes)
Total: 1

VM state: not at safepoint (normal execution)

VM Mutex/Monitor currently owned by a thread: None

Heap address: 0x0000000742e00000, size: 3026 MB, Compressed Oops mode: Zero based, Oop shift amount: 3

CDS archive(s) mapped at: [0x000000001a000000-0x000000001ad8d000-0x000000001ad8d000), size 14209024, SharedBaseAddress: 0x000000001a000000, ArchiveRelocationMode: 1.
Compressed class space mapped at: 0x000000001b000000-0x000000005b000000, reserved size: 1073741824
UseCompressedClassPointers 1, UseCompactObjectHeaders 0
Narrow klass pointer bits 32, Max shift 3
Narrow klass base: 0x000000001a000000, Narrow klass shift: 0
Encoding Range: [0x000000001a000000 - 0x000000011a000000), (4294967296 bytes)
Klass Range:    [0x000000001a001000 - 0x000000005b000000), (1090514944 bytes)
Klass ID Range:  [4096 - 1090519033) (1090514937)
Protection zone: [0x000000001a000000 - 0x000000001a001000), (4096 bytes)

GC Precious Log:
 CardTable entry size: 512
 Card Set container configuration: InlinePtr #cards 4 size 8 Array Of Cards #cards 16 size 48 Howl #buckets 8 coarsen threshold 3686 Howl Bitmap #cards 512 size 80 coarsen threshold 460 Card regions per heap region 1 cards per card region 4096
 CPUs: 15 total, 15 available
 Memory: 12100M
 Large Page Support: Disabled
 NUMA Support: Disabled
 Compressed Oops: Enabled (Zero based)
 Heap Region Size: 2M
 Heap Min Capacity: 8M
 Heap Initial Capacity: 190M
 Heap Max Capacity: 3026M
 Pre-touch: Disabled
 Parallel Workers: 12
 Concurrent Workers: 3
 Concurrent Refinement Workers: 12
 Periodic GC: Disabled

Heap:
 garbage-first heap   total reserved 3098624K, committed 196608K, used 33923K [0x0000000742e00000, 0x0000000800000000)
  region size 2048K, 18 young (36864K), 0 survivors (0K)

Heap Regions: E=young(eden), S=young(survivor), O=old, HS=humongous(starts), HC=humongous(continues), CS=collection set, F=free, TAMS=top-at-mark-start, PB=parsable bottom
|   0|0x0000000742e00000, 0x0000000742e00000, 0x0000000743000000|  0%| F|  |TAMS 0x0000000742e00000| PB 0x0000000742e00000| Untracked |  0
|   1|0x0000000743000000, 0x0000000743000000, 0x0000000743200000|  0%| F|  |TAMS 0x0000000743000000| PB 0x0000000743000000| Untracked |  0
|   2|0x0000000743200000, 0x0000000743200000, 0x0000000743400000|  0%| F|  |TAMS 0x0000000743200000| PB 0x0000000743200000| Untracked |  0
|   3|0x0000000743400000, 0x0000000743400000, 0x0000000743600000|  0%| F|  |TAMS 0x0000000743400000| PB 0x0000000743400000| Untracked |  0
|   4|0x0000000743600000, 0x0000000743600000, 0x0000000743800000|  0%| F|  |TAMS 0x0000000743600000| PB 0x0000000743600000| Untracked |  0
|   5|0x0000000743800000, 0x0000000743800000, 0x0000000743a00000|  0%| F|  |TAMS 0x0000000743800000| PB 0x0000000743800000| Untracked |  0
|   6|0x0000000743a00000, 0x0000000743a00000, 0x0000000743c00000|  0%| F|  |TAMS 0x0000000743a00000| PB 0x0000000743a00000| Untracked |  0
|   7|0x0000000743c00000, 0x0000000743c00000, 0x0000000743e00000|  0%| F|  |TAMS 0x0000000743c00000| PB 0x0000000743c00000| Untracked |  0
|   8|0x0000000743e00000, 0x0000000743e00000, 0x0000000744000000|  0%| F|  |TAMS 0x0000000743e00000| PB 0x0000000743e00000| Untracked |  0
|   9|0x0000000744000000, 0x0000000744000000, 0x0000000744200000|  0%| F|  |TAMS 0x0000000744000000| PB 0x0000000744000000| Untracked |  0
|  10|0x0000000744200000, 0x0000000744200000, 0x0000000744400000|  0%| F|  |TAMS 0x0000000744200000| PB 0x0000000744200000| Untracked |  0
|  11|0x0000000744400000, 0x0000000744400000, 0x0000000744600000|  0%| F|  |TAMS 0x0000000744400000| PB 0x0000000744400000| Untracked |  0
|  12|0x0000000744600000, 0x0000000744600000, 0x0000000744800000|  0%| F|  |TAMS 0x0000000744600000| PB 0x0000000744600000| Untracked |  0
|  13|0x0000000744800000, 0x0000000744800000, 0x0000000744a00000|  0%| F|  |TAMS 0x0000000744800000| PB 0x0000000744800000| Untracked |  0
|  14|0x0000000744a00000, 0x0000000744a00000, 0x0000000744c00000|  0%| F|  |TAMS 0x0000000744a00000| PB 0x0000000744a00000| Untracked |  0
|  15|0x0000000744c00000, 0x0000000744c00000, 0x0000000744e00000|  0%| F|  |TAMS 0x0000000744c00000| PB 0x0000000744c00000| Untracked |  0
|  16|0x0000000744e00000, 0x0000000744e00000, 0x0000000745000000|  0%| F|  |TAMS 0x0000000744e00000| PB 0x0000000744e00000| Untracked |  0
|  17|0x0000000745000000, 0x0000000745000000, 0x0000000745200000|  0%| F|  |TAMS 0x0000000745000000| PB 0x0000000745000000| Untracked |  0
|  18|0x0000000745200000, 0x0000000745200000, 0x0000000745400000|  0%| F|  |TAMS 0x0000000745200000| PB 0x0000000745200000| Untracked |  0
|  19|0x0000000745400000, 0x0000000745400000, 0x0000000745600000|  0%| F|  |TAMS 0x0000000745400000| PB 0x0000000745400000| Untracked |  0
|  20|0x0000000745600000, 0x0000000745600000, 0x0000000745800000|  0%| F|  |TAMS 0x0000000745600000| PB 0x0000000745600000| Untracked |  0
|  21|0x0000000745800000, 0x0000000745800000, 0x0000000745a00000|  0%| F|  |TAMS 0x0000000745800000| PB 0x0000000745800000| Untracked |  0
|  22|0x0000000745a00000, 0x0000000745a00000, 0x0000000745c00000|  0%| F|  |TAMS 0x0000000745a00000| PB 0x0000000745a00000| Untracked |  0
|  23|0x0000000745c00000, 0x0000000745c00000, 0x0000000745e00000|  0%| F|  |TAMS 0x0000000745c00000| PB 0x0000000745c00000| Untracked |  0
|  24|0x0000000745e00000, 0x0000000745e00000, 0x0000000746000000|  0%| F|  |TAMS 0x0000000745e00000| PB 0x0000000745e00000| Untracked |  0
|  25|0x0000000746000000, 0x0000000746000000, 0x0000000746200000|  0%| F|  |TAMS 0x0000000746000000| PB 0x0000000746000000| Untracked |  0
|  26|0x0000000746200000, 0x0000000746200000, 0x0000000746400000|  0%| F|  |TAMS 0x0000000746200000| PB 0x0000000746200000| Untracked |  0
|  27|0x0000000746400000, 0x0000000746400000, 0x0000000746600000|  0%| F|  |TAMS 0x0000000746400000| PB 0x0000000746400000| Untracked |  0
|  28|0x0000000746600000, 0x0000000746600000, 0x0000000746800000|  0%| F|  |TAMS 0x0000000746600000| PB 0x0000000746600000| Untracked |  0
|  29|0x0000000746800000, 0x0000000746800000, 0x0000000746a00000|  0%| F|  |TAMS 0x0000000746800000| PB 0x0000000746800000| Untracked |  0
|  30|0x0000000746a00000, 0x0000000746a00000, 0x0000000746c00000|  0%| F|  |TAMS 0x0000000746a00000| PB 0x0000000746a00000| Untracked |  0
|  31|0x0000000746c00000, 0x0000000746c00000, 0x0000000746e00000|  0%| F|  |TAMS 0x0000000746c00000| PB 0x0000000746c00000| Untracked |  0
|  32|0x0000000746e00000, 0x0000000746e00000, 0x0000000747000000|  0%| F|  |TAMS 0x0000000746e00000| PB 0x0000000746e00000| Untracked |  0
|  33|0x0000000747000000, 0x0000000747000000, 0x0000000747200000|  0%| F|  |TAMS 0x0000000747000000| PB 0x0000000747000000| Untracked |  0
|  34|0x0000000747200000, 0x0000000747200000, 0x0000000747400000|  0%| F|  |TAMS 0x0000000747200000| PB 0x0000000747200000| Untracked |  0
|  35|0x0000000747400000, 0x0000000747400000, 0x0000000747600000|  0%| F|  |TAMS 0x0000000747400000| PB 0x0000000747400000| Untracked |  0
|  36|0x0000000747600000, 0x0000000747600000, 0x0000000747800000|  0%| F|  |TAMS 0x0000000747600000| PB 0x0000000747600000| Untracked |  0
|  37|0x0000000747800000, 0x0000000747800000, 0x0000000747a00000|  0%| F|  |TAMS 0x0000000747800000| PB 0x0000000747800000| Untracked |  0
|  38|0x0000000747a00000, 0x0000000747a00000, 0x0000000747c00000|  0%| F|  |TAMS 0x0000000747a00000| PB 0x0000000747a00000| Untracked |  0
|  39|0x0000000747c00000, 0x0000000747c00000, 0x0000000747e00000|  0%| F|  |TAMS 0x0000000747c00000| PB 0x0000000747c00000| Untracked |  0
|  40|0x0000000747e00000, 0x0000000747e00000, 0x0000000748000000|  0%| F|  |TAMS 0x0000000747e00000| PB 0x0000000747e00000| Untracked |  0
|  41|0x0000000748000000, 0x0000000748000000, 0x0000000748200000|  0%| F|  |TAMS 0x0000000748000000| PB 0x0000000748000000| Untracked |  0
|  42|0x0000000748200000, 0x0000000748200000, 0x0000000748400000|  0%| F|  |TAMS 0x0000000748200000| PB 0x0000000748200000| Untracked |  0
|  43|0x0000000748400000, 0x0000000748400000, 0x0000000748600000|  0%| F|  |TAMS 0x0000000748400000| PB 0x0000000748400000| Untracked |  0
|  44|0x0000000748600000, 0x0000000748600000, 0x0000000748800000|  0%| F|  |TAMS 0x0000000748600000| PB 0x0000000748600000| Untracked |  0
|  45|0x0000000748800000, 0x0000000748800000, 0x0000000748a00000|  0%| F|  |TAMS 0x0000000748800000| PB 0x0000000748800000| Untracked |  0
|  46|0x0000000748a00000, 0x0000000748a00000, 0x0000000748c00000|  0%| F|  |TAMS 0x0000000748a00000| PB 0x0000000748a00000| Untracked |  0
|  47|0x0000000748c00000, 0x0000000748c00000, 0x0000000748e00000|  0%| F|  |TAMS 0x0000000748c00000| PB 0x0000000748c00000| Untracked |  0
|  48|0x0000000748e00000, 0x0000000748e00000, 0x0000000749000000|  0%| F|  |TAMS 0x0000000748e00000| PB 0x0000000748e00000| Untracked |  0
|  49|0x0000000749000000, 0x0000000749000000, 0x0000000749200000|  0%| F|  |TAMS 0x0000000749000000| PB 0x0000000749000000| Untracked |  0
|  50|0x0000000749200000, 0x0000000749200000, 0x0000000749400000|  0%| F|  |TAMS 0x0000000749200000| PB 0x0000000749200000| Untracked |  0
|  51|0x0000000749400000, 0x0000000749400000, 0x0000000749600000|  0%| F|  |TAMS 0x0000000749400000| PB 0x0000000749400000| Untracked |  0
|  52|0x0000000749600000, 0x0000000749600000, 0x0000000749800000|  0%| F|  |TAMS 0x0000000749600000| PB 0x0000000749600000| Untracked |  0
|  53|0x0000000749800000, 0x0000000749800000, 0x0000000749a00000|  0%| F|  |TAMS 0x0000000749800000| PB 0x0000000749800000| Untracked |  0
|  54|0x0000000749a00000, 0x0000000749a00000, 0x0000000749c00000|  0%| F|  |TAMS 0x0000000749a00000| PB 0x0000000749a00000| Untracked |  0
|  55|0x0000000749c00000, 0x0000000749c00000, 0x0000000749e00000|  0%| F|  |TAMS 0x0000000749c00000| PB 0x0000000749c00000| Untracked |  0
|  56|0x0000000749e00000, 0x0000000749e00000, 0x000000074a000000|  0%| F|  |TAMS 0x0000000749e00000| PB 0x0000000749e00000| Untracked |  0
|  57|0x000000074a000000, 0x000000074a000000, 0x000000074a200000|  0%| F|  |TAMS 0x000000074a000000| PB 0x000000074a000000| Untracked |  0
|  58|0x000000074a200000, 0x000000074a200000, 0x000000074a400000|  0%| F|  |TAMS 0x000000074a200000| PB 0x000000074a200000| Untracked |  0
|  59|0x000000074a400000, 0x000000074a400000, 0x000000074a600000|  0%| F|  |TAMS 0x000000074a400000| PB 0x000000074a400000| Untracked |  0
|  60|0x000000074a600000, 0x000000074a600000, 0x000000074a800000|  0%| F|  |TAMS 0x000000074a600000| PB 0x000000074a600000| Untracked |  0
|  61|0x000000074a800000, 0x000000074a800000, 0x000000074aa00000|  0%| F|  |TAMS 0x000000074a800000| PB 0x000000074a800000| Untracked |  0
|  62|0x000000074aa00000, 0x000000074aa00000, 0x000000074ac00000|  0%| F|  |TAMS 0x000000074aa00000| PB 0x000000074aa00000| Untracked |  0
|  63|0x000000074ac00000, 0x000000074ac00000, 0x000000074ae00000|  0%| F|  |TAMS 0x000000074ac00000| PB 0x000000074ac00000| Untracked |  0
|  64|0x000000074ae00000, 0x000000074ae00000, 0x000000074b000000|  0%| F|  |TAMS 0x000000074ae00000| PB 0x000000074ae00000| Untracked |  0
|  65|0x000000074b000000, 0x000000074b000000, 0x000000074b200000|  0%| F|  |TAMS 0x000000074b000000| PB 0x000000074b000000| Untracked |  0
|  66|0x000000074b200000, 0x000000074b200000, 0x000000074b400000|  0%| F|  |TAMS 0x000000074b200000| PB 0x000000074b200000| Untracked |  0
|  67|0x000000074b400000, 0x000000074b400000, 0x000000074b600000|  0%| F|  |TAMS 0x000000074b400000| PB 0x000000074b400000| Untracked |  0
|  68|0x000000074b600000, 0x000000074b600000, 0x000000074b800000|  0%| F|  |TAMS 0x000000074b600000| PB 0x000000074b600000| Untracked |  0
|  69|0x000000074b800000, 0x000000074b800000, 0x000000074ba00000|  0%| F|  |TAMS 0x000000074b800000| PB 0x000000074b800000| Untracked |  0
|  70|0x000000074ba00000, 0x000000074ba00000, 0x000000074bc00000|  0%| F|  |TAMS 0x000000074ba00000| PB 0x000000074ba00000| Untracked |  0
|  71|0x000000074bc00000, 0x000000074bc00000, 0x000000074be00000|  0%| F|  |TAMS 0x000000074bc00000| PB 0x000000074bc00000| Untracked |  0
|  72|0x000000074be00000, 0x000000074be00000, 0x000000074c000000|  0%| F|  |TAMS 0x000000074be00000| PB 0x000000074be00000| Untracked |  0
|  73|0x000000074c000000, 0x000000074c000000, 0x000000074c200000|  0%| F|  |TAMS 0x000000074c000000| PB 0x000000074c000000| Untracked |  0
|  74|0x000000074c200000, 0x000000074c200000, 0x000000074c400000|  0%| F|  |TAMS 0x000000074c200000| PB 0x000000074c200000| Untracked |  0
|  75|0x000000074c400000, 0x000000074c400000, 0x000000074c600000|  0%| F|  |TAMS 0x000000074c400000| PB 0x000000074c400000| Untracked |  0
|  76|0x000000074c600000, 0x000000074c600000, 0x000000074c800000|  0%| F|  |TAMS 0x000000074c600000| PB 0x000000074c600000| Untracked |  0
|  77|0x000000074c800000, 0x000000074c9ebc80, 0x000000074ca00000| 96%| E|  |TAMS 0x000000074c800000| PB 0x000000074c800000| Complete |  0
|  78|0x000000074ca00000, 0x000000074cc00000, 0x000000074cc00000|100%| E|CS|TAMS 0x000000074ca00000| PB 0x000000074ca00000| Complete |  0
|  79|0x000000074cc00000, 0x000000074ce00000, 0x000000074ce00000|100%| E|  |TAMS 0x000000074cc00000| PB 0x000000074cc00000| Complete |  0
|  80|0x000000074ce00000, 0x000000074d000000, 0x000000074d000000|100%| E|CS|TAMS 0x000000074ce00000| PB 0x000000074ce00000| Complete |  0
|  81|0x000000074d000000, 0x000000074d200000, 0x000000074d200000|100%| E|CS|TAMS 0x000000074d000000| PB 0x000000074d000000| Complete |  0
|  82|0x000000074d200000, 0x000000074d400000, 0x000000074d400000|100%| E|CS|TAMS 0x000000074d200000| PB 0x000000074d200000| Complete |  0
|  83|0x000000074d400000, 0x000000074d600000, 0x000000074d600000|100%| E|CS|TAMS 0x000000074d400000| PB 0x000000074d400000| Complete |  0
|  84|0x000000074d600000, 0x000000074d800000, 0x000000074d800000|100%| E|CS|TAMS 0x000000074d600000| PB 0x000000074d600000| Complete |  0
|  85|0x000000074d800000, 0x000000074da00000, 0x000000074da00000|100%| E|CS|TAMS 0x000000074d800000| PB 0x000000074d800000| Complete |  0
|  86|0x000000074da00000, 0x000000074dc00000, 0x000000074dc00000|100%| E|CS|TAMS 0x000000074da00000| PB 0x000000074da00000| Complete |  0
|  87|0x000000074dc00000, 0x000000074de00000, 0x000000074de00000|100%| E|CS|TAMS 0x000000074dc00000| PB 0x000000074dc00000| Complete |  0
|  88|0x000000074de00000, 0x000000074e000000, 0x000000074e000000|100%| E|CS|TAMS 0x000000074de00000| PB 0x000000074de00000| Complete |  0
|  89|0x000000074e000000, 0x000000074e200000, 0x000000074e200000|100%| E|CS|TAMS 0x000000074e000000| PB 0x000000074e000000| Complete |  0
|  90|0x000000074e200000, 0x000000074e400000, 0x000000074e400000|100%| E|CS|TAMS 0x000000074e200000| PB 0x000000074e200000| Complete |  0
|  91|0x000000074e400000, 0x000000074e600000, 0x000000074e600000|100%| E|CS|TAMS 0x000000074e400000| PB 0x000000074e400000| Complete |  0
|  92|0x000000074e600000, 0x000000074e800000, 0x000000074e800000|100%| E|CS|TAMS 0x000000074e600000| PB 0x000000074e600000| Complete |  0
|  93|0x000000074e800000, 0x000000074ea00000, 0x000000074ea00000|100%| E|CS|TAMS 0x000000074e800000| PB 0x000000074e800000| Complete |  0
|  94|0x000000074ea00000, 0x000000074ec00000, 0x000000074ec00000|100%| E|CS|TAMS 0x000000074ea00000| PB 0x000000074ea00000| Complete |  0
|1512|0x00000007ffe00000, 0x00000007fff20f10, 0x0000000800000000| 56%| O|  |TAMS 0x00000007ffe00000| PB 0x00000007ffe00000| Untracked |  0

Card table byte_map: [0x000077df1264c000,0x000077df12c35000] _byte_map_base: 0x000077df0ec35000

Marking Bits: (CMBitMap*) 0x000077df0c073680
 Bits: [0x000077def16b8000, 0x000077def4600000)

Polling page: 0x000077df15d75000

Metaspace:
Metaspace        used 3970K, committed 4288K, reserved 1114112K
 class space     used 350K, committed 512K, reserved 1048576K

Usage:
  Non-class:      3.54 MB used.
      Class:    350.53 KB used.
       Both:      3.88 MB used.

Virtual space:
  Non-class space:       64.00 MB reserved,       3.69 MB (  6%) committed,  1 nodes.
      Class space:        1.00 GB reserved,     512.00 KB ( <1%) committed,  1 nodes.
             Both:        1.06 GB reserved,       4.19 MB ( <1%) committed. 

Chunk freelists:
   Non-Class:  10.60 MB
       Class:  15.53 MB
        Both:  26.13 MB

MaxMetaspaceSize: unlimited
CompressedClassSpaceSize: 1.00 GB
Initial GC threshold: 21.00 MB
Current GC threshold: 21.00 MB
CDS: on
 - commit_granule_bytes: 65536.
 - commit_granule_words: 8192.
 - virtual_space_node_default_size: 8388608.
 - enlarge_chunks_in_place: 1.
UseCompressedClassPointers 1, UseCompactObjectHeaders 0
Narrow klass pointer bits 32, Max shift 3
Narrow klass base: 0x000000001a000000, Narrow klass shift: 0
Encoding Range: [0x000000001a000000 - 0x000000011a000000), (4294967296 bytes)
Klass Range:    [0x000000001a001000 - 0x000000005b000000), (1090514944 bytes)
Klass ID Range:  [4096 - 1090519033) (1090514937)
Protection zone: [0x000000001a000000 - 0x000000001a001000), (4096 bytes)


Internal statistics:

num_allocs_failed_limit: 0.
num_arena_births: 236.
num_arena_deaths: 0.
num_vsnodes_births: 2.
num_vsnodes_deaths: 0.
num_space_committed: 67.
num_space_uncommitted: 0.
num_chunks_returned_to_freelist: 0.
num_chunks_taken_from_freelist: 287.
num_chunk_merges: 0.
num_chunk_splits: 219.
num_chunks_enlarged: 153.
num_inconsistent_stats: 0.

CodeHeap 'non-profiled nmethods': size=120032Kb used=242Kb max_used=242Kb free=119790Kb
 bounds [0x000077defc0c8000, 0x000077defc338000, 0x000077df03600000]
CodeHeap 'profiled nmethods': size=120028Kb used=901Kb max_used=901Kb free=119126Kb
 bounds [0x000077def4600000, 0x000077def4870000, 0x000077defbb37000]
CodeHeap 'non-nmethods': size=5700Kb used=1431Kb max_used=1449Kb free=4268Kb
 bounds [0x000077defbb37000, 0x000077defbda7000, 0x000077defc0c8000]
CodeCache: size=245760Kb, used=2574Kb, max_used=2592Kb, free=243184Kb
 total_blobs=1268, nmethods=765, adapters=401, full_count=0
Compilation: enabled, stopped_count=0, restarted_count=0

Compilation events (20 events):
Event: 3.403 Thread 0x000077df0c1156b0 nmethod 751 0x000077def46dc188 code [0x000077def46dc280, 0x000077def46dc388]
Event: 3.404 Thread 0x000077df0c1156b0  753       1       java.security.CodeSource::getLocationNoFragString (5 bytes)
Event: 3.404 Thread 0x000077df0c1156b0 nmethod 753 0x000077defc102d08 code [0x000077defc102e00, 0x000077defc102ec0]
Event: 3.404 Thread 0x000077df0c1156b0  754       3       sun.net.www.ParseUtil::firstEncodeIndex (86 bytes)
Event: 3.404 Thread 0x000077df0c1156b0 nmethod 754 0x000077def46dc488 code [0x000077def46dc580, 0x000077def46dd090]
Event: 3.404 Thread 0x000077df0c1156b0  755       3       java.lang.Class::getName (18 bytes)
Event: 3.404 Thread 0x000077df0c1156b0 nmethod 755 0x000077def46dd108 code [0x000077def46dd200, 0x000077def46dd380]
Event: 3.404 Thread 0x000077df0c1156b0  758       3       java.util.ArrayList::get (15 bytes)
Event: 3.404 Thread 0x000077df0c113d00 nmethod 744 0x000077defc103008 code [0x000077defc103100, 0x000077defc1032b8]
Event: 3.404 Thread 0x000077df0c113d00  731       4       jdk.internal.classfile.impl.RawBytecodeHelper::next (81 bytes)
Event: 3.404 Thread 0x000077df0c1156b0 nmethod 758 0x000077def46dd408 code [0x000077def46dd500, 0x000077def46dd750]
Event: 3.404 Thread 0x000077df0c1156b0  756       3       java.util.zip.ZipCoder::hash (36 bytes)
Event: 3.405 Thread 0x000077df0c1156b0 nmethod 756 0x000077def46dd788 code [0x000077def46dd880, 0x000077def46de1d8]
Event: 3.405 Thread 0x000077df0c1156b0  757       1       jdk.internal.loader.URLClassPath$Loader::getBaseURL (5 bytes)
Event: 3.405 Thread 0x000077df0c1156b0 nmethod 757 0x000077defc103308 code [0x000077defc103400, 0x000077defc1034c0]
Event: 3.405 Thread 0x000077df0c113d00 nmethod 731 0x000077defc103608 code [0x000077defc103700, 0x000077defc103860]
Event: 3.408 Thread 0x000077df0c1156b0  759       1       jdk.internal.foreign.layout.AbstractLayout::byteAlignment (5 bytes)
Event: 3.408 Thread 0x000077df0c1156b0 nmethod 759 0x000077defc103908 code [0x000077defc103a00, 0x000077defc103ac0]
Event: 3.408 Thread 0x000077df0c113d00  762       4       jdk.internal.classfile.impl.SplitConstantPool::internalAdd (78 bytes)
Event: 3.409 Thread 0x000077df0c1156b0  763   !   3       jdk.internal.classfile.impl.StackMapGenerator::detectFrames (498 bytes)

GC Heap Usage History (0 events):
No events

Metaspace Usage History (0 events):
No events

Dll operation events (7 events):
Event: 0.001 Loaded shared library /home/linuxbrew/.linuxbrew/Cellar/openjdk/25.0.2/libexec/lib/libjava.so
Event: 0.014 Loaded shared library /home/linuxbrew/.linuxbrew/Cellar/openjdk/25.0.2/libexec/lib/libsimdsort.so
Event: 0.028 Loaded shared library /home/linuxbrew/.linuxbrew/Cellar/openjdk/25.0.2/libexec/lib/libnio.so
Event: 0.033 Loaded shared library /home/linuxbrew/.linuxbrew/Cellar/openjdk/25.0.2/libexec/lib/libnet.so
Event: 0.052 Loaded shared library /home/linuxbrew/.linuxbrew/Cellar/openjdk/25.0.2/libexec/lib/libzip.so
Event: 0.056 Loaded shared library /home/linuxbrew/.linuxbrew/Cellar/openjdk/25.0.2/libexec/lib/libjimage.so
Event: 0.060 Loaded shared library /tmp/xross_lib_16201388281909998091/libxross_example.so

Deoptimization events (20 events):
Event: 3.310 Thread 0x000077df0c01a340 DEOPT PACKING pc=0x000077def46b0089 sp=0x000077df159fe7b0
Event: 3.310 Thread 0x000077df0c01a340 DEOPT UNPACKING pc=0x000077defbb87fef sp=0x000077df159fdc40 mode 0
Event: 3.310 Thread 0x000077df0c01a340 DEOPT PACKING pc=0x000077def46b0089 sp=0x000077df159fe7b0
Event: 3.310 Thread 0x000077df0c01a340 DEOPT UNPACKING pc=0x000077defbb87fef sp=0x000077df159fdc40 mode 0
Event: 3.408 Thread 0x000077df0c01a340 Uncommon trap: trap_request=0xffffffd6 fr.pc=0x000077defc101534 relative=0x0000000000000614
Event: 3.408 Thread 0x000077df0c01a340 Uncommon trap: reason=array_check action=maybe_recompile pc=0x000077defc101534 method=jdk.internal.classfile.impl.SplitConstantPool.internalAdd(Ljava/lang/classfile/constantpool/PoolEntry;I)Ljava/lang/classfile/constantpool/PoolEntry; @ 46 c2
Event: 3.408 Thread 0x000077df0c01a340 DEOPT PACKING pc=0x000077defc101534 sp=0x000077df159fcc30
Event: 3.408 Thread 0x000077df0c01a340 DEOPT UNPACKING pc=0x000077defbc56b79 sp=0x000077df159fcbe0 mode 2
Event: 3.408 Thread 0x000077df0c01a340 Uncommon trap: trap_request=0xffffffd6 fr.pc=0x000077defc101534 relative=0x0000000000000614
Event: 3.408 Thread 0x000077df0c01a340 Uncommon trap: reason=array_check action=maybe_recompile pc=0x000077defc101534 method=jdk.internal.classfile.impl.SplitConstantPool.internalAdd(Ljava/lang/classfile/constantpool/PoolEntry;I)Ljava/lang/classfile/constantpool/PoolEntry; @ 46 c2
Event: 3.408 Thread 0x000077df0c01a340 DEOPT PACKING pc=0x000077defc101534 sp=0x000077df159fcc30
Event: 3.408 Thread 0x000077df0c01a340 DEOPT UNPACKING pc=0x000077defbc56b79 sp=0x000077df159fcbe0 mode 2
Event: 3.408 Thread 0x000077df0c01a340 Uncommon trap: trap_request=0xffffffd6 fr.pc=0x000077defc101534 relative=0x0000000000000614
Event: 3.408 Thread 0x000077df0c01a340 Uncommon trap: reason=array_check action=maybe_recompile pc=0x000077defc101534 method=jdk.internal.classfile.impl.SplitConstantPool.internalAdd(Ljava/lang/classfile/constantpool/PoolEntry;I)Ljava/lang/classfile/constantpool/PoolEntry; @ 46 c2
Event: 3.408 Thread 0x000077df0c01a340 DEOPT PACKING pc=0x000077defc101534 sp=0x000077df159fcb50
Event: 3.408 Thread 0x000077df0c01a340 DEOPT UNPACKING pc=0x000077defbc56b79 sp=0x000077df159fcb00 mode 2
Event: 3.408 Thread 0x000077df0c01a340 Uncommon trap: trap_request=0xffffffd6 fr.pc=0x000077defc101534 relative=0x0000000000000614
Event: 3.408 Thread 0x000077df0c01a340 Uncommon trap: reason=array_check action=maybe_recompile pc=0x000077defc101534 method=jdk.internal.classfile.impl.SplitConstantPool.internalAdd(Ljava/lang/classfile/constantpool/PoolEntry;I)Ljava/lang/classfile/constantpool/PoolEntry; @ 46 c2
Event: 3.408 Thread 0x000077df0c01a340 DEOPT PACKING pc=0x000077defc101534 sp=0x000077df159fcb50
Event: 3.408 Thread 0x000077df0c01a340 DEOPT UNPACKING pc=0x000077defbc56b79 sp=0x000077df159fcb00 mode 2

Classes loaded (20 events):
Event: 3.398 Loading class java/lang/invoke/IndirectVarHandle
Event: 3.398 Loading class java/lang/invoke/IndirectVarHandle done
Event: 3.399 Loading class java/lang/invoke/VarHandles$1
Event: 3.399 Loading class java/lang/invoke/VarHandles$1 done
Event: 3.400 Loading class jdk/internal/foreign/Utils$BaseAndScale
Event: 3.400 Loading class jdk/internal/foreign/Utils$BaseAndScale done
Event: 3.400 Loading class jdk/internal/foreign/HeapMemorySegmentImpl$OfByte
Event: 3.400 Loading class jdk/internal/foreign/HeapMemorySegmentImpl
Event: 3.400 Loading class jdk/internal/foreign/HeapMemorySegmentImpl done
Event: 3.400 Loading class jdk/internal/foreign/HeapMemorySegmentImpl$OfByte done
Event: 3.401 Loading class jdk/internal/foreign/GlobalSession$HeapSession
Event: 3.401 Loading class jdk/internal/foreign/GlobalSession$HeapSession done
Event: 3.405 Loading class java/lang/NumberFormatException
Event: 3.405 Loading class java/lang/NumberFormatException done
Event: 3.406 Loading class java/lang/invoke/VarHandleSegmentAsInts
Event: 3.406 Loading class java/lang/invoke/VarHandleSegmentAsInts done
Event: 3.407 Loading class java/lang/invoke/VarHandleSegmentAsIntsAligned
Event: 3.407 Loading class java/lang/invoke/VarHandleSegmentAsIntsAligned done
Event: 3.409 Loading class java/util/concurrent/atomic/AtomicBoolean
Event: 3.409 Loading class java/util/concurrent/atomic/AtomicBoolean done

Classes unloaded (0 events):
No events

Classes redefined (0 events):
No events

Internal exceptions (20 events):
Event: 0.112 Thread 0x000077df0c01a340 Exception <a 'java/lang/NoSuchMethodError'{0x000000074e406a40}: 'int java.lang.invoke.DelegatingMethodHandle$Holder.reinvoke_L(java.lang.Object, java.lang.Object, java.lang.Object, long, int)'> (0x000000074e406a40) 
thrown [src/hotspot/share/interpreter/linkResolver.cpp, line 803]
Event: 0.113 Thread 0x000077df0c01a340 Exception <a 'java/lang/NoSuchMethodError'{0x000000074e430410}: 'int java.lang.invoke.DirectMethodHandle$Holder.invokeSpecial(java.lang.Object, java.lang.Object, long, int)'> (0x000000074e430410) 
thrown [src/hotspot/share/interpreter/linkResolver.cpp, line 803]
Event: 0.114 Thread 0x000077df0c01a340 Exception <a 'java/lang/NoSuchMethodError'{0x000000074e440d80}: 'java.lang.Object java.lang.invoke.Invokers$Holder.invoke_MT(java.lang.Object, java.lang.Object, java.lang.Object, java.lang.Object, java.lang.Object)'> (0x000000074e440d80) 
thrown [src/hotspot/share/interpreter/linkResolver.cpp, line 803]
Event: 3.269 Thread 0x000077df0c01a340 Exception <a 'java/lang/NoSuchMethodError'{0x000000074e47c8b0}: 'double java.lang.invoke.DirectMethodHandle$Holder.invokeStaticInit(java.lang.Object, java.lang.Object, java.lang.Object, long, int)'> (0x000000074e47c8b0) 
thrown [src/hotspot/share/interpreter/linkResolver.cpp, line 803]
Event: 3.270 Thread 0x000077df0c01a340 Exception <a 'java/lang/NoSuchMethodError'{0x000000074e48cb08}: 'double java.lang.invoke.DelegatingMethodHandle$Holder.reinvoke_L(java.lang.Object, java.lang.Object, java.lang.Object, long, int)'> (0x000000074e48cb08) 
thrown [src/hotspot/share/interpreter/linkResolver.cpp, line 803]
Event: 3.271 Thread 0x000077df0c01a340 Exception <a 'java/lang/NoSuchMethodError'{0x000000074e4b6668}: 'double java.lang.invoke.DirectMethodHandle$Holder.invokeSpecial(java.lang.Object, java.lang.Object, long, int)'> (0x000000074e4b6668) 
thrown [src/hotspot/share/interpreter/linkResolver.cpp, line 803]
Event: 3.373 Thread 0x000077df0c01a340 Exception <a 'java/lang/NoSuchMethodError'{0x000000074cde93a8}: 'long java.lang.invoke.DirectMethodHandle$Holder.invokeInterface(java.lang.Object, java.lang.Object)'> (0x000000074cde93a8) 
thrown [src/hotspot/share/interpreter/linkResolver.cpp, line 803]
Event: 3.385 Thread 0x000077df0c01a340 Exception <a 'java/lang/NoSuchMethodError'{0x000000074cb42c88}: 'java.lang.Object java.lang.invoke.DirectMethodHandle$Holder.invokeStaticInit(java.lang.Object, java.lang.Object, java.lang.Object, int)'> (0x000000074cb42c88) 
thrown [src/hotspot/share/interpreter/linkResolver.cpp, line 803]
Event: 3.388 Thread 0x000077df0c01a340 Exception <a 'java/lang/NoSuchMethodError'{0x000000074cb82158}: 'void java.lang.invoke.DirectMethodHandle$Holder.invokeStaticInit(java.lang.Object, java.lang.Object, java.lang.Object, java.lang.Object, java.lang.Object)'> (0x000000074cb82158) 
thrown [src/hotspot/share/interpreter/linkResolver.cpp, line 803]
Event: 3.388 Thread 0x000077df0c01a340 Exception <a 'java/lang/NoSuchMethodError'{0x000000074cb8a610}: 'void java.lang.invoke.DirectMethodHandle$Holder.invokeSpecial(java.lang.Object, java.lang.Object, java.lang.Object, java.lang.Object, java.lang.Object, java.lang.Object)'> (0x000000074cb8a610) 
thrown [src/hotspot/share/interpreter/linkResolver.cpp, line 803]
Event: 3.390 Thread 0x000077df0c01a340 Exception <a 'java/lang/NoSuchMethodError'{0x000000074cbd0f68}: 'double java.lang.invoke.DirectMethodHandle$Holder.invokeStaticInit(java.lang.Object, java.lang.Object, java.lang.Object, java.lang.Object)'> (0x000000074cbd0f68) 
thrown [src/hotspot/share/interpreter/linkResolver.cpp, line 803]
Event: 3.391 Thread 0x000077df0c01a340 Exception <a 'java/lang/NoSuchMethodError'{0x000000074cbe1110}: 'double java.lang.invoke.DelegatingMethodHandle$Holder.reinvoke_L(java.lang.Object, java.lang.Object, java.lang.Object, java.lang.Object)'> (0x000000074cbe1110) 
thrown [src/hotspot/share/interpreter/linkResolver.cpp, line 803]
Event: 3.393 Thread 0x000077df0c01a340 Exception <a 'java/lang/NoSuchMethodError'{0x000000074c80b408}: 'void java.lang.invoke.Invokers$Holder.invokeExact_MT(java.lang.Object, java.lang.Object, java.lang.Object)'> (0x000000074c80b408) 
thrown [src/hotspot/share/interpreter/linkResolver.cpp, line 803]
Event: 3.395 Thread 0x000077df0c01a340 Exception <a 'java/lang/NoSuchMethodError'{0x000000074c82e468}: 'long java.lang.invoke.DirectMethodHandle$Holder.invokeStaticInit(java.lang.Object, long, long, long, long)'> (0x000000074c82e468) 
thrown [src/hotspot/share/interpreter/linkResolver.cpp, line 803]
Event: 3.395 Thread 0x000077df0c01a340 Exception <a 'java/lang/NoSuchMethodError'{0x000000074c8368f8}: 'java.lang.Object java.lang.invoke.DirectMethodHandle$Holder.invokeInterface(java.lang.Object, java.lang.Object, long, long)'> (0x000000074c8368f8) 
thrown [src/hotspot/share/interpreter/linkResolver.cpp, line 803]
Event: 3.396 Thread 0x000077df0c01a340 Exception <a 'java/lang/NoSuchMethodError'{0x000000074c83edc0}: 'java.lang.Object java.lang.invoke.DirectMethodHandle$Holder.invokeInterface(java.lang.Object, java.lang.Object, long, java.lang.Object)'> (0x000000074c83edc0) 
thrown [src/hotspot/share/interpreter/linkResolver.cpp, line 803]
Event: 3.396 Thread 0x000077df0c01a340 Exception <a 'java/lang/NoSuchMethodError'{0x000000074c84ed90}: 'void java.lang.invoke.DirectMethodHandle$Holder.invokeStaticInit(java.lang.Object, java.lang.Object, long, java.lang.Object)'> (0x000000074c84ed90) 
thrown [src/hotspot/share/interpreter/linkResolver.cpp, line 803]
Event: 3.396 Thread 0x000077df0c01a340 Exception <a 'java/lang/NoSuchMethodError'{0x000000074c857340}: 'long java.lang.invoke.DirectMethodHandle$Holder.invokeStatic(java.lang.Object, long, long)'> (0x000000074c857340) 
thrown [src/hotspot/share/interpreter/linkResolver.cpp, line 803]
Event: 3.399 Thread 0x000077df0c01a340 Exception <a 'java/lang/NoSuchMethodError'{0x000000074c88bdf0}: 'long java.lang.invoke.DelegatingMethodHandle$Holder.reinvoke_L(java.lang.Object, java.lang.Object, java.lang.Object, long)'> (0x000000074c88bdf0) 
thrown [src/hotspot/share/interpreter/linkResolver.cpp, line 803]
Event: 3.409 Thread 0x000077df0c01a340 Exception <a 'java/lang/NoSuchMethodError'{0x000000074c969160}: 'java.lang.Object java.lang.invoke.Invokers$Holder.invokeExact_MT(java.lang.Object, int, java.lang.Object)'> (0x000000074c969160) 
thrown [src/hotspot/share/interpreter/linkResolver.cpp, line 803]

VM Operations (2 events):
Event: 0.032 Executing non-safepoint VM operation: HandshakeAllThreads (Deoptimize)
Event: 0.032 Executing non-safepoint VM operation: HandshakeAllThreads (Deoptimize) done

Memory protections (12 events):
Event: 0.001 Protecting memory [0x000077df15900000,0x000077df15904000] with protection modes 0
Event: 0.005 Protecting memory [0x000000001a000000,0x000000001a001000] with protection modes 0
Event: 0.013 Protecting memory [0x000077def09ab000,0x000077def09af000] with protection modes 0
Event: 0.013 Protecting memory [0x000077def06a9000,0x000077def06ad000] with protection modes 0
Event: 0.013 Protecting memory [0x000077def05a9000,0x000077def05ad000] with protection modes 0
Event: 0.013 Protecting memory [0x000077def04a9000,0x000077def04ad000] with protection modes 0
Event: 0.013 Protecting memory [0x000077def03a9000,0x000077def03ad000] with protection modes 0
Event: 0.013 Protecting memory [0x000077def02a9000,0x000077def02ad000] with protection modes 0
Event: 0.014 Protecting memory [0x000077def01a9000,0x000077def01ad000] with protection modes 0
Event: 0.025 Protecting memory [0x000077def00a9000,0x000077def00ad000] with protection modes 0
Event: 0.026 Protecting memory [0x000077ded3f00000,0x000077ded3f04000] with protection modes 0
Event: 0.063 Protecting memory [0x000077ded364d000,0x000077ded3651000] with protection modes 0

Nmethod flushes (0 events):
No events

Events (11 events):
Event: 0.007 Thread 0x000077df0c01a340 Thread added: 0x000077df0c01a340
Event: 0.013 Thread 0x000077df0c01a340 Thread added: 0x000077df0c10c110
Event: 0.013 Thread 0x000077df0c01a340 Thread added: 0x000077df0c10d300
Event: 0.013 Thread 0x000077df0c01a340 Thread added: 0x000077df0c10ed30
Event: 0.013 Thread 0x000077df0c01a340 Thread added: 0x000077df0c110660
Event: 0.013 Thread 0x000077df0c01a340 Thread added: 0x000077df0c111ef0
Event: 0.013 Thread 0x000077df0c01a340 Thread added: 0x000077df0c113d00
Event: 0.014 Thread 0x000077df0c01a340 Thread added: 0x000077df0c1156b0
Event: 0.025 Thread 0x000077df0c01a340 Thread added: 0x000077df0c153e70
Event: 0.026 Thread 0x000077df0c01a340 Thread added: 0x000077df0c1562c0
Event: 0.063 Thread 0x000077df0c01a340 Thread added: 0x000077df0c1b78c0


Dynamic libraries:
1a000000-1a001000 ---p 00000000 00:00 0 
1a001000-1ad8d000 rw-p 00001000 08:02 13267116                           /home/linuxbrew/.linuxbrew/Cellar/openjdk/25.0.2/libexec/lib/server/classes.jsa
1ad8d000-1b000000 ---p 00000000 00:00 0 
1b000000-1b040000 rw-p 00000000 00:00 0 
1b040000-1b080000 rw-p 00000000 00:00 0 
1b080000-5b000000 ---p 00000000 00:00 0 
742e00000-74ec00000 rw-p 00000000 00:00 0 
74ec00000-7ffe00000 ---p 00000000 00:00 0 
7ffe00000-7fff21000 rw-p 00dc0000 08:02 13267116                         /home/linuxbrew/.linuxbrew/Cellar/openjdk/25.0.2/libexec/lib/server/classes.jsa
7fff21000-800000000 rw-p 00000000 00:00 0 
5a8719061000-5a8719063000 r--p 00000000 08:02 13266505                   /home/linuxbrew/.linuxbrew/Cellar/openjdk/25.0.2/libexec/bin/java
5a8719063000-5a8719064000 r-xp 00002000 08:02 13266505                   /home/linuxbrew/.linuxbrew/Cellar/openjdk/25.0.2/libexec/bin/java
5a8719064000-5a8719065000 r--p 00003000 08:02 13266505                   /home/linuxbrew/.linuxbrew/Cellar/openjdk/25.0.2/libexec/bin/java
5a8719065000-5a8719066000 r--p 00003000 08:02 13266505                   /home/linuxbrew/.linuxbrew/Cellar/openjdk/25.0.2/libexec/bin/java
5a8719066000-5a871906a000 rw-p 00004000 08:02 13266505                   /home/linuxbrew/.linuxbrew/Cellar/openjdk/25.0.2/libexec/bin/java
5a87537d3000-5a875381c000 rw-p 00000000 00:00 0                          [heap]
77dea4000000-77dea4021000 rw-p 00000000 00:00 0 
77dea4021000-77dea8000000 ---p 00000000 00:00 0 
77dea8000000-77dea8021000 rw-p 00000000 00:00 0 
77dea8021000-77deac000000 ---p 00000000 00:00 0 
77deac000000-77deac5cc000 rw-p 00000000 00:00 0 
77deac5cc000-77deb0000000 ---p 00000000 00:00 0 
77deb0000000-77deb0021000 rw-p 00000000 00:00 0 
77deb0021000-77deb4000000 ---p 00000000 00:00 0 
77deb4000000-77deb4021000 rw-p 00000000 00:00 0 
77deb4021000-77deb8000000 ---p 00000000 00:00 0 
77deb8000000-77deb829c000 rw-p 00000000 00:00 0 
77deb829c000-77debc000000 ---p 00000000 00:00 0 
77debc000000-77debc021000 rw-p 00000000 00:00 0 
77debc021000-77dec0000000 ---p 00000000 00:00 0 
77dec0000000-77dec0021000 rw-p 00000000 00:00 0 
77dec0021000-77dec4000000 ---p 00000000 00:00 0 
77dec4000000-77dec4021000 rw-p 00000000 00:00 0 
77dec4021000-77dec8000000 ---p 00000000 00:00 0 
77dec8000000-77dec8240000 rw-p 00000000 00:00 0 
77dec8240000-77dec8400000 ---p 00000000 00:00 0 
77dec8400000-77dec8570000 rw-p 00000000 00:00 0 
77dec8570000-77decc000000 ---p 00000000 00:00 0 
77decc000000-77decc021000 rw-p 00000000 00:00 0 
77decc021000-77ded0000000 ---p 00000000 00:00 0 
77ded364d000-77ded3651000 ---p 00000000 00:00 0 
77ded3651000-77ded374d000 rw-p 00000000 00:00 0 
77ded374d000-77ded3782000 r--p 00000000 00:2e 27231                      /tmp/xross_lib_16201388281909998091/libxross_example.so
77ded3782000-77ded37f9000 r-xp 00034000 00:2e 27231                      /tmp/xross_lib_16201388281909998091/libxross_example.so
77ded37f9000-77ded37ff000 r--p 000aa000 00:2e 27231                      /tmp/xross_lib_16201388281909998091/libxross_example.so
77ded37ff000-77ded3800000 rw-p 000af000 00:2e 27231                      /tmp/xross_lib_16201388281909998091/libxross_example.so
77ded3800000-77ded3e80000 r--p 00000000 08:02 9175821                    /usr/lib/locale/locale-archive
77ded3f00000-77ded3f04000 ---p 00000000 00:00 0 
77ded3f04000-77ded4000000 rw-p 00000000 00:00 0 
77ded4000000-77ded4021000 rw-p 00000000 00:00 0 
77ded4021000-77ded8000000 ---p 00000000 00:00 0 
77ded8000000-77ded8021000 rw-p 00000000 00:00 0 
77ded8021000-77dedc000000 ---p 00000000 00:00 0 
77dedc000000-77dedc021000 rw-p 00000000 00:00 0 
77dedc021000-77dee0000000 ---p 00000000 00:00 0 
77dee0000000-77dee0021000 rw-p 00000000 00:00 0 
77dee0021000-77dee4000000 ---p 00000000 00:00 0 
77dee4000000-77dee4021000 rw-p 00000000 00:00 0 
77dee4021000-77dee8000000 ---p 00000000 00:00 0 
77dee8000000-77dee8021000 rw-p 00000000 00:00 0 
77dee8021000-77deec000000 ---p 00000000 00:00 0 
77deec000000-77deec021000 rw-p 00000000 00:00 0 
77deec021000-77def0000000 ---p 00000000 00:00 0 
77def00a9000-77def00ad000 ---p 00000000 00:00 0 
77def00ad000-77def01a9000 rw-p 00000000 00:00 0 
77def01a9000-77def01ad000 ---p 00000000 00:00 0 
77def01ad000-77def02a9000 rw-p 00000000 00:00 0 
77def02a9000-77def02ad000 ---p 00000000 00:00 0 
77def02ad000-77def03a9000 rw-p 00000000 00:00 0 
77def03a9000-77def03ad000 ---p 00000000 00:00 0 
77def03ad000-77def04a9000 rw-p 00000000 00:00 0 
77def04a9000-77def04ad000 ---p 00000000 00:00 0 
77def04ad000-77def05a9000 rw-p 00000000 00:00 0 
77def05a9000-77def05ad000 ---p 00000000 00:00 0 
77def05ad000-77def06a9000 rw-p 00000000 00:00 0 
77def06a9000-77def06ad000 ---p 00000000 00:00 0 
77def06ad000-77def09ab000 rw-p 00000000 00:00 0 
77def09ab000-77def09af000 ---p 00000000 00:00 0 
77def09af000-77def0cae000 rw-p 00000000 00:00 0 
77def0cae000-77def19b0000 rw-p 00000000 00:00 0 
77def19b0000-77def45f8000 ---p 00000000 00:00 0 
77def45f8000-77def4600000 rw-p 00000000 00:00 0 
77def4600000-77def4870000 rwxp 00000000 00:00 0 
77def4870000-77defbb37000 ---p 00000000 00:00 0 
77defbb37000-77defbda7000 rwxp 00000000 00:00 0 
77defbda7000-77defc0c8000 ---p 00000000 00:00 0 
77defc0c8000-77defc338000 rwxp 00000000 00:00 0 
77defc338000-77df03600000 ---p 00000000 00:00 0 
77df03600000-77df0bfaa000 r--s 00000000 08:02 13267108                   /home/linuxbrew/.linuxbrew/Cellar/openjdk/25.0.2/libexec/lib/modules
77df0c000000-77df0c43d000 rw-p 00000000 00:00 0 
77df0c43d000-77df10000000 ---p 00000000 00:00 0 
77df10015000-77df10018000 r--p 00000000 08:02 13267107                   /home/linuxbrew/.linuxbrew/Cellar/openjdk/25.0.2/libexec/lib/libzip.so
77df10018000-77df1001d000 r-xp 00003000 08:02 13267107                   /home/linuxbrew/.linuxbrew/Cellar/openjdk/25.0.2/libexec/lib/libzip.so
77df1001d000-77df1001f000 r--p 00008000 08:02 13267107                   /home/linuxbrew/.linuxbrew/Cellar/openjdk/25.0.2/libexec/lib/libzip.so
77df1001f000-77df10020000 r--p 00009000 08:02 13267107                   /home/linuxbrew/.linuxbrew/Cellar/openjdk/25.0.2/libexec/lib/libzip.so
77df10020000-77df10021000 rw-p 0000a000 08:02 13267107                   /home/linuxbrew/.linuxbrew/Cellar/openjdk/25.0.2/libexec/lib/libzip.so
77df10021000-77df10023000 rw-p 0000d000 08:02 13267107                   /home/linuxbrew/.linuxbrew/Cellar/openjdk/25.0.2/libexec/lib/libzip.so
77df10023000-77df12200000 rw-p 00000000 00:00 0 
77df12204000-77df12206000 r--p 00000000 08:02 13267103                   /home/linuxbrew/.linuxbrew/Cellar/openjdk/25.0.2/libexec/lib/libsimdsort.so
77df12206000-77df1223e000 r-xp 00002000 08:02 13267103                   /home/linuxbrew/.linuxbrew/Cellar/openjdk/25.0.2/libexec/lib/libsimdsort.so
77df1223e000-77df12244000 r--p 0003a000 08:02 13267103                   /home/linuxbrew/.linuxbrew/Cellar/openjdk/25.0.2/libexec/lib/libsimdsort.so
77df12244000-77df12245000 r--p 0003f000 08:02 13267103                   /home/linuxbrew/.linuxbrew/Cellar/openjdk/25.0.2/libexec/lib/libsimdsort.so
77df12245000-77df12246000 rw-p 00040000 08:02 13267103                   /home/linuxbrew/.linuxbrew/Cellar/openjdk/25.0.2/libexec/lib/libsimdsort.so
77df12246000-77df12248000 rw-p 00043000 08:02 13267103                   /home/linuxbrew/.linuxbrew/Cellar/openjdk/25.0.2/libexec/lib/libsimdsort.so
77df12248000-77df12349000 rw-p 00000000 00:00 0 
77df12349000-77df1264c000 rw-p 00000000 00:00 0 
77df1264c000-77df126ab000 rw-p 00000000 00:00 0 
77df126ab000-77df12c34000 ---p 00000000 00:00 0 
77df12c34000-77df12c94000 rw-p 00000000 00:00 0 
77df12c94000-77df1321d000 ---p 00000000 00:00 0 
77df1321d000-77df13e2f000 rw-p 00000000 00:00 0 
77df13e2f000-77df13f15000 ---p 00000000 00:00 0 
77df13f15000-77df13f1a000 rw-p 00000000 00:00 0 
77df13f1a000-77df14000000 ---p 00000000 00:00 0 
77df14000000-77df140a2000 r--p 00000000 08:02 9177552                    /usr/lib/x86_64-linux-gnu/libstdc++.so.6.0.34
77df140a2000-77df141ef000 r-xp 000a2000 08:02 9177552                    /usr/lib/x86_64-linux-gnu/libstdc++.so.6.0.34
77df141ef000-77df14277000 r--p 001ef000 08:02 9177552                    /usr/lib/x86_64-linux-gnu/libstdc++.so.6.0.34
77df14277000-77df14286000 r--p 00276000 08:02 9177552                    /usr/lib/x86_64-linux-gnu/libstdc++.so.6.0.34
77df14286000-77df14289000 rw-p 00285000 08:02 9177552                    /usr/lib/x86_64-linux-gnu/libstdc++.so.6.0.34
77df14289000-77df1428d000 rw-p 00000000 00:00 0 
77df14290000-77df14297000 r--s 00000000 08:02 9336279                    /usr/lib/x86_64-linux-gnu/gconv/gconv-modules.cache
77df14297000-77df1429e000 r--p 00000000 08:02 13267098                   /home/linuxbrew/.linuxbrew/Cellar/openjdk/25.0.2/libexec/lib/libnio.so
77df1429e000-77df142a7000 r-xp 00007000 08:02 13267098                   /home/linuxbrew/.linuxbrew/Cellar/openjdk/25.0.2/libexec/lib/libnio.so
77df142a7000-77df142ab000 r--p 00010000 08:02 13267098                   /home/linuxbrew/.linuxbrew/Cellar/openjdk/25.0.2/libexec/lib/libnio.so
77df142ab000-77df142ac000 r--p 00013000 08:02 13267098                   /home/linuxbrew/.linuxbrew/Cellar/openjdk/25.0.2/libexec/lib/libnio.so
77df142ac000-77df142ad000 rw-p 00014000 08:02 13267098                   /home/linuxbrew/.linuxbrew/Cellar/openjdk/25.0.2/libexec/lib/libnio.so
77df142ad000-77df142b2000 rw-p 0001b000 08:02 13267098                   /home/linuxbrew/.linuxbrew/Cellar/openjdk/25.0.2/libexec/lib/libnio.so
77df142b2000-77df142f3000 rw-p 00000000 00:00 0 
77df142f3000-77df14304000 r--p 00000000 08:02 9177423                    /usr/lib/x86_64-linux-gnu/libm.so.6
77df14304000-77df1438f000 r-xp 00011000 08:02 9177423                    /usr/lib/x86_64-linux-gnu/libm.so.6
77df1438f000-77df143fe000 r--p 0009c000 08:02 9177423                    /usr/lib/x86_64-linux-gnu/libm.so.6
77df143fe000-77df143ff000 r--p 0010a000 08:02 9177423                    /usr/lib/x86_64-linux-gnu/libm.so.6
77df143ff000-77df14400000 rw-p 0010b000 08:02 9177423                    /usr/lib/x86_64-linux-gnu/libm.so.6
77df14400000-77df146db000 r--p 00000000 08:02 13267121                   /home/linuxbrew/.linuxbrew/Cellar/openjdk/25.0.2/libexec/lib/server/libjvm.so
77df146db000-77df15463000 r-xp 002db000 08:02 13267121                   /home/linuxbrew/.linuxbrew/Cellar/openjdk/25.0.2/libexec/lib/server/libjvm.so
77df15463000-77df15769000 r--p 01063000 08:02 13267121                   /home/linuxbrew/.linuxbrew/Cellar/openjdk/25.0.2/libexec/lib/server/libjvm.so
77df15769000-77df1576a000 ---p 01369000 08:02 13267121                   /home/linuxbrew/.linuxbrew/Cellar/openjdk/25.0.2/libexec/lib/server/libjvm.so
77df1576a000-77df15852000 r--p 01369000 08:02 13267121                   /home/linuxbrew/.linuxbrew/Cellar/openjdk/25.0.2/libexec/lib/server/libjvm.so
77df15852000-77df1587d000 rw-p 01451000 08:02 13267121                   /home/linuxbrew/.linuxbrew/Cellar/openjdk/25.0.2/libexec/lib/server/libjvm.so
77df1587d000-77df158f9000 rw-p 00000000 00:00 0 
77df158f9000-77df158fd000 rw-p 01967000 08:02 13267121                   /home/linuxbrew/.linuxbrew/Cellar/openjdk/25.0.2/libexec/lib/server/libjvm.so
77df15900000-77df15904000 ---p 00000000 00:00 0 
77df15904000-77df15a00000 rw-p 00000000 00:00 0 
77df15a00000-77df15a28000 r--p 00000000 08:02 9176997                    /usr/lib/x86_64-linux-gnu/libc.so.6
77df15a28000-77df15bc1000 r-xp 00028000 08:02 9176997                    /usr/lib/x86_64-linux-gnu/libc.so.6
77df15bc1000-77df15c30000 r--p 001c1000 08:02 9176997                    /usr/lib/x86_64-linux-gnu/libc.so.6
77df15c30000-77df15c34000 r--p 0022f000 08:02 9176997                    /usr/lib/x86_64-linux-gnu/libc.so.6
77df15c34000-77df15c36000 rw-p 00233000 08:02 9176997                    /usr/lib/x86_64-linux-gnu/libc.so.6
77df15c36000-77df15c43000 rw-p 00000000 00:00 0 
77df15c45000-77df15c48000 r--p 00000000 08:02 13267097                   /home/linuxbrew/.linuxbrew/Cellar/openjdk/25.0.2/libexec/lib/libnet.so
77df15c48000-77df15c50000 r-xp 00003000 08:02 13267097                   /home/linuxbrew/.linuxbrew/Cellar/openjdk/25.0.2/libexec/lib/libnet.so
77df15c50000-77df15c52000 r--p 0000b000 08:02 13267097                   /home/linuxbrew/.linuxbrew/Cellar/openjdk/25.0.2/libexec/lib/libnet.so
77df15c52000-77df15c53000 r--p 0000c000 08:02 13267097                   /home/linuxbrew/.linuxbrew/Cellar/openjdk/25.0.2/libexec/lib/libnet.so
77df15c53000-77df15c54000 rw-p 0000d000 08:02 13267097                   /home/linuxbrew/.linuxbrew/Cellar/openjdk/25.0.2/libexec/lib/libnet.so
77df15c54000-77df15c56000 rw-p 00011000 08:02 13267097                   /home/linuxbrew/.linuxbrew/Cellar/openjdk/25.0.2/libexec/lib/libnet.so
77df15c56000-77df15ce7000 rw-p 00000000 00:00 0 
77df15ce7000-77df15cf4000 r--p 00000000 08:02 13267083                   /home/linuxbrew/.linuxbrew/Cellar/openjdk/25.0.2/libexec/lib/libjava.so
77df15cf4000-77df15d02000 r-xp 0000d000 08:02 13267083                   /home/linuxbrew/.linuxbrew/Cellar/openjdk/25.0.2/libexec/lib/libjava.so
77df15d02000-77df15d07000 r--p 0001b000 08:02 13267083                   /home/linuxbrew/.linuxbrew/Cellar/openjdk/25.0.2/libexec/lib/libjava.so
77df15d07000-77df15d08000 ---p 00020000 08:02 13267083                   /home/linuxbrew/.linuxbrew/Cellar/openjdk/25.0.2/libexec/lib/libjava.so
77df15d08000-77df15d09000 r--p 00020000 08:02 13267083                   /home/linuxbrew/.linuxbrew/Cellar/openjdk/25.0.2/libexec/lib/libjava.so
77df15d09000-77df15d0a000 rw-p 00021000 08:02 13267083                   /home/linuxbrew/.linuxbrew/Cellar/openjdk/25.0.2/libexec/lib/libjava.so
77df15d0a000-77df15d0b000 rw-p 00000000 00:00 0 
77df15d0b000-77df15d11000 rw-p 0002c000 08:02 13267083                   /home/linuxbrew/.linuxbrew/Cellar/openjdk/25.0.2/libexec/lib/libjava.so
77df15d11000-77df15d15000 r--p 00000000 08:02 9177547                    /usr/lib/x86_64-linux-gnu/libgcc_s.so.1
77df15d15000-77df15d38000 r-xp 00004000 08:02 9177547                    /usr/lib/x86_64-linux-gnu/libgcc_s.so.1
77df15d38000-77df15d3c000 r--p 00027000 08:02 9177547                    /usr/lib/x86_64-linux-gnu/libgcc_s.so.1
77df15d3c000-77df15d3d000 r--p 0002a000 08:02 9177547                    /usr/lib/x86_64-linux-gnu/libgcc_s.so.1
77df15d3d000-77df15d3e000 rw-p 0002b000 08:02 9177547                    /usr/lib/x86_64-linux-gnu/libgcc_s.so.1
77df15d3e000-77df15d41000 rw-p 00000000 00:00 0 
77df15d41000-77df15d44000 r--p 00000000 08:02 11403538                   /home/linuxbrew/.linuxbrew/Cellar/zlib/1.3.1/lib/libz.so.1.3.1
77df15d44000-77df15d52000 r-xp 00003000 08:02 11403538                   /home/linuxbrew/.linuxbrew/Cellar/zlib/1.3.1/lib/libz.so.1.3.1
77df15d52000-77df15d59000 r--p 00011000 08:02 11403538                   /home/linuxbrew/.linuxbrew/Cellar/zlib/1.3.1/lib/libz.so.1.3.1
77df15d59000-77df15d5a000 r--p 00017000 08:02 11403538                   /home/linuxbrew/.linuxbrew/Cellar/zlib/1.3.1/lib/libz.so.1.3.1
77df15d5a000-77df15d5b000 rw-p 00018000 08:02 11403538                   /home/linuxbrew/.linuxbrew/Cellar/zlib/1.3.1/lib/libz.so.1.3.1
77df15d5b000-77df15d5c000 rw-p 0001b000 08:02 11403538                   /home/linuxbrew/.linuxbrew/Cellar/zlib/1.3.1/lib/libz.so.1.3.1
77df15d5c000-77df15d5e000 rw-p 00000000 00:00 0 
77df15d61000-77df15d66000 rw-p 00000000 00:00 0 
77df15d66000-77df15d6d000 ---p 00000000 00:00 0 
77df15d6d000-77df15d75000 rw-s 00000000 00:2e 27229                      /tmp/hsperfdata_the-infinitys/3745779
77df15d75000-77df15d76000 ---p 00000000 00:00 0 
77df15d76000-77df15d77000 r--p 00000000 00:00 0 
77df15d77000-77df15d78000 ---p 00000000 00:00 0 
77df15d78000-77df15d7a000 r--p 00000000 08:02 13267087                   /home/linuxbrew/.linuxbrew/Cellar/openjdk/25.0.2/libexec/lib/libjimage.so
77df15d7a000-77df15d7d000 r-xp 00002000 08:02 13267087                   /home/linuxbrew/.linuxbrew/Cellar/openjdk/25.0.2/libexec/lib/libjimage.so
77df15d7d000-77df15d7e000 r--p 00005000 08:02 13267087                   /home/linuxbrew/.linuxbrew/Cellar/openjdk/25.0.2/libexec/lib/libjimage.so
77df15d7e000-77df15d7f000 ---p 00006000 08:02 13267087                   /home/linuxbrew/.linuxbrew/Cellar/openjdk/25.0.2/libexec/lib/libjimage.so
77df15d7f000-77df15d80000 r--p 00006000 08:02 13267087                   /home/linuxbrew/.linuxbrew/Cellar/openjdk/25.0.2/libexec/lib/libjimage.so
77df15d80000-77df15d81000 rw-p 00007000 08:02 13267087                   /home/linuxbrew/.linuxbrew/Cellar/openjdk/25.0.2/libexec/lib/libjimage.so
77df15d81000-77df15d83000 rw-p 0000a000 08:02 13267087                   /home/linuxbrew/.linuxbrew/Cellar/openjdk/25.0.2/libexec/lib/libjimage.so
77df15d83000-77df15d86000 r--p 00000000 08:02 13267088                   /home/linuxbrew/.linuxbrew/Cellar/openjdk/25.0.2/libexec/lib/libjli.so
77df15d86000-77df15d90000 r-xp 00003000 08:02 13267088                   /home/linuxbrew/.linuxbrew/Cellar/openjdk/25.0.2/libexec/lib/libjli.so
77df15d90000-77df15d93000 r--p 0000d000 08:02 13267088                   /home/linuxbrew/.linuxbrew/Cellar/openjdk/25.0.2/libexec/lib/libjli.so
77df15d93000-77df15d94000 ---p 00010000 08:02 13267088                   /home/linuxbrew/.linuxbrew/Cellar/openjdk/25.0.2/libexec/lib/libjli.so
77df15d94000-77df15d95000 r--p 00010000 08:02 13267088                   /home/linuxbrew/.linuxbrew/Cellar/openjdk/25.0.2/libexec/lib/libjli.so
77df15d95000-77df15d96000 rw-p 00011000 08:02 13267088                   /home/linuxbrew/.linuxbrew/Cellar/openjdk/25.0.2/libexec/lib/libjli.so
77df15d96000-77df15d98000 rw-p 00015000 08:02 13267088                   /home/linuxbrew/.linuxbrew/Cellar/openjdk/25.0.2/libexec/lib/libjli.so
77df15d98000-77df15d9c000 rw-p 00000000 00:00 0 
77df15d9c000-77df15da0000 r--p 00000000 00:00 0                          [vvar]
77df15da0000-77df15da2000 r--p 00000000 00:00 0                          [vvar_vclock]
77df15da2000-77df15da4000 r-xp 00000000 00:00 0                          [vdso]
77df15da4000-77df15da5000 r--p 00000000 08:02 9175995                    /usr/lib/x86_64-linux-gnu/ld-linux-x86-64.so.2
77df15da5000-77df15dd3000 r-xp 00001000 08:02 9175995                    /usr/lib/x86_64-linux-gnu/ld-linux-x86-64.so.2
77df15dd3000-77df15de1000 r--p 0002f000 08:02 9175995                    /usr/lib/x86_64-linux-gnu/ld-linux-x86-64.so.2
77df15de1000-77df15de3000 r--p 0003d000 08:02 9175995                    /usr/lib/x86_64-linux-gnu/ld-linux-x86-64.so.2
77df15de3000-77df15de4000 rw-p 0003f000 08:02 9175995                    /usr/lib/x86_64-linux-gnu/ld-linux-x86-64.so.2
77df15de4000-77df15de5000 rw-p 00000000 00:00 0 
7fffff3c2000-7fffff3e5000 rw-p 00000000 00:00 0                          [stack]
ffffffffff600000-ffffffffff601000 --xp 00000000 00:00 0                  [vsyscall]
Total number of mappings: 209

JVMTI agents: none


VM Arguments:
jvm_args: --add-opens=java.base/java.lang=ALL-UNNAMED -Dfile.encoding=UTF-8 -Duser.country=JP -Duser.language=ja -Duser.variant 
java_command: org.example.BenchmarkKt
java_class_path (initial): /home/the-infinitys/github/minecraft.infinite-client/project-xross/xross-example/app/build/classes/java/main:/home/the-infinitys/github/minecraft.infinite-client/project-xross/xross-example/app/build/classes/kotlin/main:/home/the-infinitys/github/minecraft.infinite-client/project-xross/xross-example/app/build/resources/main:/home/the-infinitys/.gradle/caches/modules-2/files-2.1/com.google.guava/guava/33.4.6-jre/4437fb72c3cc5d29554b588d9a97bea12d6a42e1/guava-33.4.6-jre.jar:/home/the-infinitys/.gradle/caches/modules-2/files-2.1/org.jetbrains.kotlin/kotlin-stdlib-jdk7/2.3.10/eb57a55dda1c04e2b68de7d50619dd7526150442/kotlin-stdlib-jdk7-2.3.10.jar:/home/the-infinitys/.gradle/caches/modules-2/files-2.1/org.jetbrains.kotlinx/kotlinx-coroutines-core-jvm/1.10.1/fe066928754beda3d59c8282e04289546465a360/kotlinx-coroutines-core-jvm-1.10.1.jar:/home/the-infinitys/.gradle/caches/modules-2/files-2.1/org.jetbrains.kotlin/kotlin-stdlib/2.3.10/8b80e2f80a3b7daa99c16017f91d4c72cd8b31a6/kotlin-stdlib-2.3.10.jar:/home/the-infinitys/.gradle/caches/modules-2/files-2.1/org.jetbrains.kotlin/kotlin-stdlib-jdk8/2.3.10/626e0d6a554c61b239816b108314301950a20de4/kotlin-stdlib-jdk8-2.3.10.jar:/home/the-infinitys/.gradle/caches/modules-2/files-2.1/com.google.guava/failureaccess/1.0.3/aeaffd00d57023a2c947393ed251f0354f0985fc/failureaccess-1.0.3.jar:/home/the-infinitys/.gradle/caches/modules-2/files-2.1/com.google.guava/listenablefuture/9999.0-empty-to-avoid-conflict-with-guava/b421526c5f297295adef1c886e5246c39d4ac629/listenablefuture-9999.0-empty-to-avoid-conflict-with-guava.jar:/home/the-infinitys/.gradle/caches/modules-2/files-2.1/org.jspecify/jspecify/1.0.0/7425a601c1c7ec76645a78d22b8c6a627edee507/jspecify-1.0.0.jar:/home/the-infinitys/.gradle/caches/modules-2/files-2.1/com.google.errorprone/error_prone_annotations/2.36.0/227d4d4957ccc3dc5761bd897e3a0ee587e750a7/error_prone_annotations-2.36.0.jar:/home/the-infinitys/.gradle/caches/modules-2/files-2.1/com.google.j2objc/j2objc-annotations/3.0.0/7399e65dd7e9ff3404f4535b2f017093bdb134c7/j2objc-annotations-3.0.0.jar:/home/the-infinitys/.gradle/caches/modules-2/files-2.1/org.jetbrains/annotations/23.0.0/8cc20c07506ec18e0834947b84a864bfc094484e/annotations-23.0.0.jar
Launcher Type: SUN_STANDARD

[Global flags]
     intx CICompilerCount                          = 4                                         {product} {ergonomic}
     uint ConcGCThreads                            = 3                                         {product} {ergonomic}
     uint G1ConcRefinementThreads                  = 12                                        {product} {ergonomic}
   size_t G1HeapRegionSize                         = 2097152                                   {product} {ergonomic}
   size_t InitialHeapSize                          = 199229440                                 {product} {ergonomic}
   size_t MarkStackSize                            = 4194304                                   {product} {ergonomic}
   size_t MarkStackSizeMax                         = 536870912                                 {product} {ergonomic}
   size_t MaxHeapSize                              = 3172990976                                {product} {ergonomic}
   size_t MaxNewSize                               = 1902116864                                {product} {ergonomic}
   size_t MinHeapDeltaBytes                        = 2097152                                   {product} {ergonomic}
   size_t MinHeapSize                              = 8388608                                   {product} {ergonomic}
    uintx NonNMethodCodeHeapSize                   = 5836800                                {pd product} {ergonomic}
    uintx NonProfiledCodeHeapSize                  = 122912768                              {pd product} {ergonomic}
    uintx ProfiledCodeHeapSize                     = 122908672                              {pd product} {ergonomic}
    uintx ReservedCodeCacheSize                    = 251658240                              {pd product} {ergonomic}
     bool SegmentedCodeCache                       = true                                      {product} {ergonomic}
   size_t SoftMaxHeapSize                          = 3172990976                             {manageable} {ergonomic}
     bool UseCompressedOops                        = true                           {product lp64_product} {ergonomic}
     bool UseG1GC                                  = true                                      {product} {ergonomic}

Logging:
Log output configuration:
 #0: stdout all=warning uptime,level,tags foldmultilines=false
 #1: stderr all=off uptime,level,tags foldmultilines=false

Release file:
IMPLEMENTOR="Homebrew"
IMPLEMENTOR_VERSION="Homebrew"
JAVA_RUNTIME_VERSION="25.0.2"
JAVA_VERSION="25.0.2"
JAVA_VERSION_DATE="2026-01-20"
LIBC="gnu"
MODULES="java.base java.compiler java.datatransfer java.xml java.prefs java.desktop java.instrument java.logging java.management java.security.sasl java.naming java.rmi java.management.rmi java.net.http java.scripting java.security.jgss java.transaction.xa java.sql java.sql.rowset java.xml.crypto java.se java.smartcardio jdk.accessibility jdk.internal.jvmstat jdk.attach jdk.charsets jdk.internal.opt jdk.zipfs jdk.compiler jdk.crypto.cryptoki jdk.crypto.ec jdk.dynalink jdk.internal.ed jdk.editpad jdk.internal.vm.ci jdk.graal.compiler jdk.graal.compiler.management jdk.hotspot.agent jdk.httpserver jdk.incubator.vector jdk.internal.le jdk.internal.md jdk.jartool jdk.javadoc jdk.jcmd jdk.management jdk.management.agent jdk.jconsole jdk.jdeps jdk.jdwp.agent jdk.jdi jdk.jfr jdk.jlink jdk.jpackage jdk.jshell jdk.jsobject jdk.jstatd jdk.localedata jdk.management.jfr jdk.naming.dns jdk.naming.rmi jdk.net jdk.nio.mapmode jdk.sctp jdk.security.auth jdk.security.jgss jdk.unsupported jdk.unsupported.desktop jdk.xml.dom"
OS_ARCH="x86_64"
OS_NAME="Linux"
SOURCE=""

Environment Variables:
JAVA_HOME=/home/linuxbrew/.linuxbrew/opt/openjdk/libexec
PATH=/home/the-infinitys/.deno/bin:/home/the-infinitys/.python/venv//bin:/home/linuxbrew/.linuxbrew/bin:/home/linuxbrew/.linuxbrew/sbin:/home/the-infinitys/.bin:/home/the-infinitys/.local/bin:/home/the-infinitys/bin:/home/the-infinitys/.local/kitty.app/bin:/home/the-infinitys/.bun/bin:/home/the-infinitys/.cargo/bin:/usr/local/sbin:/usr/local/bin:/usr/sbin:/usr/bin:/sbin:/bin:/usr/games:/usr/local/games:/snap/bin:/home/the-infinitys/.lmstudio/bin
LD_LIBRARY_PATH=/usr/lib/mesa-diverted/x86_64-linux-gnu:/usr/lib/x86_64-linux-gnu/mesa:/usr/lib/x86_64-linux-gnu/dri:/usr/lib/x86_64-linux-gnu/gallium-pipe
SHELL=/usr/bin/zsh
DISPLAY=:20
LANG=ja_JP.UTF-8
LC_NUMERIC=ja_JP.UTF-8
LC_TIME=ja_JP.UTF-8
TERM=xterm-256color

Active Locale:
LC_ALL=ja_JP.UTF-8
LC_COLLATE=ja_JP.UTF-8
LC_CTYPE=ja_JP.UTF-8
LC_MESSAGES=ja_JP.UTF-8
LC_MONETARY=ja_JP.UTF-8
LC_NUMERIC=ja_JP.UTF-8
LC_TIME=ja_JP.UTF-8

Signal Handlers:
   SIGSEGV: crash_handler in libjvm.so, mask=11100100010111111101111111111110, flags=SA_RESTART|SA_SIGINFO, unblocked
    SIGBUS: crash_handler in libjvm.so, mask=11100100010111111101111111111110, flags=SA_RESTART|SA_SIGINFO, unblocked
    SIGFPE: crash_handler in libjvm.so, mask=11100100010111111101111111111110, flags=SA_RESTART|SA_SIGINFO, unblocked
   SIGPIPE: javaSignalHandler in libjvm.so, mask=11100100010111111101111111111110, flags=SA_RESTART|SA_SIGINFO, blocked
   SIGXFSZ: javaSignalHandler in libjvm.so, mask=11100100010111111101111111111110, flags=SA_RESTART|SA_SIGINFO, blocked
    SIGILL: crash_handler in libjvm.so, mask=11100100010111111101111111111110, flags=SA_RESTART|SA_SIGINFO, unblocked
   SIGUSR2: SR_handler in libjvm.so, mask=00000000000000000000000000000000, flags=SA_RESTART|SA_SIGINFO, blocked
    SIGHUP: UserHandler in libjvm.so, mask=11100100010111111101111111111110, flags=SA_RESTART|SA_SIGINFO, blocked
    SIGINT: UserHandler in libjvm.so, mask=11100100010111111101111111111110, flags=SA_RESTART|SA_SIGINFO, blocked
   SIGTERM: UserHandler in libjvm.so, mask=11100100010111111101111111111110, flags=SA_RESTART|SA_SIGINFO, blocked
   SIGQUIT: UserHandler in libjvm.so, mask=11100100010111111101111111111110, flags=SA_RESTART|SA_SIGINFO, blocked
   SIGTRAP: crash_handler in libjvm.so, mask=11100100010111111101111111111110, flags=SA_RESTART|SA_SIGINFO, unblocked


Compilation memory statistics disabled.

Periodic native trim disabled

---------------  S Y S T E M  ---------------

OS:
DISTRIB_ID=Ubuntu
DISTRIB_RELEASE=25.10
DISTRIB_CODENAME=questing
DISTRIB_DESCRIPTION="Ubuntu 25.10"
uname: Linux 6.17.0-14-generic #14-Ubuntu SMP PREEMPT_DYNAMIC Fri Jan  9 17:01:16 UTC 2026 x86_64
OS uptime: 1 days 10:12 hours
libc: glibc 2.42 NPTL 2.42 
rlimit (soft/hard): STACK 8192k/infinity , CORE 0k/infinity , NPROC 15189/15189 , NOFILE 524288/524288 , AS infinity/infinity , CPU infinity/infinity , DATA infinity/infinity , FSIZE infinity/infinity , MEMLOCK 8192k/8192k
load average: 1.22 1.22 1.13

/proc/meminfo:
MemTotal:       12391356 kB
MemFree:          150944 kB
MemAvailable:    2675976 kB
Buffers:           37152 kB
Cached:          3184184 kB
SwapCached:        12404 kB
Active:          4659004 kB
Inactive:        4545120 kB
Active(anon):    3403988 kB
Inactive(anon):  3161760 kB
Active(file):    1255016 kB
Inactive(file):  1383360 kB
Unevictable:        6708 kB
Mlocked:             548 kB
SwapTotal:      31502672 kB
SwapFree:       24299868 kB
Zswap:                 0 kB
Zswapped:              0 kB
Dirty:             22808 kB
Writeback:             0 kB
AnonPages:       5989708 kB
Mapped:          1374780 kB
Shmem:            582660 kB
KReclaimable:     205420 kB
Slab:             618272 kB
SReclaimable:     205420 kB
SUnreclaim:       412852 kB
KernelStack:       39664 kB
PageTables:       128176 kB
SecPageTables:         0 kB
NFS_Unstable:          0 kB
Bounce:                0 kB
WritebackTmp:          0 kB
CommitLimit:    37698348 kB
Committed_AS:   39200792 kB
VmallocTotal:   34359738367 kB
VmallocUsed:      406552 kB
VmallocChunk:          0 kB
Percpu:            21440 kB
HardwareCorrupted:     0 kB
AnonHugePages:         0 kB
ShmemHugePages:        0 kB
ShmemPmdMapped:        0 kB
FileHugePages:     16384 kB
FilePmdMapped:      8192 kB
CmaTotal:              0 kB
CmaFree:               0 kB
Unaccepted:            0 kB
Balloon:               0 kB
HugePages_Total:       0
HugePages_Free:        0
HugePages_Rsvd:        0
HugePages_Surp:        0
Hugepagesize:       2048 kB
Hugetlb:               0 kB
DirectMap4k:      453840 kB
DirectMap2M:    12128256 kB
DirectMap1G:           0 kB

/sys/kernel/mm/transparent_hugepage/enabled: always [madvise] never
/sys/kernel/mm/transparent_hugepage/hpage_pmd_size: 2097152
/sys/kernel/mm/transparent_hugepage/shmem_enabled: always within_size advise [never] deny force
/sys/kernel/mm/transparent_hugepage/defrag (defrag/compaction efforts parameter): always defer defer+madvise [madvise] never

Process Memory:
Virtual Size: 5975700K (peak: 5975700K)
Resident Set Size: 100832K (peak: 100832K) (anon: 74692K, file: 25632K, shmem: 508K)
Swapped out: 0K
C-Heap outstanding allocations: 42404K, retained: 3583K
glibc malloc tunables: (default)

/proc/sys/kernel/threads-max (system-wide limit on the number of threads): 30379
/proc/sys/vm/max_map_count (maximum number of memory map areas a process may have): 1048576
/proc/sys/vm/swappiness (control to define how aggressively the kernel swaps out anonymous memory): 100
/proc/sys/kernel/pid_max (system-wide limit on number of process identifiers): 4194304

container information not found.
Hyper-V virtualization detected
Steal ticks since vm start: 0
Steal ticks percentage since vm start:  0.000

CPU: total 15 (initial active 15) (8 cores per cpu, 2 threads per core) family 6 model 151 stepping 2 microcode 0xffffffff, cx8, cmov, fxsr, ht, mmx, 3dnowpref, sse, sse2, sse3, ssse3, sse4.1, sse4.2, popcnt, lzcnt, tsc, tscinvbit, avx, avx2, aes, erms, clmul, bmi1, bmi2, adx, sha, fma, vzeroupper, clflush, clflushopt, clwb, hv, serialize, rdtscp, rdpid, fsrm, gfni, f16c, cet_ibt, cet_ss
CPU Model and flags from /proc/cpuinfo:
model name	: 12th Gen Intel(R) Core(TM) i7-12700
flags		: fpu vme de pse tsc msr pae mce cx8 apic sep mtrr pge mca cmov pat pse36 clflush mmx fxsr sse sse2 ss ht syscall nx pdpe1gb rdtscp lm constant_tsc rep_good nopl xtopology tsc_reliable nonstop_tsc cpuid aperfmperf tsc_known_freq pni pclmulqdq vmx ssse3 fma cx16 pcid sse4_1 sse4_2 x2apic movbe popcnt tsc_deadline_timer aes xsave avx f16c rdrand hypervisor lahf_lm abm 3dnowprefetch ssbd ibrs ibpb stibp ibrs_enhanced tpr_shadow ept vpid ept_ad fsgsbase tsc_adjust bmi1 avx2 smep bmi2 erms invpcid rdseed adx smap clflushopt clwb sha_ni xsaveopt xsavec xgetbv1 xsaves user_shstk avx_vnni vnmi umip waitpkg gfni vaes vpclmulqdq rdpid movdiri movdir64b fsrm md_clear serialize ibt flush_l1d arch_capabilities

Online cpus: 0-14
Offline cpus: 
BIOS frequency limitation: <Not Available>
Frequency switch latency (ns): <Not Available>
Available cpu frequencies: <Not Available>
Current governor: <Not Available>
Core performance/turbo boost: <Not Available>

Memory: 4k page, physical 12391356k(2675976k free), swap 31502672k(24299868k free)
Page Sizes: 4k

vm_info: OpenJDK 64-Bit Server VM (25.0.2) for linux-amd64 JRE (25.0.2), built on 2025-12-18T08:04:02Z with gcc 12.3.0

END.
